Level 0 domain size (m)    8e+04 x    8e+04 x    1e+03, num elements  16 x  16 x   4 (    1024), size (m) 5000 x 5000 x 333.333
Level 1 domain size (m)    8e+04 x    8e+04 x    1e+03, num elements  32 x  32 x   7 (    7168), size (m) 2500 x 2500 x 166.667
Level 2 domain size (m)    8e+04 x    8e+04 x    1e+03, num elements  64 x  64 x  13 (   53248), size (m) 1250 x 1250 x 83.3333
Level 3 domain size (m)    8e+04 x    8e+04 x    1e+03, num elements 128 x 128 x  25 (  409600), size (m) 625 x 625 x 41.6667
Level 4 domain size (m)    8e+04 x    8e+04 x    1e+03, num elements 256 x 256 x  49 ( 3211264), size (m) 312.5 x 312.5 x 20.8333
          0 SNES Function norm 1.890950239303e+03 
Linear solve converged due to CONVERGED_ITS iterations 1
          1 SNES Function norm 1.757287341813e+03 
Linear solve converged due to CONVERGED_ITS iterations 1
          2 SNES Function norm 1.465775464679e+03 
Linear solve converged due to CONVERGED_ITS iterations 1
          3 SNES Function norm 1.063685356286e+03 
Linear solve converged due to CONVERGED_ITS iterations 1
          4 SNES Function norm 5.748318651833e+02 
Linear solve converged due to CONVERGED_ITS iterations 1
          5 SNES Function norm 1.532424959762e+02 
Linear solve converged due to CONVERGED_ITS iterations 1
          6 SNES Function norm 9.041261408271e+00 
Linear solve converged due to CONVERGED_ITS iterations 1
          7 SNES Function norm 2.886591244074e-02 
Linear solve converged due to CONVERGED_ITS iterations 1
          8 SNES Function norm 3.086922797493e-07 
Nonlinear solve converged due to CONVERGED_FNORM_RELATIVE
        0 SNES Function norm 6.890537207436e+02 
          0 KSP Residual norm 6.890537207436e+02 
          1 KSP Residual norm 1.022416689296e+01 
          2 KSP Residual norm 9.077952737904e-01 
Linear solve converged due to CONVERGED_RTOL iterations 2
        1 SNES Function norm 5.675833423466e+01 
          0 KSP Residual norm 5.675833423466e+01 
          1 KSP Residual norm 4.528817208334e+00 
          2 KSP Residual norm 9.978828044709e-01 
          3 KSP Residual norm 9.569087655715e-02 
Linear solve converged due to CONVERGED_RTOL iterations 3
        2 SNES Function norm 9.091347728812e+00 
          0 KSP Residual norm 9.091347728812e+00 
          1 KSP Residual norm 7.624292595684e-01 
          2 KSP Residual norm 8.622831967409e-02 
Linear solve converged due to CONVERGED_RTOL iterations 2
        3 SNES Function norm 1.323047588052e+00 
          0 KSP Residual norm 1.323047588052e+00 
          1 KSP Residual norm 6.147788990011e-02 
          2 KSP Residual norm 9.107383010179e-03 
Linear solve converged due to CONVERGED_RTOL iterations 2
        4 SNES Function norm 4.726579167589e-02 
          0 KSP Residual norm 4.726579167589e-02 
          1 KSP Residual norm 2.308898758053e-03 
          2 KSP Residual norm 3.248420755114e-04 
Linear solve converged due to CONVERGED_RTOL iterations 2
        5 SNES Function norm 3.317667407893e-04 
          0 KSP Residual norm 3.317667407893e-04 
          1 KSP Residual norm 6.356930235366e-05 
          2 KSP Residual norm 4.573825374714e-06 
          3 KSP Residual norm 6.636978809655e-07 
Linear solve converged due to CONVERGED_RTOL iterations 3
        6 SNES Function norm 6.643731849319e-07 
Nonlinear solve converged due to CONVERGED_FNORM_RELATIVE
      0 SNES Function norm 2.488680090089e+02 
        0 KSP Residual norm 2.488680090089e+02 
        1 KSP Residual norm 6.197528468986e+00 
        2 KSP Residual norm 3.728877350643e-01 
Linear solve converged due to CONVERGED_RTOL iterations 2
      1 SNES Function norm 7.766012742699e+00 
        0 KSP Residual norm 7.766012742699e+00 
        1 KSP Residual norm 9.979985076671e-01 
        2 KSP Residual norm 2.188930829033e-01 
        3 KSP Residual norm 4.062905299259e-02 
Linear solve converged due to CONVERGED_RTOL iterations 3
      2 SNES Function norm 1.948847993425e+00 
        0 KSP Residual norm 1.948847993425e+00 
        1 KSP Residual norm 1.308498618550e-01 
        2 KSP Residual norm 2.007245725453e-02 
        3 KSP Residual norm 5.229258690952e-03 
Linear solve converged due to CONVERGED_RTOL iterations 3
      3 SNES Function norm 3.925894528742e-01 
        0 KSP Residual norm 3.925894528742e-01 
        1 KSP Residual norm 2.468341503633e-02 
        2 KSP Residual norm 4.765871778318e-03 
        3 KSP Residual norm 1.308537142448e-03 
Linear solve converged due to CONVERGED_RTOL iterations 3
      4 SNES Function norm 2.518489367301e-02 
        0 KSP Residual norm 2.518489367301e-02 
        1 KSP Residual norm 1.421006153201e-03 
        2 KSP Residual norm 4.450498225495e-04 
        3 KSP Residual norm 1.901706463630e-04 
Linear solve converged due to CONVERGED_RTOL iterations 3
      5 SNES Function norm 2.306113898541e-04 
        0 KSP Residual norm 2.306113898541e-04 
        1 KSP Residual norm 9.960654439497e-05 
        2 KSP Residual norm 2.967690259277e-05 
        3 KSP Residual norm 9.085600481945e-06 
        4 KSP Residual norm 2.141504878094e-06 
Linear solve converged due to CONVERGED_RTOL iterations 4
      6 SNES Function norm 2.141327325538e-06 
Nonlinear solve converged due to CONVERGED_FNORM_RELATIVE
    0 SNES Function norm 8.891305236504e+01 
      0 KSP Residual norm 8.891305236504e+01 
      1 KSP Residual norm 2.038496089364e+00 
      2 KSP Residual norm 1.348897753142e-01 
Linear solve converged due to CONVERGED_RTOL iterations 2
    1 SNES Function norm 1.084055246983e+00 
      0 KSP Residual norm 1.084055246983e+00 
      1 KSP Residual norm 2.089811968683e-01 
      2 KSP Residual norm 3.536827841424e-02 
      3 KSP Residual norm 9.295462919397e-03 
Linear solve converged due to CONVERGED_RTOL iterations 3
    2 SNES Function norm 2.008565006269e-01 
      0 KSP Residual norm 2.008565006269e-01 
      1 KSP Residual norm 1.331070263070e-02 
      2 KSP Residual norm 3.488767961651e-03 
      3 KSP Residual norm 1.253796671683e-03 
Linear solve converged due to CONVERGED_RTOL iterations 3
    3 SNES Function norm 1.363261478987e-02 
      0 KSP Residual norm 1.363261478987e-02 
      1 KSP Residual norm 1.335139999412e-03 
      2 KSP Residual norm 4.973676095630e-04 
      3 KSP Residual norm 2.017486476741e-04 
      4 KSP Residual norm 9.800518460312e-05 
Linear solve converged due to CONVERGED_RTOL iterations 4
    4 SNES Function norm 2.301108737445e-04 
      0 KSP Residual norm 2.301108737445e-04 
      1 KSP Residual norm 6.324539994961e-05 
      2 KSP Residual norm 3.230313142031e-05 
      3 KSP Residual norm 1.082409961719e-05 
      4 KSP Residual norm 3.933142679458e-06 
      5 KSP Residual norm 1.540802312829e-06 
Linear solve converged due to CONVERGED_RTOL iterations 5
    5 SNES Function norm 1.548156162871e-06 
      0 KSP Residual norm 1.548156162871e-06 
      1 KSP Residual norm 7.011551992647e-07 
      2 KSP Residual norm 2.622348528732e-07 
      3 KSP Residual norm 1.185668110662e-07 
      4 KSP Residual norm 3.138274560351e-08 
      5 KSP Residual norm 1.512589716377e-08 
Linear solve converged due to CONVERGED_RTOL iterations 5
    6 SNES Function norm 1.512556311881e-08 
Nonlinear solve converged due to CONVERGED_FNORM_RELATIVE
  0 SNES Function norm 3.159932834591e+01 
    0 KSP Residual norm 3.159932834591e+01 
    1 KSP Residual norm 6.276460065793e-01 
    2 KSP Residual norm 5.114895194378e-02 
Linear solve converged due to CONVERGED_RTOL iterations 2
  1 SNES Function norm 1.408103679736e-01 
    0 KSP Residual norm 1.408103679736e-01 
    1 KSP Residual norm 2.764543884694e-02 
    2 KSP Residual norm 6.884862095698e-03 
    3 KSP Residual norm 2.218569898208e-03 
    4 KSP Residual norm 8.828845970235e-04 
Linear solve converged due to CONVERGED_RTOL iterations 4
  2 SNES Function norm 9.576634173280e-03 
    0 KSP Residual norm 9.576634173280e-03 
    1 KSP Residual norm 1.838494296752e-03 
    2 KSP Residual norm 4.582624116247e-04 
    3 KSP Residual norm 2.333241314469e-04 
    4 KSP Residual norm 9.349531409047e-05 
Linear solve converged due to CONVERGED_RTOL iterations 4
  3 SNES Function norm 3.410515501710e-04 
    0 KSP Residual norm 3.410515501710e-04 
    1 KSP Residual norm 6.843644721816e-05 
    2 KSP Residual norm 3.776845219709e-05 
    3 KSP Residual norm 1.737648972541e-05 
    4 KSP Residual norm 5.575395537888e-06 
    5 KSP Residual norm 2.610379962960e-06 
Linear solve converged due to CONVERGED_RTOL iterations 5
  4 SNES Function norm 2.663595863611e-06 
    0 KSP Residual norm 2.663595863611e-06 
    1 KSP Residual norm 1.519171498153e-06 
    2 KSP Residual norm 6.164573893143e-07 
    3 KSP Residual norm 3.010599632175e-07 
    4 KSP Residual norm 1.534227902880e-07 
    5 KSP Residual norm 5.790492322553e-08 
    6 KSP Residual norm 2.753587367763e-08 
    7 KSP Residual norm 9.485181715096e-09 
Linear solve converged due to CONVERGED_RTOL iterations 7
  5 SNES Function norm 9.486157966619e-09 
Nonlinear solve converged due to CONVERGED_FNORM_RELATIVE
Solution statistics after solve: Full
CONVERGED_FNORM_RELATIVE: Number of Newton iterations = 5, total linear iterations = 22
|X|_2 152736   u in [6.21764, 195.728]   v in [-4.65832, 5.18426]   c in [6.2177, 195.729] 
Surface statistics: u in [8.286853e+00, 1.957280e+02] mean 7.833398e+01
Global eta range   [2.44752e+10, 9.2273e+12], converged range [2.44752e+10, 8.3759e+12]
Global beta2 range [5.20653e+09, 2.31508e+13], converged range [5.20653e+09, 2.19122e+10]

    0 SNES Function norm 4.131901529273e+01 
      0 KSP Residual norm 4.131901529273e+01 
      1 KSP Residual norm 2.350970784241e-01 
Linear solve converged due to CONVERGED_RTOL iterations 1
    1 SNES Function norm 2.464634114417e+00 
      0 KSP Residual norm 2.464634114417e+00 
      1 KSP Residual norm 3.926994212283e-02 
      2 KSP Residual norm 6.414689869665e-03 
Linear solve converged due to CONVERGED_RTOL iterations 2
    2 SNES Function norm 1.183493868117e-02 
      0 KSP Residual norm 1.183493868117e-02 
      1 KSP Residual norm 2.405095590947e-03 
      2 KSP Residual norm 6.939301260591e-04 
      3 KSP Residual norm 2.720441654616e-04 
      4 KSP Residual norm 7.850357247684e-05 
Linear solve converged due to CONVERGED_RTOL iterations 4
    3 SNES Function norm 1.104461815828e-04 
      0 KSP Residual norm 1.104461815828e-04 
      1 KSP Residual norm 4.324937024916e-05 
      2 KSP Residual norm 1.578002373489e-05 
      3 KSP Residual norm 6.562138316072e-06 
      4 KSP Residual norm 2.171512536896e-06 
      5 KSP Residual norm 9.249926611150e-07 
Linear solve converged due to CONVERGED_RTOL iterations 5
    4 SNES Function norm 9.245214210671e-07 
      0 KSP Residual norm 9.245214210671e-07 
      1 KSP Residual norm 5.084184798856e-07 
      2 KSP Residual norm 1.962437441644e-07 
      3 KSP Residual norm 7.793067599077e-08 
      4 KSP Residual norm 3.225091754769e-08 
      5 KSP Residual norm 1.244564956841e-08 
      6 KSP Residual norm 4.276433565563e-09 
Linear solve converged due to CONVERGED_RTOL iterations 6
    5 SNES Function norm 4.276347047379e-09 
Nonlinear solve converged due to CONVERGED_FNORM_RELATIVE
Solution statistics after solve: Fine-1
CONVERGED_FNORM_RELATIVE: Number of Newton iterations = 5, total linear iterations = 18
|X|_2 54419.5   u in [6.2178, 195.628]   v in [-4.65821, 5.1834]   c in [6.21785, 195.629] 
Surface statistics: u in [8.287820e+00, 1.956280e+02] mean 7.830505e+01
Global eta range   [2.44752e+10, 9.2273e+12], converged range [2.50875e+10, 7.34428e+12]
Global beta2 range [5.16592e+09, 2.31508e+13], converged range [5.21394e+09, 2.19021e+10]

  0 SNES Function norm 3.159932834591e+01 
    0 KSP Residual norm 3.159932834591e+01 
    1 KSP Residual norm 6.276460065869e-01 
    2 KSP Residual norm 5.114895196482e-02 
Linear solve converged due to CONVERGED_RTOL iterations 2
  1 SNES Function norm 1.408103693704e-01 
    0 KSP Residual norm 1.408103693704e-01 
    1 KSP Residual norm 2.764543882910e-02 
    2 KSP Residual norm 6.884862093520e-03 
    3 KSP Residual norm 2.218569885087e-03 
    4 KSP Residual norm 8.828845926186e-04 
Linear solve converged due to CONVERGED_RTOL iterations 4
  2 SNES Function norm 9.576634426824e-03 
    0 KSP Residual norm 9.576634426824e-03 
    1 KSP Residual norm 1.838494424418e-03 
    2 KSP Residual norm 4.582624292931e-04 
    3 KSP Residual norm 2.333241514290e-04 
    4 KSP Residual norm 9.349535614390e-05 
Linear solve converged due to CONVERGED_RTOL iterations 4
  3 SNES Function norm 3.410515813630e-04 
    0 KSP Residual norm 3.410515813630e-04 
    1 KSP Residual norm 6.843646658657e-05 
    2 KSP Residual norm 3.776846732717e-05 
    3 KSP Residual norm 1.737649652285e-05 
    4 KSP Residual norm 5.575397522700e-06 
    5 KSP Residual norm 2.610381551491e-06 
Linear solve converged due to CONVERGED_RTOL iterations 5
  4 SNES Function norm 2.663597174103e-06 
    0 KSP Residual norm 2.663597174103e-06 
    1 KSP Residual norm 1.519172459895e-06 
    2 KSP Residual norm 6.164577649947e-07 
    3 KSP Residual norm 3.010599960421e-07 
    4 KSP Residual norm 1.534228030034e-07 
    5 KSP Residual norm 5.790493355290e-08 
    6 KSP Residual norm 2.753586885006e-08 
    7 KSP Residual norm 9.485183541943e-09 
Linear solve converged due to CONVERGED_RTOL iterations 7
  5 SNES Function norm 9.486088131091e-09 
Nonlinear solve converged due to CONVERGED_FNORM_RELATIVE
Solution statistics after solve: Fine
CONVERGED_FNORM_RELATIVE: Number of Newton iterations = 5, total linear iterations = 22
|X|_2 152736   u in [6.21764, 195.728]   v in [-4.65832, 5.18426]   c in [6.2177, 195.729] 
Surface statistics: u in [8.286853e+00, 1.957280e+02] mean 7.833398e+01
Global eta range   [2.44752e+10, 9.2273e+12], converged range [2.44752e+10, 8.3759e+12]
Global beta2 range [5.16592e+09, 2.31508e+13], converged range [5.20653e+09, 2.19122e+10]

************************************************************************************************************************
***             WIDEN YOUR WINDOW TO 120 CHARACTERS.  Use 'enscript -r -fCourier9' to print this document            ***
************************************************************************************************************************

---------------------------------------------- PETSc Performance Summary: ----------------------------------------------

./ex48 on a bgp-xlc-f named ionode12 with 8 processors, by Unknown Wed Sep 15 07:42:32 2010
Using Petsc Development HG revision: aeb2eea2e3ddfd0635951d6560aa7114704dab25  HG Date: Sat Aug 21 15:26:55 2010 -0500

                         Max       Max/Min        Avg      Total 
Time (sec):           1.264e+03      1.00000   1.264e+03
Objects:              8.660e+02      1.00000   8.660e+02
Flops:                7.050e+10      1.01037   7.014e+10  5.611e+11
Flops/sec:            5.575e+07      1.01037   5.547e+07  4.438e+08
MPI Messages:         1.415e+04      1.00526   1.409e+04  1.127e+05
MPI Message Lengths:  3.679e+08      1.00111   2.610e+04  2.942e+09
MPI Reductions:       4.023e+03      1.00000

Flop counting convention: 1 flop = 1 real number operation of type (multiply/divide/add/subtract)
                            e.g., VecAXPY() for real vectors of length N --> 2N flops
                            and VecAXPY() for complex vectors of length N --> 8N flops

Summary of Stages:   ----- Time ------  ----- Flops -----  --- Messages ---  -- Message Lengths --  -- Reductions --
                        Avg     %Total     Avg     %Total   counts   %Total     Avg         %Total   counts   %Total 
 0:      Main Stage: 3.4490e-01   0.0%  8.0511e+07   0.0%  2.020e+02   0.2%  4.137e+00        0.0%  1.500e+01   0.4% 
 1:      Full solve: 6.7342e+02  53.3%  3.0508e+11  54.4%  7.132e+04  63.3%  1.428e+04       54.7%  2.449e+03  60.9% 
 2:    Fine-1 solve: 7.2431e+01   5.7%  3.3788e+10   6.0%  1.652e+04  14.7%  2.413e+03        9.2%  5.150e+02  12.8% 
 3: Fine-only solve: 5.1830e+02  41.0%  2.2217e+11  39.6%  2.466e+04  21.9%  9.400e+03       36.0%  7.860e+02  19.5% 

------------------------------------------------------------------------------------------------------------------------
See the 'Profiling' chapter of the users' manual for details on interpreting output.
Phase summary info:
   Count: number of times phase was executed
   Time and Flops: Max - maximum over all processors
                   Ratio - ratio of maximum to minimum over all processors
   Mess: number of messages sent
   Avg. len: average message length
   Reduct: number of global reductions
   Global: entire computation
   Stage: stages of a computation. Set stages with PetscLogStagePush() and PetscLogStagePop().
      %T - percent time in this phase         %F - percent flops in this phase
      %M - percent messages in this phase     %L - percent message lengths in this phase
      %R - percent reductions in this phase
   Total Mflop/s: 10e-6 * (sum of flops over all processors)/(max time over all processors)
------------------------------------------------------------------------------------------------------------------------
Event                Count      Time (sec)     Flops                             --- Global ---  --- Stage ---   Total
                   Max Ratio  Max     Ratio   Max  Ratio  Mess   Avg len Reduct  %T %F %M %L %R  %T %F %M %L %R Mflop/s
------------------------------------------------------------------------------------------------------------------------

--- Event Stage 0: Main Stage

VecSet                 2 1.0 1.8907e-04 1.0 0.00e+00 0.0 0.0e+00 0.0e+00 0.0e+00  0  0  0  0  0   0  0  0  0  0     0
VecPointwiseMult       1 1.0 1.8160e-03 1.0 1.02e+05 1.0 0.0e+00 0.0e+00 0.0e+00  0  0  0  0  0   1  1  0  0  0   451
VecScatterBegin        2 1.0 2.1315e-04 1.0 0.00e+00 0.0 4.8e+01 9.7e+03 0.0e+00  0  0  0  0  0   0  0 24100  0     0
VecScatterEnd          2 1.0 1.1079e-03 2.6 0.00e+00 0.0 0.0e+00 0.0e+00 0.0e+00  0  0  0  0  0   0  0  0  0  0     0
MatMult                1 1.0 5.4438e-02 1.0 4.58e+06 1.0 2.4e+01 9.7e+03 0.0e+00  0  0  0  0  0  16 46 12 50  0   673
MatMultTranspose       1 1.0 6.9017e-02 1.0 5.38e+06 1.0 2.4e+01 9.7e+03 0.0e+00  0  0  0  0  0  20 53 12 50  0   624

--- Event Stage 1: Full solve

VecDot                31 1.0 8.9397e-02 3.7 9.44e+06 1.0 0.0e+00 0.0e+00 3.1e+01  0  0  0  0  1   0  0  0  0  1   845
VecMDot              492 1.0 2.2497e+00 1.8 2.11e+08 1.0 0.0e+00 0.0e+00 4.9e+02  0  0  0  0 12   0  1  0  0 20   750
VecNorm             1205 1.0 1.8045e+00 1.5 3.00e+08 1.0 0.0e+00 0.0e+00 1.2e+03  0  0  0  0 30   0  1  0  0 49  1330
VecScale             931 1.0 4.9286e-01 1.0 1.17e+08 1.0 0.0e+00 0.0e+00 0.0e+00  0  0  0  0  0   0  0  0  0  0  1906
VecCopy              532 1.0 2.9825e-01 1.0 0.00e+00 0.0 0.0e+00 0.0e+00 0.0e+00  0  0  0  0  0   0  0  0  0  0     0
VecSet              5211 1.0 5.9219e-01 1.0 0.00e+00 0.0 0.0e+00 0.0e+00 0.0e+00  0  0  0  0  0   0  0  0  0  0     0
VecAXPY              643 1.0 4.1085e-01 1.0 1.48e+08 1.0 0.0e+00 0.0e+00 0.0e+00  0  0  0  0  0   0  0  0  0  0  2886
VecAYPX              204 1.0 4.1238e-01 1.0 2.31e+07 1.0 0.0e+00 0.0e+00 0.0e+00  0  0  0  0  0   0  0  0  0  0   449
VecWAXPY              31 1.0 1.0303e-01 1.0 4.72e+06 1.0 0.0e+00 0.0e+00 0.0e+00  0  0  0  0  0   0  0  0  0  0   367
VecMAXPY             931 1.0 1.1422e+00 1.0 3.44e+08 1.0 0.0e+00 0.0e+00 0.0e+00  0  0  0  0  0   0  1  0  0  0  2407
VecPointwiseMult      56 1.0 1.3170e-02 1.0 6.95e+05 1.0 0.0e+00 0.0e+00 0.0e+00  0  0  0  0  0   0  0  0  0  0   422
VecScatterBegin     1746 1.0 4.7845e-01 1.0 0.00e+00 0.0 6.0e+04 9.1e+03 0.0e+00  0  0 53 19  0   0  0 84 34  0     0
VecScatterEnd       1746 1.0 3.5029e+00 7.9 0.00e+00 0.0 0.0e+00 0.0e+00 0.0e+00  0  0  0  0  0   0  0  0  0  0     0
VecReduceArith        10 1.0 1.1805e-02 1.0 3.68e+06 1.0 0.0e+00 0.0e+00 0.0e+00  0  0  0  0  0   0  0  0  0  0  2495
VecReduceComm          5 1.0 2.8648e-03 5.1 0.00e+00 0.0 0.0e+00 0.0e+00 5.0e+00  0  0  0  0  0   0  0  0  0  0     0
VecNormalize         832 1.0 1.7892e+00 1.5 2.78e+08 1.0 0.0e+00 0.0e+00 8.3e+02  0  0  0  0 21   0  1  0  0 34  1241
MatMult              935 1.0 1.1496e+02 1.0 1.25e+10 1.0 3.7e+04 1.3e+04 0.0e+00  9 18 33 16  0  17 32 52 29  0   859
MatMultAdd           204 1.0 1.9313e+00 1.0 1.55e+08 1.0 4.9e+03 1.9e+03 0.0e+00  0  0  4  0  0   0  0  7  1  0   641
MatMultTranspose     264 1.0 3.5420e+00 1.4 1.97e+08 1.0 6.3e+03 1.9e+03 0.0e+00  0  0  6  0  0   0  1  9  1  0   445
MatSolve            1112 1.0 9.8134e+01 1.0 1.25e+10 1.0 0.0e+00 0.0e+00 0.0e+00  8 18  0  0  0  15 33  0  0  0  1023
MatLUFactorSym         5 1.0 3.9171e-01 1.0 0.00e+00 0.0 0.0e+00 0.0e+00 5.0e+00  0  0  0  0  0   0  0  0  0  0     0
MatLUFactorNum        31 1.0 5.7041e+01 1.0 5.46e+09 1.0 0.0e+00 0.0e+00 0.0e+00  5  8  0  0  0   8 14  0  0  0   766
MatCholFctrSym         4 1.0 3.0255e-02 1.0 0.00e+00 0.0 0.0e+00 0.0e+00 0.0e+00  0  0  0  0  0   0  0  0  0  0     0
MatCholFctrNum        56 1.0 5.6736e+01 1.0 6.27e+09 1.0 0.0e+00 0.0e+00 0.0e+00  4  9  0  0  0   8 16  0  0  0   884
MatICCFactorSym        6 1.0 8.6424e-01 1.0 0.00e+00 0.0 0.0e+00 0.0e+00 0.0e+00  0  0  0  0  0   0  0  0  0  0     0
MatAssemblyBegin     127 1.0 3.0646e+00 5.2 0.00e+00 0.0 6.3e+03 1.4e+05 2.5e+02  0  0  6 30  6   0  0  9 55 10     0
MatAssemblyEnd       127 1.0 2.3657e+00 1.5 0.00e+00 0.0 9.7e+02 5.6e+03 8.8e+01  0  0  1  0  2   0  0  1  0  4     0
MatGetRowIJ           42 1.0 6.8772e-03 1.0 0.00e+00 0.0 0.0e+00 0.0e+00 0.0e+00  0  0  0  0  0   0  0  0  0  0     0
MatGetOrdering        42 1.0 1.7289e-01 1.0 0.00e+00 0.0 0.0e+00 0.0e+00 9.4e+01  0  0  0  0  2   0  0  0  0  4     0
MatZeroEntries        87 1.0 2.5134e-01 1.0 0.00e+00 0.0 0.0e+00 0.0e+00 0.0e+00  0  0  0  0  0   0  0  0  0  0     0
MatGetRedundant       31 1.0 4.3235e-01 1.0 0.00e+00 0.0 2.3e+03 7.6e+04 1.0e+01  0  0  2  6  0   0  0  3 11  0     0
SNESSolve              5 1.0 6.6438e+02 1.0 3.83e+10 1.0 6.9e+04 2.3e+04 2.2e+03 53 54 61 54 54  99100 97100 89   459
SNESLineSearch        31 1.0 9.5813e+01 1.0 5.42e+08 1.0 3.7e+03 1.2e+04 1.2e+02  8  1  3  1  3  14  1  5  3  5    45
SNESFunctionEval      36 1.0 1.0834e+02 1.0 0.00e+00 0.0 2.9e+03 1.1e+04 1.0e+01  9  0  3  1  0  16  0  4  2  0     0
SNESJacobianEval      31 1.0 2.1698e+02 1.0 3.69e+07 1.0 1.1e+04 8.1e+04 2.4e+02 17  0 10 31  6  32  0 16 56 10     1
KSPGMRESOrthog       492 1.0 2.9701e+00 1.5 4.22e+08 1.0 0.0e+00 0.0e+00 4.9e+02  0  1  0  0 12   0  1  0  0 20  1136
KSPSetup             205 1.0 5.4248e-02 1.0 0.00e+00 0.0 0.0e+00 0.0e+00 0.0e+00  0  0  0  0  0   0  0  0  0  0     0
KSPSolve              31 1.0 3.3382e+02 1.0 3.77e+10 1.0 5.4e+04 1.2e+04 1.8e+03 26 54 48 22 44  50 98 76 41 73   900
PCSetUp               87 1.0 1.1572e+02 1.0 1.17e+10 1.0 3.0e+03 5.8e+04 1.7e+02  9 17  3  6  4  17 31  4 11  7   811
PCSetUpOnBlocks      408 1.0 5.7784e+01 1.0 6.27e+09 1.0 0.0e+00 0.0e+00 7.8e+01  5  9  0  0  2   9 16  0  0  3   868
PCApply               84 1.0 2.5458e+02 1.0 2.98e+10 1.0 4.8e+04 8.5e+03 1.5e+03 20 42 43 14 38  38 78 67 25 62   930

--- Event Stage 2: Fine-1 solve

VecDot                 5 1.0 1.3977e-02 5.2 1.02e+06 1.0 0.0e+00 0.0e+00 5.0e+00  0  0  0  0  0   0  0  0  0  1   586
VecMDot              126 1.0 2.6546e-01 2.3 1.87e+07 1.0 0.0e+00 0.0e+00 1.3e+02  0  0  0  0  3   0  0  0  0 24   564
VecNorm              303 1.0 2.3081e-01 1.7 2.79e+07 1.0 0.0e+00 0.0e+00 3.0e+02  0  0  0  0  8   0  1  0  0 59   967
VecScale             239 1.0 4.6987e-02 1.0 1.08e+07 1.0 0.0e+00 0.0e+00 0.0e+00  0  0  0  0  0   0  0  0  0  0  1841
VecCopy              128 1.0 2.9066e-02 1.0 0.00e+00 0.0 0.0e+00 0.0e+00 0.0e+00  0  0  0  0  0   0  0  0  0  0     0
VecSet              1345 1.0 6.0837e-02 1.1 0.00e+00 0.0 0.0e+00 0.0e+00 0.0e+00  0  0  0  0  0   0  0  0  0  0     0
VecAXPY              167 1.0 3.8673e-02 1.0 1.37e+07 1.0 0.0e+00 0.0e+00 0.0e+00  0  0  0  0  0   0  0  0  0  0  2837
VecAYPX               54 1.0 3.8548e-02 1.0 2.12e+06 1.0 0.0e+00 0.0e+00 0.0e+00  0  0  0  0  0   0  0  0  0  0   439
VecWAXPY               5 1.0 1.1185e-02 1.0 5.12e+05 1.0 0.0e+00 0.0e+00 0.0e+00  0  0  0  0  0   0  0  0  0  0   366
VecMAXPY             239 1.0 1.0246e-01 1.0 3.08e+07 1.0 0.0e+00 0.0e+00 0.0e+00  0  0  0  0  0   0  1  0  0  0  2408
VecPointwiseMult      15 1.0 1.6828e-03 1.1 7.68e+04 1.0 0.0e+00 0.0e+00 0.0e+00  0  0  0  0  0   0  0  0  0  0   365
VecScatterBegin      430 1.0 7.0314e-02 1.0 0.00e+00 0.0 1.5e+04 6.0e+03 0.0e+00  0  0 13  3  0   0  0 90 33  0     0
VecScatterEnd        430 1.0 5.8344e-01 7.4 0.00e+00 0.0 0.0e+00 0.0e+00 0.0e+00  0  0  0  0  0   0  0  0  0  0     0
VecReduceArith         2 1.0 1.3239e-03 1.1 4.10e+05 1.0 0.0e+00 0.0e+00 0.0e+00  0  0  0  0  0   0  0  0  0  0  2475
VecReduceComm          1 1.0 8.1205e-0422.6 0.00e+00 0.0 0.0e+00 0.0e+00 1.0e+00  0  0  0  0  0   0  0  0  0  0     0
VecNormalize         216 1.0 2.2661e-01 1.8 2.54e+07 1.0 0.0e+00 0.0e+00 2.2e+02  0  0  0  0  5   0  1  0  0 42   896
MatMult              239 1.0 1.0257e+01 1.0 1.15e+09 1.1 9.6e+03 7.8e+03 0.0e+00  1  2  8  3  0  14 26 58 28  0   872
MatMultAdd            54 1.0 1.8063e-01 1.0 1.41e+07 1.0 1.3e+03 1.2e+03 0.0e+00  0  0  1  0  0   0  0  8  1  0   623
MatMultTranspose      69 1.0 4.2753e-01 1.8 1.80e+07 1.0 1.7e+03 1.2e+03 0.0e+00  0  0  1  0  0   0  0 10  1  0   336
MatSolve             288 1.0 9.0668e+00 1.0 1.21e+09 1.0 0.0e+00 0.0e+00 0.0e+00  1  2  0  0  0  13 29  0  0  0  1063
MatLUFactorNum         5 1.0 9.2168e+00 1.0 8.81e+08 1.0 0.0e+00 0.0e+00 0.0e+00  1  1  0  0  0  13 21  0  0  0   764
MatCholFctrNum        15 1.0 7.8735e+00 1.0 8.81e+08 1.0 0.0e+00 0.0e+00 0.0e+00  1  1  0  0  0  11 21  0  0  0   895
MatAssemblyBegin      25 1.0 2.8240e-01 2.6 0.00e+00 0.0 1.4e+03 1.1e+05 5.5e+01  0  0  1  5  1   0  0  9 58 11     0
MatAssemblyEnd        25 1.0 3.5067e-01 1.8 0.00e+00 0.0 0.0e+00 0.0e+00 0.0e+00  0  0  0  0  0   0  0  0  0  0     0
MatGetRowIJ           10 1.0 4.8161e-05 1.0 0.00e+00 0.0 0.0e+00 0.0e+00 0.0e+00  0  0  0  0  0   0  0  0  0  0     0
MatGetOrdering        10 1.0 1.5615e-02 1.0 0.00e+00 0.0 0.0e+00 0.0e+00 2.0e+01  0  0  0  0  0   0  0  0  0  4     0
MatZeroEntries        20 1.0 2.7487e-02 1.1 0.00e+00 0.0 0.0e+00 0.0e+00 0.0e+00  0  0  0  0  0   0  0  0  0  0     0
MatGetRedundant        5 1.0 6.9704e-02 1.1 0.00e+00 0.0 2.8e+02 9.3e+04 0.0e+00  0  0  0  1  0   0  0  2 10  0     0
SNESSolve              1 1.0 7.2431e+01 1.0 4.25e+09 1.0 1.7e+04 1.6e+04 5.2e+02  6  6 15  9 13 100100100100100   466
SNESLineSearch         5 1.0 1.0246e+01 1.0 5.85e+07 1.0 6.0e+02 1.3e+04 2.0e+01  1  0  1  0  0  14  1  4  3  4    45
SNESFunctionEval       6 1.0 1.1647e+01 1.0 0.00e+00 0.0 4.8e+02 1.2e+04 0.0e+00  1  0  0  0  0  16  0  3  2  0     0
SNESJacobianEval       5 1.0 2.3289e+01 1.0 3.98e+06 1.0 2.6e+03 6.2e+04 5.5e+01  2  0  2  5  1  32  0 16 59 11     1
KSPGMRESOrthog       126 1.0 3.3228e-01 1.8 3.74e+07 1.0 0.0e+00 0.0e+00 1.3e+02  0  0  0  0  3   0  1  0  0 24   900
KSPSetup              45 1.0 1.9979e-04 1.1 0.00e+00 0.0 0.0e+00 0.0e+00 0.0e+00  0  0  0  0  0   0  0  0  0  0     0
KSPSolve               5 1.0 3.6942e+01 1.0 4.19e+09 1.0 1.3e+04 7.8e+03 4.3e+02  3  6 12  3 11  51 99 80 38 84   901
PCSetUp               20 1.0 1.7173e+01 1.0 1.76e+09 1.0 2.8e+02 9.3e+04 2.0e+01  1  3  0  1  0  24 42  2 10  4   821
PCSetUpOnBlocks      108 1.0 7.8910e+00 1.0 8.81e+08 1.0 0.0e+00 0.0e+00 2.0e+01  1  1  0  0  0  11 21  0  0  4   893
PCApply               18 1.0 2.5826e+01 1.0 3.08e+09 1.0 1.2e+04 5.4e+03 4.0e+02  2  4 11  2 10  36 72 74 24 77   947

--- Event Stage 3: Fine-only solve

VecDot                 5 1.0 6.7104e-02 3.4 8.03e+06 1.0 0.0e+00 0.0e+00 5.0e+00  0  0  0  0  0   0  0  0  0  1   957
VecMDot              198 1.0 1.8645e+00 1.7 1.87e+08 1.0 0.0e+00 0.0e+00 2.0e+02  0  0  0  0  5   0  1  0  0 25   802
VecNorm              477 1.0 1.2783e+00 1.4 2.62e+08 1.0 0.0e+00 0.0e+00 4.8e+02  0  0  0  0 12   0  1  0  0 61  1639
VecScale             379 1.0 4.2683e-01 1.0 1.03e+08 1.0 0.0e+00 0.0e+00 0.0e+00  0  0  0  0  0   0  0  0  0  0  1924
VecCopy              196 1.0 2.5709e-01 1.0 0.00e+00 0.0 0.0e+00 0.0e+00 0.0e+00  0  0  0  0  0   0  0  0  0  0     0
VecSet              2123 1.0 4.9998e-01 1.0 0.00e+00 0.0 0.0e+00 0.0e+00 0.0e+00  0  0  0  0  0   0  0  0  0  0     0
VecAXPY              269 1.0 3.5524e-01 1.0 1.30e+08 1.0 0.0e+00 0.0e+00 0.0e+00  0  0  0  0  0   0  0  0  0  0  2917
VecAYPX               88 1.0 3.5909e-01 1.0 2.02e+07 1.0 0.0e+00 0.0e+00 0.0e+00  0  0  0  0  0   0  0  0  0  0   451
VecWAXPY               5 1.0 8.7431e-02 1.0 4.01e+06 1.0 0.0e+00 0.0e+00 0.0e+00  0  0  0  0  0   0  0  0  0  0   367
VecMAXPY             379 1.0 1.0056e+00 1.0 3.03e+08 1.0 0.0e+00 0.0e+00 0.0e+00  0  0  0  0  0   0  1  0  0  0  2413
VecPointwiseMult      20 1.0 1.0762e-02 1.0 5.89e+05 1.0 0.0e+00 0.0e+00 0.0e+00  0  0  0  0  0   0  0  0  0  0   438
VecScatterBegin      656 1.0 3.5735e-01 1.0 0.00e+00 0.0 2.3e+04 1.8e+04 0.0e+00  0  0 20 14  0   0  0 92 38  0     0
VecScatterEnd        656 1.0 2.7056e+00 9.8 0.00e+00 0.0 0.0e+00 0.0e+00 0.0e+00  0  0  0  0  0   0  0  0  0  0     0
VecReduceArith         2 1.0 1.0225e-02 1.1 3.21e+06 1.0 0.0e+00 0.0e+00 0.0e+00  0  0  0  0  0   0  0  0  0  0  2512
VecReduceComm          1 1.0 2.6760e-0368.9 0.00e+00 0.0 0.0e+00 0.0e+00 1.0e+00  0  0  0  0  0   0  0  0  0  0     0
VecNormalize         352 1.0 1.2926e+00 1.4 2.43e+08 1.0 0.0e+00 0.0e+00 3.5e+02  0  0  0  0  9   0  1  0  0 45  1504
MatMult              379 1.0 1.0089e+02 1.0 1.10e+10 1.0 1.5e+04 2.3e+04 0.0e+00  8 15 13 12  0  19 39 61 33  0   858
MatMultAdd            88 1.0 1.6814e+00 1.0 1.36e+08 1.0 2.1e+03 3.3e+03 0.0e+00  0  0  2  0  0   0  0  9  1  0   645
MatMultTranspose     108 1.0 2.7769e+00 1.3 1.66e+08 1.0 2.6e+03 3.3e+03 0.0e+00  0  0  2  0  0   0  1 11  1  0   479
MatSolve             462 1.0 8.4200e+01 1.0 1.06e+10 1.0 0.0e+00 0.0e+00 0.0e+00  7 15  0  0  0  16 38  0  0  0  1011
MatLUFactorNum         5 1.0 9.2140e+00 1.0 8.81e+08 1.0 0.0e+00 0.0e+00 0.0e+00  1  1  0  0  0   2  3  0  0  0   765
MatCholFctrNum        20 1.0 3.7796e+01 1.0 4.10e+09 1.0 0.0e+00 0.0e+00 0.0e+00  3  6  0  0  0   7 15  0  0  0   868
MatAssemblyBegin      30 1.0 2.4398e+00 7.3 0.00e+00 0.0 1.8e+03 3.5e+05 7.0e+01  0  0  2 21  2   0  0  7 59  9     0
MatAssemblyEnd        30 1.0 1.4684e+00 1.7 0.00e+00 0.0 0.0e+00 0.0e+00 0.0e+00  0  0  0  0  0   0  0  0  0  0     0
MatGetRowIJ           15 1.0 7.5102e-05 1.1 0.00e+00 0.0 0.0e+00 0.0e+00 0.0e+00  0  0  0  0  0   0  0  0  0  0     0
MatGetOrdering        15 1.0 1.2328e-01 1.0 0.00e+00 0.0 0.0e+00 0.0e+00 3.0e+01  0  0  0  0  1   0  0  0  0  4     0
MatZeroEntries        25 1.0 2.1296e-01 1.0 0.00e+00 0.0 0.0e+00 0.0e+00 0.0e+00  0  0  0  0  0   0  0  0  0  0     0
MatGetRedundant        5 1.0 6.8908e-02 1.0 0.00e+00 0.0 2.8e+02 9.3e+04 0.0e+00  0  0  0  1  0   0  0  1  2  0     0
SNESSolve              1 1.0 5.1830e+02 1.0 2.79e+10 1.0 2.5e+04 4.3e+04 7.9e+02 41 40 22 36 20 100100100100100   429
SNESLineSearch         5 1.0 8.1689e+01 1.0 4.61e+08 1.0 6.0e+02 5.1e+04 2.0e+01  6  1  1  1  0  16  2  2  3  3    45
SNESFunctionEval       6 1.0 9.2775e+01 1.0 0.00e+00 0.0 4.8e+02 4.6e+04 0.0e+00  7  0  0  1  0  18  0  2  2  0     0
SNESJacobianEval       5 1.0 1.8469e+02 1.0 3.14e+07 1.0 3.3e+03 2.0e+05 7.0e+01 15  0  3 22  2  36  0 13 61  9     1
KSPGMRESOrthog       198 1.0 2.4954e+00 1.4 3.74e+08 1.0 0.0e+00 0.0e+00 2.0e+02  0  1  0  0  5   0  1  0  0 25  1199
KSPSetup              55 1.0 2.4486e-04 1.0 0.00e+00 0.0 0.0e+00 0.0e+00 0.0e+00  0  0  0  0  0   0  0  0  0  0     0
KSPSolve               5 1.0 2.3637e+02 1.0 2.74e+10 1.0 2.1e+04 1.9e+04 6.9e+02 19 39 18 13 17  46 98 84 36 88   923
PCSetUp               25 1.0 4.7202e+01 1.0 4.98e+09 1.0 2.8e+02 9.3e+04 3.0e+01  4  7  0  1  1   9 18  1  2  4   844
PCSetUpOnBlocks      176 1.0 3.7922e+01 1.0 4.10e+09 1.0 0.0e+00 0.0e+00 3.0e+01  3  6  0  0  1   7 15  0  0  4   865
PCApply               22 1.0 2.0845e+02 1.0 2.43e+10 1.0 2.0e+04 1.6e+04 6.5e+02 16 35 17 10 16  40 87 79 29 82   929
------------------------------------------------------------------------------------------------------------------------

Memory usage is given in bytes:

Object Type          Creations   Destructions     Memory  Descendants' Mem.
Reports information only for process 0.

--- Event Stage 0: Main Stage

           Container     0              5         1500     0
 Toy Hydrostatic Ice     0              1          500     0
   Distributed array     0             10      4052680     0
                 Vec     0            316    357243112     0
         Vec Scatter     0             47        28388     0
           Index Set     0             25      2241620     0
   IS L to G Mapping     0             20      6024688     0
              Matrix     0             59    441723132     0
                SNES     0              5         3740     0
       Krylov Solver     0             35       275224     0
      Preconditioner     0             35        18044     0
              Viewer     0              1          400     0

--- Event Stage 1: Full solve

           Container     5              0            0     0
 Toy Hydrostatic Ice     1              0            0     0
   Distributed array    10              0            0     0
                 Vec   395             79     15932132     0
         Vec Scatter    47              0            0     0
           Index Set   193            168     24087580     0
   IS L to G Mapping    20              0            0     0
              Matrix    59              0            0     0
                SNES     5              0            0     0
       Krylov Solver    35              0            0     0
      Preconditioner    35              0            0     0
              Viewer     1              0            0     0

--- Event Stage 2: Fine-1 solve

                 Vec     5              5        14460     0
           Index Set    20             20      2321680     0

--- Event Stage 3: Fine-only solve

                 Vec     5              5        14460     0
           Index Set    30             30     18381720     0
========================================================================================================================
Average time to get PetscTime(): 3.50475e-06
Average time for MPI_Barrier(): 2.19345e-06
Average time for zero size MPI_Send(): 1.18911e-05
#PETSc Option Table entries:
-M 16
-P 4
-dmmg_form_function_ghost 1
-dmmg_grid_sequence 1
-ksp_converged_reason
-ksp_monitor
-ksp_rtol 1e-2
-log_summary
-mg_levels_1_sub_pc_type cholesky
-pc_mg_type multiplicative
-repeat_fine_solve 1
-snes_converged_reason
-snes_monitor
-thi_L 80e3
-thi_friction_m 0.3
-thi_hom z
-thi_nlevels 5
#End of PETSc Option Table entries
Compiled with FORTRAN kernels
Compiled with full precision matrices (default)
sizeof(short) 2 sizeof(int) 4 sizeof(long) 4 sizeof(void*) 4 sizeof(PetscScalar) 8
Configure run at: Wed Sep 15 06:55:31 2010
Configure options: --with-x=0 --with-is-color-value-type=short --with-debugging=1 --with-fortran-kernels=1 --with-mpi-dir=/bgsys/drivers/ppcfloor/comm --with-batch=1 --known-mpi-shared-libraries=1 --known-memcmp-ok --known-sizeof-char=1 --known-sizeof-void-p=4 --known-sizeof-short=2 --known-sizeof-int=4 --known-sizeof-long=4 --known-sizeof-size_t=4 --known-sizeof-long-long=8 --known-sizeof-float=4 --known-sizeof-double=8 --known-bits-per-byte=8 --known-sizeof-MPI_Comm=4 --known-sizeof-MPI_Fint=4 --known-mpi-long-double=1 --known-level1-dcache-assoc=0 --known-level1-dcache-linesize=32 --known-level1-dcache-size=32768 --with-shared=0 --prefix=/opt/share/ksl/petsc/dev-aug30/ppc450d-bgp_xlc_fast --with-clanguage=c --cflags="   -O3" --cxxflags="   -O3" --fflags="   -O3" --FCFLAGS= --LIBS=" -L/bgsys/ibm_essl/sles10/prod/opt/ibmmath/lib -L/opt/ibmcmp/xlsmp/bg/1.7/lib -L/opt/ibmcmp/xlmass/bg/4.4/bglib -L/opt/ibmcmp/xlf/bg/11.1/bglib   -lesslbg  -lxlf90_r -lxlopt -lxlsmp -lxl -lxlfmath -O3" --CC=/bgsys/drivers/ppcfloor/comm/xl/bin/mpixlc_r --CXX=/bgsys/drivers/ppcfloor/comm/xl/bin/mpixlcxx_r --FC=/bgsys/drivers/ppcfloor/comm/xl/bin/mpixlf90_r --with-debugging=0 PETSC_ARCH=bgp-xlc-fast
-----------------------------------------
Libraries compiled on Wed Sep 15 06:55:31 2010 on fen1 
Machine characteristics: Linux-2.6.16.60-0.66.1-ppc64-ppc64-with-SuSE-10-ppc
Using PETSc directory: /scratch/aron/sandbox/process/installs/builddir_ppc64/petsc-dev-aug30-bgp_xlc_fast/petsc-dev-16784
Using PETSc arch: bgp-xlc-fast
-----------------------------------------

Using C compiler: /bgsys/drivers/ppcfloor/comm/xl/bin/mpixlc_r  -O  ${COPTFLAGS} ${CFLAGS}
Using Fortran compiler: /bgsys/drivers/ppcfloor/comm/xl/bin/mpixlf90_r  -O   ${FOPTFLAGS} ${FFLAGS} 
-----------------------------------------

Using include paths: -I/scratch/aron/sandbox/process/installs/builddir_ppc64/petsc-dev-aug30-bgp_xlc_fast/petsc-dev-16784/bgp-xlc-fast/include -I/scratch/aron/sandbox/process/installs/builddir_ppc64/petsc-dev-aug30-bgp_xlc_fast/petsc-dev-16784/include -I/bgsys/drivers/ppcfloor/comm/include
-----------------------------------------

Using C linker: /bgsys/drivers/ppcfloor/comm/xl/bin/mpixlc_r
Using Fortran linker: /bgsys/drivers/ppcfloor/comm/xl/bin/mpixlf90_r
Using libraries: -Wl,-rpath,/scratch/aron/sandbox/process/installs/builddir_ppc64/petsc-dev-aug30-bgp_xlc_fast/petsc-dev-16784/bgp-xlc-fast/lib -L/scratch/aron/sandbox/process/installs/builddir_ppc64/petsc-dev-aug30-bgp_xlc_fast/petsc-dev-16784/bgp-xlc-fast/lib -lpetscts -lpetscsnes -lpetscksp -lpetscdm -lpetscmat -lpetscvec -lpetscsys -lnsl -lrt -L/bgsys/ibm_essl/sles10/prod/opt/ibmmath/lib -L/opt/ibmcmp/xlsmp/bg/1.7/lib -L/opt/ibmcmp/xlmass/bg/4.4/bglib -L/opt/ibmcmp/xlf/bg/11.1/bglib -L/bgsys/drivers/V1R4M2_200_2010-100508P/ppc/comm/xl/lib -L/bgsys/drivers/V1R4M2_200_2010-100508P/ppc/comm/sys/lib -L/bgsys/drivers/V1R4M2_200_2010-100508P/ppc/runtime/SPI -L/opt/ibmcmp/xlsmp/bg/1.7/bglib -L/opt/ibmcmp/vac/bg/9.0/bglib -L/opt/ibmcmp/vacpp/bg/9.0/bglib -L/bgsys/drivers/ppcfloor/gnu-linux/lib/gcc/powerpc-bgp-linux/4.1.2 -L/bgsys/drivers/ppcfloor/gnu-linux/powerpc-bgp-linux/lib -Wl,-rpath,/opt/ibmcmp/lib/bg/bglib -ldl -lesslbg -lxlf90_r -lxlopt -lxlsmp -lxl -lxlfmath -lpmpich.cnk -lmpich.cnk -lopa -Wl,-rpath,/bgsys/drivers/V1R4M2_200_2010-100508P/ppc/comm/sys/lib -ldcmf.cnk -ldcmfcoll.cnk -lpthread -Wl,-rpath,/bgsys/drivers/V1R4M2_200_2010-100508P/ppc/runtime/SPI -lSPI.cna -lrt -lgcc_eh -lxlomp_ser -lm -ldl -lesslbg -lxlf90_r -lxlopt -lxlsmp -lxl -lxlfmath -lpmpich.cnk -lmpich.cnk -lopa -ldcmf.cnk -ldcmfcoll.cnk -lpthread -lSPI.cna -lrt -lgcc_eh -ldl -lesslbg -lxlf90_r -lxlopt -lxlsmp -lxl -lxlfmath -O3 
-----------------------------------------

