Level 0 domain size (m)    8e+04 x    8e+04 x    1e+03, num elements  16 x  16 x   4 (    1024), size (m) 5000 x 5000 x 333.333
Level 1 domain size (m)    8e+04 x    8e+04 x    1e+03, num elements  32 x  32 x   7 (    7168), size (m) 2500 x 2500 x 166.667
Level 2 domain size (m)    8e+04 x    8e+04 x    1e+03, num elements  64 x  64 x  13 (   53248), size (m) 1250 x 1250 x 83.3333
Level 3 domain size (m)    8e+04 x    8e+04 x    1e+03, num elements 128 x 128 x  25 (  409600), size (m) 625 x 625 x 41.6667
Level 4 domain size (m)    8e+04 x    8e+04 x    1e+03, num elements 256 x 256 x  49 ( 3211264), size (m) 312.5 x 312.5 x 20.8333
          0 SNES Function norm 1.890950239303e+03 
Linear solve converged due to CONVERGED_ITS iterations 1
          1 SNES Function norm 1.757287341813e+03 
Linear solve converged due to CONVERGED_ITS iterations 1
          2 SNES Function norm 1.465775464679e+03 
Linear solve converged due to CONVERGED_ITS iterations 1
          3 SNES Function norm 1.063685356286e+03 
Linear solve converged due to CONVERGED_ITS iterations 1
          4 SNES Function norm 5.748318651833e+02 
Linear solve converged due to CONVERGED_ITS iterations 1
          5 SNES Function norm 1.532424959762e+02 
Linear solve converged due to CONVERGED_ITS iterations 1
          6 SNES Function norm 9.041261408271e+00 
Linear solve converged due to CONVERGED_ITS iterations 1
          7 SNES Function norm 2.886591244075e-02 
Linear solve converged due to CONVERGED_ITS iterations 1
          8 SNES Function norm 3.086922147514e-07 
Nonlinear solve converged due to CONVERGED_FNORM_RELATIVE
        0 SNES Function norm 6.890537207436e+02 
          0 KSP Residual norm 6.890537207436e+02 
          1 KSP Residual norm 1.381604853865e+01 
          2 KSP Residual norm 9.619429115741e-01 
Linear solve converged due to CONVERGED_RTOL iterations 2
        1 SNES Function norm 5.667148037819e+01 
          0 KSP Residual norm 5.667148037819e+01 
          1 KSP Residual norm 3.846189665196e+00 
          2 KSP Residual norm 4.781366786255e-01 
Linear solve converged due to CONVERGED_RTOL iterations 2
        2 SNES Function norm 8.978336014470e+00 
          0 KSP Residual norm 8.978336014470e+00 
          1 KSP Residual norm 8.816267028887e-01 
          2 KSP Residual norm 1.155838138888e-01 
          3 KSP Residual norm 2.451534474323e-02 
Linear solve converged due to CONVERGED_RTOL iterations 3
        3 SNES Function norm 1.292304936513e+00 
          0 KSP Residual norm 1.292304936513e+00 
          1 KSP Residual norm 1.034051066160e-01 
          2 KSP Residual norm 9.696473957200e-03 
Linear solve converged due to CONVERGED_RTOL iterations 2
        4 SNES Function norm 4.628828197426e-02 
          0 KSP Residual norm 4.628828197426e-02 
          1 KSP Residual norm 3.710887207247e-03 
          2 KSP Residual norm 5.621967186077e-04 
          3 KSP Residual norm 9.688673661760e-05 
Linear solve converged due to CONVERGED_RTOL iterations 3
        5 SNES Function norm 1.202741431935e-04 
          0 KSP Residual norm 1.202741431935e-04 
          1 KSP Residual norm 2.310587921554e-05 
          2 KSP Residual norm 3.879988283277e-06 
          3 KSP Residual norm 3.188169711773e-07 
Linear solve converged due to CONVERGED_RTOL iterations 3
        6 SNES Function norm 3.187985305186e-07 
Nonlinear solve converged due to CONVERGED_FNORM_RELATIVE
      0 SNES Function norm 2.488680090082e+02 
        0 KSP Residual norm 2.488680090082e+02 
        1 KSP Residual norm 8.456551138196e+00 
        2 KSP Residual norm 4.643242760628e-01 
Linear solve converged due to CONVERGED_RTOL iterations 2
      1 SNES Function norm 7.735713117540e+00 
        0 KSP Residual norm 7.735713117540e+00 
        1 KSP Residual norm 1.266737516669e+00 
        2 KSP Residual norm 2.904349728469e-01 
        3 KSP Residual norm 6.786724850049e-02 
Linear solve converged due to CONVERGED_RTOL iterations 3
      2 SNES Function norm 1.898956791065e+00 
        0 KSP Residual norm 1.898956791065e+00 
        1 KSP Residual norm 1.315559479981e-01 
        2 KSP Residual norm 3.118117187698e-02 
        3 KSP Residual norm 7.983564213950e-03 
Linear solve converged due to CONVERGED_RTOL iterations 3
      3 SNES Function norm 3.688195203148e-01 
        0 KSP Residual norm 3.688195203148e-01 
        1 KSP Residual norm 2.794922220675e-02 
        2 KSP Residual norm 7.159991699088e-03 
        3 KSP Residual norm 2.050073892605e-03 
Linear solve converged due to CONVERGED_RTOL iterations 3
      4 SNES Function norm 2.381218945656e-02 
        0 KSP Residual norm 2.381218945656e-02 
        1 KSP Residual norm 1.653966962513e-03 
        2 KSP Residual norm 7.371736104085e-04 
        3 KSP Residual norm 3.109454063801e-04 
        4 KSP Residual norm 1.086874181965e-04 
Linear solve converged due to CONVERGED_RTOL iterations 4
      5 SNES Function norm 1.727194307533e-04 
        0 KSP Residual norm 1.727194307533e-04 
        1 KSP Residual norm 4.701313724426e-05 
        2 KSP Residual norm 2.031031790482e-05 
        3 KSP Residual norm 7.963220410978e-06 
        4 KSP Residual norm 2.699473159662e-06 
        5 KSP Residual norm 7.268255830964e-07 
Linear solve converged due to CONVERGED_RTOL iterations 5
      6 SNES Function norm 7.267102515547e-07 
Nonlinear solve converged due to CONVERGED_FNORM_RELATIVE
    0 SNES Function norm 8.891305236419e+01 
      0 KSP Residual norm 8.891305236419e+01 
      1 KSP Residual norm 2.817385340122e+00 
      2 KSP Residual norm 1.714183730898e-01 
Linear solve converged due to CONVERGED_RTOL iterations 2
    1 SNES Function norm 1.073349396526e+00 
      0 KSP Residual norm 1.073349396526e+00 
      1 KSP Residual norm 2.551146312670e-01 
      2 KSP Residual norm 5.562456167438e-02 
      3 KSP Residual norm 1.517528438452e-02 
      4 KSP Residual norm 6.017531864231e-03 
Linear solve converged due to CONVERGED_RTOL iterations 4
    2 SNES Function norm 1.920745492917e-01 
      0 KSP Residual norm 1.920745492917e-01 
      1 KSP Residual norm 1.752840905235e-02 
      2 KSP Residual norm 4.280506584696e-03 
      3 KSP Residual norm 1.572586630967e-03 
Linear solve converged due to CONVERGED_RTOL iterations 3
    3 SNES Function norm 1.264663199442e-02 
      0 KSP Residual norm 1.264663199442e-02 
      1 KSP Residual norm 1.642209588393e-03 
      2 KSP Residual norm 6.621705867395e-04 
      3 KSP Residual norm 2.905095777015e-04 
      4 KSP Residual norm 1.489223817401e-04 
      5 KSP Residual norm 5.736364981616e-05 
Linear solve converged due to CONVERGED_RTOL iterations 5
    4 SNES Function norm 1.965664417950e-04 
      0 KSP Residual norm 1.965664417950e-04 
      1 KSP Residual norm 3.188849589375e-05 
      2 KSP Residual norm 1.746419279010e-05 
      3 KSP Residual norm 7.050090002299e-06 
      4 KSP Residual norm 2.531323021877e-06 
      5 KSP Residual norm 9.927235344668e-07 
Linear solve converged due to CONVERGED_RTOL iterations 5
    5 SNES Function norm 9.916696569191e-07 
      0 KSP Residual norm 9.916696569191e-07 
      1 KSP Residual norm 4.072594877212e-07 
      2 KSP Residual norm 1.987060206359e-07 
      3 KSP Residual norm 7.961805578493e-08 
      4 KSP Residual norm 3.617999925644e-08 
      5 KSP Residual norm 1.482815663005e-08 
      6 KSP Residual norm 4.941003713746e-09 
Linear solve converged due to CONVERGED_RTOL iterations 6
    6 SNES Function norm 4.941126216655e-09 
Nonlinear solve converged due to CONVERGED_FNORM_RELATIVE
  0 SNES Function norm 3.159932834591e+01 
    0 KSP Residual norm 3.159932834591e+01 
    1 KSP Residual norm 8.466845869397e-01 
    2 KSP Residual norm 6.154745061666e-02 
Linear solve converged due to CONVERGED_RTOL iterations 2
  1 SNES Function norm 1.434229997464e-01 
    0 KSP Residual norm 1.434229997464e-01 
    1 KSP Residual norm 3.360331400235e-02 
    2 KSP Residual norm 9.834610897709e-03 
    3 KSP Residual norm 3.458206311865e-03 
    4 KSP Residual norm 1.240458729251e-03 
Linear solve converged due to CONVERGED_RTOL iterations 4
  2 SNES Function norm 9.243006491258e-03 
    0 KSP Residual norm 9.243006491258e-03 
    1 KSP Residual norm 2.116871278863e-03 
    2 KSP Residual norm 6.247343089103e-04 
    3 KSP Residual norm 3.251895149317e-04 
    4 KSP Residual norm 1.318728025299e-04 
    5 KSP Residual norm 5.473915880624e-05 
Linear solve converged due to CONVERGED_RTOL iterations 5
  3 SNES Function norm 2.955305102814e-04 
    0 KSP Residual norm 2.955305102814e-04 
    1 KSP Residual norm 5.839729240875e-05 
    2 KSP Residual norm 2.751811622002e-05 
    3 KSP Residual norm 1.654591499346e-05 
    4 KSP Residual norm 6.092790379982e-06 
    5 KSP Residual norm 3.096794542311e-06 
    6 KSP Residual norm 1.380545945595e-06 
Linear solve converged due to CONVERGED_RTOL iterations 6
  4 SNES Function norm 1.471700631238e-06 
    0 KSP Residual norm 1.471700631238e-06 
    1 KSP Residual norm 7.910307317426e-07 
    2 KSP Residual norm 4.029703210787e-07 
    3 KSP Residual norm 1.888021186273e-07 
    4 KSP Residual norm 9.052817814359e-08 
    5 KSP Residual norm 4.497896224157e-08 
    6 KSP Residual norm 1.524325595074e-08 
    7 KSP Residual norm 7.223302262996e-09 
Linear solve converged due to CONVERGED_RTOL iterations 7
  5 SNES Function norm 7.222930356323e-09 
Nonlinear solve converged due to CONVERGED_FNORM_RELATIVE
Solution statistics after solve: Full
CONVERGED_FNORM_RELATIVE: Number of Newton iterations = 5, total linear iterations = 24
|X|_2 152736   u in [6.21764, 195.728]   v in [-4.65832, 5.18426]   c in [6.2177, 195.729] 
Surface statistics: u in [8.286853e+00, 1.957280e+02] mean 7.833398e+01
Global eta range   [2.5482e+10, 9.2273e+12], converged range [2.5482e+10, 5.09052e+12]
Global beta2 range [5.43915e+09, 2.24552e+13], converged range [5.43923e+09, 1.58366e+10]

    0 SNES Function norm 4.131901529273e+01 
      0 KSP Residual norm 4.131901529273e+01 
      1 KSP Residual norm 3.675198369981e-01 
Linear solve converged due to CONVERGED_RTOL iterations 1
    1 SNES Function norm 2.486723376568e+00 
      0 KSP Residual norm 2.486723376568e+00 
      1 KSP Residual norm 5.023181287229e-02 
      2 KSP Residual norm 7.164347490859e-03 
Linear solve converged due to CONVERGED_RTOL iterations 2
    2 SNES Function norm 1.220402695817e-02 
      0 KSP Residual norm 1.220402695817e-02 
      1 KSP Residual norm 3.287253545704e-03 
      2 KSP Residual norm 1.138813077689e-03 
      3 KSP Residual norm 4.501356060527e-04 
      4 KSP Residual norm 1.654769161300e-04 
      5 KSP Residual norm 5.797079605075e-05 
Linear solve converged due to CONVERGED_RTOL iterations 5
    3 SNES Function norm 8.627862586484e-05 
      0 KSP Residual norm 8.627862586484e-05 
      1 KSP Residual norm 3.442734103470e-05 
      2 KSP Residual norm 1.352245186949e-05 
      3 KSP Residual norm 5.395247603886e-06 
      4 KSP Residual norm 1.841904870518e-06 
      5 KSP Residual norm 7.162733032807e-07 
Linear solve converged due to CONVERGED_RTOL iterations 5
    4 SNES Function norm 7.161247986483e-07 
      0 KSP Residual norm 7.161247986483e-07 
      1 KSP Residual norm 3.816591318559e-07 
      2 KSP Residual norm 1.507532462531e-07 
      3 KSP Residual norm 6.040197592936e-08 
      4 KSP Residual norm 2.842019462834e-08 
      5 KSP Residual norm 1.260316473309e-08 
      6 KSP Residual norm 4.896081097682e-09 
Linear solve converged due to CONVERGED_RTOL iterations 6
    5 SNES Function norm 4.895920358474e-09 
Nonlinear solve converged due to CONVERGED_FNORM_RELATIVE
Solution statistics after solve: Fine-1
CONVERGED_FNORM_RELATIVE: Number of Newton iterations = 5, total linear iterations = 19
|X|_2 54419.5   u in [6.2178, 195.628]   v in [-4.65821, 5.1834]   c in [6.21785, 195.629] 
Surface statistics: u in [8.287820e+00, 1.956280e+02] mean 7.830505e+01
Global eta range   [2.5482e+10, 9.2273e+12], converged range [2.60519e+10, 3.09791e+12]
Global beta2 range [5.42066e+09, 2.24552e+13], converged range [5.47317e+09, 1.57354e+10]

  0 SNES Function norm 3.159932834591e+01 
    0 KSP Residual norm 3.159932834591e+01 
    1 KSP Residual norm 8.466845869367e-01 
    2 KSP Residual norm 6.154745064295e-02 
Linear solve converged due to CONVERGED_RTOL iterations 2
  1 SNES Function norm 1.434230001395e-01 
    0 KSP Residual norm 1.434230001395e-01 
    1 KSP Residual norm 3.360331399108e-02 
    2 KSP Residual norm 9.834610842302e-03 
    3 KSP Residual norm 3.458206296527e-03 
    4 KSP Residual norm 1.240458706334e-03 
Linear solve converged due to CONVERGED_RTOL iterations 4
  2 SNES Function norm 9.243006516029e-03 
    0 KSP Residual norm 9.243006516029e-03 
    1 KSP Residual norm 2.116871274582e-03 
    2 KSP Residual norm 6.247343082452e-04 
    3 KSP Residual norm 3.251895063131e-04 
    4 KSP Residual norm 1.318727963733e-04 
    5 KSP Residual norm 5.473915933831e-05 
Linear solve converged due to CONVERGED_RTOL iterations 5
  3 SNES Function norm 2.955305111223e-04 
    0 KSP Residual norm 2.955305111223e-04 
    1 KSP Residual norm 5.839729352988e-05 
    2 KSP Residual norm 2.751811659798e-05 
    3 KSP Residual norm 1.654591497134e-05 
    4 KSP Residual norm 6.092790591933e-06 
    5 KSP Residual norm 3.096794687919e-06 
    6 KSP Residual norm 1.380545888502e-06 
Linear solve converged due to CONVERGED_RTOL iterations 6
  4 SNES Function norm 1.471700475842e-06 
    0 KSP Residual norm 1.471700475842e-06 
    1 KSP Residual norm 7.910306598187e-07 
    2 KSP Residual norm 4.029703238005e-07 
    3 KSP Residual norm 1.888020651746e-07 
    4 KSP Residual norm 9.052818399600e-08 
    5 KSP Residual norm 4.497897049738e-08 
    6 KSP Residual norm 1.524325982232e-08 
    7 KSP Residual norm 7.223303691135e-09 
Linear solve converged due to CONVERGED_RTOL iterations 7
  5 SNES Function norm 7.222967665821e-09 
Nonlinear solve converged due to CONVERGED_FNORM_RELATIVE
Solution statistics after solve: Fine
CONVERGED_FNORM_RELATIVE: Number of Newton iterations = 5, total linear iterations = 24
|X|_2 152736   u in [6.21764, 195.728]   v in [-4.65832, 5.18426]   c in [6.2177, 195.729] 
Surface statistics: u in [8.286853e+00, 1.957280e+02] mean 7.833398e+01
Global eta range   [2.5482e+10, 9.2273e+12], converged range [2.5482e+10, 5.09052e+12]
Global beta2 range [5.42066e+09, 2.24552e+13], converged range [5.43923e+09, 1.58366e+10]

************************************************************************************************************************
***             WIDEN YOUR WINDOW TO 120 CHARACTERS.  Use 'enscript -r -fCourier9' to print this document            ***
************************************************************************************************************************

---------------------------------------------- PETSc Performance Summary: ----------------------------------------------

./ex48 on a bgp-xlc-f named ionode11 with 32 processors, by Unknown Wed Sep 15 07:28:03 2010
Using Petsc Development HG revision: aeb2eea2e3ddfd0635951d6560aa7114704dab25  HG Date: Sat Aug 21 15:26:55 2010 -0500

                         Max       Max/Min        Avg      Total 
Time (sec):           3.793e+02      1.00000   3.793e+02
Objects:              8.660e+02      1.00000   8.660e+02
Flops:                2.356e+10      1.01691   2.337e+10  7.478e+11
Flops/sec:            6.213e+07      1.01691   6.161e+07  1.972e+09
MPI Messages:         2.617e+04      1.01308   2.585e+04  8.272e+05
MPI Message Lengths:  2.085e+08      1.00100   8.060e+03  6.668e+09
MPI Reductions:       4.276e+03      1.00000

Flop counting convention: 1 flop = 1 real number operation of type (multiply/divide/add/subtract)
                            e.g., VecAXPY() for real vectors of length N --> 2N flops
                            and VecAXPY() for complex vectors of length N --> 8N flops

Summary of Stages:   ----- Time ------  ----- Flops -----  --- Messages ---  -- Message Lengths --  -- Reductions --
                        Avg     %Total     Avg     %Total   counts   %Total     Avg         %Total   counts   %Total 
 0:      Main Stage: 1.0077e-01   0.0%  8.0511e+07   0.0%  8.740e+02   0.1%  1.141e+00        0.0%  1.500e+01   0.4% 
 1:      Full solve: 2.1420e+02  56.5%  4.4074e+11  58.9%  5.402e+05  65.3%  4.572e+03       56.7%  2.619e+03  61.2% 
 2:    Fine-1 solve: 2.4711e+01   6.5%  5.2765e+10   7.1%  1.147e+05  13.9%  7.536e+02        9.3%  5.380e+02  12.6% 
 3: Fine-only solve: 1.4025e+02  37.0%  2.5417e+11  34.0%  1.715e+05  20.7%  2.733e+03       33.9%  8.460e+02  19.8% 

------------------------------------------------------------------------------------------------------------------------
See the 'Profiling' chapter of the users' manual for details on interpreting output.
Phase summary info:
   Count: number of times phase was executed
   Time and Flops: Max - maximum over all processors
                   Ratio - ratio of maximum to minimum over all processors
   Mess: number of messages sent
   Avg. len: average message length
   Reduct: number of global reductions
   Global: entire computation
   Stage: stages of a computation. Set stages with PetscLogStagePush() and PetscLogStagePop().
      %T - percent time in this phase         %F - percent flops in this phase
      %M - percent messages in this phase     %L - percent message lengths in this phase
      %R - percent reductions in this phase
   Total Mflop/s: 10e-6 * (sum of flops over all processors)/(max time over all processors)
------------------------------------------------------------------------------------------------------------------------
Event                Count      Time (sec)     Flops                             --- Global ---  --- Stage ---   Total
                   Max Ratio  Max     Ratio   Max  Ratio  Mess   Avg len Reduct  %T %F %M %L %R  %T %F %M %L %R Mflop/s
------------------------------------------------------------------------------------------------------------------------

--- Event Stage 0: Main Stage

VecSet                 2 1.0 5.8174e-05 1.0 0.00e+00 0.0 0.0e+00 0.0e+00 0.0e+00  0  0  0  0  0   0  0  0  0  0     0
VecPointwiseMult       1 1.0 5.3382e-04 1.2 2.56e+04 1.0 0.0e+00 0.0e+00 0.0e+00  0  0  0  0  0   0  1  0  0  0  1535
VecScatterBegin        2 1.0 1.4997e-04 1.0 0.00e+00 0.0 1.9e+02 4.9e+03 0.0e+00  0  0  0  0  0   0  0 22100  0     0
VecScatterEnd          2 1.0 8.9502e-04 4.2 0.00e+00 0.0 0.0e+00 0.0e+00 0.0e+00  0  0  0  0  0   0  0  0  0  0     0
MatMult                1 1.0 1.4023e-02 1.0 1.14e+06 1.0 9.6e+01 4.9e+03 0.0e+00  0  0  0  0  0  14 46 11 50  0  2612
MatMultTranspose       1 1.0 1.7624e-02 1.0 1.35e+06 1.0 9.6e+01 4.9e+03 0.0e+00  0  0  0  0  0  17 53 11 50  0  2443

--- Event Stage 1: Full solve

VecDot                31 1.0 4.1751e-02 6.1 2.36e+06 1.0 0.0e+00 0.0e+00 3.1e+01  0  0  0  0  1   0  0  0  0  1  1809
VecMDot              544 1.0 9.6661e-01 2.6 6.02e+07 1.0 0.0e+00 0.0e+00 5.4e+02  0  0  0  0 13   0  0  0  0 21  1992
VecNorm             1323 1.0 8.6904e-01 1.7 8.15e+07 1.0 0.0e+00 0.0e+00 1.3e+03  0  0  0  0 31   0  1  0  0 51  3002
VecScale            1027 1.0 1.4163e-01 1.0 3.21e+07 1.0 0.0e+00 0.0e+00 0.0e+00  0  0  0  0  0   0  0  0  0  0  7245
VecCopy              576 1.0 8.3374e-02 1.0 0.00e+00 0.0 0.0e+00 0.0e+00 0.0e+00  0  0  0  0  0   0  0  0  0  0     0
VecSet              5735 1.0 1.8970e-01 1.1 0.00e+00 0.0 0.0e+00 0.0e+00 0.0e+00  0  0  0  0  0   0  0  0  0  0     0
VecAXPY              709 1.0 1.2622e-01 1.1 4.04e+07 1.0 0.0e+00 0.0e+00 0.0e+00  0  0  0  0  0   0  0  0  0  0 10240
VecAYPX              226 1.0 1.1710e-01 1.0 6.34e+06 1.0 0.0e+00 0.0e+00 0.0e+00  0  0  0  0  0   0  0  0  0  0  1732
VecWAXPY              31 1.0 2.6325e-02 1.0 1.18e+06 1.0 0.0e+00 0.0e+00 0.0e+00  0  0  0  0  0   0  0  0  0  0  1435
VecMAXPY            1027 1.0 3.4273e-01 1.0 9.66e+07 1.0 0.0e+00 0.0e+00 0.0e+00  0  0  0  0  0   0  1  0  0  0  9019
VecPointwiseMult      56 1.0 3.9263e-03 1.1 1.74e+05 1.0 0.0e+00 0.0e+00 0.0e+00  0  0  0  0  0   0  0  0  0  0  1416
VecScatterBegin     1902 1.0 2.5271e-01 1.0 0.00e+00 0.0 4.5e+05 2.7e+03 0.0e+00  0  0 55 19  0   0  0 84 33  0     0
VecScatterEnd       1902 1.0 1.9249e+00 6.4 0.00e+00 0.0 0.0e+00 0.0e+00 0.0e+00  0  0  0  0  0   0  0  0  0  0     0
VecReduceArith        10 1.0 3.0260e-03 1.1 9.21e+05 1.0 0.0e+00 0.0e+00 0.0e+00  0  0  0  0  0   0  0  0  0  0  9735
VecReduceComm          5 1.0 6.8591e-03 8.2 0.00e+00 0.0 0.0e+00 0.0e+00 5.0e+00  0  0  0  0  0   0  0  0  0  0     0
VecNormalize         920 1.0 8.3953e-01 1.8 7.61e+07 1.0 0.0e+00 0.0e+00 9.2e+02  0  0  0  0 22   0  1  0  0 35  2899
MatMult             1031 1.0 3.1956e+01 1.0 3.46e+09 1.1 2.6e+05 4.0e+03 0.0e+00  8 14 32 16  0  15 24 49 28  0  3358
MatMultAdd           226 1.0 5.4965e-01 1.0 4.24e+07 1.0 2.2e+04 9.5e+02 0.0e+00  0  0  3  0  0   0  0  4  1  0  2468
MatMultTranspose     286 1.0 1.1966e+00 1.7 5.30e+07 1.0 2.7e+04 9.4e+02 0.0e+00  0  0  3  0  0   0  0  5  1  0  1417
MatSolve            1230 1.0 2.6016e+01 1.0 3.39e+09 1.0 0.0e+00 0.0e+00 0.0e+00  7 15  0  0  0  12 25  0  0  0  4171
MatLUFactorSym         5 1.0 3.9292e-01 1.0 0.00e+00 0.0 0.0e+00 0.0e+00 5.0e+00  0  0  0  0  0   0  0  0  0  0     0
MatLUFactorNum        31 1.0 5.7073e+01 1.0 5.46e+09 1.0 0.0e+00 0.0e+00 0.0e+00 15 23  0  0  0  27 40  0  0  0  3061
MatCholFctrSym         4 1.0 3.1743e-03 1.2 0.00e+00 0.0 0.0e+00 0.0e+00 0.0e+00  0  0  0  0  0   0  0  0  0  0     0
MatCholFctrNum        56 1.0 1.0581e+01 1.0 1.15e+09 1.0 0.0e+00 0.0e+00 0.0e+00  3  5  0  0  0   5  8  0  0  0  3478
MatICCFactorSym        6 1.0 2.1158e-01 1.0 0.00e+00 0.0 0.0e+00 0.0e+00 0.0e+00  0  0  0  0  0   0  0  0  0  0     0
MatAssemblyBegin     127 1.0 9.9251e-01 3.1 0.00e+00 0.0 2.5e+04 7.0e+04 2.5e+02  0  0  3 26  6   0  0  5 46 10     0
MatAssemblyEnd       127 1.0 1.0609e+00 1.6 0.00e+00 0.0 5.6e+03 2.0e+03 8.8e+01  0  0  1  0  2   0  0  1  0  3     0
MatGetRowIJ           42 1.0 7.3225e-03 1.1 0.00e+00 0.0 0.0e+00 0.0e+00 0.0e+00  0  0  0  0  0   0  0  0  0  0     0
MatGetOrdering        42 1.0 6.6165e-02 1.0 0.00e+00 0.0 0.0e+00 0.0e+00 9.4e+01  0  0  0  0  2   0  0  0  0  4     0
MatZeroEntries        87 1.0 6.4626e-02 1.1 0.00e+00 0.0 0.0e+00 0.0e+00 0.0e+00  0  0  0  0  0   0  0  0  0  0     0
MatGetRedundant       31 1.0 4.4734e-01 1.1 0.00e+00 0.0 4.1e+04 1.9e+04 1.0e+01  0  0  5 12  0   0  0  8 20  0     0
SNESSolve              5 1.0 2.1189e+02 1.0 1.39e+10 1.0 5.3e+05 7.1e+03 2.4e+03 56 59 64 57 55  99100 98100 90  2080
SNESLineSearch        31 1.0 2.4014e+01 1.0 1.37e+08 1.1 2.4e+04 3.7e+03 1.2e+02  6  1  3  1  3  11  1  4  2  5   177
SNESFunctionEval      36 1.0 2.7110e+01 1.0 0.00e+00 0.0 1.8e+04 3.4e+03 1.0e+01  7  0  2  1  0  13  0  3  2  0     0
SNESJacobianEval      31 1.0 5.4755e+01 1.0 9.22e+06 1.0 5.3e+04 3.4e+04 2.4e+02 14  0  6 27  5  26  0 10 47  9     5
KSPGMRESOrthog       544 1.0 1.1952e+00 2.0 1.20e+08 1.0 0.0e+00 0.0e+00 5.4e+02  0  1  0  0 13   0  1  0  0 21  3222
KSPSetup             205 1.0 1.5877e-02 1.0 0.00e+00 0.0 0.0e+00 0.0e+00 0.0e+00  0  0  0  0  0   0  0  0  0  0     0
KSPSolve              31 1.0 1.2867e+02 1.0 1.37e+10 1.0 4.5e+05 4.2e+03 1.9e+03 34 58 54 28 46  60 99 83 50 74  3388
PCSetUp               87 1.0 6.8803e+01 1.0 6.61e+09 1.0 5.1e+04 1.5e+04 1.7e+02 18 28  6 12  4  32 48  9 21  7  3074
PCSetUpOnBlocks      452 1.0 1.0840e+01 1.0 1.15e+09 1.0 0.0e+00 0.0e+00 7.8e+01  3  5  0  0  2   5  8  0  0  3  3395
PCApply               92 1.0 6.4837e+01 1.0 7.57e+09 1.0 3.8e+05 2.5e+03 1.7e+03 17 32 45 14 39  30 54 70 25 64  3693

--- Event Stage 2: Fine-1 solve

VecDot                 5 1.0 7.1061e-03 8.6 2.56e+05 1.0 0.0e+00 0.0e+00 5.0e+00  0  0  0  0  0   0  0  0  0  1  1153
VecMDot              133 1.0 1.2452e-01 3.3 5.05e+06 1.0 0.0e+00 0.0e+00 1.3e+02  0  0  0  0  3   0  0  0  0 25  1297
VecNorm              319 1.0 1.5608e-01 2.5 7.32e+06 1.0 0.0e+00 0.0e+00 3.2e+02  0  0  0  0  7   0  0  0  0 59  1501
VecScale             252 1.0 1.4171e-02 1.0 2.85e+06 1.0 0.0e+00 0.0e+00 0.0e+00  0  0  0  0  0   0  0  0  0  0  6429
VecCopy              134 1.0 8.7974e-03 1.0 0.00e+00 0.0 0.0e+00 0.0e+00 0.0e+00  0  0  0  0  0   0  0  0  0  0     0
VecSet              1416 1.0 2.2374e-02 1.1 0.00e+00 0.0 0.0e+00 0.0e+00 0.0e+00  0  0  0  0  0   0  0  0  0  0     0
VecAXPY              176 1.0 1.5715e-02 1.2 3.60e+06 1.0 0.0e+00 0.0e+00 0.0e+00  0  0  0  0  0   0  0  0  0  0  7341
VecAYPX               57 1.0 1.1343e-02 1.0 5.58e+05 1.0 0.0e+00 0.0e+00 0.0e+00  0  0  0  0  0   0  0  0  0  0  1575
VecWAXPY               5 1.0 3.1269e-03 1.1 1.28e+05 1.0 0.0e+00 0.0e+00 0.0e+00  0  0  0  0  0   0  0  0  0  0  1310
VecMAXPY             252 1.0 3.8403e-02 1.2 8.25e+06 1.0 0.0e+00 0.0e+00 0.0e+00  0  0  0  0  0   0  1  0  0  0  6878
VecPointwiseMult      15 1.0 4.9186e-04 1.1 1.92e+04 1.0 0.0e+00 0.0e+00 0.0e+00  0  0  0  0  0   0  0  0  0  0  1249
VecScatterBegin      451 1.0 4.5040e-02 1.0 0.00e+00 0.0 1.0e+05 1.9e+03 0.0e+00  0  0 13  3  0   0  0 91 32  0     0
VecScatterEnd        451 1.0 2.8987e-01 5.6 0.00e+00 0.0 0.0e+00 0.0e+00 0.0e+00  0  0  0  0  0   1  0  0  0  0     0
VecReduceArith         2 1.0 3.4833e-04 1.1 1.02e+05 1.0 0.0e+00 0.0e+00 0.0e+00  0  0  0  0  0   0  0  0  0  0  9407
VecReduceComm          1 1.0 1.3721e-0339.1 0.00e+00 0.0 0.0e+00 0.0e+00 1.0e+00  0  0  0  0  0   0  0  0  0  0     0
VecNormalize         228 1.0 1.4571e-01 2.7 6.70e+06 1.0 0.0e+00 0.0e+00 2.3e+02  0  0  0  0  5   0  0  0  0 42  1471
MatMult              252 1.0 2.7835e+00 1.1 3.07e+08 1.1 6.5e+04 2.5e+03 0.0e+00  1  1  8  2  0  11 18 56 26  0  3355
MatMultAdd            57 1.0 5.2081e-02 1.0 3.71e+06 1.0 5.5e+03 5.9e+02 0.0e+00  0  0  1  0  0   0  0  5  1  0  2280
MatMultTranspose      72 1.0 1.6277e-01 2.4 4.69e+06 1.0 6.9e+03 5.9e+02 0.0e+00  0  0  1  0  0   0  0  6  1  0   921
MatSolve             304 1.0 2.2197e+00 1.0 3.09e+08 1.0 0.0e+00 0.0e+00 0.0e+00  1  1  0  0  0   9 19  0  0  0  4455
MatLUFactorNum         5 1.0 9.2197e+00 1.0 8.81e+08 1.0 0.0e+00 0.0e+00 0.0e+00  2  4  0  0  0  37 53  0  0  0  3057
MatCholFctrNum        15 1.0 1.1958e+00 1.0 1.31e+08 1.0 0.0e+00 0.0e+00 0.0e+00  0  1  0  0  0   5  8  0  0  0  3498
MatAssemblyBegin      25 1.0 1.8913e-01 4.0 0.00e+00 0.0 5.8e+03 5.4e+04 5.5e+01  0  0  1  5  1   0  0  5 50 10     0
MatAssemblyEnd        25 1.0 1.6111e-01 2.1 0.00e+00 0.0 0.0e+00 0.0e+00 0.0e+00  0  0  0  0  0   0  0  0  0  0     0
MatGetRowIJ           10 1.0 5.1260e-05 1.1 0.00e+00 0.0 0.0e+00 0.0e+00 0.0e+00  0  0  0  0  0   0  0  0  0  0     0
MatGetOrdering        10 1.0 4.4885e-03 1.0 0.00e+00 0.0 0.0e+00 0.0e+00 2.0e+01  0  0  0  0  0   0  0  0  0  4     0
MatZeroEntries        20 1.0 7.2250e-03 1.1 0.00e+00 0.0 0.0e+00 0.0e+00 0.0e+00  0  0  0  0  0   0  0  0  0  0     0
MatGetRedundant        5 1.0 7.1296e-02 1.1 0.00e+00 0.0 5.0e+03 2.3e+04 0.0e+00  0  0  1  2  0   0  0  4 19  0     0
SNESSolve              1 1.0 2.4711e+01 1.0 1.66e+09 1.0 1.1e+05 5.4e+03 5.4e+02  7  7 14  9 13 100100100100100  2135
SNESLineSearch         5 1.0 2.5739e+00 1.0 1.48e+07 1.1 3.8e+03 4.2e+03 2.0e+01  1  0  0  0  0  10  1  3  3  4   177
SNESFunctionEval       6 1.0 2.9189e+00 1.0 0.00e+00 0.0 3.1e+03 3.8e+03 0.0e+00  1  0  0  0  0  12  0  3  2  0     0
SNESJacobianEval       5 1.0 5.9252e+00 1.0 9.96e+05 1.0 1.2e+04 2.6e+04 5.5e+01  2  0  1  5  1  24  0 11 51 10     5
KSPGMRESOrthog       133 1.0 1.5011e-01 2.5 1.01e+07 1.0 0.0e+00 0.0e+00 1.3e+02  0  0  0  0  3   1  1  0  0 25  2152
KSPSetup              45 1.0 2.0027e-04 1.0 0.00e+00 0.0 0.0e+00 0.0e+00 0.0e+00  0  0  0  0  0   0  0  0  0  0     0
KSPSolve               5 1.0 1.5722e+01 1.0 1.65e+09 1.0 9.8e+04 2.9e+03 4.6e+02  4  7 12  4 11  64 99 85 46 85  3324
PCSetUp               20 1.0 1.0494e+01 1.0 1.01e+09 1.0 5.0e+03 2.3e+04 2.0e+01  3  4  1  2  0  42 61  4 19  4  3084
PCSetUpOnBlocks      114 1.0 1.2021e+00 1.0 1.31e+08 1.0 0.0e+00 0.0e+00 2.0e+01  0  1  0  0  0   5  8  0  0  4  3480
PCApply               19 1.0 5.9688e+00 1.0 7.07e+08 1.0 8.8e+04 1.7e+03 4.2e+02  2  3 11  2 10  24 42 77 24 78  3721

--- Event Stage 3: Fine-only solve

VecDot                 5 1.0 3.0085e-02 5.9 2.01e+06 1.0 0.0e+00 0.0e+00 5.0e+00  0  0  0  0  0   0  0  0  0  1  2135
VecMDot              216 1.0 7.6304e-01 2.4 5.30e+07 1.0 0.0e+00 0.0e+00 2.2e+02  0  0  0  0  5   0  1  0  0 26  2223
VecNorm              519 1.0 6.2259e-01 2.0 7.09e+07 1.0 0.0e+00 0.0e+00 5.2e+02  0  0  0  0 12   0  1  0  0 61  3643
VecScale             413 1.0 1.1907e-01 1.0 2.79e+07 1.0 0.0e+00 0.0e+00 0.0e+00  0  0  0  0  0   0  0  0  0  0  7500
VecCopy              212 1.0 6.9577e-02 1.0 0.00e+00 0.0 0.0e+00 0.0e+00 0.0e+00  0  0  0  0  0   0  0  0  0  0     0
VecSet              2309 1.0 1.4947e-01 1.1 0.00e+00 0.0 0.0e+00 0.0e+00 0.0e+00  0  0  0  0  0   0  0  0  0  0     0
VecAXPY              293 1.0 1.0256e-01 1.1 3.51e+07 1.0 0.0e+00 0.0e+00 0.0e+00  0  0  0  0  0   0  0  0  0  0 10963
VecAYPX               96 1.0 1.0021e-01 1.0 5.52e+06 1.0 0.0e+00 0.0e+00 0.0e+00  0  0  0  0  0   0  0  0  0  0  1763
VecWAXPY               5 1.0 2.1885e-02 1.0 1.00e+06 1.0 0.0e+00 0.0e+00 0.0e+00  0  0  0  0  0   0  0  0  0  0  1467
VecMAXPY             413 1.0 2.8668e-01 1.0 8.47e+07 1.0 0.0e+00 0.0e+00 0.0e+00  0  0  0  0  0   0  1  0  0  0  9456
VecPointwiseMult      20 1.0 3.1674e-03 1.2 1.47e+05 1.0 0.0e+00 0.0e+00 0.0e+00  0  0  0  0  0   0  0  0  0  0  1487
VecScatterBegin      710 1.0 1.5236e-01 1.0 0.00e+00 0.0 1.6e+05 5.6e+03 0.0e+00  0  0 19 13  0   0  0 93 40  0     0
VecScatterEnd        710 1.0 1.4478e+0010.3 0.00e+00 0.0 0.0e+00 0.0e+00 0.0e+00  0  0  0  0  0   0  0  0  0  0     0
VecReduceArith         2 1.0 2.5740e-03 1.1 8.03e+05 1.0 0.0e+00 0.0e+00 0.0e+00  0  0  0  0  0   0  0  0  0  0  9981
VecReduceComm          1 1.0 5.1649e-03143.5 0.00e+00 0.0 0.0e+00 0.0e+00 1.0e+00  0  0  0  0  0   0  0  0  0  0     0
VecNormalize         384 1.0 6.1418e-01 2.0 6.63e+07 1.0 0.0e+00 0.0e+00 3.8e+02  0  0  0  0  9   0  1  0  0 45  3452
MatMult              413 1.0 2.7821e+01 1.0 3.01e+09 1.1 1.1e+05 7.4e+03 0.0e+00  7 13 13 12  0  19 37 62 35  0  3368
MatMultAdd            96 1.0 4.6932e-01 1.0 3.70e+07 1.0 9.2e+03 1.7e+03 0.0e+00  0  0  1  0  0   0  0  5  1  0  2521
MatMultTranspose     116 1.0 9.9081e-01 1.7 4.47e+07 1.0 1.1e+04 1.7e+03 0.0e+00  0  0  1  0  0   1  1  6  1  0  1443
MatSolve             504 1.0 2.2314e+01 1.0 2.85e+09 1.0 0.0e+00 0.0e+00 0.0e+00  6 12  0  0  0  16 36  0  0  0  4091
MatLUFactorNum         5 1.0 9.2220e+00 1.0 8.81e+08 1.0 0.0e+00 0.0e+00 0.0e+00  2  4  0  0  0   7 11  0  0  0  3056
MatCholFctrNum        20 1.0 8.5289e+00 1.0 9.18e+08 1.0 0.0e+00 0.0e+00 0.0e+00  2  4  0  0  0   6 12  0  0  0  3444
MatAssemblyBegin      30 1.0 8.5559e-01 4.4 0.00e+00 0.0 7.2e+03 1.7e+05 7.0e+01  0  0  1 19  2   0  0  4 55  8     0
MatAssemblyEnd        30 1.0 6.5391e-01 2.0 0.00e+00 0.0 0.0e+00 0.0e+00 0.0e+00  0  0  0  0  0   0  0  0  0  0     0
MatGetRowIJ           15 1.0 7.4148e-05 1.1 0.00e+00 0.0 0.0e+00 0.0e+00 0.0e+00  0  0  0  0  0   0  0  0  0  0     0
MatGetOrdering        15 1.0 3.0737e-02 1.0 0.00e+00 0.0 0.0e+00 0.0e+00 3.0e+01  0  0  0  0  1   0  0  0  0  4     0
MatZeroEntries        25 1.0 5.4316e-02 1.1 0.00e+00 0.0 0.0e+00 0.0e+00 0.0e+00  0  0  0  0  0   0  0  0  0  0     0
MatGetRedundant        5 1.0 7.0924e-02 1.0 0.00e+00 0.0 5.0e+03 2.3e+04 0.0e+00  0  0  1  2  0   0  0  3  5  0     0
SNESSolve              1 1.0 1.4025e+02 1.0 8.02e+09 1.0 1.7e+05 1.3e+04 8.5e+02 37 34 21 34 20 100100100100100  1812
SNESLineSearch         5 1.0 2.0452e+01 1.0 1.16e+08 1.0 3.8e+03 1.6e+04 2.0e+01  5  0  0  1  0  15  1  2  3  2   178
SNESFunctionEval       6 1.0 2.3209e+01 1.0 0.00e+00 0.0 3.1e+03 1.4e+04 0.0e+00  6  0  0  1  0  17  0  2  2  0     0
SNESJacobianEval       5 1.0 4.6563e+01 1.0 7.85e+06 1.0 1.6e+04 8.2e+04 7.0e+01 12  0  2 19  2  33  0  9 57  8     5
KSPGMRESOrthog       216 1.0 9.5173e-01 1.9 1.06e+08 1.0 0.0e+00 0.0e+00 2.2e+02  0  0  0  0  5   1  1  0  0 26  3564
KSPSetup              55 1.0 2.4605e-04 1.1 0.00e+00 0.0 0.0e+00 0.0e+00 0.0e+00  0  0  0  0  0   0  0  0  0  0     0
KSPSolve               5 1.0 6.9348e+01 1.0 7.89e+09 1.0 1.5e+05 6.0e+03 7.5e+02 18 33 18 14 18  49 98 88 40 89  3608
PCSetUp               25 1.0 1.7856e+01 1.0 1.80e+09 1.0 5.0e+03 2.3e+04 3.0e+01  5  8  1  2  1  13 23  3  5  4  3223
PCSetUpOnBlocks      192 1.0 8.5624e+00 1.0 9.18e+08 1.0 0.0e+00 0.0e+00 3.0e+01  2  4  0  0  1   6 12  0  0  4  3431
PCApply               24 1.0 5.4930e+01 1.0 6.41e+09 1.0 1.4e+05 4.8e+03 7.0e+02 14 27 17 10 16  39 80 82 30 83  3695
------------------------------------------------------------------------------------------------------------------------

Memory usage is given in bytes:

Object Type          Creations   Destructions     Memory  Descendants' Mem.
Reports information only for process 0.

--- Event Stage 0: Main Stage

           Container     0              5         1500     0
 Toy Hydrostatic Ice     0              1          500     0
   Distributed array     0             10      1087096     0
                 Vec     0            316     90185320     0
         Vec Scatter     0             47        28388     0
           Index Set     0             25       659540     0
   IS L to G Mapping     0             20      1593424     0
              Matrix     0             59    147174492     0
                SNES     0              5         3740     0
       Krylov Solver     0             35       275224     0
      Preconditioner     0             35        18044     0
              Viewer     0              1          400     0

--- Event Stage 1: Full solve

           Container     5              0            0     0
 Toy Hydrostatic Ice     1              0            0     0
   Distributed array    10              0            0     0
                 Vec   395             79      4032740     0
         Vec Scatter    47              0            0     0
           Index Set   193            168      6352972     0
   IS L to G Mapping    20              0            0     0
              Matrix    59              0            0     0
                SNES     5              0            0     0
       Krylov Solver    35              0            0     0
      Preconditioner    35              0            0     0
              Viewer     1              0            0     0

--- Event Stage 2: Fine-1 solve

                 Vec     5              5         6780     0
           Index Set    20             20       586000     0

--- Event Stage 3: Fine-only solve

                 Vec     5              5         6780     0
           Index Set    30             30      4603800     0
========================================================================================================================
Average time to get PetscTime(): 3.38554e-06
Average time for MPI_Barrier(): 2.19345e-06
Average time for zero size MPI_Send(): 1.19954e-05
#PETSc Option Table entries:
-M 16
-P 4
-dmmg_form_function_ghost 1
-dmmg_grid_sequence 1
-ksp_converged_reason
-ksp_monitor
-ksp_rtol 1e-2
-log_summary
-mg_levels_1_sub_pc_type cholesky
-pc_mg_type multiplicative
-repeat_fine_solve 1
-snes_converged_reason
-snes_monitor
-thi_L 80e3
-thi_friction_m 0.3
-thi_hom z
-thi_nlevels 5
#End of PETSc Option Table entries
Compiled with FORTRAN kernels
Compiled with full precision matrices (default)
sizeof(short) 2 sizeof(int) 4 sizeof(long) 4 sizeof(void*) 4 sizeof(PetscScalar) 8
Configure run at: Wed Sep 15 06:55:31 2010
Configure options: --with-x=0 --with-is-color-value-type=short --with-debugging=1 --with-fortran-kernels=1 --with-mpi-dir=/bgsys/drivers/ppcfloor/comm --with-batch=1 --known-mpi-shared-libraries=1 --known-memcmp-ok --known-sizeof-char=1 --known-sizeof-void-p=4 --known-sizeof-short=2 --known-sizeof-int=4 --known-sizeof-long=4 --known-sizeof-size_t=4 --known-sizeof-long-long=8 --known-sizeof-float=4 --known-sizeof-double=8 --known-bits-per-byte=8 --known-sizeof-MPI_Comm=4 --known-sizeof-MPI_Fint=4 --known-mpi-long-double=1 --known-level1-dcache-assoc=0 --known-level1-dcache-linesize=32 --known-level1-dcache-size=32768 --with-shared=0 --prefix=/opt/share/ksl/petsc/dev-aug30/ppc450d-bgp_xlc_fast --with-clanguage=c --cflags="   -O3" --cxxflags="   -O3" --fflags="   -O3" --FCFLAGS= --LIBS=" -L/bgsys/ibm_essl/sles10/prod/opt/ibmmath/lib -L/opt/ibmcmp/xlsmp/bg/1.7/lib -L/opt/ibmcmp/xlmass/bg/4.4/bglib -L/opt/ibmcmp/xlf/bg/11.1/bglib   -lesslbg  -lxlf90_r -lxlopt -lxlsmp -lxl -lxlfmath -O3" --CC=/bgsys/drivers/ppcfloor/comm/xl/bin/mpixlc_r --CXX=/bgsys/drivers/ppcfloor/comm/xl/bin/mpixlcxx_r --FC=/bgsys/drivers/ppcfloor/comm/xl/bin/mpixlf90_r --with-debugging=0 PETSC_ARCH=bgp-xlc-fast
-----------------------------------------
Libraries compiled on Wed Sep 15 06:55:31 2010 on fen1 
Machine characteristics: Linux-2.6.16.60-0.66.1-ppc64-ppc64-with-SuSE-10-ppc
Using PETSc directory: /scratch/aron/sandbox/process/installs/builddir_ppc64/petsc-dev-aug30-bgp_xlc_fast/petsc-dev-16784
Using PETSc arch: bgp-xlc-fast
-----------------------------------------

Using C compiler: /bgsys/drivers/ppcfloor/comm/xl/bin/mpixlc_r  -O  ${COPTFLAGS} ${CFLAGS}
Using Fortran compiler: /bgsys/drivers/ppcfloor/comm/xl/bin/mpixlf90_r  -O   ${FOPTFLAGS} ${FFLAGS} 
-----------------------------------------

Using include paths: -I/scratch/aron/sandbox/process/installs/builddir_ppc64/petsc-dev-aug30-bgp_xlc_fast/petsc-dev-16784/bgp-xlc-fast/include -I/scratch/aron/sandbox/process/installs/builddir_ppc64/petsc-dev-aug30-bgp_xlc_fast/petsc-dev-16784/include -I/bgsys/drivers/ppcfloor/comm/include
-----------------------------------------

Using C linker: /bgsys/drivers/ppcfloor/comm/xl/bin/mpixlc_r
Using Fortran linker: /bgsys/drivers/ppcfloor/comm/xl/bin/mpixlf90_r
Using libraries: -Wl,-rpath,/scratch/aron/sandbox/process/installs/builddir_ppc64/petsc-dev-aug30-bgp_xlc_fast/petsc-dev-16784/bgp-xlc-fast/lib -L/scratch/aron/sandbox/process/installs/builddir_ppc64/petsc-dev-aug30-bgp_xlc_fast/petsc-dev-16784/bgp-xlc-fast/lib -lpetscts -lpetscsnes -lpetscksp -lpetscdm -lpetscmat -lpetscvec -lpetscsys -lnsl -lrt -L/bgsys/ibm_essl/sles10/prod/opt/ibmmath/lib -L/opt/ibmcmp/xlsmp/bg/1.7/lib -L/opt/ibmcmp/xlmass/bg/4.4/bglib -L/opt/ibmcmp/xlf/bg/11.1/bglib -L/bgsys/drivers/V1R4M2_200_2010-100508P/ppc/comm/xl/lib -L/bgsys/drivers/V1R4M2_200_2010-100508P/ppc/comm/sys/lib -L/bgsys/drivers/V1R4M2_200_2010-100508P/ppc/runtime/SPI -L/opt/ibmcmp/xlsmp/bg/1.7/bglib -L/opt/ibmcmp/vac/bg/9.0/bglib -L/opt/ibmcmp/vacpp/bg/9.0/bglib -L/bgsys/drivers/ppcfloor/gnu-linux/lib/gcc/powerpc-bgp-linux/4.1.2 -L/bgsys/drivers/ppcfloor/gnu-linux/powerpc-bgp-linux/lib -Wl,-rpath,/opt/ibmcmp/lib/bg/bglib -ldl -lesslbg -lxlf90_r -lxlopt -lxlsmp -lxl -lxlfmath -lpmpich.cnk -lmpich.cnk -lopa -Wl,-rpath,/bgsys/drivers/V1R4M2_200_2010-100508P/ppc/comm/sys/lib -ldcmf.cnk -ldcmfcoll.cnk -lpthread -Wl,-rpath,/bgsys/drivers/V1R4M2_200_2010-100508P/ppc/runtime/SPI -lSPI.cna -lrt -lgcc_eh -lxlomp_ser -lm -ldl -lesslbg -lxlf90_r -lxlopt -lxlsmp -lxl -lxlfmath -lpmpich.cnk -lmpich.cnk -lopa -ldcmf.cnk -ldcmfcoll.cnk -lpthread -lSPI.cna -lrt -lgcc_eh -ldl -lesslbg -lxlf90_r -lxlopt -lxlsmp -lxl -lxlfmath -O3 
-----------------------------------------

