Level 0 domain size (m)    8e+04 x    8e+04 x    1e+03, num elements  16 x  16 x   4 (    1024), size (m) 5000 x 5000 x 333.333
Level 1 domain size (m)    8e+04 x    8e+04 x    1e+03, num elements  32 x  32 x   7 (    7168), size (m) 2500 x 2500 x 166.667
Level 2 domain size (m)    8e+04 x    8e+04 x    1e+03, num elements  64 x  64 x  13 (   53248), size (m) 1250 x 1250 x 83.3333
Level 3 domain size (m)    8e+04 x    8e+04 x    1e+03, num elements 128 x 128 x  25 (  409600), size (m) 625 x 625 x 41.6667
Level 4 domain size (m)    8e+04 x    8e+04 x    1e+03, num elements 256 x 256 x  49 ( 3211264), size (m) 312.5 x 312.5 x 20.8333
          0 SNES Function norm 1.890950239303e+03 
Linear solve converged due to CONVERGED_ITS iterations 1
          1 SNES Function norm 1.757287341813e+03 
Linear solve converged due to CONVERGED_ITS iterations 1
          2 SNES Function norm 1.465775464679e+03 
Linear solve converged due to CONVERGED_ITS iterations 1
          3 SNES Function norm 1.063685356286e+03 
Linear solve converged due to CONVERGED_ITS iterations 1
          4 SNES Function norm 5.748318651833e+02 
Linear solve converged due to CONVERGED_ITS iterations 1
          5 SNES Function norm 1.532424959762e+02 
Linear solve converged due to CONVERGED_ITS iterations 1
          6 SNES Function norm 9.041261408270e+00 
Linear solve converged due to CONVERGED_ITS iterations 1
          7 SNES Function norm 2.886591244061e-02 
Linear solve converged due to CONVERGED_ITS iterations 1
          8 SNES Function norm 3.086922541988e-07 
Nonlinear solve converged due to CONVERGED_FNORM_RELATIVE
        0 SNES Function norm 6.890537207436e+02 
          0 KSP Residual norm 6.890537207436e+02 
          1 KSP Residual norm 8.597228701226e+00 
          2 KSP Residual norm 8.977257274119e-01 
Linear solve converged due to CONVERGED_RTOL iterations 2
        1 SNES Function norm 5.682478345722e+01 
          0 KSP Residual norm 5.682478345722e+01 
          1 KSP Residual norm 3.477290133328e+00 
          2 KSP Residual norm 5.865061831526e-01 
          3 KSP Residual norm 1.961945123915e-01 
Linear solve converged due to CONVERGED_RTOL iterations 3
        2 SNES Function norm 9.288685517308e+00 
          0 KSP Residual norm 9.288685517308e+00 
          1 KSP Residual norm 1.051753696140e+00 
          2 KSP Residual norm 1.662666722211e-01 
          3 KSP Residual norm 2.017664143939e-02 
Linear solve converged due to CONVERGED_RTOL iterations 3
        3 SNES Function norm 1.373129382881e+00 
          0 KSP Residual norm 1.373129382881e+00 
          1 KSP Residual norm 1.355672147171e-01 
          2 KSP Residual norm 1.424103037473e-02 
          3 KSP Residual norm 2.275080891426e-03 
Linear solve converged due to CONVERGED_RTOL iterations 3
        4 SNES Function norm 4.761900631289e-02 
          0 KSP Residual norm 4.761900631289e-02 
          1 KSP Residual norm 3.636826844137e-03 
          2 KSP Residual norm 4.009375482427e-04 
Linear solve converged due to CONVERGED_RTOL iterations 2
        5 SNES Function norm 4.086769861627e-04 
          0 KSP Residual norm 4.086769861627e-04 
          1 KSP Residual norm 8.057659851617e-05 
          2 KSP Residual norm 9.821137515067e-06 
          3 KSP Residual norm 1.532028729851e-06 
Linear solve converged due to CONVERGED_RTOL iterations 3
        6 SNES Function norm 1.532635689429e-06 
Nonlinear solve converged due to CONVERGED_FNORM_RELATIVE
      0 SNES Function norm 2.488680090129e+02 
        0 KSP Residual norm 2.488680090129e+02 
        1 KSP Residual norm 7.981316516400e+00 
        2 KSP Residual norm 4.146452021390e-01 
Linear solve converged due to CONVERGED_RTOL iterations 2
      1 SNES Function norm 7.747226433180e+00 
        0 KSP Residual norm 7.747226433180e+00 
        1 KSP Residual norm 1.045126187819e+00 
        2 KSP Residual norm 2.116453394389e-01 
        3 KSP Residual norm 4.872270781219e-02 
Linear solve converged due to CONVERGED_RTOL iterations 3
      2 SNES Function norm 1.916286108792e+00 
        0 KSP Residual norm 1.916286108792e+00 
        1 KSP Residual norm 1.291136529572e-01 
        2 KSP Residual norm 2.558155750713e-02 
        3 KSP Residual norm 5.961291432093e-03 
Linear solve converged due to CONVERGED_RTOL iterations 3
      3 SNES Function norm 3.779907387540e-01 
        0 KSP Residual norm 3.779907387540e-01 
        1 KSP Residual norm 2.322007674322e-02 
        2 KSP Residual norm 4.870830678299e-03 
        3 KSP Residual norm 1.327987192949e-03 
Linear solve converged due to CONVERGED_RTOL iterations 3
      4 SNES Function norm 2.438556701163e-02 
        0 KSP Residual norm 2.438556701163e-02 
        1 KSP Residual norm 1.332397331641e-03 
        2 KSP Residual norm 4.600404203360e-04 
        3 KSP Residual norm 1.975354346516e-04 
Linear solve converged due to CONVERGED_RTOL iterations 3
      5 SNES Function norm 2.350542089546e-04 
        0 KSP Residual norm 2.350542089546e-04 
        1 KSP Residual norm 1.023153145909e-04 
        2 KSP Residual norm 3.326477065376e-05 
        3 KSP Residual norm 1.007880444211e-05 
        4 KSP Residual norm 2.247087732727e-06 
Linear solve converged due to CONVERGED_RTOL iterations 4
      6 SNES Function norm 2.246795397157e-06 
Nonlinear solve converged due to CONVERGED_FNORM_RELATIVE
    0 SNES Function norm 8.891305236593e+01 
      0 KSP Residual norm 8.891305236593e+01 
      1 KSP Residual norm 3.298891735881e+00 
      2 KSP Residual norm 1.662760692968e-01 
Linear solve converged due to CONVERGED_RTOL iterations 2
    1 SNES Function norm 1.077297971370e+00 
      0 KSP Residual norm 1.077297971370e+00 
      1 KSP Residual norm 2.414433679746e-01 
      2 KSP Residual norm 4.885552661813e-02 
      3 KSP Residual norm 1.382288272661e-02 
      4 KSP Residual norm 5.378062509990e-03 
Linear solve converged due to CONVERGED_RTOL iterations 4
    2 SNES Function norm 1.939074441121e-01 
      0 KSP Residual norm 1.939074441121e-01 
      1 KSP Residual norm 1.547189161217e-02 
      2 KSP Residual norm 3.708737571412e-03 
      3 KSP Residual norm 1.376235170044e-03 
Linear solve converged due to CONVERGED_RTOL iterations 3
    3 SNES Function norm 1.288857341166e-02 
      0 KSP Residual norm 1.288857341166e-02 
      1 KSP Residual norm 1.606839798137e-03 
      2 KSP Residual norm 5.927702712095e-04 
      3 KSP Residual norm 2.656782114736e-04 
      4 KSP Residual norm 1.314754641634e-04 
      5 KSP Residual norm 4.706459554899e-05 
Linear solve converged due to CONVERGED_RTOL iterations 5
    4 SNES Function norm 2.018098496456e-04 
      0 KSP Residual norm 2.018098496456e-04 
      1 KSP Residual norm 2.872050123446e-05 
      2 KSP Residual norm 1.529814126871e-05 
      3 KSP Residual norm 5.945784262714e-06 
      4 KSP Residual norm 2.229428529855e-06 
      5 KSP Residual norm 9.414025884381e-07 
Linear solve converged due to CONVERGED_RTOL iterations 5
    5 SNES Function norm 9.428571298451e-07 
      0 KSP Residual norm 9.428571298451e-07 
      1 KSP Residual norm 3.906642996310e-07 
      2 KSP Residual norm 1.611862190616e-07 
      3 KSP Residual norm 6.672650996678e-08 
      4 KSP Residual norm 3.210304883409e-08 
      5 KSP Residual norm 1.270133401771e-08 
      6 KSP Residual norm 4.047179942943e-09 
Linear solve converged due to CONVERGED_RTOL iterations 6
    6 SNES Function norm 4.047511383887e-09 
Nonlinear solve converged due to CONVERGED_FNORM_RELATIVE
  0 SNES Function norm 3.159932834591e+01 
    0 KSP Residual norm 3.159932834591e+01 
    1 KSP Residual norm 1.081234418917e+00 
    2 KSP Residual norm 6.273037998093e-02 
Linear solve converged due to CONVERGED_RTOL iterations 2
  1 SNES Function norm 1.441773214591e-01 
    0 KSP Residual norm 1.441773214591e-01 
    1 KSP Residual norm 3.330847308194e-02 
    2 KSP Residual norm 9.656659076833e-03 
    3 KSP Residual norm 3.369071874309e-03 
    4 KSP Residual norm 1.247237076740e-03 
Linear solve converged due to CONVERGED_RTOL iterations 4
  2 SNES Function norm 9.259728521530e-03 
    0 KSP Residual norm 9.259728521530e-03 
    1 KSP Residual norm 1.981619399746e-03 
    2 KSP Residual norm 6.174952039543e-04 
    3 KSP Residual norm 3.261610477637e-04 
    4 KSP Residual norm 1.305954814962e-04 
    5 KSP Residual norm 5.998731132436e-05 
Linear solve converged due to CONVERGED_RTOL iterations 5
  3 SNES Function norm 2.974883157199e-04 
    0 KSP Residual norm 2.974883157199e-04 
    1 KSP Residual norm 5.950845871309e-05 
    2 KSP Residual norm 3.013884053378e-05 
    3 KSP Residual norm 1.565237029656e-05 
    4 KSP Residual norm 6.323696116486e-06 
    5 KSP Residual norm 3.323368361092e-06 
    6 KSP Residual norm 1.255258123938e-06 
Linear solve converged due to CONVERGED_RTOL iterations 6
  4 SNES Function norm 1.335913393979e-06 
    0 KSP Residual norm 1.335913393979e-06 
    1 KSP Residual norm 6.984797926760e-07 
    2 KSP Residual norm 3.839076720543e-07 
    3 KSP Residual norm 1.843373982575e-07 
    4 KSP Residual norm 8.307651747391e-08 
    5 KSP Residual norm 4.120820810573e-08 
    6 KSP Residual norm 1.692284872936e-08 
    7 KSP Residual norm 8.339721674407e-09 
Linear solve converged due to CONVERGED_RTOL iterations 7
  5 SNES Function norm 8.339913731389e-09 
Nonlinear solve converged due to CONVERGED_FNORM_RELATIVE
Solution statistics after solve: Full
CONVERGED_FNORM_RELATIVE: Number of Newton iterations = 5, total linear iterations = 24
|X|_2 152736   u in [6.21764, 195.728]   v in [-4.65832, 5.18426]   c in [6.2177, 195.729] 
Surface statistics: u in [8.286853e+00, 1.957280e+02] mean 7.833398e+01
Global eta range   [2.65437e+10, 9.2273e+12], converged range [2.65437e+10, 5.09052e+12]
Global beta2 range [5.65045e+09, 2.1575e+13], converged range [5.65045e+09, 8.63737e+09]

    0 SNES Function norm 4.131901529273e+01 
      0 KSP Residual norm 4.131901529273e+01 
      1 KSP Residual norm 5.873516887953e-01 
      2 KSP Residual norm 2.388403628403e-02 
Linear solve converged due to CONVERGED_RTOL iterations 2
    1 SNES Function norm 2.447581176452e+00 
      0 KSP Residual norm 2.447581176452e+00 
      1 KSP Residual norm 4.219029880759e-02 
      2 KSP Residual norm 4.377075996553e-03 
Linear solve converged due to CONVERGED_RTOL iterations 2
    2 SNES Function norm 1.081670370864e-02 
      0 KSP Residual norm 1.081670370864e-02 
      1 KSP Residual norm 1.960679197892e-03 
      2 KSP Residual norm 6.656067406946e-04 
      3 KSP Residual norm 2.407310805650e-04 
      4 KSP Residual norm 7.806864318590e-05 
Linear solve converged due to CONVERGED_RTOL iterations 4
    3 SNES Function norm 7.911892286222e-05 
      0 KSP Residual norm 7.911892286222e-05 
      1 KSP Residual norm 3.520097687832e-05 
      2 KSP Residual norm 1.243241593984e-05 
      3 KSP Residual norm 5.345647777312e-06 
      4 KSP Residual norm 1.754360644155e-06 
      5 KSP Residual norm 7.715036995015e-07 
Linear solve converged due to CONVERGED_RTOL iterations 5
    4 SNES Function norm 7.714535375266e-07 
      0 KSP Residual norm 7.714535375266e-07 
      1 KSP Residual norm 4.225471647917e-07 
      2 KSP Residual norm 1.602379580058e-07 
      3 KSP Residual norm 6.935629172845e-08 
      4 KSP Residual norm 3.111905569295e-08 
      5 KSP Residual norm 1.341358109301e-08 
      6 KSP Residual norm 4.445906547989e-09 
Linear solve converged due to CONVERGED_RTOL iterations 6
    5 SNES Function norm 4.445678450097e-09 
Nonlinear solve converged due to CONVERGED_FNORM_RELATIVE
Solution statistics after solve: Fine-1
CONVERGED_FNORM_RELATIVE: Number of Newton iterations = 5, total linear iterations = 19
|X|_2 54419.5   u in [6.2178, 195.628]   v in [-4.65821, 5.1834]   c in [6.21785, 195.629] 
Surface statistics: u in [8.287820e+00, 1.956280e+02] mean 7.830505e+01
Global eta range   [2.65437e+10, 9.2273e+12], converged range [2.7111e+10, 3.09791e+12]
Global beta2 range [5.59459e+09, 2.1575e+13], converged range [5.65129e+09, 8.56745e+09]

  0 SNES Function norm 3.159932834591e+01 
    0 KSP Residual norm 3.159932834591e+01 
    1 KSP Residual norm 1.081234418921e+00 
    2 KSP Residual norm 6.273038001248e-02 
Linear solve converged due to CONVERGED_RTOL iterations 2
  1 SNES Function norm 1.441773225248e-01 
    0 KSP Residual norm 1.441773225248e-01 
    1 KSP Residual norm 3.330847309998e-02 
    2 KSP Residual norm 9.656659129799e-03 
    3 KSP Residual norm 3.369071893562e-03 
    4 KSP Residual norm 1.247237082004e-03 
Linear solve converged due to CONVERGED_RTOL iterations 4
  2 SNES Function norm 9.259728717524e-03 
    0 KSP Residual norm 9.259728717524e-03 
    1 KSP Residual norm 1.981619454036e-03 
    2 KSP Residual norm 6.174952082184e-04 
    3 KSP Residual norm 3.261610505847e-04 
    4 KSP Residual norm 1.305954831597e-04 
    5 KSP Residual norm 5.998731275415e-05 
Linear solve converged due to CONVERGED_RTOL iterations 5
  3 SNES Function norm 2.974883344956e-04 
    0 KSP Residual norm 2.974883344956e-04 
    1 KSP Residual norm 5.950846250705e-05 
    2 KSP Residual norm 3.013884159773e-05 
    3 KSP Residual norm 1.565237070770e-05 
    4 KSP Residual norm 6.323696343504e-06 
    5 KSP Residual norm 3.323368452161e-06 
    6 KSP Residual norm 1.255258139745e-06 
Linear solve converged due to CONVERGED_RTOL iterations 6
  4 SNES Function norm 1.335912901434e-06 
    0 KSP Residual norm 1.335912901434e-06 
    1 KSP Residual norm 6.984797156744e-07 
    2 KSP Residual norm 3.839076871568e-07 
    3 KSP Residual norm 1.843373778103e-07 
    4 KSP Residual norm 8.307652213881e-08 
    5 KSP Residual norm 4.120820439073e-08 
    6 KSP Residual norm 1.692284987539e-08 
    7 KSP Residual norm 8.339721157510e-09 
Linear solve converged due to CONVERGED_RTOL iterations 7
  5 SNES Function norm 8.339618966590e-09 
Nonlinear solve converged due to CONVERGED_FNORM_RELATIVE
Solution statistics after solve: Fine
CONVERGED_FNORM_RELATIVE: Number of Newton iterations = 5, total linear iterations = 24
|X|_2 152736   u in [6.21764, 195.728]   v in [-4.65832, 5.18426]   c in [6.2177, 195.729] 
Surface statistics: u in [8.286853e+00, 1.957280e+02] mean 7.833398e+01
Global eta range   [2.65437e+10, 9.2273e+12], converged range [2.65437e+10, 5.09052e+12]
Global beta2 range [5.59459e+09, 2.1575e+13], converged range [5.65045e+09, 8.63737e+09]

************************************************************************************************************************
***             WIDEN YOUR WINDOW TO 120 CHARACTERS.  Use 'enscript -r -fCourier9' to print this document            ***
************************************************************************************************************************

---------------------------------------------- PETSc Performance Summary: ----------------------------------------------

./ex48 on a bgp-xlc-r named ionode15 with 128 processors, by Unknown Tue Sep 14 00:19:13 2010
Using Petsc Development HG revision: aeb2eea2e3ddfd0635951d6560aa7114704dab25  HG Date: Sat Aug 21 15:26:55 2010 -0500

                         Max       Max/Min        Avg      Total 
Time (sec):           1.553e+02      1.00001   1.553e+02
Objects:              8.660e+02      1.00000   8.660e+02
Flops:                1.134e+10      1.01733   1.125e+10  1.440e+12
Flops/sec:            7.302e+07      1.01733   7.240e+07  9.268e+09
MPI Messages:         4.656e+04      1.03086   4.519e+04  5.784e+06
MPI Message Lengths:  1.226e+08      1.00092   2.712e+03  1.568e+10
MPI Reductions:       4.253e+03      1.00000

Flop counting convention: 1 flop = 1 real number operation of type (multiply/divide/add/subtract)
                            e.g., VecAXPY() for real vectors of length N --> 2N flops
                            and VecAXPY() for complex vectors of length N --> 8N flops

Summary of Stages:   ----- Time ------  ----- Flops -----  --- Messages ---  -- Message Lengths --  -- Reductions --
                        Avg     %Total     Avg     %Total   counts   %Total     Avg         %Total   counts   %Total 
 0:      Main Stage: 5.7388e-02   0.0%  8.0511e+07   0.0%  3.562e+03   0.1%  3.339e-01        0.0%  1.500e+01   0.4% 
 1:      Full solve: 9.8907e+01  63.7%  9.6640e+11  67.1%  3.984e+06  68.9%  1.615e+03       59.6%  2.596e+03  61.0% 
 2:    Fine-1 solve: 1.3450e+01   8.7%  1.3779e+11   9.6%  7.535e+05  13.0%  2.627e+02        9.7%  5.380e+02  12.6% 
 3: Fine-only solve: 4.2927e+01  27.6%  3.3537e+11  23.3%  1.042e+06  18.0%  8.332e+02       30.7%  8.460e+02  19.9% 

------------------------------------------------------------------------------------------------------------------------
See the 'Profiling' chapter of the users' manual for details on interpreting output.
Phase summary info:
   Count: number of times phase was executed
   Time and Flops: Max - maximum over all processors
                   Ratio - ratio of maximum to minimum over all processors
   Mess: number of messages sent
   Avg. len: average message length
   Reduct: number of global reductions
   Global: entire computation
   Stage: stages of a computation. Set stages with PetscLogStagePush() and PetscLogStagePop().
      %T - percent time in this phase         %F - percent flops in this phase
      %M - percent messages in this phase     %L - percent message lengths in this phase
      %R - percent reductions in this phase
   Total Mflop/s: 10e-6 * (sum of flops over all processors)/(max time over all processors)
------------------------------------------------------------------------------------------------------------------------
Event                Count      Time (sec)     Flops                             --- Global ---  --- Stage ---   Total
                   Max Ratio  Max     Ratio   Max  Ratio  Mess   Avg len Reduct  %T %F %M %L %R  %T %F %M %L %R Mflop/s
------------------------------------------------------------------------------------------------------------------------

--- Event Stage 0: Main Stage

VecSet                 2 1.0 2.4080e-05 1.1 0.00e+00 0.0 0.0e+00 0.0e+00 0.0e+00  0  0  0  0  0   0  0  0  0  0     0
VecPointwiseMult       1 1.0 1.3804e-04 1.1 6.40e+03 1.0 0.0e+00 0.0e+00 0.0e+00  0  0  0  0  0   0  1  0  0  0  5934
VecScatterBegin        2 1.0 1.0991e-04 1.1 0.00e+00 0.0 7.7e+02 2.5e+03 0.0e+00  0  0  0  0  0   0  0 22 99  0     0
VecScatterEnd          2 1.0 1.1787e-03 7.7 0.00e+00 0.0 0.0e+00 0.0e+00 0.0e+00  0  0  0  0  0   0  0  0  0  0     0
MatMult                1 1.0 4.0429e-03 1.2 2.86e+05 1.0 3.8e+02 2.5e+03 0.0e+00  0  0  0  0  0   6 46 11 50  0  9062
MatMultTranspose       1 1.0 5.0030e-03 1.1 3.36e+05 1.0 3.8e+02 2.5e+03 0.0e+00  0  0  0  0  0   8 53 11 50  0  8606

--- Event Stage 1: Full solve

VecDot                31 1.0 2.0819e-02 6.6 5.90e+05 1.0 0.0e+00 0.0e+00 3.1e+01  0  0  0  0  1   0  0  0  0  1  3628
VecMDot              537 1.0 3.7139e-01 5.1 1.50e+07 1.0 0.0e+00 0.0e+00 5.4e+02  0  0  0  0 13   0  0  0  0 21  5177
VecNorm             1307 1.0 1.1719e+00 1.3 2.04e+07 1.0 0.0e+00 0.0e+00 1.3e+03  1  0  0  0 31   1  0  0  0 50  2224
VecScale            1014 1.0 1.0675e-01 1.0 8.01e+06 1.0 0.0e+00 0.0e+00 0.0e+00  0  0  0  0  0   0  0  0  0  0  9602
VecCopy              570 1.0 2.4948e-02 1.0 0.00e+00 0.0 0.0e+00 0.0e+00 0.0e+00  0  0  0  0  0   0  0  0  0  0     0
VecSet              5664 1.0 7.2024e-02 1.1 0.00e+00 0.0 0.0e+00 0.0e+00 0.0e+00  0  0  0  0  0   0  0  0  0  0     0
VecAXPY              700 1.0 1.0511e-01 1.0 1.01e+07 1.0 0.0e+00 0.0e+00 0.0e+00  0  0  0  0  0   0  0  0  0  0 12284
VecAYPX              223 1.0 3.2520e-02 1.0 1.58e+06 1.0 0.0e+00 0.0e+00 0.0e+00  0  0  0  0  0   0  0  0  0  0  6230
VecWAXPY              31 1.0 7.3450e-03 1.1 2.95e+05 1.0 0.0e+00 0.0e+00 0.0e+00  0  0  0  0  0   0  0  0  0  0  5142
VecMAXPY            1014 1.0 2.0528e-01 1.0 2.41e+07 1.0 0.0e+00 0.0e+00 0.0e+00  0  0  0  0  0   0  0  0  0  0 15038
VecPointwiseMult      56 1.0 1.2336e-03 1.1 4.34e+04 1.0 0.0e+00 0.0e+00 0.0e+00  0  0  0  0  0   0  0  0  0  0  4506
VecScatterBegin     1881 1.0 1.9824e-01 1.0 0.00e+00 0.0 3.0e+06 8.9e+02 0.0e+00  0  0 52 17  0   0  0 75 29  0     0
VecScatterEnd       1881 1.0 1.1042e+00 3.3 0.00e+00 0.0 0.0e+00 0.0e+00 0.0e+00  0  0  0  0  0   1  0  0  0  0     0
VecReduceArith        10 1.0 8.2889e-03 1.1 2.30e+05 1.0 0.0e+00 0.0e+00 0.0e+00  0  0  0  0  0   0  0  0  0  0  3554
VecReduceComm          5 1.0 6.3798e-03 4.4 0.00e+00 0.0 0.0e+00 0.0e+00 5.0e+00  0  0  0  0  0   0  0  0  0  0     0
VecNormalize         908 1.0 9.4430e-01 1.3 1.90e+07 1.0 0.0e+00 0.0e+00 9.1e+02  1  0  0  0 21   1  0  0  0 35  2575
MatMult             1018 1.0 8.3075e+00 1.1 8.80e+08 1.1 1.0e+06 2.1e+03 0.0e+00  5  7 18 14  0   8 11 26 23  0 12775
MatMultAdd           223 1.0 1.6266e-01 1.1 1.06e+07 1.0 8.6e+04 5.0e+02 0.0e+00  0  0  1  0  0   0  0  2  0  0  8332
MatMultTranspose     283 1.0 4.4346e-01 2.2 1.32e+07 1.0 1.1e+05 4.9e+02 0.0e+00  0  0  2  0  0   0  0  3  1  0  3820
MatSolve            1214 1.0 6.5432e+00 1.0 9.07e+08 1.0 0.0e+00 0.0e+00 0.0e+00  4  8  0  0  0   7 12  0  0  0 17745
MatLUFactorSym         5 1.0 3.9289e-01 1.0 0.00e+00 0.0 0.0e+00 0.0e+00 5.0e+00  0  0  0  0  0   0  0  0  0  0     0
MatLUFactorNum        31 1.0 5.7009e+01 1.0 5.46e+09 1.0 0.0e+00 0.0e+00 0.0e+00 37 49  0  0  0  58 72  0  0  0 12260
MatCholFctrSym         4 1.0 4.0817e-04 1.0 0.00e+00 0.0 0.0e+00 0.0e+00 0.0e+00  0  0  0  0  0   0  0  0  0  0     0
MatCholFctrNum        56 1.0 2.3158e+00 1.0 2.49e+08 1.0 0.0e+00 0.0e+00 0.0e+00  1  2  0  0  0   2  3  0  0  0 13750
MatICCFactorSym        6 1.0 5.2958e-02 1.0 0.00e+00 0.0 0.0e+00 0.0e+00 0.0e+00  0  0  0  0  0   0  0  0  0  0     0
MatAssemblyBegin     127 1.0 5.0659e-01 2.5 0.00e+00 0.0 1.0e+05 3.4e+04 2.5e+02  0  0  2 22  6   0  0  3 37 10     0
MatAssemblyEnd       127 1.0 5.6490e-01 1.6 0.00e+00 0.0 2.3e+04 1.0e+03 8.8e+01  0  0  0  0  2   0  0  1  0  3     0
MatGetRowIJ           42 1.0 7.3001e-03 1.1 0.00e+00 0.0 0.0e+00 0.0e+00 0.0e+00  0  0  0  0  0   0  0  0  0  0     0
MatGetOrdering        42 1.0 3.9545e-02 1.0 0.00e+00 0.0 0.0e+00 0.0e+00 9.4e+01  0  0  0  0  2   0  0  0  0  4     0
MatZeroEntries        87 1.0 1.7371e-02 1.2 0.00e+00 0.0 0.0e+00 0.0e+00 0.0e+00  0  0  0  0  0   0  0  0  0  0     0
MatGetRedundant       31 1.0 5.7997e-01 1.0 0.00e+00 0.0 6.7e+05 4.8e+03 1.0e+01  0  0 12 20  0   1  0 17 34  0     0
SNESSolve              5 1.0 9.8259e+01 1.0 7.60e+09 1.0 3.9e+06 2.4e+03 2.3e+03 63 67 68 59 55  99100 99100 90  9834
SNESLineSearch        31 1.0 6.0723e+00 1.0 3.47e+07 1.1 9.5e+04 1.9e+03 1.2e+02  4  0  2  1  3   6  0  2  2  5   695
SNESFunctionEval      36 1.0 6.7726e+00 1.0 0.00e+00 0.0 7.4e+04 1.8e+03 1.0e+01  4  0  1  1  0   7  0  2  1  0     0
SNESJacobianEval      31 1.0 1.3943e+01 1.0 2.30e+06 1.0 2.1e+05 1.7e+04 2.4e+02  9  0  4 23  6  14  0  5 38  9    21
KSPGMRESOrthog       537 1.0 5.0873e-01 2.4 3.00e+07 1.0 0.0e+00 0.0e+00 5.4e+02  0  0  0  0 13   0  0  0  0 21  7560
KSPSetup             205 1.0 6.3796e-03 1.0 0.00e+00 0.0 0.0e+00 0.0e+00 0.0e+00  0  0  0  0  0   0  0  0  0  0     0
KSPSolve              31 1.0 7.7103e+01 1.0 7.56e+09 1.0 3.6e+06 1.5e+03 1.9e+03 50 67 63 36 45  78100 91 60 74 12473
PCSetUp               87 1.0 6.0437e+01 1.0 5.71e+09 1.0 8.3e+05 3.8e+03 1.7e+02 39 51 14 20  4  61 76 21 34  7 12092
PCSetUpOnBlocks      446 1.0 2.3885e+00 1.0 2.49e+08 1.0 0.0e+00 0.0e+00 7.8e+01  2  2  0  0  2   2  3  0  0  3 13332
PCApply               91 1.0 1.7524e+01 1.0 1.92e+09 1.0 2.7e+06 7.6e+02 1.7e+03 11 17 47 13 39  18 25 68 22 64 13761

--- Event Stage 2: Fine-1 solve

VecDot                 5 1.0 3.5789e-03 9.7 6.40e+04 1.0 0.0e+00 0.0e+00 5.0e+00  0  0  0  0  0   0  0  0  0  1  2289
VecMDot              133 1.0 5.4760e-02 6.0 1.22e+06 1.0 0.0e+00 0.0e+00 1.3e+02  0  0  0  0  3   0  0  0  0 25  2860
VecNorm              319 1.0 1.6447e-01 1.8 1.83e+06 1.0 0.0e+00 0.0e+00 3.2e+02  0  0  0  0  8   1  0  0  0 59  1425
VecScale             252 1.0 1.0652e-02 1.0 7.12e+05 1.0 0.0e+00 0.0e+00 0.0e+00  0  0  0  0  0   0  0  0  0  0  8552
VecCopy              134 1.0 2.9743e-03 1.1 0.00e+00 0.0 0.0e+00 0.0e+00 0.0e+00  0  0  0  0  0   0  0  0  0  0     0
VecSet              1416 1.0 1.1421e-02 1.1 0.00e+00 0.0 0.0e+00 0.0e+00 0.0e+00  0  0  0  0  0   0  0  0  0  0     0
VecAXPY              176 1.0 1.0041e-02 1.0 9.01e+05 1.0 0.0e+00 0.0e+00 0.0e+00  0  0  0  0  0   0  0  0  0  0 11489
VecAYPX               57 1.0 3.1602e-03 1.1 1.40e+05 1.0 0.0e+00 0.0e+00 0.0e+00  0  0  0  0  0   0  0  0  0  0  5652
VecWAXPY               5 1.0 8.1253e-04 1.1 3.20e+04 1.0 0.0e+00 0.0e+00 0.0e+00  0  0  0  0  0   0  0  0  0  0  5041
VecMAXPY             252 1.0 1.9164e-02 1.1 2.03e+06 1.0 0.0e+00 0.0e+00 0.0e+00  0  0  0  0  0   0  0  0  0  0 13526
VecPointwiseMult      15 1.0 2.0337e-04 1.1 4.80e+03 1.0 0.0e+00 0.0e+00 0.0e+00  0  0  0  0  0   0  0  0  0  0  3021
VecScatterBegin      451 1.0 4.0953e-02 1.0 0.00e+00 0.0 6.5e+05 6.7e+02 0.0e+00  0  0 11  3  0   0  0 86 29  0     0
VecScatterEnd        451 1.0 1.8685e-01 2.8 0.00e+00 0.0 0.0e+00 0.0e+00 0.0e+00  0  0  0  0  0   1  0  0  0  0     0
VecReduceArith         2 1.0 8.8620e-04 1.0 2.56e+04 1.0 0.0e+00 0.0e+00 0.0e+00  0  0  0  0  0   0  0  0  0  0  3697
VecReduceComm          1 1.0 1.4701e-0347.4 0.00e+00 0.0 0.0e+00 0.0e+00 1.0e+00  0  0  0  0  0   0  0  0  0  0     0
VecNormalize         228 1.0 1.4101e-01 2.0 1.67e+06 1.0 0.0e+00 0.0e+00 2.3e+02  0  0  0  0  5   1  0  0  0 42  1520
MatMult              252 1.0 7.6922e-01 1.1 7.93e+07 1.2 2.6e+05 1.3e+03 0.0e+00  0  1  4  2  0   5  7 34 22  0 11933
MatMultAdd            57 1.0 1.8405e-02 1.1 9.28e+05 1.0 2.2e+04 3.1e+02 0.0e+00  0  0  0  0  0   0  0  3  0  0  6450
MatMultTranspose      72 1.0 6.7209e-02 2.9 1.17e+06 1.0 2.8e+04 3.1e+02 0.0e+00  0  0  0  0  0   0  0  4  1  0  2231
MatSolve             304 1.0 6.0161e-01 1.0 9.00e+07 1.0 0.0e+00 0.0e+00 0.0e+00  0  1  0  0  0   4  8  0  0  0 19155
MatLUFactorNum         5 1.0 9.2119e+00 1.0 8.81e+08 1.0 0.0e+00 0.0e+00 0.0e+00  6  8  0  0  0  68 82  0  0  0 12238
MatCholFctrNum        15 1.0 2.3165e-01 1.0 2.49e+07 1.0 0.0e+00 0.0e+00 0.0e+00  0  0  0  0  0   2  2  0  0  0 13766
MatAssemblyBegin      25 1.0 7.9099e-02 2.5 0.00e+00 0.0 2.3e+04 2.7e+04 5.5e+01  0  0  0  4  1   0  0  3 40 10     0
MatAssemblyEnd        25 1.0 8.0336e-02 2.0 0.00e+00 0.0 0.0e+00 0.0e+00 0.0e+00  0  0  0  0  0   0  0  0  0  0     0
MatGetRowIJ           10 1.0 5.1022e-05 1.2 0.00e+00 0.0 0.0e+00 0.0e+00 0.0e+00  0  0  0  0  0   0  0  0  0  0     0
MatGetOrdering        10 1.0 1.5867e-03 1.0 0.00e+00 0.0 0.0e+00 0.0e+00 2.0e+01  0  0  0  0  0   0  0  0  0  4     0
MatZeroEntries        20 1.0 2.0597e-03 1.3 0.00e+00 0.0 0.0e+00 0.0e+00 0.0e+00  0  0  0  0  0   0  0  0  0  0     0
MatGetRedundant        5 1.0 8.9757e-02 1.1 0.00e+00 0.0 8.1e+04 5.8e+03 0.0e+00  0  0  1  3  0   1  0 11 31  0     0
SNESSolve              1 1.0 1.3450e+01 1.0 1.08e+09 1.0 7.5e+05 2.0e+03 5.4e+02  9 10 13 10 13 100100100100100 10245
SNESLineSearch         5 1.0 6.5545e-01 1.0 3.81e+06 1.2 1.5e+04 2.2e+03 2.0e+01  0  0  0  0  0   5  0  2  2  4   684
SNESFunctionEval       6 1.0 7.3107e-01 1.0 0.00e+00 0.0 1.2e+04 2.0e+03 0.0e+00  0  0  0  0  0   5  0  2  2  0     0
SNESJacobianEval       5 1.0 1.5242e+00 1.0 2.49e+05 1.0 4.9e+04 1.3e+04 5.5e+01  1  0  1  4  1  11  0  7 41 10    21
KSPGMRESOrthog       133 1.0 6.8389e-02 3.0 2.45e+06 1.0 0.0e+00 0.0e+00 1.3e+02  0  0  0  0  3   0  0  0  0 25  4581
KSPSetup              45 1.0 2.0599e-04 1.1 0.00e+00 0.0 0.0e+00 0.0e+00 0.0e+00  0  0  0  0  0   0  0  0  0  0     0
KSPSolve               5 1.0 1.1145e+01 1.0 1.08e+09 1.0 6.9e+05 1.2e+03 4.6e+02  7 10 12  5 11  83100 91 56 85 12319
PCSetUp               20 1.0 9.5344e+00 1.0 9.06e+08 1.0 8.1e+04 5.8e+03 2.0e+01  6  8  1  3  0  71 84 11 31  4 12158
PCSetUpOnBlocks      114 1.0 2.3505e-01 1.0 2.49e+07 1.0 0.0e+00 0.0e+00 2.0e+01  0  0  0  0  0   2  2  0  0  4 13567
PCApply               19 1.0 1.7442e+00 1.0 1.84e+08 1.1 5.9e+05 5.6e+02 4.2e+02  1  2 10  2 10  13 16 78 22 78 13029

--- Event Stage 3: Fine-only solve

VecDot                 5 1.0 1.4464e-02 7.2 5.02e+05 1.0 0.0e+00 0.0e+00 5.0e+00  0  0  0  0  0   0  0  0  0  1  4440
VecMDot              216 1.0 2.8053e-01 5.1 1.32e+07 1.0 0.0e+00 0.0e+00 2.2e+02  0  0  0  0  5   1  1  0  0 26  6045
VecNorm              519 1.0 8.5067e-01 1.3 1.77e+07 1.0 0.0e+00 0.0e+00 5.2e+02  1  0  0  0 12   2  1  0  0 61  2666
VecScale             413 1.0 8.9841e-02 1.0 6.98e+06 1.0 0.0e+00 0.0e+00 0.0e+00  0  0  0  0  0   0  0  0  0  0  9940
VecCopy              212 1.0 1.9607e-02 1.0 0.00e+00 0.0 0.0e+00 0.0e+00 0.0e+00  0  0  0  0  0   0  0  0  0  0     0
VecSet              2309 1.0 4.8808e-02 1.1 0.00e+00 0.0 0.0e+00 0.0e+00 0.0e+00  0  0  0  0  0   0  0  0  0  0     0
VecAXPY              293 1.0 8.9865e-02 1.0 8.78e+06 1.0 0.0e+00 0.0e+00 0.0e+00  0  0  0  0  0   0  0  0  0  0 12512
VecAYPX               96 1.0 2.7696e-02 1.0 1.38e+06 1.0 0.0e+00 0.0e+00 0.0e+00  0  0  0  0  0   0  0  0  0  0  6380
VecWAXPY               5 1.0 6.0937e-03 1.1 2.51e+05 1.0 0.0e+00 0.0e+00 0.0e+00  0  0  0  0  0   0  0  0  0  0  5270
VecMAXPY             413 1.0 1.7790e-01 1.0 2.12e+07 1.0 0.0e+00 0.0e+00 0.0e+00  0  0  0  0  0   0  1  0  0  0 15238
VecPointwiseMult      20 1.0 8.8692e-04 1.1 3.68e+04 1.0 0.0e+00 0.0e+00 0.0e+00  0  0  0  0  0   0  0  0  0  0  5311
VecScatterBegin      710 1.0 9.0813e-02 1.0 0.00e+00 0.0 9.3e+05 2.0e+03 0.0e+00  0  0 16 12  0   0  0 89 39  0     0
VecScatterEnd        710 1.0 7.4338e-01 5.7 0.00e+00 0.0 0.0e+00 0.0e+00 0.0e+00  0  0  0  0  0   1  0  0  0  0     0
VecReduceArith         2 1.0 7.1931e-03 1.1 2.01e+05 1.0 0.0e+00 0.0e+00 0.0e+00  0  0  0  0  0   0  0  0  0  0  3571
VecReduceComm          1 1.0 4.2219e-03136.2 0.00e+00 0.0 0.0e+00 0.0e+00 1.0e+00  0  0  0  0  0   0  0  0  0  0     0
VecNormalize         384 1.0 6.7661e-01 1.4 1.66e+07 1.0 0.0e+00 0.0e+00 3.8e+02  0  0  0  0  9   1  1  0  0 45  3134
MatMult              413 1.0 7.1425e+00 1.1 7.64e+08 1.1 4.2e+05 3.8e+03 0.0e+00  4  6  7 10  0  16 28 41 33  0 13004
MatMultAdd            96 1.0 1.2708e-01 1.0 9.24e+06 1.0 3.7e+04 8.6e+02 0.0e+00  0  0  1  0  0   0  0  4  1  0  9311
MatMultTranspose     116 1.0 3.5133e-01 2.2 1.12e+07 1.0 4.5e+04 8.6e+02 0.0e+00  0  0  1  0  0   0  0  4  1  0  4070
MatSolve             504 1.0 5.3482e+00 1.0 7.10e+08 1.0 0.0e+00 0.0e+00 0.0e+00  3  6  0  0  0  12 27  0  0  0 16983
MatLUFactorNum         5 1.0 9.2169e+00 1.0 8.81e+08 1.0 0.0e+00 0.0e+00 0.0e+00  6  8  0  0  0  21 34  0  0  0 12231
MatCholFctrNum        20 1.0 1.9900e+00 1.0 2.13e+08 1.0 0.0e+00 0.0e+00 0.0e+00  1  2  0  0  0   5  8  0  0  0 13712
MatAssemblyBegin      30 1.0 3.2782e-01 2.7 0.00e+00 0.0 2.9e+04 8.6e+04 7.0e+01  0  0  0 16  2   1  0  3 51  8     0
MatAssemblyEnd        30 1.0 3.2136e-01 2.2 0.00e+00 0.0 0.0e+00 0.0e+00 0.0e+00  0  0  0  0  0   0  0  0  0  0     0
MatGetRowIJ           15 1.0 7.5102e-05 1.1 0.00e+00 0.0 0.0e+00 0.0e+00 0.0e+00  0  0  0  0  0   0  0  0  0  0     0
MatGetOrdering        15 1.0 8.4753e-03 1.0 0.00e+00 0.0 0.0e+00 0.0e+00 3.0e+01  0  0  0  0  1   0  0  0  0  4     0
MatZeroEntries        25 1.0 1.4218e-02 1.1 0.00e+00 0.0 0.0e+00 0.0e+00 0.0e+00  0  0  0  0  0   0  0  0  0  0     0
MatGetRedundant        5 1.0 9.0599e-02 1.1 0.00e+00 0.0 8.1e+04 5.8e+03 0.0e+00  0  0  1  3  0   0  0  8 10  0     0
SNESSolve              1 1.0 4.2927e+01 1.0 2.66e+09 1.0 1.0e+06 4.6e+03 8.5e+02 28 23 18 31 20 100100100100100  7813
SNESLineSearch         5 1.0 5.1469e+00 1.0 2.94e+07 1.1 1.5e+04 8.2e+03 2.0e+01  3  0  0  1  0  12  1  1  3  2   701
SNESFunctionEval       6 1.0 5.7929e+00 1.0 0.00e+00 0.0 1.2e+04 7.4e+03 0.0e+00  4  0  0  1  0  13  0  1  2  0     0
SNESJacobianEval       5 1.0 1.1785e+01 1.0 1.96e+06 1.0 6.2e+04 4.1e+04 7.0e+01  8  0  1 16  2  27  0  6 53  8    21
KSPGMRESOrthog       216 1.0 3.9545e-01 2.3 2.65e+07 1.0 0.0e+00 0.0e+00 2.2e+02  0  0  0  0  5   1  1  0  0 26  8577
KSPSetup              55 1.0 2.4819e-04 1.1 0.00e+00 0.0 0.0e+00 0.0e+00 0.0e+00  0  0  0  0  0   0  0  0  0  0     0
KSPSolve               5 1.0 2.5002e+01 1.0 2.63e+09 1.0 9.6e+05 2.2e+03 7.5e+02 16 23 17 14 18  58 99 92 44 89 13256
PCSetUp               25 1.0 1.1307e+01 1.0 1.09e+09 1.0 8.1e+04 5.8e+03 3.0e+01  7 10  1  3  1  26 42  8 10  4 12383
PCSetUpOnBlocks      192 1.0 2.0014e+00 1.0 2.13e+08 1.0 0.0e+00 0.0e+00 3.0e+01  1  2  0  0  1   5  8  0  0  4 13634
PCApply               24 1.0 1.4320e+01 1.0 1.59e+09 1.0 8.6e+05 1.7e+03 7.0e+02  9 14 15  9 17  33 60 82 30 83 13949
------------------------------------------------------------------------------------------------------------------------

Memory usage is given in bytes:

Object Type          Creations   Destructions     Memory  Descendants' Mem.
Reports information only for process 0.

--- Event Stage 0: Main Stage

           Container     0              5         1500     0
 Toy Hydrostatic Ice     0              1          500     0
   Distributed array     0             10       319288     0
                 Vec     0            316     23156344     0
         Vec Scatter     0             47        28388     0
           Index Set     0             25       264020     0
   IS L to G Mapping     0             20       446176     0
              Matrix     0             59     73765404     0
                SNES     0              5         3740     0
       Krylov Solver     0             35       275224     0
      Preconditioner     0             35        18044     0
              Viewer     0              1          400     0

--- Event Stage 1: Full solve

           Container     5              0            0     0
 Toy Hydrostatic Ice     1              0            0     0
   Distributed array    10              0            0     0
                 Vec   395             79      1057892     0
         Vec Scatter    47              0            0     0
           Index Set   193            168      1827412     0
   IS L to G Mapping    20              0            0     0
              Matrix    59              0            0     0
                SNES     5              0            0     0
       Krylov Solver    35              0            0     0
      Preconditioner    35              0            0     0
              Viewer     1              0            0     0

--- Event Stage 2: Fine-1 solve

                 Vec     5              5         4860     0
           Index Set    20             20       152080     0

--- Event Stage 3: Fine-only solve

                 Vec     5              5         4860     0
           Index Set    30             30      1159320     0
========================================================================================================================
Average time to get PetscTime(): 3.50475e-06
Average time for MPI_Barrier(): 2.38419e-06
Average time for zero size MPI_Send(): 1.13901e-05
#PETSc Option Table entries:
-M 16
-P 4
-dmmg_form_function_ghost 1
-dmmg_grid_sequence 1
-ksp_converged_reason
-ksp_monitor
-ksp_rtol 1e-2
-log_summary
-mg_levels_1_sub_pc_type cholesky
-pc_mg_type multiplicative
-repeat_fine_solve 1
-snes_converged_reason
-snes_monitor
-thi_L 80e3
-thi_friction_m 0.3
-thi_hom z
-thi_nlevels 5
#End of PETSc Option Table entries
Compiled without FORTRAN kernels
Compiled with full precision matrices (default)
sizeof(short) 2 sizeof(int) 4 sizeof(long) 4 sizeof(void*) 4 sizeof(PetscScalar) 8
Configure run at: Mon Sep 13 22:38:37 2010
Configure options: --with-x=0 --with-is-color-value-type=short --with-debugging=1 --with-fortran-kernels=1 --with-mpi-dir=/bgsys/drivers/ppcfloor/comm --with-batch=1 --known-mpi-shared-libraries=1 --known-memcmp-ok --known-sizeof-char=1 --known-sizeof-void-p=4 --known-sizeof-short=2 --known-sizeof-int=4 --known-sizeof-long=4 --known-sizeof-size_t=4 --known-sizeof-long-long=8 --known-sizeof-float=4 --known-sizeof-double=8 --known-bits-per-byte=8 --known-sizeof-MPI_Comm=4 --known-sizeof-MPI_Fint=4 --known-mpi-long-double=1 --known-level1-dcache-assoc=0 --known-level1-dcache-linesize=32 --known-level1-dcache-size=32768 --download-c-blas-lapack=yes --with-shared=0 --prefix=/opt/share/ksl/petsc/dev-aug30/ppc450d-bgp_xlc_ref --with-clanguage=c --cflags= --CXXFLAGS= LIBS=" " --CC=/bgsys/drivers/ppcfloor/comm/xl/bin/mpixlc_r --CXX=/bgsys/drivers/ppcfloor/comm/xl/bin/mpixlcxx_r --with-fortran=0 --with-debugging=0 --with-fortran-kernels=0 PETSC_ARCH=bgp-xlc-ref
-----------------------------------------
Libraries compiled on Mon Sep 13 22:38:37 2010 on fen1 
Machine characteristics: Linux-2.6.16.60-0.66.1-ppc64-ppc64-with-SuSE-10-ppc
Using PETSc directory: /scratch/aron/sandbox/process/installs/builddir_ppc64/petsc-dev-aug30-bgp_xlc_ref/petsc-dev-16784
Using PETSc arch: bgp-xlc-ref
-----------------------------------------

Using C compiler: /bgsys/drivers/ppcfloor/comm/xl/bin/mpixlc_r  -O  ${COPTFLAGS} ${CFLAGS}
-----------------------------------------

Using include paths: -I/scratch/aron/sandbox/process/installs/builddir_ppc64/petsc-dev-aug30-bgp_xlc_ref/petsc-dev-16784/bgp-xlc-ref/include -I/scratch/aron/sandbox/process/installs/builddir_ppc64/petsc-dev-aug30-bgp_xlc_ref/petsc-dev-16784/include -I/bgsys/drivers/ppcfloor/comm/include
-----------------------------------------

Using C linker: /bgsys/drivers/ppcfloor/comm/xl/bin/mpixlc_r
Using libraries: -Wl,-rpath,/scratch/aron/sandbox/process/installs/builddir_ppc64/petsc-dev-aug30-bgp_xlc_ref/petsc-dev-16784/bgp-xlc-ref/lib -L/scratch/aron/sandbox/process/installs/builddir_ppc64/petsc-dev-aug30-bgp_xlc_ref/petsc-dev-16784/bgp-xlc-ref/lib -lpetscts -lpetscsnes -lpetscksp -lpetscdm -lpetscmat -lpetscvec -lpetscsys -Wl,-rpath,/scratch/aron/sandbox/process/installs/builddir_ppc64/petsc-dev-aug30-bgp_xlc_ref/petsc-dev-16784/bgp-xlc-ref/lib -L/scratch/aron/sandbox/process/installs/builddir_ppc64/petsc-dev-aug30-bgp_xlc_ref/petsc-dev-16784/bgp-xlc-ref/lib -lf2clapack -lf2cblas -lnsl -lrt -ldl 
-----------------------------------------

