Level 0 domain size (m)    8e+04 x    8e+04 x    1e+03, num elements  32 x  32 x   4 (    4096), size (m) 2500 x 2500 x 333.333
Level 1 domain size (m)    8e+04 x    8e+04 x    1e+03, num elements  64 x  64 x   7 (   28672), size (m) 1250 x 1250 x 166.667
Level 2 domain size (m)    8e+04 x    8e+04 x    1e+03, num elements 128 x 128 x  13 (  212992), size (m) 625 x 625 x 83.3333
Level 3 domain size (m)    8e+04 x    8e+04 x    1e+03, num elements 256 x 256 x  25 ( 1638400), size (m) 312.5 x 312.5 x 41.6667
Level 4 domain size (m)    8e+04 x    8e+04 x    1e+03, num elements 512 x 512 x  49 (12845056), size (m) 156.25 x 156.25 x 20.8333
          0 SNES Function norm 9.474957067903e+02 
Linear solve converged due to CONVERGED_ITS iterations 1
          1 SNES Function norm 8.805826102181e+02 
Linear solve converged due to CONVERGED_ITS iterations 1
          2 SNES Function norm 7.345585944548e+02 
Linear solve converged due to CONVERGED_ITS iterations 1
          3 SNES Function norm 5.330294830563e+02 
Linear solve converged due to CONVERGED_ITS iterations 1
          4 SNES Function norm 2.881865829915e+02 
Linear solve converged due to CONVERGED_ITS iterations 1
          5 SNES Function norm 7.699210085814e+01 
Linear solve converged due to CONVERGED_ITS iterations 1
          6 SNES Function norm 4.571010551253e+00 
Linear solve converged due to CONVERGED_ITS iterations 1
          7 SNES Function norm 1.481750413340e-02 
Linear solve converged due to CONVERGED_ITS iterations 1
          8 SNES Function norm 1.634425396551e-07 
Nonlinear solve converged due to CONVERGED_FNORM_RELATIVE
        0 SNES Function norm 3.441216820259e+02 
          0 KSP Residual norm 3.441216820259e+02 
          1 KSP Residual norm 3.251291078417e+00 
Linear solve converged due to CONVERGED_RTOL iterations 1
        1 SNES Function norm 2.485768250438e+01 
          0 KSP Residual norm 2.485768250438e+01 
          1 KSP Residual norm 2.313557106139e+00 
          2 KSP Residual norm 3.307427774319e-01 
          3 KSP Residual norm 8.149975387473e-02 
Linear solve converged due to CONVERGED_RTOL iterations 3
        2 SNES Function norm 5.861921816146e+00 
          0 KSP Residual norm 5.861921816146e+00 
          1 KSP Residual norm 5.796370598683e-01 
          2 KSP Residual norm 1.054572255121e-01 
          3 KSP Residual norm 2.053460482057e-02 
Linear solve converged due to CONVERGED_RTOL iterations 3
        3 SNES Function norm 3.122185474574e+00 
          0 KSP Residual norm 3.122185474574e+00 
          1 KSP Residual norm 2.683345683733e-01 
          2 KSP Residual norm 5.679943616404e-02 
          3 KSP Residual norm 1.122955332095e-02 
Linear solve converged due to CONVERGED_RTOL iterations 3
        4 SNES Function norm 1.156034526276e+00 
          0 KSP Residual norm 1.156034526276e+00 
          1 KSP Residual norm 9.795239471106e-02 
          2 KSP Residual norm 2.396279186708e-02 
          3 KSP Residual norm 4.717512149146e-03 
Linear solve converged due to CONVERGED_RTOL iterations 3
        5 SNES Function norm 1.540268065508e-01 
          0 KSP Residual norm 1.540268065508e-01 
          1 KSP Residual norm 1.254724196872e-02 
          2 KSP Residual norm 2.805803219409e-03 
          3 KSP Residual norm 7.941742473709e-04 
Linear solve converged due to CONVERGED_RTOL iterations 3
        6 SNES Function norm 5.305496810148e-03 
          0 KSP Residual norm 5.305496810148e-03 
          1 KSP Residual norm 4.673511264067e-04 
          2 KSP Residual norm 8.974754312015e-05 
          3 KSP Residual norm 2.480304146224e-05 
Linear solve converged due to CONVERGED_RTOL iterations 3
        7 SNES Function norm 2.478238563693e-05 
          0 KSP Residual norm 2.478238563693e-05 
          1 KSP Residual norm 7.572086812327e-06 
          2 KSP Residual norm 1.861818428869e-06 
          3 KSP Residual norm 2.613113431783e-07 
          4 KSP Residual norm 7.831547023155e-08 
Linear solve converged due to CONVERGED_RTOL iterations 4
        8 SNES Function norm 7.831547735858e-08 
Nonlinear solve converged due to CONVERGED_FNORM_RELATIVE
      0 SNES Function norm 1.243736279886e+02 
        0 KSP Residual norm 1.243736279886e+02 
        1 KSP Residual norm 2.441669026337e+00 
        2 KSP Residual norm 1.229209489512e-01 
Linear solve converged due to CONVERGED_RTOL iterations 2
      1 SNES Function norm 2.739276246500e+00 
        0 KSP Residual norm 2.739276246500e+00 
        1 KSP Residual norm 3.318249850009e-01 
        2 KSP Residual norm 3.653638326859e-02 
        3 KSP Residual norm 1.017100888747e-02 
Linear solve converged due to CONVERGED_RTOL iterations 3
      2 SNES Function norm 5.768925195786e-01 
        0 KSP Residual norm 5.768925195786e-01 
        1 KSP Residual norm 3.572629107772e-02 
        2 KSP Residual norm 5.268515646004e-03 
Linear solve converged due to CONVERGED_RTOL iterations 2
      3 SNES Function norm 3.700853482253e-01 
        0 KSP Residual norm 3.700853482253e-01 
        1 KSP Residual norm 2.287721266256e-02 
        2 KSP Residual norm 2.621642285284e-03 
Linear solve converged due to CONVERGED_RTOL iterations 2
      4 SNES Function norm 2.499528016135e-02 
        0 KSP Residual norm 2.499528016135e-02 
        1 KSP Residual norm 2.818132724437e-03 
        2 KSP Residual norm 5.539076821778e-04 
        3 KSP Residual norm 1.571828015908e-04 
Linear solve converged due to CONVERGED_RTOL iterations 3
      5 SNES Function norm 6.052350566685e-04 
        0 KSP Residual norm 6.052350566685e-04 
        1 KSP Residual norm 8.935140012905e-05 
        2 KSP Residual norm 3.501725142359e-05 
        3 KSP Residual norm 1.397712750610e-05 
        4 KSP Residual norm 4.709244620704e-06 
Linear solve converged due to CONVERGED_RTOL iterations 4
      6 SNES Function norm 4.717695374863e-06 
        0 KSP Residual norm 4.717695374863e-06 
        1 KSP Residual norm 1.785631419401e-06 
        2 KSP Residual norm 5.690986404121e-07 
        3 KSP Residual norm 1.948516616181e-07 
        4 KSP Residual norm 6.223411668295e-08 
        5 KSP Residual norm 8.411915060701e-09 
Linear solve converged due to CONVERGED_RTOL iterations 5
      7 SNES Function norm 8.412340669630e-09 
Nonlinear solve converged due to CONVERGED_FNORM_RELATIVE
    0 SNES Function norm 4.444819387252e+01 
      0 KSP Residual norm 4.444819387252e+01 
      1 KSP Residual norm 7.743941864652e-01 
      2 KSP Residual norm 4.048298133679e-02 
Linear solve converged due to CONVERGED_RTOL iterations 2
    1 SNES Function norm 2.870798854537e-01 
      0 KSP Residual norm 2.870798854537e-01 
      1 KSP Residual norm 4.444447118151e-02 
      2 KSP Residual norm 8.200934517475e-03 
      3 KSP Residual norm 1.717963801149e-03 
Linear solve converged due to CONVERGED_RTOL iterations 3
    2 SNES Function norm 2.248071950431e-02 
      0 KSP Residual norm 2.248071950431e-02 
      1 KSP Residual norm 2.136190828656e-03 
      2 KSP Residual norm 5.223431854942e-04 
      3 KSP Residual norm 1.954399577495e-04 
Linear solve converged due to CONVERGED_RTOL iterations 3
    3 SNES Function norm 9.942984556617e-04 
      0 KSP Residual norm 9.942984556617e-04 
      1 KSP Residual norm 1.198299897766e-04 
      2 KSP Residual norm 6.385835149658e-05 
      3 KSP Residual norm 1.612295091078e-05 
      4 KSP Residual norm 4.670595766143e-06 
Linear solve converged due to CONVERGED_RTOL iterations 4
    4 SNES Function norm 5.456519948216e-06 
      0 KSP Residual norm 5.456519948216e-06 
      1 KSP Residual norm 2.429345248079e-06 
      2 KSP Residual norm 7.281814420447e-07 
      3 KSP Residual norm 3.062903504379e-07 
      4 KSP Residual norm 1.163325028075e-07 
      5 KSP Residual norm 4.398052977937e-08 
Linear solve converged due to CONVERGED_RTOL iterations 5
    5 SNES Function norm 4.397908344445e-08 
Nonlinear solve converged due to CONVERGED_FNORM_RELATIVE
  0 SNES Function norm 1.579842131408e+01 
    0 KSP Residual norm 1.579842131408e+01 
    1 KSP Residual norm 1.890618015874e-01 
    2 KSP Residual norm 1.280564947131e-02 
Linear solve converged due to CONVERGED_RTOL iterations 2
  1 SNES Function norm 3.615631139874e-02 
    0 KSP Residual norm 3.615631139874e-02 
    1 KSP Residual norm 7.396378439033e-03 
    2 KSP Residual norm 1.180881145760e-03 
    3 KSP Residual norm 3.959319101882e-04 
    4 KSP Residual norm 1.345926976235e-04 
Linear solve converged due to CONVERGED_RTOL iterations 4
  2 SNES Function norm 1.670392082895e-03 
    0 KSP Residual norm 1.670392082895e-03 
    1 KSP Residual norm 1.440473665290e-04 
    2 KSP Residual norm 5.428983446069e-05 
    3 KSP Residual norm 2.159843361959e-05 
    4 KSP Residual norm 6.772510451162e-06 
Linear solve converged due to CONVERGED_RTOL iterations 4
  3 SNES Function norm 3.450391470566e-05 
    0 KSP Residual norm 3.450391470566e-05 
    1 KSP Residual norm 4.045875177752e-06 
    2 KSP Residual norm 2.166104991561e-06 
    3 KSP Residual norm 6.989222772019e-07 
    4 KSP Residual norm 3.199980481976e-07 
Linear solve converged due to CONVERGED_RTOL iterations 4
  4 SNES Function norm 3.209593028660e-07 
Nonlinear solve converged due to CONVERGED_PNORM_RELATIVE
Solution statistics after solve: Full
CONVERGED_PNORM_RELATIVE: Number of Newton iterations = 4, total linear iterations = 14
|X|_2 305483   u in [6.21732, 195.742]   v in [-4.65804, 5.18416]   c in [6.21737, 195.743] 
Surface statistics: u in [8.286111e+00, 1.957420e+02] mean 7.833665e+01
Global eta range   [2.65433e+10, 9.2273e+12], converged range [2.65433e+10, 7.13265e+12]
Global beta2 range [5.65026e+09, 2.07279e+13], converged range [5.65026e+09, 5.94029e+09]

    0 SNES Function norm 2.066374757938e+01 
      0 KSP Residual norm 2.066374757938e+01 
      1 KSP Residual norm 3.396660283377e-01 
      2 KSP Residual norm 1.089032604498e-02 
Linear solve converged due to CONVERGED_RTOL iterations 2
    1 SNES Function norm 1.226391720247e+00 
      0 KSP Residual norm 1.226391720247e+00 
      1 KSP Residual norm 2.298369719931e-02 
      2 KSP Residual norm 9.652389223474e-04 
Linear solve converged due to CONVERGED_RTOL iterations 2
    2 SNES Function norm 5.037306805305e-03 
      0 KSP Residual norm 5.037306805305e-03 
      1 KSP Residual norm 2.545929810950e-04 
      2 KSP Residual norm 6.782584917519e-05 
      3 KSP Residual norm 2.001995927975e-05 
Linear solve converged due to CONVERGED_RTOL iterations 3
    3 SNES Function norm 2.003242306433e-05 
      0 KSP Residual norm 2.003242306433e-05 
      1 KSP Residual norm 8.227779483616e-06 
      2 KSP Residual norm 2.608686281393e-06 
      3 KSP Residual norm 8.215282756421e-07 
      4 KSP Residual norm 3.192910961207e-07 
      5 KSP Residual norm 1.026741462060e-07 
Linear solve converged due to CONVERGED_RTOL iterations 5
    4 SNES Function norm 1.026395723658e-07 
Nonlinear solve converged due to CONVERGED_FNORM_RELATIVE
Solution statistics after solve: Fine-1
CONVERGED_FNORM_RELATIVE: Number of Newton iterations = 4, total linear iterations = 12
|X|_2 108853   u in [6.21734, 195.685]   v in [-4.6564, 5.18231]   c in [6.21739, 195.686] 
Surface statistics: u in [8.285205e+00, 1.956854e+02] mean 7.831558e+01
Global eta range   [2.65433e+10, 9.2273e+12], converged range [2.71094e+10, 4.92155e+12]
Global beta2 range [5.59343e+09, 2.07279e+13], converged range [5.65055e+09, 5.93194e+09]

  0 SNES Function norm 1.579842131423e+01 
    0 KSP Residual norm 1.579842131423e+01 
    1 KSP Residual norm 1.890618015694e-01 
    2 KSP Residual norm 1.280564925654e-02 
Linear solve converged due to CONVERGED_RTOL iterations 2
  1 SNES Function norm 3.615631338141e-02 
    0 KSP Residual norm 3.615631338141e-02 
    1 KSP Residual norm 7.396378054715e-03 
    2 KSP Residual norm 1.180880794273e-03 
    3 KSP Residual norm 3.959316902104e-04 
    4 KSP Residual norm 1.345926348700e-04 
Linear solve converged due to CONVERGED_RTOL iterations 4
  2 SNES Function norm 1.670391857251e-03 
    0 KSP Residual norm 1.670391857251e-03 
    1 KSP Residual norm 1.440473694776e-04 
    2 KSP Residual norm 5.428984517293e-05 
    3 KSP Residual norm 2.159844739853e-05 
    4 KSP Residual norm 6.772507276939e-06 
Linear solve converged due to CONVERGED_RTOL iterations 4
  3 SNES Function norm 3.450386532009e-05 
    0 KSP Residual norm 3.450386532009e-05 
    1 KSP Residual norm 4.045868971254e-06 
    2 KSP Residual norm 2.166102224824e-06 
    3 KSP Residual norm 6.989218175388e-07 
    4 KSP Residual norm 3.199973038101e-07 
Linear solve converged due to CONVERGED_RTOL iterations 4
  4 SNES Function norm 3.209587054362e-07 
Nonlinear solve converged due to CONVERGED_PNORM_RELATIVE
Solution statistics after solve: Fine
CONVERGED_PNORM_RELATIVE: Number of Newton iterations = 4, total linear iterations = 14
|X|_2 305483   u in [6.21732, 195.742]   v in [-4.65804, 5.18416]   c in [6.21737, 195.743] 
Surface statistics: u in [8.286111e+00, 1.957420e+02] mean 7.833665e+01
Global eta range   [2.65433e+10, 9.2273e+12], converged range [2.65433e+10, 7.13265e+12]
Global beta2 range [5.59343e+09, 2.07279e+13], converged range [5.65026e+09, 5.94029e+09]

************************************************************************************************************************
***             WIDEN YOUR WINDOW TO 120 CHARACTERS.  Use 'enscript -r -fCourier9' to print this document            ***
************************************************************************************************************************

---------------------------------------------- PETSc Performance Summary: ----------------------------------------------

./ex48 on a bgp-xlc-r named ionode93 with 1024 processors, by Unknown Tue Sep 14 00:33:04 2010
Using Petsc Development HG revision: aeb2eea2e3ddfd0635951d6560aa7114704dab25  HG Date: Sat Aug 21 15:26:55 2010 -0500

                         Max       Max/Min        Avg      Total 
Time (sec):           8.233e+02      1.00001   8.233e+02
Objects:              8.470e+02      1.00000   8.470e+02
Flops:                7.394e+10      1.00106   7.390e+10  7.567e+13
Flops/sec:            8.981e+07      1.00106   8.976e+07  9.192e+10
MPI Messages:         2.070e+05      1.05746   1.958e+05  2.005e+08
MPI Message Lengths:  1.791e+08      1.00066   9.146e+02  1.834e+11
MPI Reductions:       3.365e+03      1.00000

Flop counting convention: 1 flop = 1 real number operation of type (multiply/divide/add/subtract)
                            e.g., VecAXPY() for real vectors of length N --> 2N flops
                            and VecAXPY() for complex vectors of length N --> 8N flops

Summary of Stages:   ----- Time ------  ----- Flops -----  --- Messages ---  -- Message Lengths --  -- Reductions --
                        Avg     %Total     Avg     %Total   counts   %Total     Avg         %Total   counts   %Total 
 0:      Main Stage: 2.2829e-01   0.0%  3.2204e+08   0.0%  2.865e+04   0.0%  5.254e-02        0.0%  1.500e+01   0.4% 
 1:      Full solve: 6.5083e+02  79.1%  6.0176e+13  79.5%  1.601e+08  79.9%  6.812e+02       74.5%  2.214e+03  65.8% 
 2:    Fine-1 solve: 8.0603e+01   9.8%  7.5049e+12   9.9%  1.869e+07   9.3%  8.506e+01        9.3%  3.570e+02  10.6% 
 3: Fine-only solve: 9.1590e+01  11.1%  7.9918e+12  10.6%  2.166e+07  10.8%  1.482e+02       16.2%  5.210e+02  15.5% 

------------------------------------------------------------------------------------------------------------------------
See the 'Profiling' chapter of the users' manual for details on interpreting output.
Phase summary info:
   Count: number of times phase was executed
   Time and Flops: Max - maximum over all processors
                   Ratio - ratio of maximum to minimum over all processors
   Mess: number of messages sent
   Avg. len: average message length
   Reduct: number of global reductions
   Global: entire computation
   Stage: stages of a computation. Set stages with PetscLogStagePush() and PetscLogStagePop().
      %T - percent time in this phase         %F - percent flops in this phase
      %M - percent messages in this phase     %L - percent message lengths in this phase
      %R - percent reductions in this phase
   Total Mflop/s: 10e-6 * (sum of flops over all processors)/(max time over all processors)
------------------------------------------------------------------------------------------------------------------------
Event                Count      Time (sec)     Flops                             --- Global ---  --- Stage ---   Total
                   Max Ratio  Max     Ratio   Max  Ratio  Mess   Avg len Reduct  %T %F %M %L %R  %T %F %M %L %R Mflop/s
------------------------------------------------------------------------------------------------------------------------

--- Event Stage 0: Main Stage

VecSet                 2 1.0 1.9073e-05 1.2 0.00e+00 0.0 0.0e+00 0.0e+00 0.0e+00  0  0  0  0  0   0  0  0  0  0     0
VecPointwiseMult       1 1.0 7.3195e-05 1.1 3.20e+03 1.0 0.0e+00 0.0e+00 0.0e+00  0  0  0  0  0   0  1  0  0  0 44768
VecScatterBegin        2 1.0 1.0109e-04 1.1 0.00e+00 0.0 6.1e+03 1.7e+03 0.0e+00  0  0  0  0  0   0  0 21 99  0     0
VecScatterEnd          2 1.0 1.0397e-03 7.5 0.00e+00 0.0 0.0e+00 0.0e+00 0.0e+00  0  0  0  0  0   0  0  0  0  0     0
MatMult                1 1.0 2.3041e-03 1.3 1.43e+05 1.0 3.1e+03 1.7e+03 0.0e+00  0  0  0  0  0   1 46 11 50  0 63600
MatMultTranspose       1 1.0 2.7680e-03 1.2 1.68e+05 1.0 3.1e+03 1.7e+03 0.0e+00  0  0  0  0  0   1 53 11 50  0 62220

--- Event Stage 1: Full solve

VecDot                32 1.0 1.1622e-02 6.2 2.40e+05 1.0 0.0e+00 0.0e+00 3.2e+01  0  0  0  0  1   0  0  0  0  1 21103
VecMDot              427 1.0 3.1133e-01 2.7 3.86e+06 1.0 0.0e+00 0.0e+00 4.3e+02  0  0  0  0 13   0  0  0  0 19 12696
VecNorm             1048 1.0 2.9375e+00 2.5 6.31e+06 1.0 0.0e+00 0.0e+00 1.0e+03  0  0  0  0 31   0  0  0  0 47  2201
VecScale             803 1.0 3.5668e-02 1.0 2.44e+06 1.0 0.0e+00 0.0e+00 0.0e+00  0  0  0  0  0   0  0  0  0  0 70067
VecCopy              472 1.0 9.9545e-03 1.0 0.00e+00 0.0 0.0e+00 0.0e+00 0.0e+00  0  0  0  0  0   0  0  0  0  0     0
VecSet              4505 1.0 3.6610e-02 1.1 0.00e+00 0.0 0.0e+00 0.0e+00 0.0e+00  0  0  0  0  0   0  0  0  0  0     0
VecAXPY              548 1.0 3.4309e-02 1.0 3.10e+06 1.0 0.0e+00 0.0e+00 0.0e+00  0  0  0  0  0   0  0  0  0  0 92439
VecAYPX              172 1.0 1.0362e-02 1.1 4.76e+05 1.0 0.0e+00 0.0e+00 0.0e+00  0  0  0  0  0   0  0  0  0  0 47066
VecWAXPY              33 1.0 3.1157e-03 1.1 1.20e+05 1.0 0.0e+00 0.0e+00 0.0e+00  0  0  0  0  0   0  0  0  0  0 39403
VecMAXPY             803 1.0 6.2459e-02 1.1 6.60e+06 1.0 0.0e+00 0.0e+00 0.0e+00  0  0  0  0  0   0  0  0  0  0 108156
VecPointwiseMult      53 1.0 6.7973e-04 1.1 1.76e+04 1.0 0.0e+00 0.0e+00 0.0e+00  0  0  0  0  0   0  0  0  0  0 26562
VecScatterBegin     1551 1.0 4.5803e-01 1.0 0.00e+00 0.0 1.0e+08 1.4e+02 0.0e+00  0  0 52  8  0   0  0 65 11  0     0
VecScatterEnd       1551 1.0 1.2530e+01 1.1 0.00e+00 0.0 0.0e+00 0.0e+00 0.0e+00  1  0  0  0  0   2  0  0  0  0     0
VecReduceArith        10 1.0 4.1790e-03 1.1 1.15e+05 1.0 0.0e+00 0.0e+00 0.0e+00  0  0  0  0  0   0  0  0  0  0 28194
VecReduceComm          5 1.0 6.7670e-03 3.1 0.00e+00 0.0 0.0e+00 0.0e+00 5.0e+00  0  0  0  0  0   0  0  0  0  0     0
VecNormalize         704 1.0 2.8294e+00 2.6 5.72e+06 1.0 0.0e+00 0.0e+00 7.0e+02  0  0  0  0 21   0  0  0  0 32  2069
MatMult              807 1.0 3.5252e+00 1.4 2.72e+08 1.2 6.6e+06 1.2e+03 0.0e+00  0  0  3  4  0   0  0  4  6  0 72822
MatMultAdd           172 1.0 7.2514e-0112.5 3.18e+06 1.0 5.3e+05 2.9e+02 0.0e+00  0  0  0  0  0   0  0  0  0  0  4497
MatMultTranspose     229 1.0 2.0672e-01 2.6 4.29e+06 1.0 7.0e+05 2.9e+02 0.0e+00  0  0  0  0  0   0  0  0  0  0 21271
MatSolve             951 1.0 5.2586e+00 1.0 9.45e+08 1.0 0.0e+00 0.0e+00 0.0e+00  1  1  0  0  0   1  2  0  0  0 184023
MatLUFactorSym         5 1.0 2.4454e+00 1.0 0.00e+00 0.0 0.0e+00 0.0e+00 5.0e+00  0  0  0  0  0   0  0  0  0  0     0
MatLUFactorNum        32 1.0 6.1137e+02 1.0 5.74e+10 1.0 0.0e+00 0.0e+00 0.0e+00 74 78  0  0  0  94 98  0  0  0 96215
MatCholFctrSym         4 1.0 2.1529e-04 1.0 0.00e+00 0.0 0.0e+00 0.0e+00 0.0e+00  0  0  0  0  0   0  0  0  0  0     0
MatCholFctrNum        53 1.0 8.9991e-01 1.0 9.49e+07 1.0 0.0e+00 0.0e+00 0.0e+00  0  0  0  0  0   0  0  0  0  0 107953
MatICCFactorSym        6 1.0 2.5599e-02 1.0 0.00e+00 0.0 0.0e+00 0.0e+00 0.0e+00  0  0  0  0  0   0  0  0  0  0     0
MatAssemblyBegin     126 1.0 5.2175e-01 1.6 0.00e+00 0.0 7.8e+05 1.9e+04 2.4e+02  0  0  0  8  7   0  0  0 11 11     0
MatAssemblyEnd       126 1.0 6.1954e-01 1.2 0.00e+00 0.0 1.8e+05 6.9e+02 8.8e+01  0  0  0  0  3   0  0  0  0  4     0
MatGetRowIJ           38 1.0 2.7491e-02 1.0 0.00e+00 0.0 0.0e+00 0.0e+00 0.0e+00  0  0  0  0  0   0  0  0  0  0     0
MatGetOrdering        38 1.0 1.5170e-01 1.0 0.00e+00 0.0 0.0e+00 0.0e+00 8.6e+01  0  0  0  0  3   0  0  0  0  4     0
MatZeroEntries        85 1.0 7.6287e-03 1.2 0.00e+00 0.0 0.0e+00 0.0e+00 0.0e+00  0  0  0  0  0   0  0  0  0  0     0
MatGetRedundant       32 1.0 4.0954e+00 1.0 0.00e+00 0.0 4.4e+07 2.4e+03 1.0e+01  0  0 22 58  0   1  0 27 77  0     0
SNESSolve              5 1.0 6.5034e+02 1.0 5.88e+10 1.0 1.6e+08 8.5e+02 1.9e+03 79 80 80 74 58 100100100100 88 92529
SNESLineSearch        32 1.0 2.5036e+00 1.0 1.42e+07 1.2 8.0e+05 1.1e+03 1.3e+02  0  0  0  0  4   0  0  1  1  6  5442
SNESFunctionEval      38 1.0 2.8637e+00 1.0 0.00e+00 0.0 6.2e+05 1.0e+03 1.0e+01  0  0  0  0  0   0  0  0  0  0     0
SNESJacobianEval      32 1.0 5.9843e+00 1.0 9.35e+05 1.0 1.6e+06 9.5e+03 2.3e+02  1  0  1  8  7   1  0  1 11 10   160
KSPGMRESOrthog       427 1.0 3.5508e-01 2.3 7.72e+06 1.0 0.0e+00 0.0e+00 4.3e+02  0  0  0  0 13   0  0  0  0 19 22265
KSPSetup             202 1.0 4.9140e-03 1.1 0.00e+00 0.0 0.0e+00 0.0e+00 0.0e+00  0  0  0  0  0   0  0  0  0  0     0
KSPSolve              32 1.0 6.4128e+02 1.0 5.88e+10 1.0 1.6e+08 7.6e+02 1.5e+03 78 80 78 65 46  99100 98 88 70 93813
PCSetUp               85 1.0 6.1935e+02 1.0 5.75e+10 1.0 5.4e+07 1.9e+03 1.6e+02 75 78 27 58  5  95 98 34 78  7 95131
PCSetUpOnBlocks      344 1.0 9.3850e-01 1.0 9.49e+07 1.0 0.0e+00 0.0e+00 7.0e+01  0  0  0  0  2   0  0  0  0  3 103515
PCApply               83 1.0 2.3197e+01 1.0 1.27e+09 1.0 1.0e+08 1.2e+02 1.3e+03  3  2 51  7 39   4  2 64  9 59 55503

--- Event Stage 2: Fine-1 solve

VecDot                 4 1.0 1.8599e-03 8.8 2.56e+04 1.0 0.0e+00 0.0e+00 4.0e+00  0  0  0  0  0   0  0  0  0  1 14092
VecMDot               84 1.0 2.5023e-02 6.0 3.49e+05 1.0 0.0e+00 0.0e+00 8.4e+01  0  0  0  0  2   0  0  0  0 24 14280
VecNorm              204 1.0 4.2274e-01 5.4 5.94e+05 1.0 0.0e+00 0.0e+00 2.0e+02  0  0  0  0  6   0  0  0  0 57  1439
VecScale             160 1.0 3.8400e-03 1.0 2.27e+05 1.0 0.0e+00 0.0e+00 0.0e+00  0  0  0  0  0   0  0  0  0  0 60655
VecCopy               88 1.0 1.2515e-03 1.1 0.00e+00 0.0 0.0e+00 0.0e+00 0.0e+00  0  0  0  0  0   0  0  0  0  0     0
VecSet               906 1.0 6.0313e-03 1.1 0.00e+00 0.0 0.0e+00 0.0e+00 0.0e+00  0  0  0  0  0   0  0  0  0  0     0
VecAXPY              112 1.0 3.5951e-03 1.0 2.90e+05 1.0 0.0e+00 0.0e+00 0.0e+00  0  0  0  0  0   0  0  0  0  0 82596
VecAYPX               36 1.0 1.1322e-03 1.1 4.41e+04 1.0 0.0e+00 0.0e+00 0.0e+00  0  0  0  0  0   0  0  0  0  0 39851
VecWAXPY               4 1.0 3.3998e-04 1.1 1.28e+04 1.0 0.0e+00 0.0e+00 0.0e+00  0  0  0  0  0   0  0  0  0  0 38552
VecMAXPY             160 1.0 6.2096e-03 1.1 6.02e+05 1.0 0.0e+00 0.0e+00 0.0e+00  0  0  0  0  0   0  0  0  0  0 99292
VecPointwiseMult      12 1.0 1.1039e-04 1.1 1.92e+03 1.0 0.0e+00 0.0e+00 0.0e+00  0  0  0  0  0   0  0  0  0  0 17811
VecScatterBegin      294 1.0 6.5806e-02 1.0 0.00e+00 0.0 1.4e+07 1.6e+02 0.0e+00  0  0  7  1  0   0  0 77 13  0     0
VecScatterEnd        294 1.0 1.6848e+00 1.1 0.00e+00 0.0 0.0e+00 0.0e+00 0.0e+00  0  0  0  0  0   2  0  0  0  0     0
VecReduceArith         2 1.0 4.5109e-04 1.0 1.28e+04 1.0 0.0e+00 0.0e+00 0.0e+00  0  0  0  0  0   0  0  0  0  0 29052
VecReduceComm          1 1.0 1.2310e-0337.4 0.00e+00 0.0 0.0e+00 0.0e+00 1.0e+00  0  0  0  0  0   0  0  0  0  0     0
VecNormalize         144 1.0 4.1008e-01 6.3 5.29e+05 1.0 0.0e+00 0.0e+00 1.4e+02  0  0  0  0  4   0  0  0  0 40  1320
MatMult              160 1.0 3.9231e-01 1.7 2.58e+07 1.3 1.3e+06 9.3e+02 0.0e+00  0  0  1  1  0   0  0  7  7  0 59175
MatMultAdd            36 1.0 1.2096e-0117.5 2.93e+05 1.0 1.1e+05 2.2e+02 0.0e+00  0  0  0  0  0   0  0  1  0  0  2479
MatMultTranspose      48 1.0 3.3813e-02 3.4 3.91e+05 1.0 1.5e+05 2.2e+02 0.0e+00  0  0  0  0  0   0  0  1  0  0 11827
MatSolve             192 1.0 6.1624e-01 1.0 1.14e+08 1.0 0.0e+00 0.0e+00 0.0e+00  0  0  0  0  0   1  2  0  0  0 189524
MatLUFactorNum         4 1.0 7.6432e+01 1.0 7.18e+09 1.0 0.0e+00 0.0e+00 0.0e+00  9 10  0  0  0  95 98  0  0  0 96200
MatCholFctrNum        12 1.0 8.4284e-02 1.0 8.92e+06 1.0 0.0e+00 0.0e+00 0.0e+00  0  0  0  0  0   0  0  0  0  0 108381
MatAssemblyBegin      20 1.0 7.7614e-02 1.5 0.00e+00 0.0 1.5e+05 1.7e+04 4.4e+01  0  0  0  1  1   0  0  1 15 12     0
MatAssemblyEnd        20 1.0 5.8488e-02 1.6 0.00e+00 0.0 0.0e+00 0.0e+00 0.0e+00  0  0  0  0  0   0  0  0  0  0     0
MatGetRowIJ            8 1.0 4.1246e-05 1.2 0.00e+00 0.0 0.0e+00 0.0e+00 0.0e+00  0  0  0  0  0   0  0  0  0  0     0
MatGetOrdering         8 1.0 9.2459e-04 1.0 0.00e+00 0.0 0.0e+00 0.0e+00 1.6e+01  0  0  0  0  0   0  0  0  0  4     0
MatZeroEntries        16 1.0 9.0909e-04 1.3 0.00e+00 0.0 0.0e+00 0.0e+00 0.0e+00  0  0  0  0  0   0  0  0  0  0     0
MatGetRedundant        4 1.0 4.7079e-01 1.2 0.00e+00 0.0 4.2e+06 2.9e+03 0.0e+00  0  0  2  7  0   1  0 22 72  0     0
SNESSolve              1 1.0 8.0603e+01 1.0 7.33e+09 1.0 1.9e+07 9.1e+02 3.6e+02 10 10  9  9 11 100100100100100 93108
SNESLineSearch         4 1.0 2.6779e-01 1.0 1.55e+06 1.3 9.8e+04 1.5e+03 1.6e+01  0  0  0  0  0   0  0  1  1  4  5307
SNESFunctionEval       5 1.0 3.0734e-01 1.0 0.00e+00 0.0 8.2e+04 1.4e+03 0.0e+00  0  0  0  0  0   0  0  0  1  0     0
SNESJacobianEval       4 1.0 6.6152e-01 1.0 9.96e+04 1.0 3.2e+05 8.4e+03 4.4e+01  0  0  0  1  1   1  0  2 15 12   154
KSPGMRESOrthog        84 1.0 2.9824e-02 3.3 6.98e+05 1.0 0.0e+00 0.0e+00 8.4e+01  0  0  0  0  2   0  0  0  0 24 23966
KSPSetup              36 1.0 1.6713e-04 1.1 0.00e+00 0.0 0.0e+00 0.0e+00 0.0e+00  0  0  0  0  0   0  0  0  0  0     0
KSPSolve               4 1.0 7.9611e+01 1.0 7.33e+09 1.0 1.8e+07 7.8e+02 2.9e+02 10 10  9  8  9  99100 98 84 82 94249
PCSetUp               16 1.0 7.6937e+01 1.0 7.19e+09 1.0 4.2e+06 2.9e+03 1.6e+01  9 10  2  7  0  95 98 22 72  4 95687
PCSetUpOnBlocks       72 1.0 8.6507e-02 1.0 8.92e+06 1.0 0.0e+00 0.0e+00 1.6e+01  0  0  0  0  0   0  0  0  0  4 105596
PCApply               12 1.0 2.9034e+00 1.1 1.45e+08 1.0 1.4e+07 1.3e+02 2.7e+02  0  0  7  1  8   4  2 75 11 75 50274

--- Event Stage 3: Fine-only solve

VecDot                 4 1.0 7.6091e-03 8.6 2.01e+05 1.0 0.0e+00 0.0e+00 4.0e+00  0  0  0  0  0   0  0  0  0  1 27009
VecMDot              126 1.0 1.0175e-01 6.0 3.27e+06 1.0 0.0e+00 0.0e+00 1.3e+02  0  0  0  0  4   0  0  0  0 24 32870
VecNorm              306 1.0 6.5564e-01 2.5 5.33e+06 1.0 0.0e+00 0.0e+00 3.1e+02  0  0  0  0  9   1  0  0  0 59  8326
VecScale             242 1.0 2.7331e-02 1.0 2.06e+06 1.0 0.0e+00 0.0e+00 0.0e+00  0  0  0  0  0   0  0  0  0  0 77261
VecCopy              128 1.0 6.6376e-03 1.0 0.00e+00 0.0 0.0e+00 0.0e+00 0.0e+00  0  0  0  0  0   0  0  0  0  0     0
VecSet              1364 1.0 1.8503e-02 1.1 0.00e+00 0.0 0.0e+00 0.0e+00 0.0e+00  0  0  0  0  0   0  0  0  0  0     0
VecAXPY              172 1.0 2.7361e-02 1.0 2.62e+06 1.0 0.0e+00 0.0e+00 0.0e+00  0  0  0  0  0   0  0  0  0  0 97927
VecAYPX               56 1.0 8.2412e-03 1.1 4.03e+05 1.0 0.0e+00 0.0e+00 0.0e+00  0  0  0  0  0   0  0  0  0  0 50030
VecWAXPY               4 1.0 2.4545e-03 1.1 1.00e+05 1.0 0.0e+00 0.0e+00 0.0e+00  0  0  0  0  0   0  0  0  0  0 41866
VecMAXPY             242 1.0 5.1098e-02 1.1 5.58e+06 1.0 0.0e+00 0.0e+00 0.0e+00  0  0  0  0  0   0  0  0  0  0 111810
VecPointwiseMult      16 1.0 4.0555e-04 1.1 1.47e+04 1.0 0.0e+00 0.0e+00 0.0e+00  0  0  0  0  0   0  0  0  0  0 37168
VecScatterBegin      428 1.0 9.4473e-02 1.0 0.00e+00 0.0 1.7e+07 4.0e+02 0.0e+00  0  0  9  4  0   0  0 80 24  0     0
VecScatterEnd        428 1.0 2.1933e+00 1.3 0.00e+00 0.0 0.0e+00 0.0e+00 0.0e+00  0  0  0  0  0   2  0  0  0  0     0
VecReduceArith         2 1.0 3.6058e-03 1.1 1.00e+05 1.0 0.0e+00 0.0e+00 0.0e+00  0  0  0  0  0   0  0  0  0  0 28498
VecReduceComm          1 1.0 4.4899e-03140.5 0.00e+00 0.0 0.0e+00 0.0e+00 1.0e+00  0  0  0  0  0   0  0  0  0  0     0
VecNormalize         224 1.0 5.9484e-01 3.0 4.83e+06 1.0 0.0e+00 0.0e+00 2.2e+02  0  0  0  0  7   0  0  0  0 43  8318
MatMult              242 1.0 2.3443e+00 1.2 2.28e+08 1.2 2.0e+06 2.6e+03 0.0e+00  0  0  1  3  0   2  3  9 17  0 93153
MatMultAdd            56 1.0 1.4806e-01 3.8 2.70e+06 1.0 1.7e+05 5.9e+02 0.0e+00  0  0  0  0  0   0  0  1  0  0 18648
MatMultTranspose      72 1.0 1.5206e-01 2.9 3.47e+06 1.0 2.2e+05 5.9e+02 0.0e+00  0  0  0  0  0   0  0  1  0  0 23346
MatSolve             294 1.0 2.0014e+00 1.0 3.03e+08 1.0 0.0e+00 0.0e+00 0.0e+00  0  0  0  0  0   2  4  0  0  0 155094
MatLUFactorNum         4 1.0 7.6440e+01 1.0 7.18e+09 1.0 0.0e+00 0.0e+00 0.0e+00  9 10  0  0  0  83 92  0  0  0 96190
MatCholFctrNum        16 1.0 7.7848e-01 1.0 8.17e+07 1.0 0.0e+00 0.0e+00 0.0e+00  0  0  0  0  0   1  1  0  0  0 107497
MatAssemblyBegin      24 1.0 3.2683e-01 1.7 0.00e+00 0.0 1.8e+05 5.7e+04 5.6e+01  0  0  0  6  2   0  0  1 35 11     0
MatAssemblyEnd        24 1.0 1.8503e-01 1.9 0.00e+00 0.0 0.0e+00 0.0e+00 0.0e+00  0  0  0  0  0   0  0  0  0  0     0
MatGetRowIJ           12 1.0 6.1035e-05 1.2 0.00e+00 0.0 0.0e+00 0.0e+00 0.0e+00  0  0  0  0  0   0  0  0  0  0     0
MatGetOrdering        12 1.0 3.8478e-03 1.0 0.00e+00 0.0 0.0e+00 0.0e+00 2.4e+01  0  0  0  0  1   0  0  0  0  5     0
MatZeroEntries        20 1.0 5.8932e-03 1.2 0.00e+00 0.0 0.0e+00 0.0e+00 0.0e+00  0  0  0  0  0   0  0  0  0  0     0
MatGetRedundant        4 1.0 4.5527e-01 1.2 0.00e+00 0.0 4.2e+06 2.9e+03 0.0e+00  0  0  2  7  0   0  0 19 41  0     0
SNESSolve              1 1.0 9.1590e+01 1.0 7.82e+09 1.0 2.2e+07 1.4e+03 5.2e+02 11 11 11 16 15 100100100100100 87256
SNESLineSearch         4 1.0 2.0655e+00 1.0 1.19e+07 1.1 9.8e+04 5.6e+03 1.6e+01  0  0  0  0  0   2  0  0  2  3  5565
SNESFunctionEval       5 1.0 2.4143e+00 1.0 0.00e+00 0.0 8.2e+04 5.0e+03 0.0e+00  0  0  0  0  0   3  0  0  1  0     0
SNESJacobianEval       4 1.0 4.9050e+00 1.0 7.85e+05 1.0 4.0e+05 2.7e+04 5.6e+01  1  0  0  6  2   5  0  2 36 11   164
KSPGMRESOrthog       126 1.0 1.3337e-01 2.9 6.53e+06 1.0 0.0e+00 0.0e+00 1.3e+02  0  0  0  0  4   0  0  0  0 24 50156
KSPSetup              44 1.0 2.0313e-04 1.1 0.00e+00 0.0 0.0e+00 0.0e+00 0.0e+00  0  0  0  0  0   0  0  0  0  0     0
KSPSolve               4 1.0 8.4126e+01 1.0 7.81e+09 1.0 2.1e+07 8.7e+02 4.4e+02 10 11 11 10 13  92100 98 62 85 94849
PCSetUp               20 1.0 7.7624e+01 1.0 7.26e+09 1.0 4.2e+06 2.9e+03 2.4e+01  9 10  2  7  1  85 93 19 41  5 95802
PCSetUpOnBlocks      112 1.0 7.8429e-01 1.0 8.17e+07 1.0 0.0e+00 0.0e+00 2.4e+01  0  0  0  0  1   1  1  0  0  5 106701
PCApply               14 1.0 7.0441e+00 1.0 5.82e+08 1.0 1.7e+07 3.2e+02 4.2e+02  1  1  8  3 12   8  7 78 18 80 82845
------------------------------------------------------------------------------------------------------------------------

Memory usage is given in bytes:

Object Type          Creations   Destructions     Memory  Descendants' Mem.
Reports information only for process 0.

--- Event Stage 0: Main Stage

           Container     0              5         1500     0
 Toy Hydrostatic Ice     0              1          500     0
   Distributed array     0             10       182516     0
                 Vec     0            316     12388192     0
         Vec Scatter     0             47        28388     0
           Index Set     0             25       566740     0
   IS L to G Mapping     0             20       241824     0
              Matrix     0             59    278036804     0
                SNES     0              5         3740     0
       Krylov Solver     0             35       275224     0
      Preconditioner     0             35        18044     0
              Viewer     0              1          400     0

--- Event Stage 1: Full solve

           Container     5              0            0     0
 Toy Hydrostatic Ice     1              0            0     0
   Distributed array    10              0            0     0
                 Vec   396             80       562992     0
         Vec Scatter    47              0            0     0
           Index Set   185            160      1280564     0
   IS L to G Mapping    20              0            0     0
              Matrix    59              0            0     0
                SNES     5              0            0     0
       Krylov Solver    35              0            0     0
      Preconditioner    35              0            0     0
              Viewer     1              0            0     0

--- Event Stage 2: Fine-1 solve

                 Vec     4              4         3632     0
           Index Set    16             16        63808     0

--- Event Stage 3: Fine-only solve

                 Vec     4              4         3632     0
           Index Set    24             24       468192     0
========================================================================================================================
Average time to get PetscTime(): 3.38554e-06
Average time for MPI_Barrier(): 2.38419e-06
Average time for zero size MPI_Send(): 1.23994e-05
#PETSc Option Table entries:
-M 32
-P 4
-dmmg_form_function_ghost 1
-dmmg_grid_sequence 1
-ksp_converged_reason
-ksp_monitor
-ksp_rtol 1e-2
-log_summary
-mg_levels_1_sub_pc_type cholesky
-pc_mg_type multiplicative
-repeat_fine_solve 1
-snes_converged_reason
-snes_monitor
-thi_L 80e3
-thi_friction_m 0.3
-thi_hom z
-thi_nlevels 5
#End of PETSc Option Table entries
Compiled without FORTRAN kernels
Compiled with full precision matrices (default)
sizeof(short) 2 sizeof(int) 4 sizeof(long) 4 sizeof(void*) 4 sizeof(PetscScalar) 8
Configure run at: Mon Sep 13 22:38:37 2010
Configure options: --with-x=0 --with-is-color-value-type=short --with-debugging=1 --with-fortran-kernels=1 --with-mpi-dir=/bgsys/drivers/ppcfloor/comm --with-batch=1 --known-mpi-shared-libraries=1 --known-memcmp-ok --known-sizeof-char=1 --known-sizeof-void-p=4 --known-sizeof-short=2 --known-sizeof-int=4 --known-sizeof-long=4 --known-sizeof-size_t=4 --known-sizeof-long-long=8 --known-sizeof-float=4 --known-sizeof-double=8 --known-bits-per-byte=8 --known-sizeof-MPI_Comm=4 --known-sizeof-MPI_Fint=4 --known-mpi-long-double=1 --known-level1-dcache-assoc=0 --known-level1-dcache-linesize=32 --known-level1-dcache-size=32768 --download-c-blas-lapack=yes --with-shared=0 --prefix=/opt/share/ksl/petsc/dev-aug30/ppc450d-bgp_xlc_ref --with-clanguage=c --cflags= --CXXFLAGS= LIBS=" " --CC=/bgsys/drivers/ppcfloor/comm/xl/bin/mpixlc_r --CXX=/bgsys/drivers/ppcfloor/comm/xl/bin/mpixlcxx_r --with-fortran=0 --with-debugging=0 --with-fortran-kernels=0 PETSC_ARCH=bgp-xlc-ref
-----------------------------------------
Libraries compiled on Mon Sep 13 22:38:37 2010 on fen1 
Machine characteristics: Linux-2.6.16.60-0.66.1-ppc64-ppc64-with-SuSE-10-ppc
Using PETSc directory: /scratch/aron/sandbox/process/installs/builddir_ppc64/petsc-dev-aug30-bgp_xlc_ref/petsc-dev-16784
Using PETSc arch: bgp-xlc-ref
-----------------------------------------

Using C compiler: /bgsys/drivers/ppcfloor/comm/xl/bin/mpixlc_r  -O  ${COPTFLAGS} ${CFLAGS}
-----------------------------------------

Using include paths: -I/scratch/aron/sandbox/process/installs/builddir_ppc64/petsc-dev-aug30-bgp_xlc_ref/petsc-dev-16784/bgp-xlc-ref/include -I/scratch/aron/sandbox/process/installs/builddir_ppc64/petsc-dev-aug30-bgp_xlc_ref/petsc-dev-16784/include -I/bgsys/drivers/ppcfloor/comm/include
-----------------------------------------

Using C linker: /bgsys/drivers/ppcfloor/comm/xl/bin/mpixlc_r
Using libraries: -Wl,-rpath,/scratch/aron/sandbox/process/installs/builddir_ppc64/petsc-dev-aug30-bgp_xlc_ref/petsc-dev-16784/bgp-xlc-ref/lib -L/scratch/aron/sandbox/process/installs/builddir_ppc64/petsc-dev-aug30-bgp_xlc_ref/petsc-dev-16784/bgp-xlc-ref/lib -lpetscts -lpetscsnes -lpetscksp -lpetscdm -lpetscmat -lpetscvec -lpetscsys -Wl,-rpath,/scratch/aron/sandbox/process/installs/builddir_ppc64/petsc-dev-aug30-bgp_xlc_ref/petsc-dev-16784/bgp-xlc-ref/lib -L/scratch/aron/sandbox/process/installs/builddir_ppc64/petsc-dev-aug30-bgp_xlc_ref/petsc-dev-16784/bgp-xlc-ref/lib -lf2clapack -lf2cblas -lnsl -lrt -ldl 
-----------------------------------------

