Level 0 domain size (m)    8e+04 x    8e+04 x    1e+03, num elements  16 x  16 x   4 (    1024), size (m) 5000 x 5000 x 333.333
Level 1 domain size (m)    8e+04 x    8e+04 x    1e+03, num elements  32 x  32 x   7 (    7168), size (m) 2500 x 2500 x 166.667
Level 2 domain size (m)    8e+04 x    8e+04 x    1e+03, num elements  64 x  64 x  13 (   53248), size (m) 1250 x 1250 x 83.3333
Level 3 domain size (m)    8e+04 x    8e+04 x    1e+03, num elements 128 x 128 x  25 (  409600), size (m) 625 x 625 x 41.6667
Level 4 domain size (m)    8e+04 x    8e+04 x    1e+03, num elements 256 x 256 x  49 ( 3211264), size (m) 312.5 x 312.5 x 20.8333
          0 SNES Function norm 1.890950239303e+03 
Linear solve converged due to CONVERGED_ITS iterations 1
          1 SNES Function norm 1.757287341813e+03 
Linear solve converged due to CONVERGED_ITS iterations 1
          2 SNES Function norm 1.465775464679e+03 
Linear solve converged due to CONVERGED_ITS iterations 1
          3 SNES Function norm 1.063685356286e+03 
Linear solve converged due to CONVERGED_ITS iterations 1
          4 SNES Function norm 5.748318651833e+02 
Linear solve converged due to CONVERGED_ITS iterations 1
          5 SNES Function norm 1.532424959762e+02 
Linear solve converged due to CONVERGED_ITS iterations 1
          6 SNES Function norm 9.041261408270e+00 
Linear solve converged due to CONVERGED_ITS iterations 1
          7 SNES Function norm 2.886591244063e-02 
Linear solve converged due to CONVERGED_ITS iterations 1
          8 SNES Function norm 3.086921452833e-07 
Nonlinear solve converged due to CONVERGED_FNORM_RELATIVE
        0 SNES Function norm 6.890537207436e+02 
          0 KSP Residual norm 6.890537207436e+02 
          1 KSP Residual norm 8.597228701226e+00 
          2 KSP Residual norm 8.977257274118e-01 
Linear solve converged due to CONVERGED_RTOL iterations 2
        1 SNES Function norm 5.682478345722e+01 
          0 KSP Residual norm 5.682478345722e+01 
          1 KSP Residual norm 3.477290133328e+00 
          2 KSP Residual norm 5.865061831526e-01 
          3 KSP Residual norm 1.961945123915e-01 
Linear solve converged due to CONVERGED_RTOL iterations 3
        2 SNES Function norm 9.288685517308e+00 
          0 KSP Residual norm 9.288685517308e+00 
          1 KSP Residual norm 1.051753696140e+00 
          2 KSP Residual norm 1.662666722211e-01 
          3 KSP Residual norm 2.017664143939e-02 
Linear solve converged due to CONVERGED_RTOL iterations 3
        3 SNES Function norm 1.373129382881e+00 
          0 KSP Residual norm 1.373129382881e+00 
          1 KSP Residual norm 1.355672147171e-01 
          2 KSP Residual norm 1.424103037473e-02 
          3 KSP Residual norm 2.275080891427e-03 
Linear solve converged due to CONVERGED_RTOL iterations 3
        4 SNES Function norm 4.761900631278e-02 
          0 KSP Residual norm 4.761900631278e-02 
          1 KSP Residual norm 3.636826844231e-03 
          2 KSP Residual norm 4.009375482529e-04 
Linear solve converged due to CONVERGED_RTOL iterations 2
        5 SNES Function norm 4.086769861458e-04 
          0 KSP Residual norm 4.086769861458e-04 
          1 KSP Residual norm 8.057659860732e-05 
          2 KSP Residual norm 9.821137513918e-06 
          3 KSP Residual norm 1.532028731636e-06 
Linear solve converged due to CONVERGED_RTOL iterations 3
        6 SNES Function norm 1.532635819698e-06 
Nonlinear solve converged due to CONVERGED_FNORM_RELATIVE
      0 SNES Function norm 2.488680090129e+02 
        0 KSP Residual norm 2.488680090129e+02 
        1 KSP Residual norm 7.981316516400e+00 
        2 KSP Residual norm 4.146452021390e-01 
Linear solve converged due to CONVERGED_RTOL iterations 2
      1 SNES Function norm 7.747226433180e+00 
        0 KSP Residual norm 7.747226433180e+00 
        1 KSP Residual norm 1.045126187819e+00 
        2 KSP Residual norm 2.116453394389e-01 
        3 KSP Residual norm 4.872270781219e-02 
Linear solve converged due to CONVERGED_RTOL iterations 3
      2 SNES Function norm 1.916286108792e+00 
        0 KSP Residual norm 1.916286108792e+00 
        1 KSP Residual norm 1.291136529572e-01 
        2 KSP Residual norm 2.558155750713e-02 
        3 KSP Residual norm 5.961291432092e-03 
Linear solve converged due to CONVERGED_RTOL iterations 3
      3 SNES Function norm 3.779907387532e-01 
        0 KSP Residual norm 3.779907387532e-01 
        1 KSP Residual norm 2.322007674315e-02 
        2 KSP Residual norm 4.870830678285e-03 
        3 KSP Residual norm 1.327987192948e-03 
Linear solve converged due to CONVERGED_RTOL iterations 3
      4 SNES Function norm 2.438556701155e-02 
        0 KSP Residual norm 2.438556701155e-02 
        1 KSP Residual norm 1.332397331637e-03 
        2 KSP Residual norm 4.600404203386e-04 
        3 KSP Residual norm 1.975354346517e-04 
Linear solve converged due to CONVERGED_RTOL iterations 3
      5 SNES Function norm 2.350542089562e-04 
        0 KSP Residual norm 2.350542089562e-04 
        1 KSP Residual norm 1.023153145673e-04 
        2 KSP Residual norm 3.326477067237e-05 
        3 KSP Residual norm 1.007880440091e-05 
        4 KSP Residual norm 2.247087722469e-06 
Linear solve converged due to CONVERGED_RTOL iterations 4
      6 SNES Function norm 2.246796009805e-06 
Nonlinear solve converged due to CONVERGED_FNORM_RELATIVE
    0 SNES Function norm 8.891305236593e+01 
      0 KSP Residual norm 8.891305236593e+01 
      1 KSP Residual norm 3.298891735881e+00 
      2 KSP Residual norm 1.662760692968e-01 
Linear solve converged due to CONVERGED_RTOL iterations 2
    1 SNES Function norm 1.077297971368e+00 
      0 KSP Residual norm 1.077297971368e+00 
      1 KSP Residual norm 2.414433679747e-01 
      2 KSP Residual norm 4.885552661813e-02 
      3 KSP Residual norm 1.382288272661e-02 
      4 KSP Residual norm 5.378062509991e-03 
Linear solve converged due to CONVERGED_RTOL iterations 4
    2 SNES Function norm 1.939074441108e-01 
      0 KSP Residual norm 1.939074441108e-01 
      1 KSP Residual norm 1.547189161207e-02 
      2 KSP Residual norm 3.708737571410e-03 
      3 KSP Residual norm 1.376235170041e-03 
Linear solve converged due to CONVERGED_RTOL iterations 3
    3 SNES Function norm 1.288857341073e-02 
      0 KSP Residual norm 1.288857341073e-02 
      1 KSP Residual norm 1.606839798107e-03 
      2 KSP Residual norm 5.927702712018e-04 
      3 KSP Residual norm 2.656782114687e-04 
      4 KSP Residual norm 1.314754641637e-04 
      5 KSP Residual norm 4.706459554855e-05 
Linear solve converged due to CONVERGED_RTOL iterations 5
    4 SNES Function norm 2.018098496260e-04 
      0 KSP Residual norm 2.018098496260e-04 
      1 KSP Residual norm 2.872050123765e-05 
      2 KSP Residual norm 1.529814125962e-05 
      3 KSP Residual norm 5.945784261278e-06 
      4 KSP Residual norm 2.229428530249e-06 
      5 KSP Residual norm 9.414025882626e-07 
Linear solve converged due to CONVERGED_RTOL iterations 5
    5 SNES Function norm 9.428573411478e-07 
      0 KSP Residual norm 9.428573411478e-07 
      1 KSP Residual norm 3.906642803145e-07 
      2 KSP Residual norm 1.611862194905e-07 
      3 KSP Residual norm 6.672651330341e-08 
      4 KSP Residual norm 3.210304882076e-08 
      5 KSP Residual norm 1.270133452709e-08 
      6 KSP Residual norm 4.047179898636e-09 
Linear solve converged due to CONVERGED_RTOL iterations 6
    6 SNES Function norm 4.047418323119e-09 
Nonlinear solve converged due to CONVERGED_FNORM_RELATIVE
  0 SNES Function norm 3.159932834591e+01 
    0 KSP Residual norm 3.159932834591e+01 
    1 KSP Residual norm 1.081234418917e+00 
    2 KSP Residual norm 6.273037998093e-02 
Linear solve converged due to CONVERGED_RTOL iterations 2
  1 SNES Function norm 1.441773214598e-01 
    0 KSP Residual norm 1.441773214598e-01 
    1 KSP Residual norm 3.330847308192e-02 
    2 KSP Residual norm 9.656659076839e-03 
    3 KSP Residual norm 3.369071874310e-03 
    4 KSP Residual norm 1.247237076740e-03 
Linear solve converged due to CONVERGED_RTOL iterations 4
  2 SNES Function norm 9.259728522200e-03 
    0 KSP Residual norm 9.259728522200e-03 
    1 KSP Residual norm 1.981619399598e-03 
    2 KSP Residual norm 6.174952039471e-04 
    3 KSP Residual norm 3.261610477644e-04 
    4 KSP Residual norm 1.305954814957e-04 
    5 KSP Residual norm 5.998731132479e-05 
Linear solve converged due to CONVERGED_RTOL iterations 5
  3 SNES Function norm 2.974883161543e-04 
    0 KSP Residual norm 2.974883161543e-04 
    1 KSP Residual norm 5.950845873004e-05 
    2 KSP Residual norm 3.013884053739e-05 
    3 KSP Residual norm 1.565237030027e-05 
    4 KSP Residual norm 6.323696116837e-06 
    5 KSP Residual norm 3.323368360883e-06 
    6 KSP Residual norm 1.255258123849e-06 
Linear solve converged due to CONVERGED_RTOL iterations 6
  4 SNES Function norm 1.335913298449e-06 
    0 KSP Residual norm 1.335913298449e-06 
    1 KSP Residual norm 6.984797673349e-07 
    2 KSP Residual norm 3.839076686909e-07 
    3 KSP Residual norm 1.843373680176e-07 
    4 KSP Residual norm 8.307651600547e-08 
    5 KSP Residual norm 4.120820948093e-08 
    6 KSP Residual norm 1.692284801871e-08 
    7 KSP Residual norm 8.339721542825e-09 
Linear solve converged due to CONVERGED_RTOL iterations 7
  5 SNES Function norm 8.339833097923e-09 
Nonlinear solve converged due to CONVERGED_FNORM_RELATIVE
Solution statistics after solve: Full
CONVERGED_FNORM_RELATIVE: Number of Newton iterations = 5, total linear iterations = 24
|X|_2 152736   u in [6.21764, 195.728]   v in [-4.65832, 5.18426]   c in [6.2177, 195.729] 
Surface statistics: u in [8.286853e+00, 1.957280e+02] mean 7.833398e+01
Global eta range   [2.65437e+10, 9.2273e+12], converged range [2.65437e+10, 5.09052e+12]
Global beta2 range [5.65045e+09, 2.1575e+13], converged range [5.65045e+09, 8.63737e+09]

    0 SNES Function norm 4.131901529273e+01 
      0 KSP Residual norm 4.131901529273e+01 
      1 KSP Residual norm 5.873516887953e-01 
      2 KSP Residual norm 2.388403628403e-02 
Linear solve converged due to CONVERGED_RTOL iterations 2
    1 SNES Function norm 2.447581176452e+00 
      0 KSP Residual norm 2.447581176452e+00 
      1 KSP Residual norm 4.219029880759e-02 
      2 KSP Residual norm 4.377075996556e-03 
Linear solve converged due to CONVERGED_RTOL iterations 2
    2 SNES Function norm 1.081670370867e-02 
      0 KSP Residual norm 1.081670370867e-02 
      1 KSP Residual norm 1.960679197858e-03 
      2 KSP Residual norm 6.656067406900e-04 
      3 KSP Residual norm 2.407310805616e-04 
      4 KSP Residual norm 7.806864318360e-05 
Linear solve converged due to CONVERGED_RTOL iterations 4
    3 SNES Function norm 7.911892292689e-05 
      0 KSP Residual norm 7.911892292689e-05 
      1 KSP Residual norm 3.520097683813e-05 
      2 KSP Residual norm 1.243241593396e-05 
      3 KSP Residual norm 5.345647778826e-06 
      4 KSP Residual norm 1.754360644368e-06 
      5 KSP Residual norm 7.715036997092e-07 
Linear solve converged due to CONVERGED_RTOL iterations 5
    4 SNES Function norm 7.714536177947e-07 
      0 KSP Residual norm 7.714536177947e-07 
      1 KSP Residual norm 4.225471981009e-07 
      2 KSP Residual norm 1.602379718508e-07 
      3 KSP Residual norm 6.935629841679e-08 
      4 KSP Residual norm 3.111905594790e-08 
      5 KSP Residual norm 1.341358269972e-08 
      6 KSP Residual norm 4.445906524168e-09 
Linear solve converged due to CONVERGED_RTOL iterations 6
    5 SNES Function norm 4.445996079537e-09 
Nonlinear solve converged due to CONVERGED_FNORM_RELATIVE
Solution statistics after solve: Fine-1
CONVERGED_FNORM_RELATIVE: Number of Newton iterations = 5, total linear iterations = 19
|X|_2 54419.5   u in [6.2178, 195.628]   v in [-4.65821, 5.1834]   c in [6.21785, 195.629] 
Surface statistics: u in [8.287820e+00, 1.956280e+02] mean 7.830505e+01
Global eta range   [2.65437e+10, 9.2273e+12], converged range [2.7111e+10, 3.09791e+12]
Global beta2 range [5.59459e+09, 2.1575e+13], converged range [5.65129e+09, 8.56745e+09]

  0 SNES Function norm 3.159932834591e+01 
    0 KSP Residual norm 3.159932834591e+01 
    1 KSP Residual norm 1.081234418921e+00 
    2 KSP Residual norm 6.273038001248e-02 
Linear solve converged due to CONVERGED_RTOL iterations 2
  1 SNES Function norm 1.441773225249e-01 
    0 KSP Residual norm 1.441773225249e-01 
    1 KSP Residual norm 3.330847309999e-02 
    2 KSP Residual norm 9.656659129799e-03 
    3 KSP Residual norm 3.369071893563e-03 
    4 KSP Residual norm 1.247237082004e-03 
Linear solve converged due to CONVERGED_RTOL iterations 4
  2 SNES Function norm 9.259728717426e-03 
    0 KSP Residual norm 9.259728717426e-03 
    1 KSP Residual norm 1.981619453964e-03 
    2 KSP Residual norm 6.174952082158e-04 
    3 KSP Residual norm 3.261610505783e-04 
    4 KSP Residual norm 1.305954831586e-04 
    5 KSP Residual norm 5.998731275317e-05 
Linear solve converged due to CONVERGED_RTOL iterations 5
  3 SNES Function norm 2.974883342157e-04 
    0 KSP Residual norm 2.974883342157e-04 
    1 KSP Residual norm 5.950846255113e-05 
    2 KSP Residual norm 3.013884159463e-05 
    3 KSP Residual norm 1.565237071784e-05 
    4 KSP Residual norm 6.323696343590e-06 
    5 KSP Residual norm 3.323368453058e-06 
    6 KSP Residual norm 1.255258139881e-06 
Linear solve converged due to CONVERGED_RTOL iterations 6
  4 SNES Function norm 1.335912958072e-06 
    0 KSP Residual norm 1.335912958072e-06 
    1 KSP Residual norm 6.984797234929e-07 
    2 KSP Residual norm 3.839076694237e-07 
    3 KSP Residual norm 1.843373725806e-07 
    4 KSP Residual norm 8.307651812133e-08 
    5 KSP Residual norm 4.120820112594e-08 
    6 KSP Residual norm 1.692284756159e-08 
    7 KSP Residual norm 8.339721208365e-09 
Linear solve converged due to CONVERGED_RTOL iterations 7
  5 SNES Function norm 8.339849888318e-09 
Nonlinear solve converged due to CONVERGED_FNORM_RELATIVE
Solution statistics after solve: Fine
CONVERGED_FNORM_RELATIVE: Number of Newton iterations = 5, total linear iterations = 24
|X|_2 152736   u in [6.21764, 195.728]   v in [-4.65832, 5.18426]   c in [6.2177, 195.729] 
Surface statistics: u in [8.286853e+00, 1.957280e+02] mean 7.833398e+01
Global eta range   [2.65437e+10, 9.2273e+12], converged range [2.65437e+10, 5.09052e+12]
Global beta2 range [5.59459e+09, 2.1575e+13], converged range [5.65045e+09, 8.63737e+09]

************************************************************************************************************************
***             WIDEN YOUR WINDOW TO 120 CHARACTERS.  Use 'enscript -r -fCourier9' to print this document            ***
************************************************************************************************************************

---------------------------------------------- PETSc Performance Summary: ----------------------------------------------

./ex48 on a bgp-xlc-f named ionode49 with 128 processors, by Unknown Wed Sep 15 07:25:55 2010
Using Petsc Development HG revision: aeb2eea2e3ddfd0635951d6560aa7114704dab25  HG Date: Sat Aug 21 15:26:55 2010 -0500

                         Max       Max/Min        Avg      Total 
Time (sec):           1.539e+02      1.00001   1.539e+02
Objects:              8.660e+02      1.00000   8.660e+02
Flops:                1.134e+10      1.01733   1.125e+10  1.440e+12
Flops/sec:            7.371e+07      1.01733   7.308e+07  9.355e+09
MPI Messages:         4.656e+04      1.03086   4.519e+04  5.784e+06
MPI Message Lengths:  1.226e+08      1.00092   2.712e+03  1.568e+10
MPI Reductions:       4.253e+03      1.00000

Flop counting convention: 1 flop = 1 real number operation of type (multiply/divide/add/subtract)
                            e.g., VecAXPY() for real vectors of length N --> 2N flops
                            and VecAXPY() for complex vectors of length N --> 8N flops

Summary of Stages:   ----- Time ------  ----- Flops -----  --- Messages ---  -- Message Lengths --  -- Reductions --
                        Avg     %Total     Avg     %Total   counts   %Total     Avg         %Total   counts   %Total 
 0:      Main Stage: 5.7563e-02   0.0%  8.0511e+07   0.0%  3.562e+03   0.1%  3.339e-01        0.0%  1.500e+01   0.4% 
 1:      Full solve: 9.8168e+01  63.8%  9.6640e+11  67.1%  3.984e+06  68.9%  1.615e+03       59.6%  2.596e+03  61.0% 
 2:    Fine-1 solve: 1.3383e+01   8.7%  1.3779e+11   9.6%  7.535e+05  13.0%  2.627e+02        9.7%  5.380e+02  12.6% 
 3: Fine-only solve: 4.2286e+01  27.5%  3.3537e+11  23.3%  1.042e+06  18.0%  8.332e+02       30.7%  8.460e+02  19.9% 

------------------------------------------------------------------------------------------------------------------------
See the 'Profiling' chapter of the users' manual for details on interpreting output.
Phase summary info:
   Count: number of times phase was executed
   Time and Flops: Max - maximum over all processors
                   Ratio - ratio of maximum to minimum over all processors
   Mess: number of messages sent
   Avg. len: average message length
   Reduct: number of global reductions
   Global: entire computation
   Stage: stages of a computation. Set stages with PetscLogStagePush() and PetscLogStagePop().
      %T - percent time in this phase         %F - percent flops in this phase
      %M - percent messages in this phase     %L - percent message lengths in this phase
      %R - percent reductions in this phase
   Total Mflop/s: 10e-6 * (sum of flops over all processors)/(max time over all processors)
------------------------------------------------------------------------------------------------------------------------
Event                Count      Time (sec)     Flops                             --- Global ---  --- Stage ---   Total
                   Max Ratio  Max     Ratio   Max  Ratio  Mess   Avg len Reduct  %T %F %M %L %R  %T %F %M %L %R Mflop/s
------------------------------------------------------------------------------------------------------------------------

--- Event Stage 0: Main Stage

VecSet                 2 1.0 2.5272e-05 1.1 0.00e+00 0.0 0.0e+00 0.0e+00 0.0e+00  0  0  0  0  0   0  0  0  0  0     0
VecPointwiseMult       1 1.0 1.3900e-04 1.1 6.40e+03 1.0 0.0e+00 0.0e+00 0.0e+00  0  0  0  0  0   0  1  0  0  0  5894
VecScatterBegin        2 1.0 1.1110e-04 1.1 0.00e+00 0.0 7.7e+02 2.5e+03 0.0e+00  0  0  0  0  0   0  0 22 99  0     0
VecScatterEnd          2 1.0 8.5497e-04 5.5 0.00e+00 0.0 0.0e+00 0.0e+00 0.0e+00  0  0  0  0  0   0  0  0  0  0     0
MatMult                1 1.0 3.8400e-03 1.1 2.86e+05 1.0 3.8e+02 2.5e+03 0.0e+00  0  0  0  0  0   6 46 11 50  0  9540
MatMultTranspose       1 1.0 4.8769e-03 1.1 3.36e+05 1.0 3.8e+02 2.5e+03 0.0e+00  0  0  0  0  0   8 53 11 50  0  8829

--- Event Stage 1: Full solve

VecDot                31 1.0 2.0067e-02 7.9 5.90e+05 1.0 0.0e+00 0.0e+00 3.1e+01  0  0  0  0  1   0  0  0  0  1  3764
VecMDot              537 1.0 4.1180e-01 3.5 1.50e+07 1.0 0.0e+00 0.0e+00 5.4e+02  0  0  0  0 13   0  0  0  0 21  4669
VecNorm             1307 1.0 4.8521e-01 1.6 2.04e+07 1.0 0.0e+00 0.0e+00 1.3e+03  0  0  0  0 31   0  0  0  0 50  5371
VecScale            1014 1.0 4.2921e-02 1.0 8.01e+06 1.0 0.0e+00 0.0e+00 0.0e+00  0  0  0  0  0   0  0  0  0  0 23881
VecCopy              570 1.0 2.4849e-02 1.0 0.00e+00 0.0 0.0e+00 0.0e+00 0.0e+00  0  0  0  0  0   0  0  0  0  0     0
VecSet              5664 1.0 7.2105e-02 1.1 0.00e+00 0.0 0.0e+00 0.0e+00 0.0e+00  0  0  0  0  0   0  0  0  0  0     0
VecAXPY              700 1.0 4.3633e-02 1.1 1.01e+07 1.0 0.0e+00 0.0e+00 0.0e+00  0  0  0  0  0   0  0  0  0  0 29592
VecAYPX              223 1.0 3.2425e-02 1.0 1.58e+06 1.0 0.0e+00 0.0e+00 0.0e+00  0  0  0  0  0   0  0  0  0  0  6249
VecWAXPY              31 1.0 7.3166e-03 1.1 2.95e+05 1.0 0.0e+00 0.0e+00 0.0e+00  0  0  0  0  0   0  0  0  0  0  5162
VecMAXPY            1014 1.0 1.0169e-01 1.0 2.41e+07 1.0 0.0e+00 0.0e+00 0.0e+00  0  0  0  0  0   0  0  0  0  0 30356
VecPointwiseMult      56 1.0 1.2486e-03 1.1 4.34e+04 1.0 0.0e+00 0.0e+00 0.0e+00  0  0  0  0  0   0  0  0  0  0  4452
VecScatterBegin     1881 1.0 1.9804e-01 1.0 0.00e+00 0.0 3.0e+06 8.9e+02 0.0e+00  0  0 52 17  0   0  0 75 29  0     0
VecScatterEnd       1881 1.0 1.1208e+00 3.4 0.00e+00 0.0 0.0e+00 0.0e+00 0.0e+00  0  0  0  0  0   0  0  0  0  0     0
VecReduceArith        10 1.0 8.3327e-04 1.1 2.30e+05 1.0 0.0e+00 0.0e+00 0.0e+00  0  0  0  0  0   0  0  0  0  0 35351
VecReduceComm          5 1.0 5.7468e-03 4.7 0.00e+00 0.0 0.0e+00 0.0e+00 5.0e+00  0  0  0  0  0   0  0  0  0  0     0
VecNormalize         908 1.0 4.4932e-01 1.7 1.90e+07 1.0 0.0e+00 0.0e+00 9.1e+02  0  0  0  0 21   0  0  0  0 35  5411
MatMult             1018 1.0 8.3023e+00 1.1 8.80e+08 1.1 1.0e+06 2.1e+03 0.0e+00  5  7 18 14  0   8 11 26 23  0 12783
MatMultAdd           223 1.0 1.6273e-01 1.1 1.06e+07 1.0 8.6e+04 5.0e+02 0.0e+00  0  0  1  0  0   0  0  2  0  0  8329
MatMultTranspose     283 1.0 4.3795e-01 2.2 1.32e+07 1.0 1.1e+05 4.9e+02 0.0e+00  0  0  2  0  0   0  0  3  1  0  3868
MatSolve            1214 1.0 6.5469e+00 1.0 9.07e+08 1.0 0.0e+00 0.0e+00 0.0e+00  4  8  0  0  0   7 12  0  0  0 17735
MatLUFactorSym         5 1.0 3.9224e-01 1.0 0.00e+00 0.0 0.0e+00 0.0e+00 5.0e+00  0  0  0  0  0   0  0  0  0  0     0
MatLUFactorNum        31 1.0 5.6996e+01 1.0 5.46e+09 1.0 0.0e+00 0.0e+00 0.0e+00 37 49  0  0  0  58 72  0  0  0 12263
MatCholFctrSym         4 1.0 4.1008e-04 1.0 0.00e+00 0.0 0.0e+00 0.0e+00 0.0e+00  0  0  0  0  0   0  0  0  0  0     0
MatCholFctrNum        56 1.0 2.3143e+00 1.0 2.49e+08 1.0 0.0e+00 0.0e+00 0.0e+00  2  2  0  0  0   2  3  0  0  0 13760
MatICCFactorSym        6 1.0 5.0470e-02 1.0 0.00e+00 0.0 0.0e+00 0.0e+00 0.0e+00  0  0  0  0  0   0  0  0  0  0     0
MatAssemblyBegin     127 1.0 5.3027e-01 2.8 0.00e+00 0.0 1.0e+05 3.4e+04 2.5e+02  0  0  2 22  6   0  0  3 37 10     0
MatAssemblyEnd       127 1.0 5.5818e-01 1.6 0.00e+00 0.0 2.3e+04 1.0e+03 8.8e+01  0  0  0  0  2   0  0  1  0  3     0
MatGetRowIJ           42 1.0 7.2854e-03 1.1 0.00e+00 0.0 0.0e+00 0.0e+00 0.0e+00  0  0  0  0  0   0  0  0  0  0     0
MatGetOrdering        42 1.0 3.9528e-02 1.0 0.00e+00 0.0 0.0e+00 0.0e+00 9.4e+01  0  0  0  0  2   0  0  0  0  4     0
MatZeroEntries        87 1.0 1.7345e-02 1.2 0.00e+00 0.0 0.0e+00 0.0e+00 0.0e+00  0  0  0  0  0   0  0  0  0  0     0
MatGetRedundant       31 1.0 5.7024e-01 1.0 0.00e+00 0.0 6.7e+05 4.8e+03 1.0e+01  0  0 12 20  0   1  0 17 34  0     0
SNESSolve              5 1.0 9.7521e+01 1.0 7.60e+09 1.0 3.9e+06 2.4e+03 2.3e+03 63 67 68 59 55  99100 99100 90  9909
SNESLineSearch        31 1.0 6.0572e+00 1.0 3.47e+07 1.1 9.5e+04 1.9e+03 1.2e+02  4  0  2  1  3   6  0  2  2  5   697
SNESFunctionEval      36 1.0 6.7999e+00 1.0 0.00e+00 0.0 7.4e+04 1.8e+03 1.0e+01  4  0  1  1  0   7  0  2  1  0     0
SNESJacobianEval      31 1.0 1.3992e+01 1.0 2.30e+06 1.0 2.1e+05 1.7e+04 2.4e+02  9  0  4 23  6  14  0  5 38  9    21
KSPGMRESOrthog       537 1.0 4.9050e-01 2.5 3.00e+07 1.0 0.0e+00 0.0e+00 5.4e+02  0  0  0  0 13   0  0  0  0 21  7841
KSPSetup             205 1.0 6.3787e-03 1.0 0.00e+00 0.0 0.0e+00 0.0e+00 0.0e+00  0  0  0  0  0   0  0  0  0  0     0
KSPSolve              31 1.0 7.6354e+01 1.0 7.56e+09 1.0 3.6e+06 1.5e+03 1.9e+03 50 67 63 36 45  78100 91 60 74 12595
PCSetUp               87 1.0 6.0412e+01 1.0 5.71e+09 1.0 8.3e+05 3.8e+03 1.7e+02 39 51 14 20  4  62 76 21 34  7 12097
PCSetUpOnBlocks      446 1.0 2.3845e+00 1.0 2.49e+08 1.0 0.0e+00 0.0e+00 7.8e+01  2  2  0  0  2   2  3  0  0  3 13354
PCApply               91 1.0 1.6884e+01 1.0 1.92e+09 1.0 2.7e+06 7.6e+02 1.7e+03 11 17 47 13 39  17 25 68 22 64 14282

--- Event Stage 2: Fine-1 solve

VecDot                 5 1.0 3.4068e-0310.2 6.40e+04 1.0 0.0e+00 0.0e+00 5.0e+00  0  0  0  0  0   0  0  0  0  1  2404
VecMDot              133 1.0 5.5838e-02 4.3 1.22e+06 1.0 0.0e+00 0.0e+00 1.3e+02  0  0  0  0  3   0  0  0  0 25  2805
VecNorm              319 1.0 1.1421e-01 3.2 1.83e+06 1.0 0.0e+00 0.0e+00 3.2e+02  0  0  0  0  8   1  0  0  0 59  2052
VecScale             252 1.0 5.2676e-03 1.0 7.12e+05 1.0 0.0e+00 0.0e+00 0.0e+00  0  0  0  0  0   0  0  0  0  0 17295
VecCopy              134 1.0 2.9395e-03 1.0 0.00e+00 0.0 0.0e+00 0.0e+00 0.0e+00  0  0  0  0  0   0  0  0  0  0     0
VecSet              1416 1.0 1.1430e-02 1.1 0.00e+00 0.0 0.0e+00 0.0e+00 0.0e+00  0  0  0  0  0   0  0  0  0  0     0
VecAXPY              176 1.0 4.9593e-03 1.2 9.01e+05 1.0 0.0e+00 0.0e+00 0.0e+00  0  0  0  0  0   0  0  0  0  0 23260
VecAYPX               57 1.0 3.1614e-03 1.1 1.40e+05 1.0 0.0e+00 0.0e+00 0.0e+00  0  0  0  0  0   0  0  0  0  0  5650
VecWAXPY               5 1.0 8.1038e-04 1.1 3.20e+04 1.0 0.0e+00 0.0e+00 0.0e+00  0  0  0  0  0   0  0  0  0  0  5054
VecMAXPY             252 1.0 1.0599e-02 1.1 2.03e+06 1.0 0.0e+00 0.0e+00 0.0e+00  0  0  0  0  0   0  0  0  0  0 24456
VecPointwiseMult      15 1.0 1.9979e-04 1.1 4.80e+03 1.0 0.0e+00 0.0e+00 0.0e+00  0  0  0  0  0   0  0  0  0  0  3075
VecScatterBegin      451 1.0 4.0656e-02 1.0 0.00e+00 0.0 6.5e+05 6.7e+02 0.0e+00  0  0 11  3  0   0  0 86 29  0     0
VecScatterEnd        451 1.0 1.8639e-01 2.8 0.00e+00 0.0 0.0e+00 0.0e+00 0.0e+00  0  0  0  0  0   1  0  0  0  0     0
VecReduceArith         2 1.0 1.0490e-04 1.1 2.56e+04 1.0 0.0e+00 0.0e+00 0.0e+00  0  0  0  0  0   0  0  0  0  0 31234
VecReduceComm          1 1.0 1.1320e-0333.2 0.00e+00 0.0 0.0e+00 0.0e+00 1.0e+00  0  0  0  0  0   0  0  0  0  0     0
VecNormalize         228 1.0 1.1046e-01 3.5 1.67e+06 1.0 0.0e+00 0.0e+00 2.3e+02  0  0  0  0  5   1  0  0  0 42  1940
MatMult              252 1.0 7.6707e-01 1.1 7.93e+07 1.2 2.6e+05 1.3e+03 0.0e+00  0  1  4  2  0   5  7 34 22  0 11967
MatMultAdd            57 1.0 1.8970e-02 1.1 9.28e+05 1.0 2.2e+04 3.1e+02 0.0e+00  0  0  0  0  0   0  0  3  0  0  6258
MatMultTranspose      72 1.0 6.7569e-02 2.9 1.17e+06 1.0 2.8e+04 3.1e+02 0.0e+00  0  0  0  0  0   0  0  4  1  0  2219
MatSolve             304 1.0 6.0258e-01 1.0 9.00e+07 1.0 0.0e+00 0.0e+00 0.0e+00  0  1  0  0  0   4  8  0  0  0 19125
MatLUFactorNum         5 1.0 9.2174e+00 1.0 8.81e+08 1.0 0.0e+00 0.0e+00 0.0e+00  6  8  0  0  0  69 82  0  0  0 12230
MatCholFctrNum        15 1.0 2.3130e-01 1.0 2.49e+07 1.0 0.0e+00 0.0e+00 0.0e+00  0  0  0  0  0   2  2  0  0  0 13787
MatAssemblyBegin      25 1.0 8.0276e-02 2.5 0.00e+00 0.0 2.3e+04 2.7e+04 5.5e+01  0  0  0  4  1   0  0  3 40 10     0
MatAssemblyEnd        25 1.0 7.9348e-02 2.0 0.00e+00 0.0 0.0e+00 0.0e+00 0.0e+00  0  0  0  0  0   0  0  0  0  0     0
MatGetRowIJ           10 1.0 5.0068e-05 1.2 0.00e+00 0.0 0.0e+00 0.0e+00 0.0e+00  0  0  0  0  0   0  0  0  0  0     0
MatGetOrdering        10 1.0 1.5774e-03 1.0 0.00e+00 0.0 0.0e+00 0.0e+00 2.0e+01  0  0  0  0  0   0  0  0  0  4     0
MatZeroEntries        20 1.0 2.0506e-03 1.3 0.00e+00 0.0 0.0e+00 0.0e+00 0.0e+00  0  0  0  0  0   0  0  0  0  0     0
MatGetRedundant        5 1.0 8.7033e-02 1.0 0.00e+00 0.0 8.1e+04 5.8e+03 0.0e+00  0  0  1  3  0   1  0 11 31  0     0
SNESSolve              1 1.0 1.3383e+01 1.0 1.08e+09 1.0 7.5e+05 2.0e+03 5.4e+02  9 10 13 10 13 100100100100100 10296
SNESLineSearch         5 1.0 6.5390e-01 1.0 3.81e+06 1.2 1.5e+04 2.2e+03 2.0e+01  0  0  0  0  0   5  0  2  2  4   685
SNESFunctionEval       6 1.0 7.3550e-01 1.0 0.00e+00 0.0 1.2e+04 2.0e+03 0.0e+00  0  0  0  0  0   5  0  2  2  0     0
SNESJacobianEval       5 1.0 1.5272e+00 1.0 2.49e+05 1.0 4.9e+04 1.3e+04 5.5e+01  1  0  1  4  1  11  0  7 41 10    21
KSPGMRESOrthog       133 1.0 6.4738e-02 3.0 2.45e+06 1.0 0.0e+00 0.0e+00 1.3e+02  0  0  0  0  3   0  0  0  0 25  4839
KSPSetup              45 1.0 2.0504e-04 1.1 0.00e+00 0.0 0.0e+00 0.0e+00 0.0e+00  0  0  0  0  0   0  0  0  0  0     0
KSPSolve               5 1.0 1.1079e+01 1.0 1.08e+09 1.0 6.9e+05 1.2e+03 4.6e+02  7 10 12  5 11  83100 91 56 85 12392
PCSetUp               20 1.0 9.5387e+00 1.0 9.06e+08 1.0 8.1e+04 5.8e+03 2.0e+01  6  8  1  3  0  71 84 11 31  4 12153
PCSetUpOnBlocks      114 1.0 2.3468e-01 1.0 2.49e+07 1.0 0.0e+00 0.0e+00 2.0e+01  0  0  0  0  0   2  2  0  0  4 13589
PCApply               19 1.0 1.6882e+00 1.0 1.84e+08 1.1 5.9e+05 5.6e+02 4.2e+02  1  2 10  2 10  12 16 78 22 78 13461

--- Event Stage 3: Fine-only solve

VecDot                 5 1.0 1.3884e-02 9.8 5.02e+05 1.0 0.0e+00 0.0e+00 5.0e+00  0  0  0  0  0   0  0  0  0  1  4626
VecMDot              216 1.0 3.1934e-01 3.4 1.32e+07 1.0 0.0e+00 0.0e+00 2.2e+02  0  0  0  0  5   1  1  0  0 26  5310
VecNorm              519 1.0 3.0752e-01 2.6 1.77e+07 1.0 0.0e+00 0.0e+00 5.2e+02  0  0  0  0 12   1  1  0  0 61  7375
VecScale             413 1.0 3.3260e-02 1.0 6.98e+06 1.0 0.0e+00 0.0e+00 0.0e+00  0  0  0  0  0   0  0  0  0  0 26851
VecCopy              212 1.0 1.9633e-02 1.0 0.00e+00 0.0 0.0e+00 0.0e+00 0.0e+00  0  0  0  0  0   0  0  0  0  0     0
VecSet              2309 1.0 4.8729e-02 1.1 0.00e+00 0.0 0.0e+00 0.0e+00 0.0e+00  0  0  0  0  0   0  0  0  0  0     0
VecAXPY              293 1.0 3.5556e-02 1.0 8.78e+06 1.0 0.0e+00 0.0e+00 0.0e+00  0  0  0  0  0   0  0  0  0  0 31624
VecAYPX               96 1.0 2.7691e-02 1.0 1.38e+06 1.0 0.0e+00 0.0e+00 0.0e+00  0  0  0  0  0   0  0  0  0  0  6381
VecWAXPY               5 1.0 6.0902e-03 1.1 2.51e+05 1.0 0.0e+00 0.0e+00 0.0e+00  0  0  0  0  0   0  0  0  0  0  5273
VecMAXPY             413 1.0 8.6079e-02 1.0 2.12e+07 1.0 0.0e+00 0.0e+00 0.0e+00  0  0  0  0  0   0  1  0  0  0 31494
VecPointwiseMult      20 1.0 8.9073e-04 1.1 3.68e+04 1.0 0.0e+00 0.0e+00 0.0e+00  0  0  0  0  0   0  0  0  0  0  5288
VecScatterBegin      710 1.0 9.0859e-02 1.0 0.00e+00 0.0 9.3e+05 2.0e+03 0.0e+00  0  0 16 12  0   0  0 89 39  0     0
VecScatterEnd        710 1.0 7.3116e-01 5.8 0.00e+00 0.0 0.0e+00 0.0e+00 0.0e+00  0  0  0  0  0   1  0  0  0  0     0
VecReduceArith         2 1.0 6.6018e-04 1.1 2.01e+05 1.0 0.0e+00 0.0e+00 0.0e+00  0  0  0  0  0   0  0  0  0  0 38913
VecReduceComm          1 1.0 3.5250e-03107.1 0.00e+00 0.0 0.0e+00 0.0e+00 1.0e+00  0  0  0  0  0   0  0  0  0  0     0
VecNormalize         384 1.0 2.9478e-01 2.8 1.66e+07 1.0 0.0e+00 0.0e+00 3.8e+02  0  0  0  0  9   1  1  0  0 45  7193
MatMult              413 1.0 7.1409e+00 1.1 7.64e+08 1.1 4.2e+05 3.8e+03 0.0e+00  4  6  7 10  0  16 28 41 33  0 13007
MatMultAdd            96 1.0 1.2720e-01 1.0 9.24e+06 1.0 3.7e+04 8.6e+02 0.0e+00  0  0  1  0  0   0  0  4  1  0  9303
MatMultTranspose     116 1.0 3.5431e-01 2.2 1.12e+07 1.0 4.5e+04 8.6e+02 0.0e+00  0  0  1  0  0   0  0  4  1  0  4036
MatSolve             504 1.0 5.3477e+00 1.0 7.10e+08 1.0 0.0e+00 0.0e+00 0.0e+00  3  6  0  0  0  13 27  0  0  0 16985
MatLUFactorNum         5 1.0 9.2158e+00 1.0 8.81e+08 1.0 0.0e+00 0.0e+00 0.0e+00  6  8  0  0  0  22 34  0  0  0 12232
MatCholFctrNum        20 1.0 1.9894e+00 1.0 2.13e+08 1.0 0.0e+00 0.0e+00 0.0e+00  1  2  0  0  0   5  8  0  0  0 13716
MatAssemblyBegin      30 1.0 3.6641e-01 3.2 0.00e+00 0.0 2.9e+04 8.6e+04 7.0e+01  0  0  0 16  2   1  0  3 51  8     0
MatAssemblyEnd        30 1.0 3.1869e-01 2.1 0.00e+00 0.0 0.0e+00 0.0e+00 0.0e+00  0  0  0  0  0   0  0  0  0  0     0
MatGetRowIJ           15 1.0 7.5102e-05 1.2 0.00e+00 0.0 0.0e+00 0.0e+00 0.0e+00  0  0  0  0  0   0  0  0  0  0     0
MatGetOrdering        15 1.0 8.4510e-03 1.0 0.00e+00 0.0 0.0e+00 0.0e+00 3.0e+01  0  0  0  0  1   0  0  0  0  4     0
MatZeroEntries        25 1.0 1.4206e-02 1.1 0.00e+00 0.0 0.0e+00 0.0e+00 0.0e+00  0  0  0  0  0   0  0  0  0  0     0
MatGetRedundant        5 1.0 8.7774e-02 1.0 0.00e+00 0.0 8.1e+04 5.8e+03 0.0e+00  0  0  1  3  0   0  0  8 10  0     0
SNESSolve              1 1.0 4.2286e+01 1.0 2.66e+09 1.0 1.0e+06 4.6e+03 8.5e+02 27 23 18 31 20 100100100100100  7931
SNESLineSearch         5 1.0 5.1373e+00 1.0 2.94e+07 1.1 1.5e+04 8.2e+03 2.0e+01  3  0  0  1  0  12  1  1  3  2   703
SNESFunctionEval       6 1.0 5.8160e+00 1.0 0.00e+00 0.0 1.2e+04 7.4e+03 0.0e+00  4  0  0  1  0  14  0  1  2  0     0
SNESJacobianEval       5 1.0 1.1835e+01 1.0 1.96e+06 1.0 6.2e+04 4.1e+04 7.0e+01  8  0  1 16  2  28  0  6 53  8    21
KSPGMRESOrthog       216 1.0 3.8206e-01 2.4 2.65e+07 1.0 0.0e+00 0.0e+00 2.2e+02  0  0  0  0  5   1  1  0  0 26  8878
KSPSetup              55 1.0 2.4891e-04 1.1 0.00e+00 0.0 0.0e+00 0.0e+00 0.0e+00  0  0  0  0  0   0  0  0  0  0     0
KSPSolve               5 1.0 2.4340e+01 1.0 2.63e+09 1.0 9.6e+05 2.2e+03 7.5e+02 16 23 17 14 18  58 99 92 44 89 13616
PCSetUp               25 1.0 1.1303e+01 1.0 1.09e+09 1.0 8.1e+04 5.8e+03 3.0e+01  7 10  1  3  1  27 42  8 10  4 12388
PCSetUpOnBlocks      192 1.0 2.0006e+00 1.0 2.13e+08 1.0 0.0e+00 0.0e+00 3.0e+01  1  2  0  0  1   5  8  0  0  4 13639
PCApply               24 1.0 1.3764e+01 1.0 1.59e+09 1.0 8.6e+05 1.7e+03 7.0e+02  9 14 15  9 17  32 60 82 30 83 14513
------------------------------------------------------------------------------------------------------------------------

Memory usage is given in bytes:

Object Type          Creations   Destructions     Memory  Descendants' Mem.
Reports information only for process 0.

--- Event Stage 0: Main Stage

           Container     0              5         1500     0
 Toy Hydrostatic Ice     0              1          500     0
   Distributed array     0             10       319288     0
                 Vec     0            316     23156344     0
         Vec Scatter     0             47        28388     0
           Index Set     0             25       264020     0
   IS L to G Mapping     0             20       446176     0
              Matrix     0             59     73765404     0
                SNES     0              5         3740     0
       Krylov Solver     0             35       275224     0
      Preconditioner     0             35        18044     0
              Viewer     0              1          400     0

--- Event Stage 1: Full solve

           Container     5              0            0     0
 Toy Hydrostatic Ice     1              0            0     0
   Distributed array    10              0            0     0
                 Vec   395             79      1057892     0
         Vec Scatter    47              0            0     0
           Index Set   193            168      1827412     0
   IS L to G Mapping    20              0            0     0
              Matrix    59              0            0     0
                SNES     5              0            0     0
       Krylov Solver    35              0            0     0
      Preconditioner    35              0            0     0
              Viewer     1              0            0     0

--- Event Stage 2: Fine-1 solve

                 Vec     5              5         4860     0
           Index Set    20             20       152080     0

--- Event Stage 3: Fine-only solve

                 Vec     5              5         4860     0
           Index Set    30             30      1159320     0
========================================================================================================================
Average time to get PetscTime(): 3.50475e-06
Average time for MPI_Barrier(): 2.19345e-06
Average time for zero size MPI_Send(): 1.18278e-05
#PETSc Option Table entries:
-M 16
-P 4
-dmmg_form_function_ghost 1
-dmmg_grid_sequence 1
-ksp_converged_reason
-ksp_monitor
-ksp_rtol 1e-2
-log_summary
-mg_levels_1_sub_pc_type cholesky
-pc_mg_type multiplicative
-repeat_fine_solve 1
-snes_converged_reason
-snes_monitor
-thi_L 80e3
-thi_friction_m 0.3
-thi_hom z
-thi_nlevels 5
#End of PETSc Option Table entries
Compiled with FORTRAN kernels
Compiled with full precision matrices (default)
sizeof(short) 2 sizeof(int) 4 sizeof(long) 4 sizeof(void*) 4 sizeof(PetscScalar) 8
Configure run at: Wed Sep 15 06:55:31 2010
Configure options: --with-x=0 --with-is-color-value-type=short --with-debugging=1 --with-fortran-kernels=1 --with-mpi-dir=/bgsys/drivers/ppcfloor/comm --with-batch=1 --known-mpi-shared-libraries=1 --known-memcmp-ok --known-sizeof-char=1 --known-sizeof-void-p=4 --known-sizeof-short=2 --known-sizeof-int=4 --known-sizeof-long=4 --known-sizeof-size_t=4 --known-sizeof-long-long=8 --known-sizeof-float=4 --known-sizeof-double=8 --known-bits-per-byte=8 --known-sizeof-MPI_Comm=4 --known-sizeof-MPI_Fint=4 --known-mpi-long-double=1 --known-level1-dcache-assoc=0 --known-level1-dcache-linesize=32 --known-level1-dcache-size=32768 --with-shared=0 --prefix=/opt/share/ksl/petsc/dev-aug30/ppc450d-bgp_xlc_fast --with-clanguage=c --cflags="   -O3" --cxxflags="   -O3" --fflags="   -O3" --FCFLAGS= --LIBS=" -L/bgsys/ibm_essl/sles10/prod/opt/ibmmath/lib -L/opt/ibmcmp/xlsmp/bg/1.7/lib -L/opt/ibmcmp/xlmass/bg/4.4/bglib -L/opt/ibmcmp/xlf/bg/11.1/bglib   -lesslbg  -lxlf90_r -lxlopt -lxlsmp -lxl -lxlfmath -O3" --CC=/bgsys/drivers/ppcfloor/comm/xl/bin/mpixlc_r --CXX=/bgsys/drivers/ppcfloor/comm/xl/bin/mpixlcxx_r --FC=/bgsys/drivers/ppcfloor/comm/xl/bin/mpixlf90_r --with-debugging=0 PETSC_ARCH=bgp-xlc-fast
-----------------------------------------
Libraries compiled on Wed Sep 15 06:55:31 2010 on fen1 
Machine characteristics: Linux-2.6.16.60-0.66.1-ppc64-ppc64-with-SuSE-10-ppc
Using PETSc directory: /scratch/aron/sandbox/process/installs/builddir_ppc64/petsc-dev-aug30-bgp_xlc_fast/petsc-dev-16784
Using PETSc arch: bgp-xlc-fast
-----------------------------------------

Using C compiler: /bgsys/drivers/ppcfloor/comm/xl/bin/mpixlc_r  -O  ${COPTFLAGS} ${CFLAGS}
Using Fortran compiler: /bgsys/drivers/ppcfloor/comm/xl/bin/mpixlf90_r  -O   ${FOPTFLAGS} ${FFLAGS} 
-----------------------------------------

Using include paths: -I/scratch/aron/sandbox/process/installs/builddir_ppc64/petsc-dev-aug30-bgp_xlc_fast/petsc-dev-16784/bgp-xlc-fast/include -I/scratch/aron/sandbox/process/installs/builddir_ppc64/petsc-dev-aug30-bgp_xlc_fast/petsc-dev-16784/include -I/bgsys/drivers/ppcfloor/comm/include
-----------------------------------------

Using C linker: /bgsys/drivers/ppcfloor/comm/xl/bin/mpixlc_r
Using Fortran linker: /bgsys/drivers/ppcfloor/comm/xl/bin/mpixlf90_r
Using libraries: -Wl,-rpath,/scratch/aron/sandbox/process/installs/builddir_ppc64/petsc-dev-aug30-bgp_xlc_fast/petsc-dev-16784/bgp-xlc-fast/lib -L/scratch/aron/sandbox/process/installs/builddir_ppc64/petsc-dev-aug30-bgp_xlc_fast/petsc-dev-16784/bgp-xlc-fast/lib -lpetscts -lpetscsnes -lpetscksp -lpetscdm -lpetscmat -lpetscvec -lpetscsys -lnsl -lrt -L/bgsys/ibm_essl/sles10/prod/opt/ibmmath/lib -L/opt/ibmcmp/xlsmp/bg/1.7/lib -L/opt/ibmcmp/xlmass/bg/4.4/bglib -L/opt/ibmcmp/xlf/bg/11.1/bglib -L/bgsys/drivers/V1R4M2_200_2010-100508P/ppc/comm/xl/lib -L/bgsys/drivers/V1R4M2_200_2010-100508P/ppc/comm/sys/lib -L/bgsys/drivers/V1R4M2_200_2010-100508P/ppc/runtime/SPI -L/opt/ibmcmp/xlsmp/bg/1.7/bglib -L/opt/ibmcmp/vac/bg/9.0/bglib -L/opt/ibmcmp/vacpp/bg/9.0/bglib -L/bgsys/drivers/ppcfloor/gnu-linux/lib/gcc/powerpc-bgp-linux/4.1.2 -L/bgsys/drivers/ppcfloor/gnu-linux/powerpc-bgp-linux/lib -Wl,-rpath,/opt/ibmcmp/lib/bg/bglib -ldl -lesslbg -lxlf90_r -lxlopt -lxlsmp -lxl -lxlfmath -lpmpich.cnk -lmpich.cnk -lopa -Wl,-rpath,/bgsys/drivers/V1R4M2_200_2010-100508P/ppc/comm/sys/lib -ldcmf.cnk -ldcmfcoll.cnk -lpthread -Wl,-rpath,/bgsys/drivers/V1R4M2_200_2010-100508P/ppc/runtime/SPI -lSPI.cna -lrt -lgcc_eh -lxlomp_ser -lm -ldl -lesslbg -lxlf90_r -lxlopt -lxlsmp -lxl -lxlfmath -lpmpich.cnk -lmpich.cnk -lopa -ldcmf.cnk -ldcmfcoll.cnk -lpthread -lSPI.cna -lrt -lgcc_eh -ldl -lesslbg -lxlf90_r -lxlopt -lxlsmp -lxl -lxlfmath -O3 
-----------------------------------------

