Level 0 domain size (m)    8e+04 x    8e+04 x    1e+03, num elements  32 x  32 x   4 (    4096), size (m) 2500 x 2500 x 333.333
Level 1 domain size (m)    8e+04 x    8e+04 x    1e+03, num elements  64 x  64 x   7 (   28672), size (m) 1250 x 1250 x 166.667
Level 2 domain size (m)    8e+04 x    8e+04 x    1e+03, num elements 128 x 128 x  13 (  212992), size (m) 625 x 625 x 83.3333
Level 3 domain size (m)    8e+04 x    8e+04 x    1e+03, num elements 256 x 256 x  25 ( 1638400), size (m) 312.5 x 312.5 x 41.6667
Level 4 domain size (m)    8e+04 x    8e+04 x    1e+03, num elements 512 x 512 x  49 (12845056), size (m) 156.25 x 156.25 x 20.8333
          0 SNES Function norm 9.474957067903e+02 
Linear solve converged due to CONVERGED_ITS iterations 1
          1 SNES Function norm 8.805826102181e+02 
Linear solve converged due to CONVERGED_ITS iterations 1
          2 SNES Function norm 7.345585944548e+02 
Linear solve converged due to CONVERGED_ITS iterations 1
          3 SNES Function norm 5.330294830563e+02 
Linear solve converged due to CONVERGED_ITS iterations 1
          4 SNES Function norm 2.881865829915e+02 
Linear solve converged due to CONVERGED_ITS iterations 1
          5 SNES Function norm 7.699210085814e+01 
Linear solve converged due to CONVERGED_ITS iterations 1
          6 SNES Function norm 4.571010551253e+00 
Linear solve converged due to CONVERGED_ITS iterations 1
          7 SNES Function norm 1.481750413336e-02 
Linear solve converged due to CONVERGED_ITS iterations 1
          8 SNES Function norm 1.634425426049e-07 
Nonlinear solve converged due to CONVERGED_FNORM_RELATIVE
        0 SNES Function norm 3.441216820259e+02 
          0 KSP Residual norm 3.441216820259e+02 
          1 KSP Residual norm 6.160746521221e+00 
          2 KSP Residual norm 2.669014014165e-01 
Linear solve converged due to CONVERGED_RTOL iterations 2
        1 SNES Function norm 2.523410966219e+01 
          0 KSP Residual norm 2.523410966219e+01 
          1 KSP Residual norm 1.819543443512e+00 
          2 KSP Residual norm 2.254370353448e-01 
Linear solve converged due to CONVERGED_RTOL iterations 2
        2 SNES Function norm 6.140743761830e+00 
          0 KSP Residual norm 6.140743761830e+00 
          1 KSP Residual norm 4.238045485239e-01 
          2 KSP Residual norm 6.870338601365e-02 
          3 KSP Residual norm 9.687483381459e-03 
Linear solve converged due to CONVERGED_RTOL iterations 3
        3 SNES Function norm 3.413713040717e+00 
          0 KSP Residual norm 3.413713040717e+00 
          1 KSP Residual norm 2.113817648747e-01 
          2 KSP Residual norm 4.077262173458e-02 
          3 KSP Residual norm 6.805243273286e-03 
Linear solve converged due to CONVERGED_RTOL iterations 3
        4 SNES Function norm 1.561129995602e+00 
          0 KSP Residual norm 1.561129995602e+00 
          1 KSP Residual norm 1.319620783142e-01 
          2 KSP Residual norm 3.161319062219e-02 
          3 KSP Residual norm 5.810449563735e-03 
Linear solve converged due to CONVERGED_RTOL iterations 3
        5 SNES Function norm 2.263350273530e-01 
          0 KSP Residual norm 2.263350273530e-01 
          1 KSP Residual norm 1.509474653616e-02 
          2 KSP Residual norm 2.940620529367e-03 
          3 KSP Residual norm 5.611438198001e-04 
Linear solve converged due to CONVERGED_RTOL iterations 3
        6 SNES Function norm 9.976378546974e-03 
          0 KSP Residual norm 9.976378546974e-03 
          1 KSP Residual norm 6.112871792510e-04 
          2 KSP Residual norm 1.043430408419e-04 
          3 KSP Residual norm 2.139992219887e-05 
Linear solve converged due to CONVERGED_RTOL iterations 3
        7 SNES Function norm 3.104962345061e-05 
          0 KSP Residual norm 3.104962345061e-05 
          1 KSP Residual norm 6.128296364786e-06 
          2 KSP Residual norm 1.900228577669e-06 
          3 KSP Residual norm 2.959877066988e-07 
Linear solve converged due to CONVERGED_RTOL iterations 3
        8 SNES Function norm 2.959729744970e-07 
Nonlinear solve converged due to CONVERGED_FNORM_RELATIVE
      0 SNES Function norm 1.243736279893e+02 
        0 KSP Residual norm 1.243736279893e+02 
        1 KSP Residual norm 2.189365687674e+00 
        2 KSP Residual norm 1.069341992910e-01 
Linear solve converged due to CONVERGED_RTOL iterations 2
      1 SNES Function norm 2.736491937261e+00 
        0 KSP Residual norm 2.736491937261e+00 
        1 KSP Residual norm 3.273241904952e-01 
        2 KSP Residual norm 4.828745022327e-02 
        3 KSP Residual norm 1.327165400624e-02 
Linear solve converged due to CONVERGED_RTOL iterations 3
      2 SNES Function norm 5.763972329492e-01 
        0 KSP Residual norm 5.763972329492e-01 
        1 KSP Residual norm 3.988088770998e-02 
        2 KSP Residual norm 5.834464197314e-03 
        3 KSP Residual norm 1.334387100872e-03 
Linear solve converged due to CONVERGED_RTOL iterations 3
      3 SNES Function norm 3.650609935767e-01 
        0 KSP Residual norm 3.650609935767e-01 
        1 KSP Residual norm 2.373468664512e-02 
        2 KSP Residual norm 2.593723215952e-03 
Linear solve converged due to CONVERGED_RTOL iterations 2
      4 SNES Function norm 2.399686589399e-02 
        0 KSP Residual norm 2.399686589399e-02 
        1 KSP Residual norm 2.484256114912e-03 
        2 KSP Residual norm 4.471563387362e-04 
        3 KSP Residual norm 1.177820486894e-04 
Linear solve converged due to CONVERGED_RTOL iterations 3
      5 SNES Function norm 5.534155261257e-04 
        0 KSP Residual norm 5.534155261257e-04 
        1 KSP Residual norm 6.782978778450e-05 
        2 KSP Residual norm 1.887350545693e-05 
        3 KSP Residual norm 7.101259581975e-06 
        4 KSP Residual norm 2.983487889764e-06 
Linear solve converged due to CONVERGED_RTOL iterations 4
      6 SNES Function norm 2.996405320896e-06 
        0 KSP Residual norm 2.996405320896e-06 
        1 KSP Residual norm 1.450897754830e-06 
        2 KSP Residual norm 4.983076657462e-07 
        3 KSP Residual norm 1.391076951988e-07 
        4 KSP Residual norm 4.261508082648e-08 
        5 KSP Residual norm 7.153458052863e-09 
Linear solve converged due to CONVERGED_RTOL iterations 5
      7 SNES Function norm 7.153148537305e-09 
Nonlinear solve converged due to CONVERGED_FNORM_RELATIVE
    0 SNES Function norm 4.444819387251e+01 
      0 KSP Residual norm 4.444819387251e+01 
      1 KSP Residual norm 5.292545620467e-01 
      2 KSP Residual norm 3.382484013903e-02 
Linear solve converged due to CONVERGED_RTOL iterations 2
    1 SNES Function norm 2.857077185538e-01 
      0 KSP Residual norm 2.857077185538e-01 
      1 KSP Residual norm 4.744536121137e-02 
      2 KSP Residual norm 8.445564172499e-03 
      3 KSP Residual norm 1.646404392760e-03 
Linear solve converged due to CONVERGED_RTOL iterations 3
    2 SNES Function norm 2.232346974672e-02 
      0 KSP Residual norm 2.232346974672e-02 
      1 KSP Residual norm 2.329318493491e-03 
      2 KSP Residual norm 4.320841750572e-04 
      3 KSP Residual norm 1.671573004461e-04 
Linear solve converged due to CONVERGED_RTOL iterations 3
    3 SNES Function norm 9.694931161495e-04 
      0 KSP Residual norm 9.694931161495e-04 
      1 KSP Residual norm 1.113627563423e-04 
      2 KSP Residual norm 5.697236225200e-05 
      3 KSP Residual norm 1.748502069832e-05 
      4 KSP Residual norm 5.161134999145e-06 
Linear solve converged due to CONVERGED_RTOL iterations 4
    4 SNES Function norm 5.841310933680e-06 
      0 KSP Residual norm 5.841310933680e-06 
      1 KSP Residual norm 2.650402094335e-06 
      2 KSP Residual norm 7.284227343178e-07 
      3 KSP Residual norm 3.076588654408e-07 
      4 KSP Residual norm 9.402309300900e-08 
      5 KSP Residual norm 3.086000972628e-08 
Linear solve converged due to CONVERGED_RTOL iterations 5
    5 SNES Function norm 3.085921925738e-08 
Nonlinear solve converged due to CONVERGED_FNORM_RELATIVE
  0 SNES Function norm 1.579842131407e+01 
    0 KSP Residual norm 1.579842131407e+01 
    1 KSP Residual norm 1.310155916461e-01 
Linear solve converged due to CONVERGED_RTOL iterations 1
  1 SNES Function norm 1.357054747117e-01 
    0 KSP Residual norm 1.357054747117e-01 
    1 KSP Residual norm 1.412979683154e-02 
    2 KSP Residual norm 2.619858463595e-03 
    3 KSP Residual norm 6.775861482883e-04 
Linear solve converged due to CONVERGED_RTOL iterations 3
  2 SNES Function norm 1.662802993682e-03 
    0 KSP Residual norm 1.662802993682e-03 
    1 KSP Residual norm 3.113875992055e-04 
    2 KSP Residual norm 1.272573340008e-04 
    3 KSP Residual norm 4.436036894074e-05 
    4 KSP Residual norm 1.764916422324e-05 
    5 KSP Residual norm 7.175041233893e-06 
Linear solve converged due to CONVERGED_RTOL iterations 5
  3 SNES Function norm 1.889434177708e-05 
    0 KSP Residual norm 1.889434177708e-05 
    1 KSP Residual norm 4.457068429768e-06 
    2 KSP Residual norm 2.190895804165e-06 
    3 KSP Residual norm 7.563768135226e-07 
    4 KSP Residual norm 2.958889512367e-07 
    5 KSP Residual norm 1.063956860454e-07 
Linear solve converged due to CONVERGED_RTOL iterations 5
  4 SNES Function norm 1.063316056463e-07 
Nonlinear solve converged due to CONVERGED_FNORM_RELATIVE
Solution statistics after solve: Full
CONVERGED_FNORM_RELATIVE: Number of Newton iterations = 4, total linear iterations = 14
|X|_2 305483   u in [6.21732, 195.742]   v in [-4.65804, 5.18416]   c in [6.21737, 195.743] 
Surface statistics: u in [8.286111e+00, 1.957420e+02] mean 7.833665e+01
Global eta range   [2.65294e+10, 9.2273e+12], converged range [2.65433e+10, 7.13265e+12]
Global beta2 range [5.6501e+09, 2.12481e+13], converged range [5.65026e+09, 7.06107e+09]

    0 SNES Function norm 2.066374757939e+01 
      0 KSP Residual norm 2.066374757939e+01 
      1 KSP Residual norm 2.434104157631e-01 
      2 KSP Residual norm 7.650390038790e-03 
Linear solve converged due to CONVERGED_RTOL iterations 2
    1 SNES Function norm 1.226281416745e+00 
      0 KSP Residual norm 1.226281416745e+00 
      1 KSP Residual norm 1.765443762621e-02 
      2 KSP Residual norm 9.701049977030e-04 
Linear solve converged due to CONVERGED_RTOL iterations 2
    2 SNES Function norm 5.041859740532e-03 
      0 KSP Residual norm 5.041859740532e-03 
      1 KSP Residual norm 2.288601519881e-04 
      2 KSP Residual norm 6.758692528053e-05 
      3 KSP Residual norm 2.065238620149e-05 
Linear solve converged due to CONVERGED_RTOL iterations 3
    3 SNES Function norm 2.064025914919e-05 
      0 KSP Residual norm 2.064025914919e-05 
      1 KSP Residual norm 8.421713420229e-06 
      2 KSP Residual norm 2.522522026721e-06 
      3 KSP Residual norm 7.709806720164e-07 
      4 KSP Residual norm 2.802345151766e-07 
      5 KSP Residual norm 9.545614786049e-08 
Linear solve converged due to CONVERGED_RTOL iterations 5
    4 SNES Function norm 9.545159454116e-08 
Nonlinear solve converged due to CONVERGED_FNORM_RELATIVE
Solution statistics after solve: Fine-1
CONVERGED_FNORM_RELATIVE: Number of Newton iterations = 4, total linear iterations = 12
|X|_2 108853   u in [6.21734, 195.685]   v in [-4.6564, 5.18231]   c in [6.21739, 195.686] 
Surface statistics: u in [8.285205e+00, 1.956854e+02] mean 7.831558e+01
Global eta range   [2.65294e+10, 9.2273e+12], converged range [2.71094e+10, 4.92155e+12]
Global beta2 range [5.59343e+09, 2.12481e+13], converged range [5.65055e+09, 7.03924e+09]

  0 SNES Function norm 1.579842131398e+01 
    0 KSP Residual norm 1.579842131398e+01 
    1 KSP Residual norm 1.310155915289e-01 
Linear solve converged due to CONVERGED_RTOL iterations 1
  1 SNES Function norm 1.357054745665e-01 
    0 KSP Residual norm 1.357054745665e-01 
    1 KSP Residual norm 1.412979680721e-02 
    2 KSP Residual norm 2.619858315240e-03 
    3 KSP Residual norm 6.775861548622e-04 
Linear solve converged due to CONVERGED_RTOL iterations 3
  2 SNES Function norm 1.662802888564e-03 
    0 KSP Residual norm 1.662802888564e-03 
    1 KSP Residual norm 3.113875443045e-04 
    2 KSP Residual norm 1.272573551895e-04 
    3 KSP Residual norm 4.436037487642e-05 
    4 KSP Residual norm 1.764915955455e-05 
    5 KSP Residual norm 7.175038413102e-06 
Linear solve converged due to CONVERGED_RTOL iterations 5
  3 SNES Function norm 1.889433312399e-05 
    0 KSP Residual norm 1.889433312399e-05 
    1 KSP Residual norm 4.457066183358e-06 
    2 KSP Residual norm 2.190894650934e-06 
    3 KSP Residual norm 7.563764938629e-07 
    4 KSP Residual norm 2.958887879216e-07 
    5 KSP Residual norm 1.063955745014e-07 
Linear solve converged due to CONVERGED_RTOL iterations 5
  4 SNES Function norm 1.063315347219e-07 
Nonlinear solve converged due to CONVERGED_FNORM_RELATIVE
Solution statistics after solve: Fine
CONVERGED_FNORM_RELATIVE: Number of Newton iterations = 4, total linear iterations = 14
|X|_2 305483   u in [6.21732, 195.742]   v in [-4.65804, 5.18416]   c in [6.21737, 195.743] 
Surface statistics: u in [8.286111e+00, 1.957420e+02] mean 7.833665e+01
Global eta range   [2.65294e+10, 9.2273e+12], converged range [2.65433e+10, 7.13265e+12]
Global beta2 range [5.59343e+09, 2.12481e+13], converged range [5.65026e+09, 7.06107e+09]

************************************************************************************************************************
***             WIDEN YOUR WINDOW TO 120 CHARACTERS.  Use 'enscript -r -fCourier9' to print this document            ***
************************************************************************************************************************

---------------------------------------------- PETSc Performance Summary: ----------------------------------------------

./ex48 on a bgp-xlc-f named ionode97 with 256 processors, by Unknown Wed Sep 15 07:36:52 2010
Using Petsc Development HG revision: aeb2eea2e3ddfd0635951d6560aa7114704dab25  HG Date: Sat Aug 21 15:26:55 2010 -0500

                         Max       Max/Min        Avg      Total 
Time (sec):           8.871e+02      1.00000   8.871e+02
Objects:              8.470e+02      1.00000   8.470e+02
Flops:                7.770e+10      1.00206   7.762e+10  1.987e+13
Flops/sec:            8.759e+07      1.00206   8.750e+07  2.240e+10
MPI Messages:         6.268e+04      1.04680   5.990e+04  1.533e+07
MPI Message Lengths:  2.216e+08      1.00068   3.699e+03  5.672e+10
MPI Reductions:       3.372e+03      1.00000

Flop counting convention: 1 flop = 1 real number operation of type (multiply/divide/add/subtract)
                            e.g., VecAXPY() for real vectors of length N --> 2N flops
                            and VecAXPY() for complex vectors of length N --> 8N flops

Summary of Stages:   ----- Time ------  ----- Flops -----  --- Messages ---  -- Message Lengths --  -- Reductions --
                        Avg     %Total     Avg     %Total   counts   %Total     Avg         %Total   counts   %Total 
 0:      Main Stage: 1.0719e-01   0.0%  3.2204e+08   0.0%  7.146e+03   0.0%  3.320e-01        0.0%  1.500e+01   0.4% 
 1:      Full solve: 6.7932e+02  76.6%  1.5537e+13  78.2%  1.192e+07  77.8%  2.608e+03       70.5%  2.221e+03  65.9% 
 2:    Fine-1 solve: 8.3058e+01   9.4%  1.9221e+12   9.7%  1.527e+06  10.0%  3.412e+02        9.2%  3.570e+02  10.6% 
 3: Fine-only solve: 1.2462e+02  14.0%  2.4122e+12  12.1%  1.876e+06  12.2%  7.498e+02       20.3%  5.210e+02  15.5% 

------------------------------------------------------------------------------------------------------------------------
See the 'Profiling' chapter of the users' manual for details on interpreting output.
Phase summary info:
   Count: number of times phase was executed
   Time and Flops: Max - maximum over all processors
                   Ratio - ratio of maximum to minimum over all processors
   Mess: number of messages sent
   Avg. len: average message length
   Reduct: number of global reductions
   Global: entire computation
   Stage: stages of a computation. Set stages with PetscLogStagePush() and PetscLogStagePop().
      %T - percent time in this phase         %F - percent flops in this phase
      %M - percent messages in this phase     %L - percent message lengths in this phase
      %R - percent reductions in this phase
   Total Mflop/s: 10e-6 * (sum of flops over all processors)/(max time over all processors)
------------------------------------------------------------------------------------------------------------------------
Event                Count      Time (sec)     Flops                             --- Global ---  --- Stage ---   Total
                   Max Ratio  Max     Ratio   Max  Ratio  Mess   Avg len Reduct  %T %F %M %L %R  %T %F %M %L %R Mflop/s
------------------------------------------------------------------------------------------------------------------------

--- Event Stage 0: Main Stage

VecSet                 2 1.0 3.6001e-05 1.1 0.00e+00 0.0 0.0e+00 0.0e+00 0.0e+00  0  0  0  0  0   0  0  0  0  0     0
VecPointwiseMult       1 1.0 2.7084e-04 1.2 1.28e+04 1.0 0.0e+00 0.0e+00 0.0e+00  0  0  0  0  0   0  1  0  0  0 12098
VecScatterBegin        2 1.0 1.2374e-04 1.1 0.00e+00 0.0 1.5e+03 3.3e+03 0.0e+00  0  0  0  0  0   0  0 21100  0     0
VecScatterEnd          2 1.0 1.5960e-03 8.8 0.00e+00 0.0 0.0e+00 0.0e+00 0.0e+00  0  0  0  0  0   0  0  0  0  0     0
MatMult                1 1.0 7.6132e-03 1.1 5.72e+05 1.0 7.7e+02 3.3e+03 0.0e+00  0  0  0  0  0   6 46 11 50  0 19248
MatMultTranspose       1 1.0 9.4862e-03 1.1 6.73e+05 1.0 7.7e+02 3.3e+03 0.0e+00  0  0  0  0  0   8 53 11 50  0 18156

--- Event Stage 1: Full solve

VecDot                32 1.0 2.2540e-02 6.5 9.58e+05 1.0 0.0e+00 0.0e+00 3.2e+01  0  0  0  0  1   0  0  0  0  1 10883
VecMDot              429 1.0 3.5766e-01 3.0 1.63e+07 1.0 0.0e+00 0.0e+00 4.3e+02  0  0  0  0 13   0  0  0  0 19 11637
VecNorm             1053 1.0 1.5166e+00 1.8 2.53e+07 1.0 0.0e+00 0.0e+00 1.1e+03  0  0  0  0 31   0  0  0  0 47  4266
VecScale             807 1.0 4.7652e-02 1.0 9.77e+06 1.0 0.0e+00 0.0e+00 0.0e+00  0  0  0  0  0   0  0  0  0  0 52488
VecCopy              474 1.0 2.9199e-02 1.0 0.00e+00 0.0 0.0e+00 0.0e+00 0.0e+00  0  0  0  0  0   0  0  0  0  0     0
VecSet              4527 1.0 7.4187e-02 1.1 0.00e+00 0.0 0.0e+00 0.0e+00 0.0e+00  0  0  0  0  0   0  0  0  0  0     0
VecAXPY              551 1.0 4.0668e-02 1.0 1.24e+07 1.0 0.0e+00 0.0e+00 0.0e+00  0  0  0  0  0   0  0  0  0  0 78047
VecAYPX              173 1.0 3.5793e-02 1.0 1.91e+06 1.0 0.0e+00 0.0e+00 0.0e+00  0  0  0  0  0   0  0  0  0  0 13637
VecWAXPY              33 1.0 1.0831e-02 1.0 4.80e+05 1.0 0.0e+00 0.0e+00 0.0e+00  0  0  0  0  0   0  0  0  0  0 11335
VecMAXPY             807 1.0 9.6493e-02 1.0 2.72e+07 1.0 0.0e+00 0.0e+00 0.0e+00  0  0  0  0  0   0  0  0  0  0 72202
VecPointwiseMult      53 1.0 1.7879e-03 1.1 7.05e+04 1.0 0.0e+00 0.0e+00 0.0e+00  0  0  0  0  0   0  0  0  0  0 10099
VecScatterBegin     1557 1.0 2.4943e-01 1.0 0.00e+00 0.0 8.2e+06 7.0e+02 0.0e+00  0  0 54 10  0   0  0 69 14  0     0
VecScatterEnd       1557 1.0 1.8874e+00 2.6 0.00e+00 0.0 0.0e+00 0.0e+00 0.0e+00  0  0  0  0  0   0  0  0  0  0     0
VecReduceArith        10 1.0 1.5647e-03 1.1 4.60e+05 1.0 0.0e+00 0.0e+00 0.0e+00  0  0  0  0  0   0  0  0  0  0 75304
VecReduceComm          5 1.0 1.1143e-02 5.1 0.00e+00 0.0 0.0e+00 0.0e+00 5.0e+00  0  0  0  0  0   0  0  0  0  0     0
VecNormalize         708 1.0 1.4433e+00 1.9 2.29e+07 1.0 0.0e+00 0.0e+00 7.1e+02  0  0  0  0 21   0  0  0  0 32  4059
MatMult              811 1.0 9.9397e+00 1.0 1.06e+09 1.1 1.7e+06 2.2e+03 0.0e+00  1  1 11  6  0   1  2 14  9  0 26202
MatMultAdd           173 1.0 1.9487e-01 1.1 1.27e+07 1.0 1.3e+05 5.4e+02 0.0e+00  0  0  1  0  0   0  0  1  0  0 16749
MatMultTranspose     230 1.0 5.0974e-01 2.1 1.72e+07 1.0 1.8e+05 5.4e+02 0.0e+00  0  0  1  0  0   0  0  1  0  0  8632
MatSolve             956 1.0 1.0982e+01 1.0 1.68e+09 1.0 0.0e+00 0.0e+00 0.0e+00  1  2  0  0  0   2  3  0  0  0 39117
MatLUFactorSym         5 1.0 2.4484e+00 1.0 0.00e+00 0.0 0.0e+00 0.0e+00 5.0e+00  0  0  0  0  0   0  0  0  0  0     0
MatLUFactorNum        32 1.0 6.1140e+02 1.0 5.74e+10 1.0 0.0e+00 0.0e+00 0.0e+00 69 74  0  0  0  90 95  0  0  0 24052
MatCholFctrSym         4 1.0 1.1690e-03 1.3 0.00e+00 0.0 0.0e+00 0.0e+00 0.0e+00  0  0  0  0  0   0  0  0  0  0     0
MatCholFctrNum        53 1.0 3.9518e+00 1.0 4.27e+08 1.0 0.0e+00 0.0e+00 0.0e+00  0  1  0  0  0   1  1  0  0  0 27685
MatICCFactorSym        6 1.0 1.0354e-01 1.0 0.00e+00 0.0 0.0e+00 0.0e+00 0.0e+00  0  0  0  0  0   0  0  0  0  0     0
MatAssemblyBegin     126 1.0 8.4628e-01 2.7 0.00e+00 0.0 2.0e+05 3.9e+04 2.4e+02  0  0  1 14  7   0  0  2 19 11     0
MatAssemblyEnd       126 1.0 9.1943e-01 1.3 0.00e+00 0.0 4.5e+04 1.3e+03 8.8e+01  0  0  0  0  3   0  0  0  0  4     0
MatGetRowIJ           38 1.0 2.8576e-02 1.0 0.00e+00 0.0 0.0e+00 0.0e+00 0.0e+00  0  0  0  0  0   0  0  0  0  0     0
MatGetOrdering        38 1.0 1.6350e-01 1.0 0.00e+00 0.0 0.0e+00 0.0e+00 8.6e+01  0  0  0  0  3   0  0  0  0  4     0
MatZeroEntries        85 1.0 2.7017e-02 1.1 0.00e+00 0.0 0.0e+00 0.0e+00 0.0e+00  0  0  0  0  0   0  0  0  0  0     0
MatGetRedundant       32 1.0 2.4879e+00 1.0 0.00e+00 0.0 2.7e+06 9.6e+03 1.0e+01  0  0 18 46  0   0  0 23 66  0     0
SNESSolve              5 1.0 6.7800e+02 1.0 6.07e+10 1.0 1.2e+07 3.4e+03 2.0e+03 76 78 77 70 58 100100 99100 88 22915
SNESLineSearch        32 1.0 9.8035e+00 1.0 5.58e+07 1.1 2.0e+05 2.0e+03 1.3e+02  1  0  1  1  4   1  0  2  1  6  1406
SNESFunctionEval      38 1.0 1.1436e+01 1.0 0.00e+00 0.0 1.6e+05 1.9e+03 1.0e+01  1  0  1  1  0   2  0  1  1  0     0
SNESJacobianEval      32 1.0 2.2548e+01 1.0 3.74e+06 1.0 4.1e+05 1.9e+04 2.3e+02  3  0  3 14  7   3  0  3 20 10    42
KSPGMRESOrthog       429 1.0 4.2428e-01 2.3 3.25e+07 1.0 0.0e+00 0.0e+00 4.3e+02  0  0  0  0 13   0  0  0  0 19 19621
KSPSetup             202 1.0 9.9757e-03 1.0 0.00e+00 0.0 0.0e+00 0.0e+00 0.0e+00  0  0  0  0  0   0  0  0  0  0     0
KSPSolve              32 1.0 6.4342e+02 1.0 6.07e+10 1.0 1.1e+07 2.8e+03 1.6e+03 73 78 73 56 46  95100 94 79 70 24123
PCSetUp               85 1.0 6.2061e+02 1.0 5.79e+10 1.0 3.4e+06 7.8e+03 1.6e+02 70 75 22 47  5  91 95 29 66  7 23872
PCSetUpOnBlocks      346 1.0 4.0796e+00 1.0 4.27e+08 1.0 0.0e+00 0.0e+00 7.0e+01  0  1  0  0  2   1  1  0  0  3 26817
PCApply               83 1.0 2.6051e+01 1.0 3.02e+09 1.0 7.6e+06 6.0e+02 1.3e+03  3  4 50  8 39   4  5 64 11 59 29351

--- Event Stage 2: Fine-1 solve

VecDot                 4 1.0 3.5782e-03 9.1 1.02e+05 1.0 0.0e+00 0.0e+00 4.0e+00  0  0  0  0  0   0  0  0  0  1  7326
VecMDot               84 1.0 4.9745e-02 3.8 1.40e+06 1.0 0.0e+00 0.0e+00 8.4e+01  0  0  0  0  2   0  0  0  0 24  7185
VecNorm              204 1.0 2.6753e-01 6.6 2.38e+06 1.0 0.0e+00 0.0e+00 2.0e+02  0  0  0  0  6   0  0  0  0 57  2274
VecScale             160 1.0 5.2671e-03 1.0 9.10e+05 1.0 0.0e+00 0.0e+00 0.0e+00  0  0  0  0  0   0  0  0  0  0 44220
VecCopy               88 1.0 3.3467e-03 1.0 0.00e+00 0.0 0.0e+00 0.0e+00 0.0e+00  0  0  0  0  0   0  0  0  0  0     0
VecSet               906 1.0 9.7313e-03 1.1 0.00e+00 0.0 0.0e+00 0.0e+00 0.0e+00  0  0  0  0  0   0  0  0  0  0     0
VecAXPY              112 1.0 5.4984e-03 1.2 1.16e+06 1.0 0.0e+00 0.0e+00 0.0e+00  0  0  0  0  0   0  0  0  0  0 54005
VecAYPX               36 1.0 3.6187e-03 1.0 1.76e+05 1.0 0.0e+00 0.0e+00 0.0e+00  0  0  0  0  0   0  0  0  0  0 12469
VecWAXPY               4 1.0 1.2662e-03 1.1 5.12e+04 1.0 0.0e+00 0.0e+00 0.0e+00  0  0  0  0  0   0  0  0  0  0 10351
VecMAXPY             160 1.0 1.1342e-02 1.2 2.41e+06 1.0 0.0e+00 0.0e+00 0.0e+00  0  0  0  0  0   0  0  0  0  0 54362
VecPointwiseMult      12 1.0 2.3556e-04 1.1 7.68e+03 1.0 0.0e+00 0.0e+00 0.0e+00  0  0  0  0  0   0  0  0  0  0  8346
VecScatterBegin      294 1.0 3.7922e-02 1.0 0.00e+00 0.0 1.2e+06 7.1e+02 0.0e+00  0  0  8  2  0   0  0 80 17  0     0
VecScatterEnd        294 1.0 2.2560e-01 2.2 0.00e+00 0.0 0.0e+00 0.0e+00 0.0e+00  0  0  0  0  0   0  0  0  0  0     0
VecReduceArith         2 1.0 1.8620e-04 1.1 5.12e+04 1.0 0.0e+00 0.0e+00 0.0e+00  0  0  0  0  0   0  0  0  0  0 70389
VecReduceComm          1 1.0 2.4350e-0373.5 0.00e+00 0.0 0.0e+00 0.0e+00 1.0e+00  0  0  0  0  0   0  0  0  0  0     0
VecNormalize         144 1.0 2.6415e-01 8.4 2.12e+06 1.0 0.0e+00 0.0e+00 1.4e+02  0  0  0  0  4   0  0  0  0 40  2050
MatMult              160 1.0 9.2392e-01 1.1 9.92e+07 1.2 3.3e+05 1.7e+03 0.0e+00  0  0  2  1  0   1  1 21 11  0 25694
MatMultAdd            36 1.0 2.1235e-02 1.2 1.17e+06 1.0 2.8e+04 4.1e+02 0.0e+00  0  0  0  0  0   0  0  2  0  0 14124
MatMultTranspose      48 1.0 7.5433e-02 3.0 1.56e+06 1.0 3.7e+04 4.1e+02 0.0e+00  0  0  0  0  0   0  0  2  0  0  5301
MatSolve             192 1.0 1.1024e+00 1.0 1.80e+08 1.0 0.0e+00 0.0e+00 0.0e+00  0  0  0  0  0   1  2  0  0  0 41811
MatLUFactorNum         4 1.0 7.6435e+01 1.0 7.18e+09 1.0 0.0e+00 0.0e+00 0.0e+00  9  9  0  0  0  92 96  0  0  0 24049
MatCholFctrNum        12 1.0 4.0644e-01 1.0 4.37e+07 1.0 0.0e+00 0.0e+00 0.0e+00  0  0  0  0  0   0  1  0  0  0 27497
MatAssemblyBegin      20 1.0 1.1719e-01 2.5 0.00e+00 0.0 3.7e+04 3.6e+04 4.4e+01  0  0  0  2  1   0  0  2 25 12     0
MatAssemblyEnd        20 1.0 1.0355e-01 1.8 0.00e+00 0.0 0.0e+00 0.0e+00 0.0e+00  0  0  0  0  0   0  0  0  0  0     0
MatGetRowIJ            8 1.0 4.0293e-05 1.2 0.00e+00 0.0 0.0e+00 0.0e+00 0.0e+00  0  0  0  0  0   0  0  0  0  0     0
MatGetOrdering         8 1.0 1.9982e-03 1.0 0.00e+00 0.0 0.0e+00 0.0e+00 1.6e+01  0  0  0  0  0   0  0  0  0  4     0
MatZeroEntries        16 1.0 3.0160e-03 1.2 0.00e+00 0.0 0.0e+00 0.0e+00 0.0e+00  0  0  0  0  0   0  0  0  0  0     0
MatGetRedundant        4 1.0 3.0302e-01 1.1 0.00e+00 0.0 2.6e+05 1.2e+04 0.0e+00  0  0  2  5  0   0  0 17 58  0     0
SNESSolve              1 1.0 8.3058e+01 1.0 7.51e+09 1.0 1.5e+06 3.4e+03 3.6e+02  9 10 10  9 11 100100100100100 23142
SNESLineSearch         4 1.0 1.0378e+00 1.0 5.99e+06 1.1 2.5e+04 2.8e+03 1.6e+01  0  0  0  0  0   1  0  2  1  4  1395
SNESFunctionEval       5 1.0 1.2200e+00 1.0 0.00e+00 0.0 2.0e+04 2.6e+03 0.0e+00  0  0  0  0  0   1  0  1  1  0     0
SNESJacobianEval       4 1.0 2.4209e+00 1.0 3.98e+05 1.0 7.9e+04 1.7e+04 4.4e+01  0  0  1  2  1   3  0  5 26 12    42
KSPGMRESOrthog        84 1.0 5.7306e-02 2.7 2.79e+06 1.0 0.0e+00 0.0e+00 8.4e+01  0  0  0  0  2   0  0  0  0 24 12474
KSPSetup              36 1.0 1.6403e-04 1.1 0.00e+00 0.0 0.0e+00 0.0e+00 0.0e+00  0  0  0  0  0   0  0  0  0  0     0
KSPSolve               4 1.0 7.9354e+01 1.0 7.51e+09 1.0 1.4e+06 2.7e+03 2.9e+02  9 10  9  7  9  96100 93 73 82 24202
PCSetUp               16 1.0 7.7145e+01 1.0 7.22e+09 1.0 2.6e+05 1.2e+04 1.6e+01  9  9  2  5  0  93 96 17 58  4 23972
PCSetUpOnBlocks       72 1.0 4.0977e-01 1.0 4.37e+07 1.0 0.0e+00 0.0e+00 1.6e+01  0  0  0  0  0   0  1  0  0  4 27273
PCApply               12 1.0 2.6830e+00 1.1 3.09e+08 1.0 1.1e+06 6.0e+02 2.7e+02  0  0  7  1  8   3  4 74 13 75 28968

--- Event Stage 3: Fine-only solve

VecDot                 4 1.0 1.5619e-02 7.4 8.03e+05 1.0 0.0e+00 0.0e+00 4.0e+00  0  0  0  0  0   0  0  0  0  1 13158
VecMDot              126 1.0 2.5816e-01 2.9 1.39e+07 1.0 0.0e+00 0.0e+00 1.3e+02  0  0  0  0  4   0  0  0  0 24 13752
VecNorm              306 1.0 4.3290e-01 3.4 2.13e+07 1.0 0.0e+00 0.0e+00 3.1e+02  0  0  0  0  9   0  0  0  0 59 12610
VecScale             242 1.0 3.6382e-02 1.0 8.25e+06 1.0 0.0e+00 0.0e+00 0.0e+00  0  0  0  0  0   0  0  0  0  0 58041
VecCopy              128 1.0 2.2551e-02 1.0 0.00e+00 0.0 0.0e+00 0.0e+00 0.0e+00  0  0  0  0  0   0  0  0  0  0     0
VecSet              1364 1.0 4.9262e-02 1.1 0.00e+00 0.0 0.0e+00 0.0e+00 0.0e+00  0  0  0  0  0   0  0  0  0  0     0
VecAXPY              172 1.0 3.0902e-02 1.0 1.05e+07 1.0 0.0e+00 0.0e+00 0.0e+00  0  0  0  0  0   0  0  0  0  0 86705
VecAYPX               56 1.0 2.9362e-02 1.0 1.61e+06 1.0 0.0e+00 0.0e+00 0.0e+00  0  0  0  0  0   0  0  0  0  0 14042
VecWAXPY               4 1.0 8.7702e-03 1.0 4.01e+05 1.0 0.0e+00 0.0e+00 0.0e+00  0  0  0  0  0   0  0  0  0  0 11717
VecMAXPY             242 1.0 7.6645e-02 1.0 2.31e+07 1.0 0.0e+00 0.0e+00 0.0e+00  0  0  0  0  0   0  0  0  0  0 77224
VecPointwiseMult      16 1.0 1.3204e-03 1.1 5.89e+04 1.0 0.0e+00 0.0e+00 0.0e+00  0  0  0  0  0   0  0  0  0  0 11416
VecScatterBegin      428 1.0 8.5426e-02 1.0 0.00e+00 0.0 1.6e+06 2.0e+03 0.0e+00  0  0 10  6  0   0  0 84 27  0     0
VecScatterEnd        428 1.0 7.3898e-01 4.8 0.00e+00 0.0 0.0e+00 0.0e+00 0.0e+00  0  0  0  0  0   0  0  0  0  0     0
VecReduceArith         2 1.0 1.2982e-03 1.1 4.01e+05 1.0 0.0e+00 0.0e+00 0.0e+00  0  0  0  0  0   0  0  0  0  0 79156
VecReduceComm          1 1.0 6.6462e-03194.9 0.00e+00 0.0 0.0e+00 0.0e+00 1.0e+00  0  0  0  0  0   0  0  0  0  0     0
VecNormalize         224 1.0 4.1216e-01 3.7 1.93e+07 1.0 0.0e+00 0.0e+00 2.2e+02  0  0  0  0  7   0  0  0  0 43 12004
MatMult              242 1.0 8.3247e+00 1.0 8.93e+08 1.1 5.0e+05 5.0e+03 0.0e+00  1  1  3  4  0   6  9 26 22  0 26537
MatMultAdd            56 1.0 1.4264e-01 1.0 1.08e+07 1.0 4.3e+04 1.1e+03 0.0e+00  0  0  0  0  0   0  0  2  0  0 19358
MatMultTranspose      72 1.0 4.0331e-01 2.2 1.39e+07 1.0 5.5e+04 1.1e+03 0.0e+00  0  0  0  0  0   0  0  3  1  0  8802
MatSolve             294 1.0 6.8703e+00 1.0 9.21e+08 1.0 0.0e+00 0.0e+00 0.0e+00  1  1  0  0  0   6 10  0  0  0 34300
MatLUFactorNum         4 1.0 7.6444e+01 1.0 7.18e+09 1.0 0.0e+00 0.0e+00 0.0e+00  9  9  0  0  0  61 76  0  0  0 24046
MatCholFctrNum        16 1.0 3.2934e+00 1.0 3.53e+08 1.0 0.0e+00 0.0e+00 0.0e+00  0  0  0  0  0   3  4  0  0  0 27472
MatAssemblyBegin      24 1.0 5.5935e-01 3.3 0.00e+00 0.0 4.6e+04 1.2e+05 5.6e+01  0  0  0  9  2   0  0  2 46 11     0
MatAssemblyEnd        24 1.0 3.8474e-01 2.1 0.00e+00 0.0 0.0e+00 0.0e+00 0.0e+00  0  0  0  0  0   0  0  0  0  0     0
MatGetRowIJ           12 1.0 6.1989e-05 1.2 0.00e+00 0.0 0.0e+00 0.0e+00 0.0e+00  0  0  0  0  0   0  0  0  0  0     0
MatGetOrdering        12 1.0 1.2688e-02 1.0 0.00e+00 0.0 0.0e+00 0.0e+00 2.4e+01  0  0  0  0  1   0  0  0  0  5     0
MatZeroEntries        20 1.0 2.2047e-02 1.1 0.00e+00 0.0 0.0e+00 0.0e+00 0.0e+00  0  0  0  0  0   0  0  0  0  0     0
MatGetRedundant        4 1.0 2.9977e-01 1.1 0.00e+00 0.0 2.6e+05 1.2e+04 0.0e+00  0  0  2  5  0   0  0 14 26  0     0
SNESSolve              1 1.0 1.2462e+02 1.0 9.45e+09 1.0 1.9e+06 6.1e+03 5.2e+02 14 12 12 20 15 100100100100100 19356
SNESLineSearch         4 1.0 8.1951e+00 1.0 4.67e+07 1.1 2.5e+04 1.1e+04 1.6e+01  1  0  0  0  0   7  0  1  2  3  1416
SNESFunctionEval       5 1.0 9.6741e+00 1.0 0.00e+00 0.0 2.0e+04 9.7e+03 0.0e+00  1  0  0  0  0   8  0  1  2  0     0
SNESJacobianEval       4 1.0 1.8819e+01 1.0 3.14e+06 1.0 9.9e+04 5.5e+04 5.6e+01  2  0  1 10  2  15  0  5 47 11    43
KSPGMRESOrthog       126 1.0 3.0792e-01 2.2 2.77e+07 1.0 0.0e+00 0.0e+00 1.3e+02  0  0  0  0  4   0  0  0  0 24 23059
KSPSetup              44 1.0 1.9717e-04 1.1 0.00e+00 0.0 0.0e+00 0.0e+00 0.0e+00  0  0  0  0  0   0  0  0  0  0     0
KSPSolve               4 1.0 9.5667e+01 1.0 9.40e+09 1.0 1.7e+06 3.3e+03 4.4e+02 11 12 11 10 13  77 99 93 50 85 25082
PCSetUp               20 1.0 8.0049e+01 1.0 7.53e+09 1.0 2.6e+05 1.2e+04 2.4e+01  9 10  2  5  1  64 80 14 26  5 24094
PCSetUpOnBlocks      112 1.0 3.3080e+00 1.0 3.53e+08 1.0 0.0e+00 0.0e+00 2.4e+01  0  0  0  0  1   3  4  0  0  5 27350
PCApply               14 1.0 1.7647e+01 1.0 2.05e+09 1.0 1.5e+06 1.6e+03 4.2e+02  2  3 10  4 12  14 21 78 20 80 29333
------------------------------------------------------------------------------------------------------------------------

Memory usage is given in bytes:

Object Type          Creations   Destructions     Memory  Descendants' Mem.
Reports information only for process 0.

--- Event Stage 0: Main Stage

           Container     0              5         1500     0
 Toy Hydrostatic Ice     0              1          500     0
   Distributed array     0             10       575224     0
                 Vec     0            316     45990856     0
         Vec Scatter     0             47        28388     0
           Index Set     0             25       764500     0
   IS L to G Mapping     0             20       828592     0
              Matrix     0             59    314735644     0
                SNES     0              5         3740     0
       Krylov Solver     0             35       275224     0
      Preconditioner     0             35        18044     0
              Viewer     0              1          400     0

--- Event Stage 1: Full solve

           Container     5              0            0     0
 Toy Hydrostatic Ice     1              0            0     0
   Distributed array    10              0            0     0
                 Vec   396             80      2050608     0
         Vec Scatter    47              0            0     0
           Index Set   185            160      3191132     0
   IS L to G Mapping    20              0            0     0
              Matrix    59              0            0     0
                SNES     5              0            0     0
       Krylov Solver    35              0            0     0
      Preconditioner    35              0            0     0
              Viewer     1              0            0     0

--- Event Stage 2: Fine-1 solve

                 Vec     4              4         4400     0
           Index Set    16             16       237376     0

--- Event Stage 3: Fine-only solve

                 Vec     4              4         4400     0
           Index Set    24             24      1845984     0
========================================================================================================================
Average time to get PetscTime(): 3.50475e-06
Average time for MPI_Barrier(): 2.43187e-06
Average time for zero size MPI_Send(): 1.18399e-05
#PETSc Option Table entries:
-M 32
-P 4
-dmmg_form_function_ghost 1
-dmmg_grid_sequence 1
-ksp_converged_reason
-ksp_monitor
-ksp_rtol 1e-2
-log_summary
-mg_levels_1_sub_pc_type cholesky
-pc_mg_type multiplicative
-repeat_fine_solve 1
-snes_converged_reason
-snes_monitor
-thi_L 80e3
-thi_friction_m 0.3
-thi_hom z
-thi_nlevels 5
#End of PETSc Option Table entries
Compiled with FORTRAN kernels
Compiled with full precision matrices (default)
sizeof(short) 2 sizeof(int) 4 sizeof(long) 4 sizeof(void*) 4 sizeof(PetscScalar) 8
Configure run at: Wed Sep 15 06:55:31 2010
Configure options: --with-x=0 --with-is-color-value-type=short --with-debugging=1 --with-fortran-kernels=1 --with-mpi-dir=/bgsys/drivers/ppcfloor/comm --with-batch=1 --known-mpi-shared-libraries=1 --known-memcmp-ok --known-sizeof-char=1 --known-sizeof-void-p=4 --known-sizeof-short=2 --known-sizeof-int=4 --known-sizeof-long=4 --known-sizeof-size_t=4 --known-sizeof-long-long=8 --known-sizeof-float=4 --known-sizeof-double=8 --known-bits-per-byte=8 --known-sizeof-MPI_Comm=4 --known-sizeof-MPI_Fint=4 --known-mpi-long-double=1 --known-level1-dcache-assoc=0 --known-level1-dcache-linesize=32 --known-level1-dcache-size=32768 --with-shared=0 --prefix=/opt/share/ksl/petsc/dev-aug30/ppc450d-bgp_xlc_fast --with-clanguage=c --cflags="   -O3" --cxxflags="   -O3" --fflags="   -O3" --FCFLAGS= --LIBS=" -L/bgsys/ibm_essl/sles10/prod/opt/ibmmath/lib -L/opt/ibmcmp/xlsmp/bg/1.7/lib -L/opt/ibmcmp/xlmass/bg/4.4/bglib -L/opt/ibmcmp/xlf/bg/11.1/bglib   -lesslbg  -lxlf90_r -lxlopt -lxlsmp -lxl -lxlfmath -O3" --CC=/bgsys/drivers/ppcfloor/comm/xl/bin/mpixlc_r --CXX=/bgsys/drivers/ppcfloor/comm/xl/bin/mpixlcxx_r --FC=/bgsys/drivers/ppcfloor/comm/xl/bin/mpixlf90_r --with-debugging=0 PETSC_ARCH=bgp-xlc-fast
-----------------------------------------
Libraries compiled on Wed Sep 15 06:55:31 2010 on fen1 
Machine characteristics: Linux-2.6.16.60-0.66.1-ppc64-ppc64-with-SuSE-10-ppc
Using PETSc directory: /scratch/aron/sandbox/process/installs/builddir_ppc64/petsc-dev-aug30-bgp_xlc_fast/petsc-dev-16784
Using PETSc arch: bgp-xlc-fast
-----------------------------------------

Using C compiler: /bgsys/drivers/ppcfloor/comm/xl/bin/mpixlc_r  -O  ${COPTFLAGS} ${CFLAGS}
Using Fortran compiler: /bgsys/drivers/ppcfloor/comm/xl/bin/mpixlf90_r  -O   ${FOPTFLAGS} ${FFLAGS} 
-----------------------------------------

Using include paths: -I/scratch/aron/sandbox/process/installs/builddir_ppc64/petsc-dev-aug30-bgp_xlc_fast/petsc-dev-16784/bgp-xlc-fast/include -I/scratch/aron/sandbox/process/installs/builddir_ppc64/petsc-dev-aug30-bgp_xlc_fast/petsc-dev-16784/include -I/bgsys/drivers/ppcfloor/comm/include
-----------------------------------------

Using C linker: /bgsys/drivers/ppcfloor/comm/xl/bin/mpixlc_r
Using Fortran linker: /bgsys/drivers/ppcfloor/comm/xl/bin/mpixlf90_r
Using libraries: -Wl,-rpath,/scratch/aron/sandbox/process/installs/builddir_ppc64/petsc-dev-aug30-bgp_xlc_fast/petsc-dev-16784/bgp-xlc-fast/lib -L/scratch/aron/sandbox/process/installs/builddir_ppc64/petsc-dev-aug30-bgp_xlc_fast/petsc-dev-16784/bgp-xlc-fast/lib -lpetscts -lpetscsnes -lpetscksp -lpetscdm -lpetscmat -lpetscvec -lpetscsys -lnsl -lrt -L/bgsys/ibm_essl/sles10/prod/opt/ibmmath/lib -L/opt/ibmcmp/xlsmp/bg/1.7/lib -L/opt/ibmcmp/xlmass/bg/4.4/bglib -L/opt/ibmcmp/xlf/bg/11.1/bglib -L/bgsys/drivers/V1R4M2_200_2010-100508P/ppc/comm/xl/lib -L/bgsys/drivers/V1R4M2_200_2010-100508P/ppc/comm/sys/lib -L/bgsys/drivers/V1R4M2_200_2010-100508P/ppc/runtime/SPI -L/opt/ibmcmp/xlsmp/bg/1.7/bglib -L/opt/ibmcmp/vac/bg/9.0/bglib -L/opt/ibmcmp/vacpp/bg/9.0/bglib -L/bgsys/drivers/ppcfloor/gnu-linux/lib/gcc/powerpc-bgp-linux/4.1.2 -L/bgsys/drivers/ppcfloor/gnu-linux/powerpc-bgp-linux/lib -Wl,-rpath,/opt/ibmcmp/lib/bg/bglib -ldl -lesslbg -lxlf90_r -lxlopt -lxlsmp -lxl -lxlfmath -lpmpich.cnk -lmpich.cnk -lopa -Wl,-rpath,/bgsys/drivers/V1R4M2_200_2010-100508P/ppc/comm/sys/lib -ldcmf.cnk -ldcmfcoll.cnk -lpthread -Wl,-rpath,/bgsys/drivers/V1R4M2_200_2010-100508P/ppc/runtime/SPI -lSPI.cna -lrt -lgcc_eh -lxlomp_ser -lm -ldl -lesslbg -lxlf90_r -lxlopt -lxlsmp -lxl -lxlfmath -lpmpich.cnk -lmpich.cnk -lopa -ldcmf.cnk -ldcmfcoll.cnk -lpthread -lSPI.cna -lrt -lgcc_eh -ldl -lesslbg -lxlf90_r -lxlopt -lxlsmp -lxl -lxlfmath -O3 
-----------------------------------------

