Level 0 domain size (m)    8e+04 x    8e+04 x    1e+03, num elements  32 x  32 x   4 (    4096), size (m) 2500 x 2500 x 333.333
Level 1 domain size (m)    8e+04 x    8e+04 x    1e+03, num elements  64 x  64 x   7 (   28672), size (m) 1250 x 1250 x 166.667
Level 2 domain size (m)    8e+04 x    8e+04 x    1e+03, num elements 128 x 128 x  13 (  212992), size (m) 625 x 625 x 83.3333
Level 3 domain size (m)    8e+04 x    8e+04 x    1e+03, num elements 256 x 256 x  25 ( 1638400), size (m) 312.5 x 312.5 x 41.6667
Level 4 domain size (m)    8e+04 x    8e+04 x    1e+03, num elements 512 x 512 x  49 (12845056), size (m) 156.25 x 156.25 x 20.8333
          0 SNES Function norm 9.474957067903e+02 
Linear solve converged due to CONVERGED_ITS iterations 1
          1 SNES Function norm 8.805826102181e+02 
Linear solve converged due to CONVERGED_ITS iterations 1
          2 SNES Function norm 7.345585944548e+02 
Linear solve converged due to CONVERGED_ITS iterations 1
          3 SNES Function norm 5.330294830563e+02 
Linear solve converged due to CONVERGED_ITS iterations 1
          4 SNES Function norm 2.881865829915e+02 
Linear solve converged due to CONVERGED_ITS iterations 1
          5 SNES Function norm 7.699210085814e+01 
Linear solve converged due to CONVERGED_ITS iterations 1
          6 SNES Function norm 4.571010551253e+00 
Linear solve converged due to CONVERGED_ITS iterations 1
          7 SNES Function norm 1.481750413337e-02 
Linear solve converged due to CONVERGED_ITS iterations 1
          8 SNES Function norm 1.634425522905e-07 
Nonlinear solve converged due to CONVERGED_FNORM_RELATIVE
        0 SNES Function norm 3.441216820259e+02 
          0 KSP Residual norm 3.441216820259e+02 
          1 KSP Residual norm 5.163656990616e+00 
          2 KSP Residual norm 2.099303728506e-01 
Linear solve converged due to CONVERGED_RTOL iterations 2
        1 SNES Function norm 2.520368920779e+01 
          0 KSP Residual norm 2.520368920779e+01 
          1 KSP Residual norm 2.109321502594e+00 
          2 KSP Residual norm 2.548741831544e-01 
          3 KSP Residual norm 5.041704086317e-02 
Linear solve converged due to CONVERGED_RTOL iterations 3
        2 SNES Function norm 6.129860609481e+00 
          0 KSP Residual norm 6.129860609481e+00 
          1 KSP Residual norm 4.140644868788e-01 
          2 KSP Residual norm 6.396149177166e-02 
          3 KSP Residual norm 9.928157195285e-03 
Linear solve converged due to CONVERGED_RTOL iterations 3
        3 SNES Function norm 3.411276633428e+00 
          0 KSP Residual norm 3.411276633428e+00 
          1 KSP Residual norm 2.044638956704e-01 
          2 KSP Residual norm 4.087617738745e-02 
          3 KSP Residual norm 7.364950804388e-03 
Linear solve converged due to CONVERGED_RTOL iterations 3
        4 SNES Function norm 1.551877695114e+00 
          0 KSP Residual norm 1.551877695114e+00 
          1 KSP Residual norm 1.360759687050e-01 
          2 KSP Residual norm 3.268871587813e-02 
          3 KSP Residual norm 6.085972771329e-03 
Linear solve converged due to CONVERGED_RTOL iterations 3
        5 SNES Function norm 2.260592904388e-01 
          0 KSP Residual norm 2.260592904388e-01 
          1 KSP Residual norm 1.568044529242e-02 
          2 KSP Residual norm 3.228653188951e-03 
          3 KSP Residual norm 5.626514683274e-04 
Linear solve converged due to CONVERGED_RTOL iterations 3
        6 SNES Function norm 9.801811402391e-03 
          0 KSP Residual norm 9.801811402391e-03 
          1 KSP Residual norm 6.203311219664e-04 
          2 KSP Residual norm 1.091166247556e-04 
          3 KSP Residual norm 2.083133494033e-05 
Linear solve converged due to CONVERGED_RTOL iterations 3
        7 SNES Function norm 2.990063545493e-05 
          0 KSP Residual norm 2.990063545493e-05 
          1 KSP Residual norm 6.196776270526e-06 
          2 KSP Residual norm 1.587093294124e-06 
          3 KSP Residual norm 3.097370794412e-07 
          4 KSP Residual norm 5.532976810559e-08 
Linear solve converged due to CONVERGED_RTOL iterations 4
        8 SNES Function norm 5.534214899097e-08 
Nonlinear solve converged due to CONVERGED_FNORM_RELATIVE
      0 SNES Function norm 1.243736279886e+02 
        0 KSP Residual norm 1.243736279886e+02 
        1 KSP Residual norm 1.522145964408e+00 
        2 KSP Residual norm 9.569747002696e-02 
Linear solve converged due to CONVERGED_RTOL iterations 2
      1 SNES Function norm 2.723274057466e+00 
        0 KSP Residual norm 2.723274057466e+00 
        1 KSP Residual norm 3.255331596494e-01 
        2 KSP Residual norm 5.677427215125e-02 
        3 KSP Residual norm 1.607880204010e-02 
Linear solve converged due to CONVERGED_RTOL iterations 3
      2 SNES Function norm 5.663077136482e-01 
        0 KSP Residual norm 5.663077136482e-01 
        1 KSP Residual norm 4.454995317737e-02 
        2 KSP Residual norm 6.945625196600e-03 
        3 KSP Residual norm 1.425569916971e-03 
Linear solve converged due to CONVERGED_RTOL iterations 3
      3 SNES Function norm 3.455596038821e-01 
        0 KSP Residual norm 3.455596038821e-01 
        1 KSP Residual norm 2.168865833094e-02 
        2 KSP Residual norm 2.463395403993e-03 
Linear solve converged due to CONVERGED_RTOL iterations 2
      4 SNES Function norm 1.998314812648e-02 
        0 KSP Residual norm 1.998314812648e-02 
        1 KSP Residual norm 2.102379913965e-03 
        2 KSP Residual norm 3.929768451232e-04 
        3 KSP Residual norm 9.972570459796e-05 
Linear solve converged due to CONVERGED_RTOL iterations 3
      5 SNES Function norm 4.319989867360e-04 
        0 KSP Residual norm 4.319989867360e-04 
        1 KSP Residual norm 5.341565892310e-05 
        2 KSP Residual norm 1.438386198863e-05 
        3 KSP Residual norm 4.664477062319e-06 
        4 KSP Residual norm 1.957523785041e-06 
Linear solve converged due to CONVERGED_RTOL iterations 4
      6 SNES Function norm 1.963521804278e-06 
        0 KSP Residual norm 1.963521804278e-06 
        1 KSP Residual norm 9.923951960525e-07 
        2 KSP Residual norm 2.949418654736e-07 
        3 KSP Residual norm 8.181041355048e-08 
        4 KSP Residual norm 2.405501262383e-08 
        5 KSP Residual norm 5.775181927373e-09 
Linear solve converged due to CONVERGED_RTOL iterations 5
      7 SNES Function norm 5.775359201436e-09 
Nonlinear solve converged due to CONVERGED_FNORM_RELATIVE
    0 SNES Function norm 4.444819387251e+01 
      0 KSP Residual norm 4.444819387251e+01 
      1 KSP Residual norm 3.653466853730e-01 
Linear solve converged due to CONVERGED_RTOL iterations 1
    1 SNES Function norm 4.744242920854e-01 
      0 KSP Residual norm 4.744242920854e-01 
      1 KSP Residual norm 7.043820621294e-02 
      2 KSP Residual norm 8.981501506695e-03 
      3 KSP Residual norm 2.346089233862e-03 
Linear solve converged due to CONVERGED_RTOL iterations 3
    2 SNES Function norm 2.957536932125e-02 
      0 KSP Residual norm 2.957536932125e-02 
      1 KSP Residual norm 2.516974566958e-03 
      2 KSP Residual norm 5.682095367520e-04 
      3 KSP Residual norm 2.037410561301e-04 
Linear solve converged due to CONVERGED_RTOL iterations 3
    3 SNES Function norm 1.722626622271e-03 
      0 KSP Residual norm 1.722626622271e-03 
      1 KSP Residual norm 1.356200554333e-04 
      2 KSP Residual norm 6.528472951527e-05 
      3 KSP Residual norm 1.976697841979e-05 
      4 KSP Residual norm 7.017596187723e-06 
Linear solve converged due to CONVERGED_RTOL iterations 4
    4 SNES Function norm 1.100172667496e-05 
      0 KSP Residual norm 1.100172667496e-05 
      1 KSP Residual norm 3.997096068902e-06 
      2 KSP Residual norm 1.290590649565e-06 
      3 KSP Residual norm 5.289322533911e-07 
      4 KSP Residual norm 1.769700148077e-07 
      5 KSP Residual norm 5.251130388504e-08 
Linear solve converged due to CONVERGED_RTOL iterations 5
    5 SNES Function norm 5.250668864846e-08 
Nonlinear solve converged due to CONVERGED_FNORM_RELATIVE
  0 SNES Function norm 1.579842131406e+01 
    0 KSP Residual norm 1.579842131406e+01 
    1 KSP Residual norm 1.068991758187e-01 
Linear solve converged due to CONVERGED_RTOL iterations 1
  1 SNES Function norm 1.128847725756e-01 
    0 KSP Residual norm 1.128847725756e-01 
    1 KSP Residual norm 1.291802898298e-02 
    2 KSP Residual norm 2.468036200009e-03 
    3 KSP Residual norm 6.371829543272e-04 
Linear solve converged due to CONVERGED_RTOL iterations 3
  2 SNES Function norm 1.749752396097e-03 
    0 KSP Residual norm 1.749752396097e-03 
    1 KSP Residual norm 2.704611205988e-04 
    2 KSP Residual norm 1.056716120796e-04 
    3 KSP Residual norm 3.578339549230e-05 
    4 KSP Residual norm 1.418675345320e-05 
Linear solve converged due to CONVERGED_RTOL iterations 4
  3 SNES Function norm 2.538467942731e-05 
    0 KSP Residual norm 2.538467942731e-05 
    1 KSP Residual norm 8.053969367495e-06 
    2 KSP Residual norm 3.602446779276e-06 
    3 KSP Residual norm 1.272972977017e-06 
    4 KSP Residual norm 5.089536822941e-07 
    5 KSP Residual norm 1.727004126485e-07 
Linear solve converged due to CONVERGED_RTOL iterations 5
  4 SNES Function norm 1.727999269448e-07 
Nonlinear solve converged due to CONVERGED_PNORM_RELATIVE
Solution statistics after solve: Full
CONVERGED_PNORM_RELATIVE: Number of Newton iterations = 4, total linear iterations = 13
|X|_2 305483   u in [6.21732, 195.742]   v in [-4.65804, 5.18416]   c in [6.21737, 195.743] 
Surface statistics: u in [8.286111e+00, 1.957420e+02] mean 7.833665e+01
Global eta range   [2.65289e+10, 9.2273e+12], converged range [2.65433e+10, 7.13265e+12]
Global beta2 range [5.64957e+09, 2.25533e+13], converged range [5.65026e+09, 1.28662e+10]

    0 SNES Function norm 2.066374757933e+01 
      0 KSP Residual norm 2.066374757933e+01 
      1 KSP Residual norm 1.778461013063e-01 
Linear solve converged due to CONVERGED_RTOL iterations 1
    1 SNES Function norm 1.245585906422e+00 
      0 KSP Residual norm 1.245585906422e+00 
      1 KSP Residual norm 2.190720740988e-02 
      2 KSP Residual norm 1.441747366034e-03 
Linear solve converged due to CONVERGED_RTOL iterations 2
    2 SNES Function norm 5.008045828364e-03 
      0 KSP Residual norm 5.008045828364e-03 
      1 KSP Residual norm 3.642906034707e-04 
      2 KSP Residual norm 1.108320853755e-04 
      3 KSP Residual norm 3.017429616560e-05 
Linear solve converged due to CONVERGED_RTOL iterations 3
    3 SNES Function norm 3.003894423599e-05 
      0 KSP Residual norm 3.003894423599e-05 
      1 KSP Residual norm 9.170880874794e-06 
      2 KSP Residual norm 3.135591701964e-06 
      3 KSP Residual norm 9.863572920553e-07 
      4 KSP Residual norm 3.017619369168e-07 
      5 KSP Residual norm 1.150583617423e-07 
Linear solve converged due to CONVERGED_RTOL iterations 5
    4 SNES Function norm 1.150322901989e-07 
Nonlinear solve converged due to CONVERGED_FNORM_RELATIVE
Solution statistics after solve: Fine-1
CONVERGED_FNORM_RELATIVE: Number of Newton iterations = 4, total linear iterations = 11
|X|_2 108853   u in [6.21734, 195.685]   v in [-4.6564, 5.18231]   c in [6.21739, 195.686] 
Surface statistics: u in [8.285205e+00, 1.956854e+02] mean 7.831558e+01
Global eta range   [2.65289e+10, 9.2273e+12], converged range [2.71094e+10, 4.92155e+12]
Global beta2 range [5.59343e+09, 2.25533e+13], converged range [5.65055e+09, 1.28111e+10]

  0 SNES Function norm 1.579842131416e+01 
    0 KSP Residual norm 1.579842131416e+01 
    1 KSP Residual norm 1.068991756832e-01 
Linear solve converged due to CONVERGED_RTOL iterations 1
  1 SNES Function norm 1.128847711581e-01 
    0 KSP Residual norm 1.128847711581e-01 
    1 KSP Residual norm 1.291802897773e-02 
    2 KSP Residual norm 2.468035974843e-03 
    3 KSP Residual norm 6.371828526402e-04 
Linear solve converged due to CONVERGED_RTOL iterations 3
  2 SNES Function norm 1.749751744018e-03 
    0 KSP Residual norm 1.749751744018e-03 
    1 KSP Residual norm 2.704610233001e-04 
    2 KSP Residual norm 1.056716068484e-04 
    3 KSP Residual norm 3.578339764460e-05 
    4 KSP Residual norm 1.418674975798e-05 
Linear solve converged due to CONVERGED_RTOL iterations 4
  3 SNES Function norm 2.538465949192e-05 
    0 KSP Residual norm 2.538465949192e-05 
    1 KSP Residual norm 8.053965895482e-06 
    2 KSP Residual norm 3.602442558324e-06 
    3 KSP Residual norm 1.272973476299e-06 
    4 KSP Residual norm 5.089539436332e-07 
    5 KSP Residual norm 1.727003147125e-07 
Linear solve converged due to CONVERGED_RTOL iterations 5
  4 SNES Function norm 1.727998546974e-07 
Nonlinear solve converged due to CONVERGED_PNORM_RELATIVE
Solution statistics after solve: Fine
CONVERGED_PNORM_RELATIVE: Number of Newton iterations = 4, total linear iterations = 13
|X|_2 305483   u in [6.21732, 195.742]   v in [-4.65804, 5.18416]   c in [6.21737, 195.743] 
Surface statistics: u in [8.286111e+00, 1.957420e+02] mean 7.833665e+01
Global eta range   [2.65289e+10, 9.2273e+12], converged range [2.65433e+10, 7.13265e+12]
Global beta2 range [5.59343e+09, 2.25533e+13], converged range [5.65026e+09, 1.28662e+10]

************************************************************************************************************************
***             WIDEN YOUR WINDOW TO 120 CHARACTERS.  Use 'enscript -r -fCourier9' to print this document            ***
************************************************************************************************************************

---------------------------------------------- PETSc Performance Summary: ----------------------------------------------

./ex48 on a bgp-xlc-f named ionode51 with 64 processors, by Unknown Wed Sep 15 07:43:31 2010
Using Petsc Development HG revision: aeb2eea2e3ddfd0635951d6560aa7114704dab25  HG Date: Sat Aug 21 15:26:55 2010 -0500

                         Max       Max/Min        Avg      Total 
Time (sec):           1.208e+03      1.00000   1.208e+03
Objects:              8.470e+02      1.00000   8.470e+02
Flops:                9.209e+10      1.00330   9.194e+10  5.884e+12
Flops/sec:            7.626e+07      1.00330   7.613e+07  4.872e+09
MPI Messages:         2.599e+04      1.02728   2.531e+04  1.620e+06
MPI Message Lengths:  3.029e+08      1.00092   1.196e+04  1.937e+10
MPI Reductions:       3.284e+03      1.00000

Flop counting convention: 1 flop = 1 real number operation of type (multiply/divide/add/subtract)
                            e.g., VecAXPY() for real vectors of length N --> 2N flops
                            and VecAXPY() for complex vectors of length N --> 8N flops

Summary of Stages:   ----- Time ------  ----- Flops -----  --- Messages ---  -- Message Lengths --  -- Reductions --
                        Avg     %Total     Avg     %Total   counts   %Total     Avg         %Total   counts   %Total 
 0:      Main Stage: 1.9068e-01   0.0%  3.2204e+08   0.0%  1.770e+03   0.1%  1.544e+00        0.0%  1.500e+01   0.5% 
 1:      Full solve: 8.4647e+02  70.1%  4.3656e+12  74.2%  1.211e+06  74.8%  7.897e+03       66.0%  2.186e+03  66.6% 
 2:    Fine-1 solve: 9.9564e+01   8.2%  5.2586e+11   8.9%  1.732e+05  10.7%  1.089e+03        9.1%  3.340e+02  10.2% 
 3: Fine-only solve: 2.6141e+02  21.6%  9.9230e+11  16.9%  2.337e+05  14.4%  2.972e+03       24.8%  4.910e+02  15.0% 

------------------------------------------------------------------------------------------------------------------------
See the 'Profiling' chapter of the users' manual for details on interpreting output.
Phase summary info:
   Count: number of times phase was executed
   Time and Flops: Max - maximum over all processors
                   Ratio - ratio of maximum to minimum over all processors
   Mess: number of messages sent
   Avg. len: average message length
   Reduct: number of global reductions
   Global: entire computation
   Stage: stages of a computation. Set stages with PetscLogStagePush() and PetscLogStagePop().
      %T - percent time in this phase         %F - percent flops in this phase
      %M - percent messages in this phase     %L - percent message lengths in this phase
      %R - percent reductions in this phase
   Total Mflop/s: 10e-6 * (sum of flops over all processors)/(max time over all processors)
------------------------------------------------------------------------------------------------------------------------
Event                Count      Time (sec)     Flops                             --- Global ---  --- Stage ---   Total
                   Max Ratio  Max     Ratio   Max  Ratio  Mess   Avg len Reduct  %T %F %M %L %R  %T %F %M %L %R Mflop/s
------------------------------------------------------------------------------------------------------------------------

--- Event Stage 0: Main Stage

VecSet                 2 1.0 1.0133e-04 1.0 0.00e+00 0.0 0.0e+00 0.0e+00 0.0e+00  0  0  0  0  0   0  0  0  0  0     0
VecPointwiseMult       1 1.0 1.0610e-03 1.2 5.12e+04 1.0 0.0e+00 0.0e+00 0.0e+00  0  0  0  0  0   0  1  0  0  0  3089
VecScatterBegin        2 1.0 1.7381e-04 1.0 0.00e+00 0.0 3.8e+02 6.5e+03 0.0e+00  0  0  0  0  0   0  0 22100  0     0
VecScatterEnd          2 1.0 8.7214e-04 3.0 0.00e+00 0.0 0.0e+00 0.0e+00 0.0e+00  0  0  0  0  0   0  0  0  0  0     0
MatMult                1 1.0 2.7464e-02 1.0 2.29e+06 1.0 1.9e+02 6.5e+03 0.0e+00  0  0  0  0  0  14 46 11 50  0  5336
MatMultTranspose       1 1.0 3.4820e-02 1.0 2.69e+06 1.0 1.9e+02 6.5e+03 0.0e+00  0  0  0  0  0  18 53 11 50  0  4946

--- Event Stage 1: Full solve

VecDot                32 1.0 4.8914e-02 4.7 3.83e+06 1.0 0.0e+00 0.0e+00 3.2e+01  0  0  0  0  1   0  0  0  0  1  5015
VecMDot              419 1.0 8.3801e-01 2.1 5.88e+07 1.0 0.0e+00 0.0e+00 4.2e+02  0  0  0  0 13   0  0  0  0 19  4488
VecNorm             1028 1.0 2.0210e+00 1.7 9.50e+07 1.0 0.0e+00 0.0e+00 1.0e+03  0  0  0  0 31   0  0  0  0 47  3009
VecScale             787 1.0 1.5892e-01 1.0 3.66e+07 1.0 0.0e+00 0.0e+00 0.0e+00  0  0  0  0  0   0  0  0  0  0 14725
VecCopy              464 1.0 1.0422e-01 1.0 0.00e+00 0.0 0.0e+00 0.0e+00 0.0e+00  0  0  0  0  0   0  0  0  0  0     0
VecSet              4417 1.0 2.0453e-01 1.1 0.00e+00 0.0 0.0e+00 0.0e+00 0.0e+00  0  0  0  0  0   0  0  0  0  0     0
VecAXPY              536 1.0 1.4310e-01 1.1 4.65e+07 1.0 0.0e+00 0.0e+00 0.0e+00  0  0  0  0  0   0  0  0  0  0 20793
VecAYPX              168 1.0 1.3129e-01 1.0 7.11e+06 1.0 0.0e+00 0.0e+00 0.0e+00  0  0  0  0  0   0  0  0  0  0  3466
VecWAXPY              33 1.0 4.2713e-02 1.0 1.92e+06 1.0 0.0e+00 0.0e+00 0.0e+00  0  0  0  0  0   0  0  0  0  0  2874
VecMAXPY             787 1.0 3.3412e-01 1.0 9.96e+07 1.0 0.0e+00 0.0e+00 0.0e+00  0  0  0  0  0   0  0  0  0  0 19081
VecPointwiseMult      53 1.0 6.1512e-03 1.2 2.82e+05 1.0 0.0e+00 0.0e+00 0.0e+00  0  0  0  0  0   0  0  0  0  0  2935
VecScatterBegin     1527 1.0 2.8577e-01 1.0 0.00e+00 0.0 9.3e+05 2.5e+03 0.0e+00  0  0 57 12  0   0  0 77 18  0     0
VecScatterEnd       1527 1.0 2.0117e+00 6.9 0.00e+00 0.0 0.0e+00 0.0e+00 0.0e+00  0  0  0  0  0   0  0  0  0  0     0
VecReduceArith        10 1.0 5.9540e-03 1.1 1.84e+06 1.0 0.0e+00 0.0e+00 0.0e+00  0  0  0  0  0   0  0  0  0  0 19790
VecReduceComm          5 1.0 2.4022e-0210.1 0.00e+00 0.0 0.0e+00 0.0e+00 5.0e+00  0  0  0  0  0   0  0  0  0  0     0
VecNormalize         688 1.0 1.9448e+00 1.7 8.53e+07 1.0 0.0e+00 0.0e+00 6.9e+02  0  0  0  0 21   0  0  0  0 31  2808
MatMult              791 1.0 3.5964e+01 1.0 3.92e+09 1.0 4.0e+05 4.1e+03 0.0e+00  3  4 25  9  0   4  6 33 13  0  6821
MatMultAdd           168 1.0 6.2214e-01 1.0 4.75e+07 1.0 3.2e+04 1.0e+03 0.0e+00  0  0  2  0  0   0  0  3  0  0  4890
MatMultTranspose     225 1.0 1.3689e+00 1.6 6.53e+07 1.0 4.3e+04 1.0e+03 0.0e+00  0  0  3  0  0   0  0  4  0  0  3053
MatSolve             931 1.0 3.2830e+01 1.0 4.47e+09 1.0 0.0e+00 0.0e+00 0.0e+00  3  5  0  0  0   4  7  0  0  0  8711
MatLUFactorSym         5 1.0 2.4518e+00 1.0 0.00e+00 0.0 0.0e+00 0.0e+00 5.0e+00  0  0  0  0  0   0  0  0  0  0     0
MatLUFactorNum        32 1.0 6.1139e+02 1.0 5.74e+10 1.0 0.0e+00 0.0e+00 0.0e+00 51 62  0  0  0  72 84  0  0  0  6013
MatCholFctrSym         4 1.0 8.5268e-03 1.1 0.00e+00 0.0 0.0e+00 0.0e+00 0.0e+00  0  0  0  0  0   0  0  0  0  0     0
MatCholFctrNum        53 1.0 1.8256e+01 1.0 2.00e+09 1.0 0.0e+00 0.0e+00 0.0e+00  2  2  0  0  0   2  3  0  0  0  7016
MatICCFactorSym        6 1.0 4.3009e-01 1.0 0.00e+00 0.0 0.0e+00 0.0e+00 0.0e+00  0  0  0  0  0   0  0  0  0  0     0
MatAssemblyBegin     126 1.0 1.7979e+00 4.4 0.00e+00 0.0 4.9e+04 8.0e+04 2.4e+02  0  0  3 20  7   0  0  4 30 11     0
MatAssemblyEnd       126 1.0 1.5414e+00 1.4 0.00e+00 0.0 1.1e+04 2.6e+03 8.8e+01  0  0  1  0  3   0  0  1  0  4     0
MatGetRowIJ           38 1.0 2.7852e-02 1.0 0.00e+00 0.0 0.0e+00 0.0e+00 0.0e+00  0  0  0  0  0   0  0  0  0  0     0
MatGetOrdering        38 1.0 2.0470e-01 1.0 0.00e+00 0.0 0.0e+00 0.0e+00 8.6e+01  0  0  0  0  3   0  0  0  0  4     0
MatZeroEntries        85 1.0 1.0317e-01 1.1 0.00e+00 0.0 0.0e+00 0.0e+00 0.0e+00  0  0  0  0  0   0  0  0  0  0     0
MatGetRedundant       32 1.0 1.8323e+00 1.0 0.00e+00 0.0 1.7e+05 3.8e+04 1.0e+01  0  0 10 33  0   0  0 14 51  0     0
SNESSolve              5 1.0 8.4180e+02 1.0 6.83e+10 1.0 1.2e+06 1.1e+04 1.9e+03 70 74 73 66 58  99100 98100 88  5186
SNESLineSearch        32 1.0 3.8938e+01 1.0 2.20e+08 1.0 5.0e+04 3.9e+03 1.3e+02  3  0  3  1  4   5  0  4  2  6   356
SNESFunctionEval      38 1.0 4.5651e+01 1.0 0.00e+00 0.0 3.9e+04 3.7e+03 1.0e+01  4  0  2  1  0   5  0  3  1  0     0
SNESJacobianEval      32 1.0 8.8480e+01 1.0 1.50e+07 1.0 1.0e+05 3.9e+04 2.3e+02  7  0  6 21  7  10  0  8 31 10    11
KSPGMRESOrthog       419 1.0 1.0519e+00 1.7 1.18e+08 1.0 0.0e+00 0.0e+00 4.2e+02  0  0  0  0 13   0  0  0  0 19  7150
KSPSetup             202 1.0 2.8878e-02 1.0 0.00e+00 0.0 0.0e+00 0.0e+00 0.0e+00  0  0  0  0  0   0  0  0  0  0     0
KSPSolve              32 1.0 7.0549e+02 1.0 6.80e+10 1.0 1.0e+06 8.3e+03 1.5e+03 58 74 64 44 46  83100 85 67 69  6166
PCSetUp               85 1.0 6.3460e+02 1.0 5.94e+10 1.0 2.1e+05 3.1e+04 1.6e+02 53 65 13 34  5  75 87 17 51  8  5995
PCSetUpOnBlocks      336 1.0 1.8758e+01 1.0 2.00e+09 1.0 0.0e+00 0.0e+00 7.0e+01  2  2  0  0  2   2  3  0  0  3  6828
PCApply               83 1.0 8.4064e+01 1.0 9.84e+09 1.0 7.8e+05 2.3e+03 1.3e+03  7 11 48  9 39  10 14 64 14 58  7443

--- Event Stage 2: Fine-1 solve

VecDot                 4 1.0 7.8638e-03 6.8 4.10e+05 1.0 0.0e+00 0.0e+00 4.0e+00  0  0  0  0  0   0  0  0  0  1  3334
VecMDot               77 1.0 1.0570e-01 2.6 5.14e+06 1.0 0.0e+00 0.0e+00 7.7e+01  0  0  0  0  2   0  0  0  0 23  3115
VecNorm              188 1.0 4.9492e-01 7.6 8.82e+06 1.0 0.0e+00 0.0e+00 1.9e+02  0  0  0  0  6   0  0  0  0 56  1140
VecScale             147 1.0 1.5577e-02 1.0 3.35e+06 1.0 0.0e+00 0.0e+00 0.0e+00  0  0  0  0  0   0  0  0  0  0 13776
VecCopy               82 1.0 1.0715e-02 1.0 0.00e+00 0.0 0.0e+00 0.0e+00 0.0e+00  0  0  0  0  0   0  0  0  0  0     0
VecSet               835 1.0 2.1675e-02 1.1 0.00e+00 0.0 0.0e+00 0.0e+00 0.0e+00  0  0  0  0  0   0  0  0  0  0     0
VecAXPY              103 1.0 1.6773e-02 1.1 4.29e+06 1.0 0.0e+00 0.0e+00 0.0e+00  0  0  0  0  0   0  0  0  0  0 16359
VecAYPX               33 1.0 1.2938e-02 1.0 6.46e+05 1.0 0.0e+00 0.0e+00 0.0e+00  0  0  0  0  0   0  0  0  0  0  3197
VecWAXPY               4 1.0 4.9725e-03 1.1 2.05e+05 1.0 0.0e+00 0.0e+00 0.0e+00  0  0  0  0  0   0  0  0  0  0  2636
VecMAXPY             147 1.0 3.5457e-02 1.0 8.86e+06 1.0 0.0e+00 0.0e+00 0.0e+00  0  0  0  0  0   0  0  0  0  0 15986
VecPointwiseMult      12 1.0 7.1073e-04 1.1 3.07e+04 1.0 0.0e+00 0.0e+00 0.0e+00  0  0  0  0  0   0  0  0  0  0  2766
VecScatterBegin      273 1.0 4.0174e-02 1.0 0.00e+00 0.0 1.5e+05 2.3e+03 0.0e+00  0  0  9  2  0   0  0 85 20  0     0
VecScatterEnd        273 1.0 2.5440e-01 6.2 0.00e+00 0.0 0.0e+00 0.0e+00 0.0e+00  0  0  0  0  0   0  0  0  0  0     0
VecReduceArith         2 1.0 6.7306e-04 1.1 2.05e+05 1.0 0.0e+00 0.0e+00 0.0e+00  0  0  0  0  0   0  0  0  0  0 19474
VecReduceComm          1 1.0 2.7442e-0374.3 0.00e+00 0.0 0.0e+00 0.0e+00 1.0e+00  0  0  0  0  0   0  0  0  0  0     0
VecNormalize         132 1.0 4.8571e-01 9.1 7.76e+06 1.0 0.0e+00 0.0e+00 1.3e+02  0  0  0  0  4   0  0  0  0 40  1022
MatMult              147 1.0 3.1885e+00 1.0 3.58e+08 1.1 7.5e+04 3.3e+03 0.0e+00  0  0  5  1  0   3  4 43 14  0  6939
MatMultAdd            33 1.0 6.1136e-02 1.1 4.30e+06 1.0 6.3e+03 7.8e+02 0.0e+00  0  0  0  0  0   0  0  4  0  0  4497
MatMultTranspose      45 1.0 1.7999e-01 2.2 5.86e+06 1.0 8.6e+03 7.8e+02 0.0e+00  0  0  1  0  0   0  0  5  0  0  2083
MatSolve             176 1.0 2.9587e+00 1.0 4.25e+08 1.0 0.0e+00 0.0e+00 0.0e+00  0  0  0  0  0   3  5  0  0  0  9184
MatLUFactorNum         4 1.0 7.6541e+01 1.0 7.18e+09 1.0 0.0e+00 0.0e+00 0.0e+00  6  8  0  0  0  77 87  0  0  0  6004
MatCholFctrNum        12 1.0 2.0202e+00 1.0 2.23e+08 1.0 0.0e+00 0.0e+00 0.0e+00  0  0  0  0  0   2  3  0  0  0  7080
MatAssemblyBegin      20 1.0 2.0122e-01 3.5 0.00e+00 0.0 9.2e+03 7.2e+04 4.4e+01  0  0  1  3  1   0  0  5 38 13     0
MatAssemblyEnd        20 1.0 1.9262e-01 1.9 0.00e+00 0.0 0.0e+00 0.0e+00 0.0e+00  0  0  0  0  0   0  0  0  0  0     0
MatGetRowIJ            8 1.0 4.0054e-05 1.2 0.00e+00 0.0 0.0e+00 0.0e+00 0.0e+00  0  0  0  0  0   0  0  0  0  0     0
MatGetOrdering         8 1.0 6.5482e-03 1.0 0.00e+00 0.0 0.0e+00 0.0e+00 1.6e+01  0  0  0  0  0   0  0  0  0  5     0
MatZeroEntries        16 1.0 1.1185e-02 1.1 0.00e+00 0.0 0.0e+00 0.0e+00 0.0e+00  0  0  0  0  0   0  0  0  0  0     0
MatGetRedundant        4 1.0 2.2622e-01 1.1 0.00e+00 0.0 1.6e+04 4.7e+04 0.0e+00  0  0  1  4  0   0  0  9 43  0     0
SNESSolve              1 1.0 9.9564e+01 1.0 8.23e+09 1.0 1.7e+05 1.0e+04 3.3e+02  8  9 11  9 10 100100100100100  5282
SNESLineSearch         4 1.0 4.1051e+00 1.0 2.35e+07 1.1 6.1e+03 5.5e+03 1.6e+01  0  0  0  0  0   4  0  4  2  5   356
SNESFunctionEval       5 1.0 4.8561e+00 1.0 0.00e+00 0.0 5.1e+03 5.0e+03 0.0e+00  0  0  0  0  0   5  0  3  1  0     0
SNESJacobianEval       4 1.0 9.3954e+00 1.0 1.59e+06 1.0 2.0e+04 3.5e+04 4.4e+01  1  0  1  4  1   9  0 11 39 13    11
KSPGMRESOrthog        77 1.0 1.2974e-01 2.0 1.03e+07 1.0 0.0e+00 0.0e+00 7.7e+01  0  0  0  0  2   0  0  0  0 23  5076
KSPSetup              36 1.0 1.6141e-04 1.1 0.00e+00 0.0 0.0e+00 0.0e+00 0.0e+00  0  0  0  0  0   0  0  0  0  0     0
KSPSolve               4 1.0 8.5088e+01 1.0 8.20e+09 1.0 1.5e+05 7.1e+03 2.7e+02  7  9  9  5  8  85100 84 59 81  6161
PCSetUp               16 1.0 7.8789e+01 1.0 7.40e+09 1.0 1.6e+04 4.7e+04 1.6e+01  7  8  1  4  0  79 90  9 43  5  6014
PCSetUpOnBlocks       66 1.0 2.0280e+00 1.0 2.23e+08 1.0 0.0e+00 0.0e+00 1.6e+01  0  0  0  0  0   2  3  0  0  5  7052
PCApply               11 1.0 8.1507e+00 1.1 9.54e+08 1.0 1.2e+05 2.0e+03 2.5e+02  1  1  8  1  8   8 11 72 14 74  7413

--- Event Stage 3: Fine-only solve

VecDot                 4 1.0 3.4799e-02 4.4 3.21e+06 1.0 0.0e+00 0.0e+00 4.0e+00  0  0  0  0  0   0  0  0  0  1  5906
VecMDot              117 1.0 6.2712e-01 2.0 4.96e+07 1.0 0.0e+00 0.0e+00 1.2e+02  0  0  0  0  4   0  0  0  0 24  5064
VecNorm              285 1.0 9.1044e-01 2.7 7.99e+07 1.0 0.0e+00 0.0e+00 2.8e+02  0  0  0  0  9   0  1  0  0 58  5616
VecScale             225 1.0 1.2925e-01 1.0 3.08e+07 1.0 0.0e+00 0.0e+00 0.0e+00  0  0  0  0  0   0  0  0  0  0 15228
VecCopy              120 1.0 8.4851e-02 1.0 0.00e+00 0.0 0.0e+00 0.0e+00 0.0e+00  0  0  0  0  0   0  0  0  0  0     0
VecSet              1271 1.0 1.5718e-01 1.0 0.00e+00 0.0 0.0e+00 0.0e+00 0.0e+00  0  0  0  0  0   0  0  0  0  0     0
VecAXPY              160 1.0 1.1249e-01 1.1 3.91e+07 1.0 0.0e+00 0.0e+00 0.0e+00  0  0  0  0  0   0  0  0  0  0 22248
VecAYPX               52 1.0 1.0822e-01 1.0 5.98e+06 1.0 0.0e+00 0.0e+00 0.0e+00  0  0  0  0  0   0  0  0  0  0  3538
VecWAXPY               4 1.0 3.4993e-02 1.0 1.61e+06 1.0 0.0e+00 0.0e+00 0.0e+00  0  0  0  0  0   0  0  0  0  0  2937
VecMAXPY             225 1.0 2.6994e-01 1.0 8.40e+07 1.0 0.0e+00 0.0e+00 0.0e+00  0  0  0  0  0   0  1  0  0  0 19911
VecPointwiseMult      16 1.0 4.9627e-03 1.2 2.36e+05 1.0 0.0e+00 0.0e+00 0.0e+00  0  0  0  0  0   0  0  0  0  0  3037
VecScatterBegin      401 1.0 1.6304e-01 1.0 0.00e+00 0.0 2.1e+05 6.8e+03 0.0e+00  0  0 13  7  0   0  0 88 29  0     0
VecScatterEnd        401 1.0 1.2081e+0010.9 0.00e+00 0.0 0.0e+00 0.0e+00 0.0e+00  0  0  0  0  0   0  0  0  0  0     0
VecReduceArith         2 1.0 5.1253e-03 1.1 1.61e+06 1.0 0.0e+00 0.0e+00 0.0e+00  0  0  0  0  0   0  0  0  0  0 20050
VecReduceComm          1 1.0 1.6481e-02457.8 0.00e+00 0.0 0.0e+00 0.0e+00 1.0e+00  0  0  0  0  0   0  0  0  0  0     0
VecNormalize         208 1.0 8.5796e-01 2.8 7.18e+07 1.0 0.0e+00 0.0e+00 2.1e+02  0  0  0  0  6   0  0  0  0 42  5355
MatMult              225 1.0 3.0345e+01 1.0 3.29e+09 1.0 1.2e+05 9.9e+03 0.0e+00  2  4  7  6  0  11 21 49 24  0  6825
MatMultAdd            52 1.0 5.0520e-01 1.0 4.01e+07 1.0 1.0e+04 2.2e+03 0.0e+00  0  0  1  0  0   0  0  4  0  0  5075
MatMultTranspose      68 1.0 1.0884e+00 1.6 5.24e+07 1.0 1.3e+04 2.2e+03 0.0e+00  0  0  1  0  0   0  0  6  1  0  3080
MatSolve             273 1.0 2.4945e+01 1.0 3.20e+09 1.0 0.0e+00 0.0e+00 0.0e+00  2  3  0  0  0  10 21  0  0  0  8204
MatLUFactorNum         4 1.0 7.6530e+01 1.0 7.18e+09 1.0 0.0e+00 0.0e+00 0.0e+00  6  8  0  0  0  29 46  0  0  0  6005
MatCholFctrNum        16 1.0 1.3897e+01 1.0 1.50e+09 1.0 0.0e+00 0.0e+00 0.0e+00  1  2  0  0  0   5 10  0  0  0  6910
MatAssemblyBegin      24 1.0 1.3033e+00 6.2 0.00e+00 0.0 1.2e+04 2.3e+05 5.6e+01  0  0  1 14  2   0  0  5 55 11     0
MatAssemblyEnd        24 1.0 7.5912e-01 1.9 0.00e+00 0.0 0.0e+00 0.0e+00 0.0e+00  0  0  0  0  0   0  0  0  0  0     0
MatGetRowIJ           12 1.0 6.0081e-05 1.2 0.00e+00 0.0 0.0e+00 0.0e+00 0.0e+00  0  0  0  0  0   0  0  0  0  0     0
MatGetOrdering        12 1.0 4.7755e-02 1.0 0.00e+00 0.0 0.0e+00 0.0e+00 2.4e+01  0  0  0  0  1   0  0  0  0  5     0
MatZeroEntries        20 1.0 8.5760e-02 1.0 0.00e+00 0.0 0.0e+00 0.0e+00 0.0e+00  0  0  0  0  0   0  0  0  0  0     0
MatGetRedundant        4 1.0 2.2614e-01 1.1 0.00e+00 0.0 1.6e+04 4.7e+04 0.0e+00  0  0  1  4  0   0  0  7 16  0     0
SNESSolve              1 1.0 2.6141e+02 1.0 1.56e+10 1.0 2.3e+05 2.1e+04 4.9e+02 22 17 14 25 15 100100100100100  3796
SNESLineSearch         4 1.0 3.2698e+01 1.0 1.85e+08 1.0 6.1e+03 2.1e+04 1.6e+01  3  0  0  1  0  13  1  3  3  3   357
SNESFunctionEval       5 1.0 3.8666e+01 1.0 0.00e+00 0.0 5.1e+03 1.9e+04 0.0e+00  3  0  0  1  0  15  0  2  2  0     0
SNESJacobianEval       4 1.0 7.4137e+01 1.0 1.26e+07 1.0 2.5e+04 1.1e+05 5.6e+01  6  0  2 14  2  28  0 11 57 11    11
KSPGMRESOrthog       117 1.0 7.9484e-01 1.7 9.92e+07 1.0 0.0e+00 0.0e+00 1.2e+02  0  0  0  0  4   0  1  0  0 24  7991
KSPSetup              44 1.0 1.9574e-04 1.1 0.00e+00 0.0 0.0e+00 0.0e+00 0.0e+00  0  0  0  0  0   0  0  0  0  0     0
KSPSolve               4 1.0 1.4681e+02 1.0 1.54e+10 1.0 2.0e+05 9.6e+03 4.1e+02 12 17 12 10 13  56 99 86 40 84  6672
PCSetUp               20 1.0 9.0697e+01 1.0 8.68e+09 1.0 1.6e+04 4.7e+04 2.4e+01  7  9  1  4  1  35 56  7 16  5  6126
PCSetUpOnBlocks      104 1.0 1.3947e+01 1.0 1.50e+09 1.0 0.0e+00 0.0e+00 2.4e+01  1  2  0  0  1   5 10  0  0  5  6886
PCApply               13 1.0 6.4989e+01 1.0 7.54e+09 1.0 1.8e+05 5.7e+03 3.9e+02  5  8 11  5 12  25 48 77 21 79  7378
------------------------------------------------------------------------------------------------------------------------

Memory usage is given in bytes:

Object Type          Creations   Destructions     Memory  Descendants' Mem.
Reports information only for process 0.

--- Event Stage 0: Main Stage

           Container     0              5         1500     0
 Toy Hydrostatic Ice     0              1          500     0
   Distributed array     0             10      2075624     0
                 Vec     0            316    179696104     0
         Vec Scatter     0             47        28388     0
           Index Set     0             25      1555540     0
   IS L to G Mapping     0             20      3070512     0
              Matrix     0             59    461268092     0
                SNES     0              5         3740     0
       Krylov Solver     0             35       275224     0
      Preconditioner     0             35        18044     0
              Viewer     0              1          400     0

--- Event Stage 1: Full solve

           Container     5              0            0     0
 Toy Hydrostatic Ice     1              0            0     0
   Distributed array    10              0            0     0
                 Vec   396             80      8001072     0
         Vec Scatter    47              0            0     0
           Index Set   185            160     10588316     0
   IS L to G Mapping    20              0            0     0
              Matrix    59              0            0     0
                SNES     5              0            0     0
       Krylov Solver    35              0            0     0
      Preconditioner    35              0            0     0
              Viewer     1              0            0     0

--- Event Stage 2: Fine-1 solve

                 Vec     4              4         7472     0
           Index Set    16             16       931648     0

--- Event Stage 3: Fine-only solve

                 Vec     4              4         7472     0
           Index Set    24             24      7357152     0
========================================================================================================================
Average time to get PetscTime(): 3.40939e-06
Average time for MPI_Barrier(): 2.19345e-06
Average time for zero size MPI_Send(): 1.14553e-05
#PETSc Option Table entries:
-M 32
-P 4
-dmmg_form_function_ghost 1
-dmmg_grid_sequence 1
-ksp_converged_reason
-ksp_monitor
-ksp_rtol 1e-2
-log_summary
-mg_levels_1_sub_pc_type cholesky
-pc_mg_type multiplicative
-repeat_fine_solve 1
-snes_converged_reason
-snes_monitor
-thi_L 80e3
-thi_friction_m 0.3
-thi_hom z
-thi_nlevels 5
#End of PETSc Option Table entries
Compiled with FORTRAN kernels
Compiled with full precision matrices (default)
sizeof(short) 2 sizeof(int) 4 sizeof(long) 4 sizeof(void*) 4 sizeof(PetscScalar) 8
Configure run at: Wed Sep 15 06:55:31 2010
Configure options: --with-x=0 --with-is-color-value-type=short --with-debugging=1 --with-fortran-kernels=1 --with-mpi-dir=/bgsys/drivers/ppcfloor/comm --with-batch=1 --known-mpi-shared-libraries=1 --known-memcmp-ok --known-sizeof-char=1 --known-sizeof-void-p=4 --known-sizeof-short=2 --known-sizeof-int=4 --known-sizeof-long=4 --known-sizeof-size_t=4 --known-sizeof-long-long=8 --known-sizeof-float=4 --known-sizeof-double=8 --known-bits-per-byte=8 --known-sizeof-MPI_Comm=4 --known-sizeof-MPI_Fint=4 --known-mpi-long-double=1 --known-level1-dcache-assoc=0 --known-level1-dcache-linesize=32 --known-level1-dcache-size=32768 --with-shared=0 --prefix=/opt/share/ksl/petsc/dev-aug30/ppc450d-bgp_xlc_fast --with-clanguage=c --cflags="   -O3" --cxxflags="   -O3" --fflags="   -O3" --FCFLAGS= --LIBS=" -L/bgsys/ibm_essl/sles10/prod/opt/ibmmath/lib -L/opt/ibmcmp/xlsmp/bg/1.7/lib -L/opt/ibmcmp/xlmass/bg/4.4/bglib -L/opt/ibmcmp/xlf/bg/11.1/bglib   -lesslbg  -lxlf90_r -lxlopt -lxlsmp -lxl -lxlfmath -O3" --CC=/bgsys/drivers/ppcfloor/comm/xl/bin/mpixlc_r --CXX=/bgsys/drivers/ppcfloor/comm/xl/bin/mpixlcxx_r --FC=/bgsys/drivers/ppcfloor/comm/xl/bin/mpixlf90_r --with-debugging=0 PETSC_ARCH=bgp-xlc-fast
-----------------------------------------
Libraries compiled on Wed Sep 15 06:55:31 2010 on fen1 
Machine characteristics: Linux-2.6.16.60-0.66.1-ppc64-ppc64-with-SuSE-10-ppc
Using PETSc directory: /scratch/aron/sandbox/process/installs/builddir_ppc64/petsc-dev-aug30-bgp_xlc_fast/petsc-dev-16784
Using PETSc arch: bgp-xlc-fast
-----------------------------------------

Using C compiler: /bgsys/drivers/ppcfloor/comm/xl/bin/mpixlc_r  -O  ${COPTFLAGS} ${CFLAGS}
Using Fortran compiler: /bgsys/drivers/ppcfloor/comm/xl/bin/mpixlf90_r  -O   ${FOPTFLAGS} ${FFLAGS} 
-----------------------------------------

Using include paths: -I/scratch/aron/sandbox/process/installs/builddir_ppc64/petsc-dev-aug30-bgp_xlc_fast/petsc-dev-16784/bgp-xlc-fast/include -I/scratch/aron/sandbox/process/installs/builddir_ppc64/petsc-dev-aug30-bgp_xlc_fast/petsc-dev-16784/include -I/bgsys/drivers/ppcfloor/comm/include
-----------------------------------------

Using C linker: /bgsys/drivers/ppcfloor/comm/xl/bin/mpixlc_r
Using Fortran linker: /bgsys/drivers/ppcfloor/comm/xl/bin/mpixlf90_r
Using libraries: -Wl,-rpath,/scratch/aron/sandbox/process/installs/builddir_ppc64/petsc-dev-aug30-bgp_xlc_fast/petsc-dev-16784/bgp-xlc-fast/lib -L/scratch/aron/sandbox/process/installs/builddir_ppc64/petsc-dev-aug30-bgp_xlc_fast/petsc-dev-16784/bgp-xlc-fast/lib -lpetscts -lpetscsnes -lpetscksp -lpetscdm -lpetscmat -lpetscvec -lpetscsys -lnsl -lrt -L/bgsys/ibm_essl/sles10/prod/opt/ibmmath/lib -L/opt/ibmcmp/xlsmp/bg/1.7/lib -L/opt/ibmcmp/xlmass/bg/4.4/bglib -L/opt/ibmcmp/xlf/bg/11.1/bglib -L/bgsys/drivers/V1R4M2_200_2010-100508P/ppc/comm/xl/lib -L/bgsys/drivers/V1R4M2_200_2010-100508P/ppc/comm/sys/lib -L/bgsys/drivers/V1R4M2_200_2010-100508P/ppc/runtime/SPI -L/opt/ibmcmp/xlsmp/bg/1.7/bglib -L/opt/ibmcmp/vac/bg/9.0/bglib -L/opt/ibmcmp/vacpp/bg/9.0/bglib -L/bgsys/drivers/ppcfloor/gnu-linux/lib/gcc/powerpc-bgp-linux/4.1.2 -L/bgsys/drivers/ppcfloor/gnu-linux/powerpc-bgp-linux/lib -Wl,-rpath,/opt/ibmcmp/lib/bg/bglib -ldl -lesslbg -lxlf90_r -lxlopt -lxlsmp -lxl -lxlfmath -lpmpich.cnk -lmpich.cnk -lopa -Wl,-rpath,/bgsys/drivers/V1R4M2_200_2010-100508P/ppc/comm/sys/lib -ldcmf.cnk -ldcmfcoll.cnk -lpthread -Wl,-rpath,/bgsys/drivers/V1R4M2_200_2010-100508P/ppc/runtime/SPI -lSPI.cna -lrt -lgcc_eh -lxlomp_ser -lm -ldl -lesslbg -lxlf90_r -lxlopt -lxlsmp -lxl -lxlfmath -lpmpich.cnk -lmpich.cnk -lopa -ldcmf.cnk -ldcmfcoll.cnk -lpthread -lSPI.cna -lrt -lgcc_eh -ldl -lesslbg -lxlf90_r -lxlopt -lxlsmp -lxl -lxlfmath -O3 
-----------------------------------------

