Level 0 domain size (m)    8e+04 x    8e+04 x    1e+03, num elements  16 x  16 x   4 (    1024), size (m) 5000 x 5000 x 333.333
Level 1 domain size (m)    8e+04 x    8e+04 x    1e+03, num elements  32 x  32 x   7 (    7168), size (m) 2500 x 2500 x 166.667
Level 2 domain size (m)    8e+04 x    8e+04 x    1e+03, num elements  64 x  64 x  13 (   53248), size (m) 1250 x 1250 x 83.3333
Level 3 domain size (m)    8e+04 x    8e+04 x    1e+03, num elements 128 x 128 x  25 (  409600), size (m) 625 x 625 x 41.6667
Level 4 domain size (m)    8e+04 x    8e+04 x    1e+03, num elements 256 x 256 x  49 ( 3211264), size (m) 312.5 x 312.5 x 20.8333
          0 SNES Function norm 1.890950239303e+03 
Linear solve converged due to CONVERGED_ITS iterations 1
          1 SNES Function norm 1.757287341813e+03 
Linear solve converged due to CONVERGED_ITS iterations 1
          2 SNES Function norm 1.465775464679e+03 
Linear solve converged due to CONVERGED_ITS iterations 1
          3 SNES Function norm 1.063685356286e+03 
Linear solve converged due to CONVERGED_ITS iterations 1
          4 SNES Function norm 5.748318651833e+02 
Linear solve converged due to CONVERGED_ITS iterations 1
          5 SNES Function norm 1.532424959762e+02 
Linear solve converged due to CONVERGED_ITS iterations 1
          6 SNES Function norm 9.041261408270e+00 
Linear solve converged due to CONVERGED_ITS iterations 1
          7 SNES Function norm 2.886591244072e-02 
Linear solve converged due to CONVERGED_ITS iterations 1
          8 SNES Function norm 3.086921500333e-07 
Nonlinear solve converged due to CONVERGED_FNORM_RELATIVE
        0 SNES Function norm 6.890537207436e+02 
          0 KSP Residual norm 6.890537207436e+02 
          1 KSP Residual norm 1.382794027988e+01 
          2 KSP Residual norm 9.463755372990e-01 
Linear solve converged due to CONVERGED_RTOL iterations 2
        1 SNES Function norm 5.669289679846e+01 
          0 KSP Residual norm 5.669289679846e+01 
          1 KSP Residual norm 3.768514013467e+00 
          2 KSP Residual norm 4.525853593165e-01 
Linear solve converged due to CONVERGED_RTOL iterations 2
        2 SNES Function norm 9.042867565500e+00 
          0 KSP Residual norm 9.042867565500e+00 
          1 KSP Residual norm 8.944016222980e-01 
          2 KSP Residual norm 1.187375538738e-01 
          3 KSP Residual norm 2.617884004271e-02 
Linear solve converged due to CONVERGED_RTOL iterations 3
        3 SNES Function norm 1.319047418702e+00 
          0 KSP Residual norm 1.319047418702e+00 
          1 KSP Residual norm 1.067574280404e-01 
          2 KSP Residual norm 1.034226127907e-02 
Linear solve converged due to CONVERGED_RTOL iterations 2
        4 SNES Function norm 4.803433330297e-02 
          0 KSP Residual norm 4.803433330297e-02 
          1 KSP Residual norm 3.953446523361e-03 
          2 KSP Residual norm 5.778351439931e-04 
          3 KSP Residual norm 9.943209345269e-05 
Linear solve converged due to CONVERGED_RTOL iterations 3
        5 SNES Function norm 1.250495904138e-04 
          0 KSP Residual norm 1.250495904138e-04 
          1 KSP Residual norm 2.385924326657e-05 
          2 KSP Residual norm 4.058195957008e-06 
          3 KSP Residual norm 3.386380270333e-07 
Linear solve converged due to CONVERGED_RTOL iterations 3
        6 SNES Function norm 3.386369833917e-07 
Nonlinear solve converged due to CONVERGED_FNORM_RELATIVE
      0 SNES Function norm 2.488680090083e+02 
        0 KSP Residual norm 2.488680090083e+02 
        1 KSP Residual norm 9.413981977992e+00 
        2 KSP Residual norm 4.900908595098e-01 
Linear solve converged due to CONVERGED_RTOL iterations 2
      1 SNES Function norm 7.745389539829e+00 
        0 KSP Residual norm 7.745389539829e+00 
        1 KSP Residual norm 1.221852589898e+00 
        2 KSP Residual norm 2.784034114484e-01 
        3 KSP Residual norm 6.673230661810e-02 
Linear solve converged due to CONVERGED_RTOL iterations 3
      2 SNES Function norm 1.906943211316e+00 
        0 KSP Residual norm 1.906943211316e+00 
        1 KSP Residual norm 1.320844776181e-01 
        2 KSP Residual norm 3.146380323579e-02 
        3 KSP Residual norm 8.430318865146e-03 
Linear solve converged due to CONVERGED_RTOL iterations 3
      3 SNES Function norm 3.738321221930e-01 
        0 KSP Residual norm 3.738321221930e-01 
        1 KSP Residual norm 2.860607421870e-02 
        2 KSP Residual norm 7.402130976617e-03 
        3 KSP Residual norm 2.187944691227e-03 
Linear solve converged due to CONVERGED_RTOL iterations 3
      4 SNES Function norm 2.448083220801e-02 
        0 KSP Residual norm 2.448083220801e-02 
        1 KSP Residual norm 1.740606499796e-03 
        2 KSP Residual norm 7.995042147892e-04 
        3 KSP Residual norm 3.239893459645e-04 
        4 KSP Residual norm 1.093005396695e-04 
Linear solve converged due to CONVERGED_RTOL iterations 4
      5 SNES Function norm 1.802743008807e-04 
        0 KSP Residual norm 1.802743008807e-04 
        1 KSP Residual norm 4.494549855159e-05 
        2 KSP Residual norm 1.940034354895e-05 
        3 KSP Residual norm 7.779196175965e-06 
        4 KSP Residual norm 2.181593639722e-06 
        5 KSP Residual norm 7.297046570041e-07 
Linear solve converged due to CONVERGED_RTOL iterations 5
      6 SNES Function norm 7.294384899465e-07 
Nonlinear solve converged due to CONVERGED_FNORM_RELATIVE
    0 SNES Function norm 8.891305236396e+01 
      0 KSP Residual norm 8.891305236396e+01 
      1 KSP Residual norm 3.198635932225e+00 
      2 KSP Residual norm 1.803893210818e-01 
Linear solve converged due to CONVERGED_RTOL iterations 2
    1 SNES Function norm 1.075790559850e+00 
      0 KSP Residual norm 1.075790559850e+00 
      1 KSP Residual norm 2.515344087329e-01 
      2 KSP Residual norm 5.507411022859e-02 
      3 KSP Residual norm 1.562012643623e-02 
      4 KSP Residual norm 6.298330669073e-03 
Linear solve converged due to CONVERGED_RTOL iterations 4
    2 SNES Function norm 1.924576010490e-01 
      0 KSP Residual norm 1.924576010490e-01 
      1 KSP Residual norm 1.752478867564e-02 
      2 KSP Residual norm 4.345641164391e-03 
      3 KSP Residual norm 1.665106554931e-03 
Linear solve converged due to CONVERGED_RTOL iterations 3
    3 SNES Function norm 1.269877277435e-02 
      0 KSP Residual norm 1.269877277435e-02 
      1 KSP Residual norm 1.689292068917e-03 
      2 KSP Residual norm 7.159410502524e-04 
      3 KSP Residual norm 3.218473659821e-04 
      4 KSP Residual norm 1.691929594844e-04 
      5 KSP Residual norm 6.152274622900e-05 
Linear solve converged due to CONVERGED_RTOL iterations 5
    4 SNES Function norm 1.999557059801e-04 
      0 KSP Residual norm 1.999557059801e-04 
      1 KSP Residual norm 3.652764697372e-05 
      2 KSP Residual norm 1.963866996564e-05 
      3 KSP Residual norm 7.405089233973e-06 
      4 KSP Residual norm 3.320433209545e-06 
      5 KSP Residual norm 1.287437373969e-06 
Linear solve converged due to CONVERGED_RTOL iterations 5
    5 SNES Function norm 1.288616207513e-06 
      0 KSP Residual norm 1.288616207513e-06 
      1 KSP Residual norm 5.226015726116e-07 
      2 KSP Residual norm 2.316332737532e-07 
      3 KSP Residual norm 9.996909141777e-08 
      4 KSP Residual norm 4.683256658629e-08 
      5 KSP Residual norm 2.307667077269e-08 
      6 KSP Residual norm 6.662055131692e-09 
Linear solve converged due to CONVERGED_RTOL iterations 6
    6 SNES Function norm 6.661784456952e-09 
Nonlinear solve converged due to CONVERGED_FNORM_RELATIVE
  0 SNES Function norm 3.159932834591e+01 
    0 KSP Residual norm 3.159932834591e+01 
    1 KSP Residual norm 9.601444624323e-01 
    2 KSP Residual norm 6.351648886797e-02 
Linear solve converged due to CONVERGED_RTOL iterations 2
  1 SNES Function norm 1.443300870047e-01 
    0 KSP Residual norm 1.443300870047e-01 
    1 KSP Residual norm 3.416124369313e-02 
    2 KSP Residual norm 1.012737931667e-02 
    3 KSP Residual norm 3.583060384009e-03 
    4 KSP Residual norm 1.333906864317e-03 
Linear solve converged due to CONVERGED_RTOL iterations 4
  2 SNES Function norm 9.241019082906e-03 
    0 KSP Residual norm 9.241019082906e-03 
    1 KSP Residual norm 2.116384808869e-03 
    2 KSP Residual norm 6.688522685022e-04 
    3 KSP Residual norm 3.568864973091e-04 
    4 KSP Residual norm 1.448778660902e-04 
    5 KSP Residual norm 6.398902760135e-05 
Linear solve converged due to CONVERGED_RTOL iterations 5
  3 SNES Function norm 2.949013760614e-04 
    0 KSP Residual norm 2.949013760614e-04 
    1 KSP Residual norm 6.371628185147e-05 
    2 KSP Residual norm 3.279320037688e-05 
    3 KSP Residual norm 1.965318578812e-05 
    4 KSP Residual norm 7.378387579536e-06 
    5 KSP Residual norm 3.812558104268e-06 
    6 KSP Residual norm 1.560701260053e-06 
Linear solve converged due to CONVERGED_RTOL iterations 6
  4 SNES Function norm 1.636719556240e-06 
    0 KSP Residual norm 1.636719556240e-06 
    1 KSP Residual norm 8.743244410350e-07 
    2 KSP Residual norm 4.726839074848e-07 
    3 KSP Residual norm 2.075573959205e-07 
    4 KSP Residual norm 1.070335361820e-07 
    5 KSP Residual norm 5.329936061839e-08 
    6 KSP Residual norm 1.894848233262e-08 
    7 KSP Residual norm 9.521207763388e-09 
Linear solve converged due to CONVERGED_RTOL iterations 7
  5 SNES Function norm 9.521076320411e-09 
Nonlinear solve converged due to CONVERGED_FNORM_RELATIVE
Solution statistics after solve: Full
CONVERGED_FNORM_RELATIVE: Number of Newton iterations = 5, total linear iterations = 24
|X|_2 152736   u in [6.21764, 195.728]   v in [-4.65832, 5.18426]   c in [6.2177, 195.729] 
Surface statistics: u in [8.286853e+00, 1.957280e+02] mean 7.833398e+01
Global eta range   [2.65437e+10, 9.2273e+12], converged range [2.65437e+10, 5.09052e+12]
Global beta2 range [5.65045e+09, 2.23626e+13], converged range [5.65045e+09, 1.28109e+10]

    0 SNES Function norm 4.131901529273e+01 
      0 KSP Residual norm 4.131901529273e+01 
      1 KSP Residual norm 4.616344787720e-01 
      2 KSP Residual norm 2.159633008762e-02 
Linear solve converged due to CONVERGED_RTOL iterations 2
    1 SNES Function norm 2.447364363310e+00 
      0 KSP Residual norm 2.447364363310e+00 
      1 KSP Residual norm 3.562910312217e-02 
      2 KSP Residual norm 5.344033082459e-03 
Linear solve converged due to CONVERGED_RTOL iterations 2
    2 SNES Function norm 1.125336590512e-02 
      0 KSP Residual norm 1.125336590512e-02 
      1 KSP Residual norm 2.104079770759e-03 
      2 KSP Residual norm 7.137565317135e-04 
      3 KSP Residual norm 2.769037290211e-04 
      4 KSP Residual norm 1.060696655906e-04 
Linear solve converged due to CONVERGED_RTOL iterations 4
    3 SNES Function norm 1.062714971070e-04 
      0 KSP Residual norm 1.062714971070e-04 
      1 KSP Residual norm 4.561591578514e-05 
      2 KSP Residual norm 1.759344084272e-05 
      3 KSP Residual norm 6.892899358008e-06 
      4 KSP Residual norm 2.464917153230e-06 
      5 KSP Residual norm 1.128538600309e-06 
      6 KSP Residual norm 5.053721788450e-07 
Linear solve converged due to CONVERGED_RTOL iterations 6
    4 SNES Function norm 5.056072334789e-07 
      0 KSP Residual norm 5.056072334789e-07 
      1 KSP Residual norm 2.701628538351e-07 
      2 KSP Residual norm 1.263251749395e-07 
      3 KSP Residual norm 4.686187609191e-08 
      4 KSP Residual norm 2.071749968792e-08 
      5 KSP Residual norm 9.264210359774e-09 
      6 KSP Residual norm 3.842221923200e-09 
Linear solve converged due to CONVERGED_RTOL iterations 6
    5 SNES Function norm 3.842508588607e-09 
Nonlinear solve converged due to CONVERGED_FNORM_RELATIVE
Solution statistics after solve: Fine-1
CONVERGED_FNORM_RELATIVE: Number of Newton iterations = 5, total linear iterations = 20
|X|_2 54419.5   u in [6.2178, 195.628]   v in [-4.65821, 5.1834]   c in [6.21785, 195.629] 
Surface statistics: u in [8.287820e+00, 1.956280e+02] mean 7.830505e+01
Global eta range   [2.65437e+10, 9.2273e+12], converged range [2.7111e+10, 3.09791e+12]
Global beta2 range [5.59459e+09, 2.23626e+13], converged range [5.65129e+09, 1.26977e+10]

  0 SNES Function norm 3.159932834590e+01 
    0 KSP Residual norm 3.159932834590e+01 
    1 KSP Residual norm 9.601444624258e-01 
    2 KSP Residual norm 6.351648887179e-02 
Linear solve converged due to CONVERGED_RTOL iterations 2
  1 SNES Function norm 1.443300869264e-01 
    0 KSP Residual norm 1.443300869264e-01 
    1 KSP Residual norm 3.416124371018e-02 
    2 KSP Residual norm 1.012737930026e-02 
    3 KSP Residual norm 3.583060377924e-03 
    4 KSP Residual norm 1.333906856360e-03 
Linear solve converged due to CONVERGED_RTOL iterations 4
  2 SNES Function norm 9.241019090410e-03 
    0 KSP Residual norm 9.241019090410e-03 
    1 KSP Residual norm 2.116384797887e-03 
    2 KSP Residual norm 6.688522651976e-04 
    3 KSP Residual norm 3.568864942359e-04 
    4 KSP Residual norm 1.448778652788e-04 
    5 KSP Residual norm 6.398902673768e-05 
Linear solve converged due to CONVERGED_RTOL iterations 5
  3 SNES Function norm 2.949013723383e-04 
    0 KSP Residual norm 2.949013723383e-04 
    1 KSP Residual norm 6.371628153090e-05 
    2 KSP Residual norm 3.279320002744e-05 
    3 KSP Residual norm 1.965318559161e-05 
    4 KSP Residual norm 7.378387541873e-06 
    5 KSP Residual norm 3.812558083761e-06 
    6 KSP Residual norm 1.560701264535e-06 
Linear solve converged due to CONVERGED_RTOL iterations 6
  4 SNES Function norm 1.636719243962e-06 
    0 KSP Residual norm 1.636719243962e-06 
    1 KSP Residual norm 8.743244482140e-07 
    2 KSP Residual norm 4.726838652173e-07 
    3 KSP Residual norm 2.075573556632e-07 
    4 KSP Residual norm 1.070335211994e-07 
    5 KSP Residual norm 5.329934507460e-08 
    6 KSP Residual norm 1.894847976674e-08 
    7 KSP Residual norm 9.521206467273e-09 
Linear solve converged due to CONVERGED_RTOL iterations 7
  5 SNES Function norm 9.521039057864e-09 
Nonlinear solve converged due to CONVERGED_FNORM_RELATIVE
Solution statistics after solve: Fine
CONVERGED_FNORM_RELATIVE: Number of Newton iterations = 5, total linear iterations = 24
|X|_2 152736   u in [6.21764, 195.728]   v in [-4.65832, 5.18426]   c in [6.2177, 195.729] 
Surface statistics: u in [8.286853e+00, 1.957280e+02] mean 7.833398e+01
Global eta range   [2.65437e+10, 9.2273e+12], converged range [2.65437e+10, 5.09052e+12]
Global beta2 range [5.59459e+09, 2.23626e+13], converged range [5.65045e+09, 1.28109e+10]

************************************************************************************************************************
***             WIDEN YOUR WINDOW TO 120 CHARACTERS.  Use 'enscript -r -fCourier9' to print this document            ***
************************************************************************************************************************

---------------------------------------------- PETSc Performance Summary: ----------------------------------------------

./ex48 on a bgp-xlc-f named ionode10 with 64 processors, by Unknown Wed Sep 15 07:25:34 2010
Using Petsc Development HG revision: aeb2eea2e3ddfd0635951d6560aa7114704dab25  HG Date: Sat Aug 21 15:26:55 2010 -0500

                         Max       Max/Min        Avg      Total 
Time (sec):           2.285e+02      1.00000   2.285e+02
Objects:              8.660e+02      1.00000   8.660e+02
Flops:                1.538e+10      1.01724   1.525e+10  9.762e+11
Flops/sec:            6.732e+07      1.01724   6.675e+07  4.272e+09
MPI Messages:         3.324e+04      1.02120   3.256e+04  2.084e+06
MPI Message Lengths:  1.515e+08      1.00095   4.649e+03  9.688e+09
MPI Reductions:       4.299e+03      1.00000

Flop counting convention: 1 flop = 1 real number operation of type (multiply/divide/add/subtract)
                            e.g., VecAXPY() for real vectors of length N --> 2N flops
                            and VecAXPY() for complex vectors of length N --> 8N flops

Summary of Stages:   ----- Time ------  ----- Flops -----  --- Messages ---  -- Message Lengths --  -- Reductions --
                        Avg     %Total     Avg     %Total   counts   %Total     Avg         %Total   counts   %Total 
 0:      Main Stage: 6.5716e-02   0.0%  8.0511e+07   0.0%  1.770e+03   0.1%  6.107e-01        0.0%  1.500e+01   0.3% 
 1:      Full solve: 1.3644e+02  59.7%  6.1382e+11  62.9%  1.390e+06  66.7%  2.706e+03       58.2%  2.619e+03  60.9% 
 2:    Fine-1 solve: 1.7203e+01   7.5%  8.1682e+10   8.4%  2.903e+05  13.9%  4.485e+02        9.6%  5.610e+02  13.0% 
 3: Fine-only solve: 7.4833e+01  32.7%  2.8066e+11  28.7%  4.024e+05  19.3%  1.494e+03       32.1%  8.460e+02  19.7% 

------------------------------------------------------------------------------------------------------------------------
See the 'Profiling' chapter of the users' manual for details on interpreting output.
Phase summary info:
   Count: number of times phase was executed
   Time and Flops: Max - maximum over all processors
                   Ratio - ratio of maximum to minimum over all processors
   Mess: number of messages sent
   Avg. len: average message length
   Reduct: number of global reductions
   Global: entire computation
   Stage: stages of a computation. Set stages with PetscLogStagePush() and PetscLogStagePop().
      %T - percent time in this phase         %F - percent flops in this phase
      %M - percent messages in this phase     %L - percent message lengths in this phase
      %R - percent reductions in this phase
   Total Mflop/s: 10e-6 * (sum of flops over all processors)/(max time over all processors)
------------------------------------------------------------------------------------------------------------------------
Event                Count      Time (sec)     Flops                             --- Global ---  --- Stage ---   Total
                   Max Ratio  Max     Ratio   Max  Ratio  Mess   Avg len Reduct  %T %F %M %L %R  %T %F %M %L %R Mflop/s
------------------------------------------------------------------------------------------------------------------------

--- Event Stage 0: Main Stage

VecSet                 2 1.0 3.5286e-05 1.1 0.00e+00 0.0 0.0e+00 0.0e+00 0.0e+00  0  0  0  0  0   0  0  0  0  0     0
VecPointwiseMult       1 1.0 2.7108e-04 1.2 1.28e+04 1.0 0.0e+00 0.0e+00 0.0e+00  0  0  0  0  0   0  1  0  0  0  3022
VecScatterBegin        2 1.0 1.2469e-04 1.1 0.00e+00 0.0 3.8e+02 3.3e+03 0.0e+00  0  0  0  0  0   0  0 22100  0     0
VecScatterEnd          2 1.0 8.8310e-04 4.9 0.00e+00 0.0 0.0e+00 0.0e+00 0.0e+00  0  0  0  0  0   0  0  0  0  0     0
MatMult                1 1.0 7.2839e-03 1.1 5.72e+05 1.0 1.9e+02 3.3e+03 0.0e+00  0  0  0  0  0  10 46 11 50  0  5030
MatMultTranspose       1 1.0 9.0680e-03 1.0 6.73e+05 1.0 1.9e+02 3.3e+03 0.0e+00  0  0  0  0  0  13 53 11 50  0  4748

--- Event Stage 1: Full solve

VecDot                31 1.0 2.7029e-02 6.8 1.18e+06 1.0 0.0e+00 0.0e+00 3.1e+01  0  0  0  0  1   0  0  0  0  1  2795
VecMDot              544 1.0 5.7810e-01 2.9 3.01e+07 1.0 0.0e+00 0.0e+00 5.4e+02  0  0  0  0 13   0  0  0  0 21  3331
VecNorm             1323 1.0 6.1706e-01 2.4 4.08e+07 1.0 0.0e+00 0.0e+00 1.3e+03  0  0  0  0 31   0  0  0  0 51  4228
VecScale            1027 1.0 7.5598e-02 1.0 1.60e+07 1.0 0.0e+00 0.0e+00 0.0e+00  0  0  0  0  0   0  0  0  0  0 13573
VecCopy              576 1.0 4.3651e-02 1.0 0.00e+00 0.0 0.0e+00 0.0e+00 0.0e+00  0  0  0  0  0   0  0  0  0  0     0
VecSet              5735 1.0 1.1163e-01 1.1 0.00e+00 0.0 0.0e+00 0.0e+00 0.0e+00  0  0  0  0  0   0  0  0  0  0     0
VecAXPY              709 1.0 6.4970e-02 1.1 2.02e+07 1.0 0.0e+00 0.0e+00 0.0e+00  0  0  0  0  0   0  0  0  0  0 19895
VecAYPX              226 1.0 5.9309e-02 1.0 3.17e+06 1.0 0.0e+00 0.0e+00 0.0e+00  0  0  0  0  0   0  0  0  0  0  3420
VecWAXPY              31 1.0 1.3265e-02 1.0 5.90e+05 1.0 0.0e+00 0.0e+00 0.0e+00  0  0  0  0  0   0  0  0  0  0  2847
VecMAXPY            1027 1.0 1.7209e-01 1.0 4.83e+07 1.0 0.0e+00 0.0e+00 0.0e+00  0  0  0  0  0   0  1  0  0  0 17961
VecPointwiseMult      56 1.0 2.1212e-03 1.1 8.68e+04 1.0 0.0e+00 0.0e+00 0.0e+00  0  0  0  0  0   0  0  0  0  0  2620
VecScatterBegin     1902 1.0 2.0736e-01 1.0 0.00e+00 0.0 1.1e+06 1.6e+03 0.0e+00  0  0 53 18  0   0  0 80 31  0     0
VecScatterEnd       1902 1.0 1.3557e+00 5.3 0.00e+00 0.0 0.0e+00 0.0e+00 0.0e+00  0  0  0  0  0   0  0  0  0  0     0
VecReduceArith        10 1.0 1.5628e-03 1.1 4.60e+05 1.0 0.0e+00 0.0e+00 0.0e+00  0  0  0  0  0   0  0  0  0  0 18849
VecReduceComm          5 1.0 6.2079e-03 4.2 0.00e+00 0.0 0.0e+00 0.0e+00 5.0e+00  0  0  0  0  0   0  0  0  0  0     0
VecNormalize         920 1.0 5.8359e-01 2.4 3.80e+07 1.0 0.0e+00 0.0e+00 9.2e+02  0  0  0  0 21   0  0  0  0 35  4171
MatMult             1031 1.0 1.6244e+01 1.0 1.74e+09 1.1 5.3e+05 2.7e+03 0.0e+00  7 11 25 15  0  12 17 38 25  0  6584
MatMultAdd           226 1.0 2.8887e-01 1.0 2.12e+07 1.0 4.3e+04 6.5e+02 0.0e+00  0  0  2  0  0   0  0  3  0  0  4697
MatMultTranspose     286 1.0 6.9302e-01 1.9 2.65e+07 1.0 5.5e+04 6.4e+02 0.0e+00  0  0  3  0  0   0  0  4  1  0  2446
MatSolve            1230 1.0 1.2982e+01 1.0 1.73e+09 1.0 0.0e+00 0.0e+00 0.0e+00  6 11  0  0  0  10 18  0  0  0  8516
MatLUFactorSym         5 1.0 3.9157e-01 1.0 0.00e+00 0.0 0.0e+00 0.0e+00 5.0e+00  0  0  0  0  0   0  0  0  0  0     0
MatLUFactorNum        31 1.0 5.7053e+01 1.0 5.46e+09 1.0 0.0e+00 0.0e+00 0.0e+00 25 36  0  0  0  42 57  0  0  0  6125
MatCholFctrSym         4 1.0 9.3627e-04 1.0 0.00e+00 0.0 0.0e+00 0.0e+00 0.0e+00  0  0  0  0  0   0  0  0  0  0     0
MatCholFctrNum        56 1.0 4.8501e+00 1.0 5.23e+08 1.0 0.0e+00 0.0e+00 0.0e+00  2  3  0  0  0   4  5  0  0  0  6903
MatICCFactorSym        6 1.0 1.0333e-01 1.0 0.00e+00 0.0 0.0e+00 0.0e+00 0.0e+00  0  0  0  0  0   0  0  0  0  0     0
MatAssemblyBegin     127 1.0 7.2489e-01 3.1 0.00e+00 0.0 5.0e+04 4.6e+04 2.5e+02  0  0  2 24  6   0  0  4 41 10     0
MatAssemblyEnd       127 1.0 7.3350e-01 1.6 0.00e+00 0.0 1.1e+04 1.3e+03 8.8e+01  0  0  1  0  2   0  0  1  0  3     0
MatGetRowIJ           42 1.0 7.1442e-03 1.0 0.00e+00 0.0 0.0e+00 0.0e+00 0.0e+00  0  0  0  0  0   0  0  0  0  0     0
MatGetOrdering        42 1.0 4.8300e-02 1.0 0.00e+00 0.0 0.0e+00 0.0e+00 9.4e+01  0  0  0  0  2   0  0  0  0  4     0
MatZeroEntries        87 1.0 3.3103e-02 1.1 0.00e+00 0.0 0.0e+00 0.0e+00 0.0e+00  0  0  0  0  0   0  0  0  0  0     0
MatGetRedundant       31 1.0 4.5563e-01 1.0 0.00e+00 0.0 1.7e+05 9.5e+03 1.0e+01  0  0  8 16  0   0  0 12 28  0     0
SNESSolve              5 1.0 1.3524e+02 1.0 9.66e+09 1.0 1.4e+06 4.1e+03 2.4e+03 59 63 65 58 55  99100 98100 90  4538
SNESLineSearch        31 1.0 1.2044e+01 1.0 6.87e+07 1.1 4.8e+04 2.5e+03 1.2e+02  5  0  2  1  3   9  1  3  2  5   353
SNESFunctionEval      36 1.0 1.3573e+01 1.0 0.00e+00 0.0 3.7e+04 2.3e+03 1.0e+01  6  0  2  1  0  10  0  3  2  0     0
SNESJacobianEval      31 1.0 2.7554e+01 1.0 4.61e+06 1.0 1.1e+05 2.2e+04 2.4e+02 12  0  5 24  5  20  0  8 42  9    11
KSPGMRESOrthog       544 1.0 6.9913e-01 2.2 6.02e+07 1.0 0.0e+00 0.0e+00 5.4e+02  0  0  0  0 13   0  1  0  0 21  5509
KSPSetup             205 1.0 9.9769e-03 1.0 0.00e+00 0.0 0.0e+00 0.0e+00 0.0e+00  0  0  0  0  0   0  0  0  0  0     0
KSPSolve              31 1.0 9.3408e+01 1.0 9.58e+09 1.0 1.2e+06 2.6e+03 1.9e+03 41 62 58 32 45  68 99 87 55 74  6521
PCSetUp               87 1.0 6.2931e+01 1.0 5.98e+09 1.0 2.1e+05 7.7e+03 1.7e+02 28 39 10 16  4  46 62 15 28  7  6085
PCSetUpOnBlocks      452 1.0 4.9823e+00 1.0 5.23e+08 1.0 0.0e+00 0.0e+00 7.8e+01  2  3  0  0  2   4  5  0  0  3  6720
PCApply               92 1.0 3.2505e+01 1.0 3.77e+09 1.0 9.6e+05 1.4e+03 1.7e+03 14 24 46 14 39  24 39 69 23 64  7319

--- Event Stage 2: Fine-1 solve

VecDot                 5 1.0 4.6062e-03 9.3 1.28e+05 1.0 0.0e+00 0.0e+00 5.0e+00  0  0  0  0  0   0  0  0  0  1  1778
VecMDot              140 1.0 8.1891e-02 3.6 2.66e+06 1.0 0.0e+00 0.0e+00 1.4e+02  0  0  0  0  3   0  0  0  0 25  2079
VecNorm              335 1.0 1.1791e-01 3.5 3.83e+06 1.0 0.0e+00 0.0e+00 3.4e+02  0  0  0  0  8   1  0  0  0 60  2081
VecScale             265 1.0 8.6749e-03 1.0 1.50e+06 1.0 0.0e+00 0.0e+00 0.0e+00  0  0  0  0  0   0  0  0  0  0 11030
VecCopy              140 1.0 5.1715e-03 1.0 0.00e+00 0.0 0.0e+00 0.0e+00 0.0e+00  0  0  0  0  0   0  0  0  0  0     0
VecSet              1487 1.0 1.5837e-02 1.1 0.00e+00 0.0 0.0e+00 0.0e+00 0.0e+00  0  0  0  0  0   0  0  0  0  0     0
VecAXPY              185 1.0 8.8890e-03 1.2 1.89e+06 1.0 0.0e+00 0.0e+00 0.0e+00  0  0  0  0  0   0  0  0  0  0 13612
VecAYPX               60 1.0 6.2225e-03 1.0 2.94e+05 1.0 0.0e+00 0.0e+00 0.0e+00  0  0  0  0  0   0  0  0  0  0  3021
VecWAXPY               5 1.0 1.5831e-03 1.1 6.40e+04 1.0 0.0e+00 0.0e+00 0.0e+00  0  0  0  0  0   0  0  0  0  0  2587
VecMAXPY             265 1.0 1.9484e-02 1.0 4.35e+06 1.0 0.0e+00 0.0e+00 0.0e+00  0  0  0  0  0   0  0  0  0  0 14278
VecPointwiseMult      15 1.0 2.9135e-04 1.1 9.60e+03 1.0 0.0e+00 0.0e+00 0.0e+00  0  0  0  0  0   0  0  0  0  0  2109
VecScatterBegin      472 1.0 4.1708e-02 1.0 0.00e+00 0.0 2.6e+05 1.1e+03 0.0e+00  0  0 12  3  0   0  0 89 31  0     0
VecScatterEnd        472 1.0 2.2555e-01 4.5 0.00e+00 0.0 0.0e+00 0.0e+00 0.0e+00  0  0  0  0  0   1  0  0  0  0     0
VecReduceArith         2 1.0 1.8525e-04 1.1 5.12e+04 1.0 0.0e+00 0.0e+00 0.0e+00  0  0  0  0  0   0  0  0  0  0 17688
VecReduceComm          1 1.0 1.4050e-0342.4 0.00e+00 0.0 0.0e+00 0.0e+00 1.0e+00  0  0  0  0  0   0  0  0  0  0     0
VecNormalize         240 1.0 1.1187e-01 4.0 3.53e+06 1.0 0.0e+00 0.0e+00 2.4e+02  0  0  0  0  6   1  0  0  0 43  2017
MatMult              265 1.0 1.5155e+00 1.1 1.63e+08 1.2 1.4e+05 1.7e+03 0.0e+00  1  1  7  2  0   8 12 47 25  0  6434
MatMultAdd            60 1.0 3.0894e-02 1.0 1.95e+06 1.0 1.2e+04 4.1e+02 0.0e+00  0  0  1  0  0   0  0  4  0  0  4045
MatMultTranspose      75 1.0 1.0124e-01 2.6 2.44e+06 1.0 1.4e+04 4.1e+02 0.0e+00  0  0  1  0  0   0  0  5  1  0  1543
MatSolve             320 1.0 1.1880e+00 1.0 1.69e+08 1.0 0.0e+00 0.0e+00 0.0e+00  1  1  0  0  0   7 13  0  0  0  9128
MatLUFactorNum         5 1.0 9.2128e+00 1.0 8.81e+08 1.0 0.0e+00 0.0e+00 0.0e+00  4  6  0  0  0  53 69  0  0  0  6118
MatCholFctrNum        15 1.0 5.0806e-01 1.0 5.46e+07 1.0 0.0e+00 0.0e+00 0.0e+00  0  0  0  0  0   3  4  0  0  0  6874
MatAssemblyBegin      25 1.0 9.2895e-02 2.6 0.00e+00 0.0 1.2e+04 3.6e+04 5.5e+01  0  0  1  4  1   0  0  4 44 10     0
MatAssemblyEnd        25 1.0 1.0915e-01 2.0 0.00e+00 0.0 0.0e+00 0.0e+00 0.0e+00  0  0  0  0  0   0  0  0  0  0     0
MatGetRowIJ           10 1.0 5.1022e-05 1.1 0.00e+00 0.0 0.0e+00 0.0e+00 0.0e+00  0  0  0  0  0   0  0  0  0  0     0
MatGetOrdering        10 1.0 2.4943e-03 1.0 0.00e+00 0.0 0.0e+00 0.0e+00 2.0e+01  0  0  0  0  0   0  0  0  0  4     0
MatZeroEntries        20 1.0 3.7806e-03 1.2 0.00e+00 0.0 0.0e+00 0.0e+00 0.0e+00  0  0  0  0  0   0  0  0  0  0     0
MatGetRedundant        5 1.0 7.1959e-02 1.0 0.00e+00 0.0 2.0e+04 1.2e+04 0.0e+00  0  0  1  2  0   0  0  7 25  0     0
SNESSolve              1 1.0 1.7203e+01 1.0 1.29e+09 1.0 2.9e+05 3.2e+03 5.6e+02  8  8 14 10 13 100100100100100  4748
SNESLineSearch         5 1.0 1.2950e+00 1.0 7.48e+06 1.1 7.7e+03 2.8e+03 2.0e+01  1  0  0  0  0   8  1  3  2  4   349
SNESFunctionEval       6 1.0 1.4632e+00 1.0 0.00e+00 0.0 6.1e+03 2.6e+03 0.0e+00  1  0  0  0  0   8  0  2  2  0     0
SNESJacobianEval       5 1.0 2.9789e+00 1.0 4.98e+05 1.0 2.5e+04 1.7e+04 5.5e+01  1  0  1  4  1  17  0  8 45 10    11
KSPGMRESOrthog       140 1.0 9.7247e-02 2.6 5.32e+06 1.0 0.0e+00 0.0e+00 1.4e+02  0  0  0  0  3   0  0  0  0 25  3501
KSPSetup              45 1.0 2.0099e-04 1.1 0.00e+00 0.0 0.0e+00 0.0e+00 0.0e+00  0  0  0  0  0   0  0  0  0  0     0
KSPSolve               5 1.0 1.2683e+01 1.0 1.28e+09 1.0 2.6e+05 1.9e+03 4.8e+02  6  8 12  5 11  74 99 89 52 86  6401
PCSetUp               20 1.0 9.7962e+00 1.0 9.35e+08 1.0 2.0e+04 1.2e+04 2.0e+01  4  6  1  2  0  57 73  7 25  4  6110
PCSetUpOnBlocks      120 1.0 5.1237e-01 1.0 5.46e+07 1.0 0.0e+00 0.0e+00 2.0e+01  0  0  0  0  0   3  4  0  0  4  6816
PCApply               20 1.0 3.1563e+00 1.0 3.66e+08 1.0 2.3e+05 9.7e+02 4.4e+02  1  2 11  2 10  18 28 78 23 78  7242

--- Event Stage 3: Fine-only solve

VecDot                 5 1.0 1.9329e-02 7.4 1.00e+06 1.0 0.0e+00 0.0e+00 5.0e+00  0  0  0  0  0   0  0  0  0  1  3323
VecMDot              216 1.0 4.5272e-01 2.8 2.65e+07 1.0 0.0e+00 0.0e+00 2.2e+02  0  0  0  0  5   1  1  0  0 26  3746
VecNorm              519 1.0 4.0430e-01 2.8 3.54e+07 1.0 0.0e+00 0.0e+00 5.2e+02  0  0  0  0 12   0  1  0  0 61  5610
VecScale             413 1.0 6.1568e-02 1.0 1.40e+07 1.0 0.0e+00 0.0e+00 0.0e+00  0  0  0  0  0   0  0  0  0  0 14505
VecCopy              212 1.0 3.5606e-02 1.0 0.00e+00 0.0 0.0e+00 0.0e+00 0.0e+00  0  0  0  0  0   0  0  0  0  0     0
VecSet              2309 1.0 8.2337e-02 1.1 0.00e+00 0.0 0.0e+00 0.0e+00 0.0e+00  0  0  0  0  0   0  0  0  0  0     0
VecAXPY              293 1.0 5.2030e-02 1.1 1.76e+07 1.0 0.0e+00 0.0e+00 0.0e+00  0  0  0  0  0   0  0  0  0  0 21611
VecAYPX               96 1.0 5.0446e-02 1.0 2.76e+06 1.0 0.0e+00 0.0e+00 0.0e+00  0  0  0  0  0   0  0  0  0  0  3503
VecWAXPY               5 1.0 1.0962e-02 1.0 5.02e+05 1.0 0.0e+00 0.0e+00 0.0e+00  0  0  0  0  0   0  0  0  0  0  2929
VecMAXPY             413 1.0 1.4494e-01 1.0 4.24e+07 1.0 0.0e+00 0.0e+00 0.0e+00  0  0  0  0  0   0  1  0  0  0 18704
VecPointwiseMult      20 1.0 1.6491e-03 1.1 7.36e+04 1.0 0.0e+00 0.0e+00 0.0e+00  0  0  0  0  0   0  0  0  0  0  2856
VecScatterBegin      710 1.0 1.0857e-01 1.0 0.00e+00 0.0 3.7e+05 3.3e+03 0.0e+00  0  0 18 13  0   0  0 91 39  0     0
VecScatterEnd        710 1.0 9.9173e-01 8.4 0.00e+00 0.0 0.0e+00 0.0e+00 0.0e+00  0  0  0  0  0   0  0  0  0  0     0
VecReduceArith         2 1.0 1.2980e-03 1.1 4.01e+05 1.0 0.0e+00 0.0e+00 0.0e+00  0  0  0  0  0   0  0  0  0  0 19793
VecReduceComm          1 1.0 5.0061e-03151.1 0.00e+00 0.0 0.0e+00 0.0e+00 1.0e+00  0  0  0  0  0   0  0  0  0  0     0
VecNormalize         384 1.0 3.9141e-01 2.8 3.31e+07 1.0 0.0e+00 0.0e+00 3.8e+02  0  0  0  0  9   0  1  0  0 45  5417
MatMult              413 1.0 1.4078e+01 1.0 1.51e+09 1.1 2.1e+05 5.0e+03 0.0e+00  6 10 10 11  0  18 33 53 34  0  6636
MatMultAdd            96 1.0 2.3901e-01 1.0 1.85e+07 1.0 1.8e+04 1.1e+03 0.0e+00  0  0  1  0  0   0  0  5  1  0  4951
MatMultTranspose     116 1.0 5.6885e-01 1.9 2.23e+07 1.0 2.2e+04 1.1e+03 0.0e+00  0  0  1  0  0   0  1  6  1  0  2514
MatSolve             504 1.0 1.0987e+01 1.0 1.42e+09 1.0 0.0e+00 0.0e+00 0.0e+00  5  9  0  0  0  15 32  0  0  0  8279
MatLUFactorNum         5 1.0 9.2090e+00 1.0 8.81e+08 1.0 0.0e+00 0.0e+00 0.0e+00  4  6  0  0  0  12 20  0  0  0  6121
MatCholFctrNum        20 1.0 4.1170e+00 1.0 4.42e+08 1.0 0.0e+00 0.0e+00 0.0e+00  2  3  0  0  0   5 10  0  0  0  6868
MatAssemblyBegin      30 1.0 5.4341e-01 3.9 0.00e+00 0.0 1.4e+04 1.2e+05 7.0e+01  0  0  1 17  2   1  0  4 53  8     0
MatAssemblyEnd        30 1.0 4.3926e-01 2.1 0.00e+00 0.0 0.0e+00 0.0e+00 0.0e+00  0  0  0  0  0   0  0  0  0  0     0
MatGetRowIJ           15 1.0 7.5340e-05 1.1 0.00e+00 0.0 0.0e+00 0.0e+00 0.0e+00  0  0  0  0  0   0  0  0  0  0     0
MatGetOrdering        15 1.0 1.5869e-02 1.0 0.00e+00 0.0 0.0e+00 0.0e+00 3.0e+01  0  0  0  0  1   0  0  0  0  4     0
MatZeroEntries        25 1.0 2.7575e-02 1.1 0.00e+00 0.0 0.0e+00 0.0e+00 0.0e+00  0  0  0  0  0   0  0  0  0  0     0
MatGetRedundant        5 1.0 7.2102e-02 1.1 0.00e+00 0.0 2.0e+04 1.2e+04 0.0e+00  0  0  1  2  0   0  0  5  8  0     0
SNESSolve              1 1.0 7.4833e+01 1.0 4.44e+09 1.0 4.0e+05 7.7e+03 8.5e+02 33 29 19 32 20 100100100100100  3750
SNESLineSearch         5 1.0 1.0240e+01 1.0 5.83e+07 1.1 7.7e+03 1.1e+04 2.0e+01  4  0  0  1  0  14  1  2  3  2   354
SNESFunctionEval       6 1.0 1.1611e+01 1.0 0.00e+00 0.0 6.1e+03 9.7e+03 0.0e+00  5  0  0  1  0  16  0  2  2  0     0
SNESJacobianEval       5 1.0 2.3396e+01 1.0 3.93e+06 1.0 3.1e+04 5.5e+04 7.0e+01 10  0  1 18  2  31  0  8 55  8    11
KSPGMRESOrthog       216 1.0 5.4986e-01 2.1 5.30e+07 1.0 0.0e+00 0.0e+00 2.2e+02  0  0  0  0  5   1  1  0  0 26  6168
KSPSetup              55 1.0 2.4629e-04 1.1 0.00e+00 0.0 0.0e+00 0.0e+00 0.0e+00  0  0  0  0  0   0  0  0  0  0     0
KSPSolve               5 1.0 3.9251e+01 1.0 4.37e+09 1.0 3.6e+05 3.6e+03 7.5e+02 17 28 17 14 17  52 99 90 42 89  7049
PCSetUp               25 1.0 1.3414e+01 1.0 1.32e+09 1.0 2.0e+04 1.2e+04 3.0e+01  6  9  1  2  1  18 30  5  8  4  6310
PCSetUpOnBlocks      192 1.0 4.1357e+00 1.0 4.42e+08 1.0 0.0e+00 0.0e+00 3.0e+01  2  3  0  0  1   6 10  0  0  4  6837
PCApply               24 1.0 2.7397e+01 1.0 3.19e+09 1.0 3.3e+05 2.8e+03 7.0e+02 12 21 16 10 16  37 72 82 30 83  7348
------------------------------------------------------------------------------------------------------------------------

Memory usage is given in bytes:

Object Type          Creations   Destructions     Memory  Descendants' Mem.
Reports information only for process 0.

--- Event Stage 0: Main Stage

           Container     0              5         1500     0
 Toy Hydrostatic Ice     0              1          500     0
   Distributed array     0             10       575224     0
                 Vec     0            316     45499336     0
         Vec Scatter     0             47        28388     0
           Index Set     0             25       395860     0
   IS L to G Mapping     0             20       828592     0
              Matrix     0             59     98168284     0
                SNES     0              5         3740     0
       Krylov Solver     0             35       275224     0
      Preconditioner     0             35        18044     0
              Viewer     0              1          400     0

--- Event Stage 1: Full solve

           Container     5              0            0     0
 Toy Hydrostatic Ice     1              0            0     0
   Distributed array    10              0            0     0
                 Vec   395             79      2049508     0
         Vec Scatter    47              0            0     0
           Index Set   193            168      3335932     0
   IS L to G Mapping    20              0            0     0
              Matrix    59              0            0     0
                SNES     5              0            0     0
       Krylov Solver    35              0            0     0
      Preconditioner    35              0            0     0
              Viewer     1              0            0     0

--- Event Stage 2: Fine-1 solve

                 Vec     5              5         5500     0
           Index Set    20             20       296720     0

--- Event Stage 3: Fine-only solve

                 Vec     5              5         5500     0
           Index Set    30             30      2307480     0
========================================================================================================================
Average time to get PetscTime(): 3.40939e-06
Average time for MPI_Barrier(): 2.24113e-06
Average time for zero size MPI_Send(): 1.14851e-05
#PETSc Option Table entries:
-M 16
-P 4
-dmmg_form_function_ghost 1
-dmmg_grid_sequence 1
-ksp_converged_reason
-ksp_monitor
-ksp_rtol 1e-2
-log_summary
-mg_levels_1_sub_pc_type cholesky
-pc_mg_type multiplicative
-repeat_fine_solve 1
-snes_converged_reason
-snes_monitor
-thi_L 80e3
-thi_friction_m 0.3
-thi_hom z
-thi_nlevels 5
#End of PETSc Option Table entries
Compiled with FORTRAN kernels
Compiled with full precision matrices (default)
sizeof(short) 2 sizeof(int) 4 sizeof(long) 4 sizeof(void*) 4 sizeof(PetscScalar) 8
Configure run at: Wed Sep 15 06:55:31 2010
Configure options: --with-x=0 --with-is-color-value-type=short --with-debugging=1 --with-fortran-kernels=1 --with-mpi-dir=/bgsys/drivers/ppcfloor/comm --with-batch=1 --known-mpi-shared-libraries=1 --known-memcmp-ok --known-sizeof-char=1 --known-sizeof-void-p=4 --known-sizeof-short=2 --known-sizeof-int=4 --known-sizeof-long=4 --known-sizeof-size_t=4 --known-sizeof-long-long=8 --known-sizeof-float=4 --known-sizeof-double=8 --known-bits-per-byte=8 --known-sizeof-MPI_Comm=4 --known-sizeof-MPI_Fint=4 --known-mpi-long-double=1 --known-level1-dcache-assoc=0 --known-level1-dcache-linesize=32 --known-level1-dcache-size=32768 --with-shared=0 --prefix=/opt/share/ksl/petsc/dev-aug30/ppc450d-bgp_xlc_fast --with-clanguage=c --cflags="   -O3" --cxxflags="   -O3" --fflags="   -O3" --FCFLAGS= --LIBS=" -L/bgsys/ibm_essl/sles10/prod/opt/ibmmath/lib -L/opt/ibmcmp/xlsmp/bg/1.7/lib -L/opt/ibmcmp/xlmass/bg/4.4/bglib -L/opt/ibmcmp/xlf/bg/11.1/bglib   -lesslbg  -lxlf90_r -lxlopt -lxlsmp -lxl -lxlfmath -O3" --CC=/bgsys/drivers/ppcfloor/comm/xl/bin/mpixlc_r --CXX=/bgsys/drivers/ppcfloor/comm/xl/bin/mpixlcxx_r --FC=/bgsys/drivers/ppcfloor/comm/xl/bin/mpixlf90_r --with-debugging=0 PETSC_ARCH=bgp-xlc-fast
-----------------------------------------
Libraries compiled on Wed Sep 15 06:55:31 2010 on fen1 
Machine characteristics: Linux-2.6.16.60-0.66.1-ppc64-ppc64-with-SuSE-10-ppc
Using PETSc directory: /scratch/aron/sandbox/process/installs/builddir_ppc64/petsc-dev-aug30-bgp_xlc_fast/petsc-dev-16784
Using PETSc arch: bgp-xlc-fast
-----------------------------------------

Using C compiler: /bgsys/drivers/ppcfloor/comm/xl/bin/mpixlc_r  -O  ${COPTFLAGS} ${CFLAGS}
Using Fortran compiler: /bgsys/drivers/ppcfloor/comm/xl/bin/mpixlf90_r  -O   ${FOPTFLAGS} ${FFLAGS} 
-----------------------------------------

Using include paths: -I/scratch/aron/sandbox/process/installs/builddir_ppc64/petsc-dev-aug30-bgp_xlc_fast/petsc-dev-16784/bgp-xlc-fast/include -I/scratch/aron/sandbox/process/installs/builddir_ppc64/petsc-dev-aug30-bgp_xlc_fast/petsc-dev-16784/include -I/bgsys/drivers/ppcfloor/comm/include
-----------------------------------------

Using C linker: /bgsys/drivers/ppcfloor/comm/xl/bin/mpixlc_r
Using Fortran linker: /bgsys/drivers/ppcfloor/comm/xl/bin/mpixlf90_r
Using libraries: -Wl,-rpath,/scratch/aron/sandbox/process/installs/builddir_ppc64/petsc-dev-aug30-bgp_xlc_fast/petsc-dev-16784/bgp-xlc-fast/lib -L/scratch/aron/sandbox/process/installs/builddir_ppc64/petsc-dev-aug30-bgp_xlc_fast/petsc-dev-16784/bgp-xlc-fast/lib -lpetscts -lpetscsnes -lpetscksp -lpetscdm -lpetscmat -lpetscvec -lpetscsys -lnsl -lrt -L/bgsys/ibm_essl/sles10/prod/opt/ibmmath/lib -L/opt/ibmcmp/xlsmp/bg/1.7/lib -L/opt/ibmcmp/xlmass/bg/4.4/bglib -L/opt/ibmcmp/xlf/bg/11.1/bglib -L/bgsys/drivers/V1R4M2_200_2010-100508P/ppc/comm/xl/lib -L/bgsys/drivers/V1R4M2_200_2010-100508P/ppc/comm/sys/lib -L/bgsys/drivers/V1R4M2_200_2010-100508P/ppc/runtime/SPI -L/opt/ibmcmp/xlsmp/bg/1.7/bglib -L/opt/ibmcmp/vac/bg/9.0/bglib -L/opt/ibmcmp/vacpp/bg/9.0/bglib -L/bgsys/drivers/ppcfloor/gnu-linux/lib/gcc/powerpc-bgp-linux/4.1.2 -L/bgsys/drivers/ppcfloor/gnu-linux/powerpc-bgp-linux/lib -Wl,-rpath,/opt/ibmcmp/lib/bg/bglib -ldl -lesslbg -lxlf90_r -lxlopt -lxlsmp -lxl -lxlfmath -lpmpich.cnk -lmpich.cnk -lopa -Wl,-rpath,/bgsys/drivers/V1R4M2_200_2010-100508P/ppc/comm/sys/lib -ldcmf.cnk -ldcmfcoll.cnk -lpthread -Wl,-rpath,/bgsys/drivers/V1R4M2_200_2010-100508P/ppc/runtime/SPI -lSPI.cna -lrt -lgcc_eh -lxlomp_ser -lm -ldl -lesslbg -lxlf90_r -lxlopt -lxlsmp -lxl -lxlfmath -lpmpich.cnk -lmpich.cnk -lopa -ldcmf.cnk -ldcmfcoll.cnk -lpthread -lSPI.cna -lrt -lgcc_eh -ldl -lesslbg -lxlf90_r -lxlopt -lxlsmp -lxl -lxlfmath -O3 
-----------------------------------------

