Level 0 domain size (m)    8e+04 x    8e+04 x    1e+03, num elements  32 x  32 x   4 (    4096), size (m) 2500 x 2500 x 333.333
Level 1 domain size (m)    8e+04 x    8e+04 x    1e+03, num elements  64 x  64 x   7 (   28672), size (m) 1250 x 1250 x 166.667
Level 2 domain size (m)    8e+04 x    8e+04 x    1e+03, num elements 128 x 128 x  13 (  212992), size (m) 625 x 625 x 83.3333
      0 SNES Function norm 9.474957067903e+02 
Linear solve converged due to CONVERGED_ITS iterations 1
      1 SNES Function norm 8.805826102181e+02 
Linear solve converged due to CONVERGED_ITS iterations 1
      2 SNES Function norm 7.345585944548e+02 
Linear solve converged due to CONVERGED_ITS iterations 1
      3 SNES Function norm 5.330294830563e+02 
Linear solve converged due to CONVERGED_ITS iterations 1
      4 SNES Function norm 2.881865829915e+02 
Linear solve converged due to CONVERGED_ITS iterations 1
      5 SNES Function norm 7.699210085814e+01 
Linear solve converged due to CONVERGED_ITS iterations 1
      6 SNES Function norm 4.571010551253e+00 
Linear solve converged due to CONVERGED_ITS iterations 1
      7 SNES Function norm 1.481750413341e-02 
Linear solve converged due to CONVERGED_ITS iterations 1
      8 SNES Function norm 1.634425497425e-07 
Nonlinear solve converged due to CONVERGED_FNORM_RELATIVE
    0 SNES Function norm 3.441216820259e+02 
      0 KSP Residual norm 3.441216820259e+02 
      1 KSP Residual norm 3.420952939281e+00 
Linear solve converged due to CONVERGED_RTOL iterations 1
    1 SNES Function norm 2.639718738768e+01 
      0 KSP Residual norm 2.639718738768e+01 
      1 KSP Residual norm 2.690671482359e+00 
      2 KSP Residual norm 2.830882509758e-01 
      3 KSP Residual norm 4.702058799841e-02 
Linear solve converged due to CONVERGED_RTOL iterations 3
    2 SNES Function norm 6.990493288654e+00 
      0 KSP Residual norm 6.990493288654e+00 
      1 KSP Residual norm 3.842295994183e-01 
      2 KSP Residual norm 7.072102415769e-02 
      3 KSP Residual norm 1.053183681023e-02 
Linear solve converged due to CONVERGED_RTOL iterations 3
    3 SNES Function norm 3.752336229491e+00 
      0 KSP Residual norm 3.752336229491e+00 
      1 KSP Residual norm 2.053461879941e-01 
      2 KSP Residual norm 4.142916302762e-02 
      3 KSP Residual norm 7.610505036358e-03 
Linear solve converged due to CONVERGED_RTOL iterations 3
    4 SNES Function norm 1.726702795363e+00 
      0 KSP Residual norm 1.726702795363e+00 
      1 KSP Residual norm 1.194124516246e-01 
      2 KSP Residual norm 2.660146266700e-02 
      3 KSP Residual norm 4.378444650374e-03 
Linear solve converged due to CONVERGED_RTOL iterations 3
    5 SNES Function norm 2.034216058650e-01 
      0 KSP Residual norm 2.034216058650e-01 
      1 KSP Residual norm 1.786088757627e-02 
      2 KSP Residual norm 3.813395008412e-03 
      3 KSP Residual norm 9.272532534137e-04 
Linear solve converged due to CONVERGED_RTOL iterations 3
    6 SNES Function norm 9.674980330340e-03 
      0 KSP Residual norm 9.674980330340e-03 
      1 KSP Residual norm 9.309003009996e-04 
      2 KSP Residual norm 2.030683427363e-04 
      3 KSP Residual norm 5.033605256724e-05 
Linear solve converged due to CONVERGED_RTOL iterations 3
    7 SNES Function norm 5.481820371917e-05 
      0 KSP Residual norm 5.481820371917e-05 
      1 KSP Residual norm 1.575620950977e-05 
      2 KSP Residual norm 3.145671752188e-06 
      3 KSP Residual norm 6.795320223525e-07 
      4 KSP Residual norm 1.270324516785e-07 
Linear solve converged due to CONVERGED_RTOL iterations 4
    8 SNES Function norm 1.271080814893e-07 
Nonlinear solve converged due to CONVERGED_FNORM_RELATIVE
  0 SNES Function norm 1.243736279888e+02 
    0 KSP Residual norm 1.243736279888e+02 
    1 KSP Residual norm 1.083649282689e+00 
Linear solve converged due to CONVERGED_RTOL iterations 1
  1 SNES Function norm 3.092214067186e+00 
    0 KSP Residual norm 3.092214067186e+00 
    1 KSP Residual norm 5.438835542207e-01 
    2 KSP Residual norm 6.296847452988e-02 
    3 KSP Residual norm 9.022684524406e-03 
Linear solve converged due to CONVERGED_RTOL iterations 3
  2 SNES Function norm 6.741410849698e-01 
    0 KSP Residual norm 6.741410849698e-01 
    1 KSP Residual norm 3.548136311086e-02 
    2 KSP Residual norm 7.308461084284e-03 
    3 KSP Residual norm 1.258372329642e-03 
Linear solve converged due to CONVERGED_RTOL iterations 3
  3 SNES Function norm 5.092340219372e-01 
    0 KSP Residual norm 5.092340219372e-01 
    1 KSP Residual norm 3.107386367305e-02 
    2 KSP Residual norm 3.401946224419e-03 
Linear solve converged due to CONVERGED_RTOL iterations 2
  4 SNES Function norm 1.381593339128e-01 
    0 KSP Residual norm 1.381593339128e-01 
    1 KSP Residual norm 6.830858194141e-03 
    2 KSP Residual norm 9.535295198195e-04 
Linear solve converged due to CONVERGED_RTOL iterations 2
  5 SNES Function norm 2.887801973249e-02 
    0 KSP Residual norm 2.887801973249e-02 
    1 KSP Residual norm 1.332273866175e-03 
    2 KSP Residual norm 2.477565870024e-04 
Linear solve converged due to CONVERGED_RTOL iterations 2
  6 SNES Function norm 1.233558639434e-03 
    0 KSP Residual norm 1.233558639434e-03 
    1 KSP Residual norm 1.491616546155e-04 
    2 KSP Residual norm 4.231725336895e-05 
    3 KSP Residual norm 5.193265600769e-06 
Linear solve converged due to CONVERGED_RTOL iterations 3
  7 SNES Function norm 6.296021135933e-06 
    0 KSP Residual norm 6.296021135933e-06 
    1 KSP Residual norm 1.777460250778e-06 
    2 KSP Residual norm 5.989351328512e-07 
    3 KSP Residual norm 1.710416810871e-07 
    4 KSP Residual norm 5.356289643500e-08 
Linear solve converged due to CONVERGED_RTOL iterations 4
  8 SNES Function norm 5.356031016319e-08 
Nonlinear solve converged due to CONVERGED_FNORM_RELATIVE
Solution statistics after solve: Full
CONVERGED_FNORM_RELATIVE: Number of Newton iterations = 8, total linear iterations = 20
|X|_2 39052.2   u in [6.2166, 195.458]   v in [-4.65051, 5.17561]   c in [6.21665, 195.458] 
Surface statistics: u in [8.281232e+00, 1.954576e+02] mean 7.823149e+01
Global eta range   [2.70632e+10, 9.2273e+12], converged range [2.70632e+10, 6.53226e+12]
Global beta2 range [5.47052e+09, 2.26356e+13], converged range [5.47403e+09, 2.19047e+10]

    0 SNES Function norm 1.059001019119e+02 
      0 KSP Residual norm 1.059001019119e+02 
      1 KSP Residual norm 1.176474270479e+00 
      2 KSP Residual norm 9.204756971960e-02 
Linear solve converged due to CONVERGED_RTOL iterations 2
    1 SNES Function norm 6.401130646378e+00 
      0 KSP Residual norm 6.401130646378e+00 
      1 KSP Residual norm 4.279136187964e-01 
      2 KSP Residual norm 4.031605153925e-02 
Linear solve converged due to CONVERGED_RTOL iterations 2
    2 SNES Function norm 8.295563619451e-02 
      0 KSP Residual norm 8.295563619451e-02 
      1 KSP Residual norm 8.745965142477e-03 
      2 KSP Residual norm 1.263605894844e-03 
      3 KSP Residual norm 2.249599145658e-04 
Linear solve converged due to CONVERGED_RTOL iterations 3
    3 SNES Function norm 6.120872538377e-04 
      0 KSP Residual norm 6.120872538377e-04 
      1 KSP Residual norm 7.379279465234e-05 
      2 KSP Residual norm 1.753653952423e-05 
      3 KSP Residual norm 2.414784338538e-06 
Linear solve converged due to CONVERGED_RTOL iterations 3
    4 SNES Function norm 2.408404735632e-06 
      0 KSP Residual norm 2.408404735632e-06 
      1 KSP Residual norm 5.951050187650e-07 
      2 KSP Residual norm 1.329272532719e-07 
      3 KSP Residual norm 3.019768414769e-08 
      4 KSP Residual norm 5.845023834849e-09 
Linear solve converged due to CONVERGED_RTOL iterations 4
    5 SNES Function norm 5.844979734150e-09 
Nonlinear solve converged due to CONVERGED_FNORM_RELATIVE
Solution statistics after solve: Fine-1
CONVERGED_FNORM_RELATIVE: Number of Newton iterations = 5, total linear iterations = 14
|X|_2 14161.5   u in [6.21314, 194.584]   v in [-4.62959, 5.15134]   c in [6.2132, 194.585] 
Surface statistics: u in [8.270059e+00, 1.945842e+02] mean 7.789675e+01
Global eta range   [2.70632e+10, 9.2273e+12], converged range [2.94908e+10, 3.92091e+12]
Global beta2 range [5.3513e+09, 2.26356e+13], converged range [5.54604e+09, 2.18788e+10]

  0 SNES Function norm 1.243736279886e+02 
    0 KSP Residual norm 1.243736279886e+02 
    1 KSP Residual norm 1.083649282449e+00 
Linear solve converged due to CONVERGED_RTOL iterations 1
  1 SNES Function norm 3.092214075635e+00 
    0 KSP Residual norm 3.092214075635e+00 
    1 KSP Residual norm 5.438835547818e-01 
    2 KSP Residual norm 6.296847459861e-02 
    3 KSP Residual norm 9.022684537539e-03 
Linear solve converged due to CONVERGED_RTOL iterations 3
  2 SNES Function norm 6.741410878950e-01 
    0 KSP Residual norm 6.741410878950e-01 
    1 KSP Residual norm 3.548136296134e-02 
    2 KSP Residual norm 7.308460981067e-03 
    3 KSP Residual norm 1.258372294332e-03 
Linear solve converged due to CONVERGED_RTOL iterations 3
  3 SNES Function norm 5.092340248054e-01 
    0 KSP Residual norm 5.092340248054e-01 
    1 KSP Residual norm 3.107386374885e-02 
    2 KSP Residual norm 3.401946219286e-03 
Linear solve converged due to CONVERGED_RTOL iterations 2
  4 SNES Function norm 1.381593417220e-01 
    0 KSP Residual norm 1.381593417220e-01 
    1 KSP Residual norm 6.830858444499e-03 
    2 KSP Residual norm 9.535295213425e-04 
Linear solve converged due to CONVERGED_RTOL iterations 2
  5 SNES Function norm 2.887802531413e-02 
    0 KSP Residual norm 2.887802531413e-02 
    1 KSP Residual norm 1.332274035865e-03 
    2 KSP Residual norm 2.477566004835e-04 
Linear solve converged due to CONVERGED_RTOL iterations 2
  6 SNES Function norm 1.233559020920e-03 
    0 KSP Residual norm 1.233559020920e-03 
    1 KSP Residual norm 1.491616787543e-04 
    2 KSP Residual norm 4.231726102773e-05 
    3 KSP Residual norm 5.193266631910e-06 
Linear solve converged due to CONVERGED_RTOL iterations 3
  7 SNES Function norm 6.296022546552e-06 
    0 KSP Residual norm 6.296022546552e-06 
    1 KSP Residual norm 1.777460475795e-06 
    2 KSP Residual norm 5.989351541978e-07 
    3 KSP Residual norm 1.710416809244e-07 
    4 KSP Residual norm 5.356290167671e-08 
Linear solve converged due to CONVERGED_RTOL iterations 4
  8 SNES Function norm 5.356028311159e-08 
Nonlinear solve converged due to CONVERGED_FNORM_RELATIVE
Solution statistics after solve: Fine
CONVERGED_FNORM_RELATIVE: Number of Newton iterations = 8, total linear iterations = 20
|X|_2 39052.2   u in [6.2166, 195.458]   v in [-4.65051, 5.17561]   c in [6.21665, 195.458] 
Surface statistics: u in [8.281232e+00, 1.954576e+02] mean 7.823149e+01
Global eta range   [2.70632e+10, 9.2273e+12], converged range [2.70632e+10, 6.53226e+12]
Global beta2 range [5.3513e+09, 2.26356e+13], converged range [5.47403e+09, 2.19047e+10]

************************************************************************************************************************
***             WIDEN YOUR WINDOW TO 120 CHARACTERS.  Use 'enscript -r -fCourier9' to print this document            ***
************************************************************************************************************************

---------------------------------------------- PETSc Performance Summary: ----------------------------------------------

./ex48 on a bgp-xlc-f named ionode55 with 16 processors, by Unknown Wed Sep 15 07:37:06 2010
Using Petsc Development HG revision: aeb2eea2e3ddfd0635951d6560aa7114704dab25  HG Date: Sat Aug 21 15:26:55 2010 -0500

                         Max       Max/Min        Avg      Total 
Time (sec):           8.164e+02      1.00000   8.164e+02
Objects:              4.320e+02      1.00000   4.320e+02
Flops:                7.564e+10      1.00069   7.561e+10  1.210e+12
Flops/sec:            9.266e+07      1.00069   9.263e+07  1.482e+09
MPI Messages:         1.011e+04      1.01019   1.002e+04  1.603e+05
MPI Message Lengths:  1.506e+08      1.00024   1.503e+04  2.409e+09
MPI Reductions:       1.801e+03      1.00000

Flop counting convention: 1 flop = 1 real number operation of type (multiply/divide/add/subtract)
                            e.g., VecAXPY() for real vectors of length N --> 2N flops
                            and VecAXPY() for complex vectors of length N --> 8N flops

Summary of Stages:   ----- Time ------  ----- Flops -----  --- Messages ---  -- Message Lengths --  -- Reductions --
                        Avg     %Total     Avg     %Total   counts   %Total     Avg         %Total   counts   %Total 
 0:      Main Stage: 2.0565e-02   0.0%  5.2347e+06   0.0%  3.060e+02   0.2%  5.588e-01        0.0%  1.500e+01   0.8% 
 1:      Full solve: 5.1865e+02  63.5%  7.7043e+11  63.7%  9.572e+04  59.7%  9.472e+03       63.0%  1.034e+03  57.4% 
 2:    Fine-1 solve: 1.0771e+02  13.2%  1.6491e+11  13.6%  2.000e+04  12.5%  1.720e+03       11.4%  1.770e+02   9.8% 
 3: Fine-only solve: 1.8997e+02  23.3%  2.7450e+11  22.7%  4.422e+04  27.6%  3.838e+03       25.5%  4.410e+02  24.5% 

------------------------------------------------------------------------------------------------------------------------
See the 'Profiling' chapter of the users' manual for details on interpreting output.
Phase summary info:
   Count: number of times phase was executed
   Time and Flops: Max - maximum over all processors
                   Ratio - ratio of maximum to minimum over all processors
   Mess: number of messages sent
   Avg. len: average message length
   Reduct: number of global reductions
   Global: entire computation
   Stage: stages of a computation. Set stages with PetscLogStagePush() and PetscLogStagePop().
      %T - percent time in this phase         %F - percent flops in this phase
      %M - percent messages in this phase     %L - percent message lengths in this phase
      %R - percent reductions in this phase
   Total Mflop/s: 10e-6 * (sum of flops over all processors)/(max time over all processors)
------------------------------------------------------------------------------------------------------------------------
Event                Count      Time (sec)     Flops                             --- Global ---  --- Stage ---   Total
                   Max Ratio  Max     Ratio   Max  Ratio  Mess   Avg len Reduct  %T %F %M %L %R  %T %F %M %L %R Mflop/s
------------------------------------------------------------------------------------------------------------------------

--- Event Stage 0: Main Stage

VecSet                 2 1.0 1.8120e-05 1.1 0.00e+00 0.0 0.0e+00 0.0e+00 0.0e+00  0  0  0  0  0   0  0  0  0  0     0
VecPointwiseMult       1 1.0 8.1062e-05 1.1 3.58e+03 1.0 0.0e+00 0.0e+00 0.0e+00  0  0  0  0  0   0  1  0  0  0   707
VecScatterBegin        2 1.0 8.6069e-05 1.0 0.00e+00 0.0 9.6e+01 9.2e+02 0.0e+00  0  0  0  0  0   0  0 31 99  0     0
VecScatterEnd          2 1.0 8.5497e-04 7.4 0.00e+00 0.0 0.0e+00 0.0e+00 0.0e+00  0  0  0  0  0   1  0  0  0  0     0
MatMult                1 1.0 2.2218e-03 1.2 1.48e+05 1.0 4.8e+01 9.2e+02 0.0e+00  0  0  0  0  0   9 45 16 50  0  1069
MatMultTranspose       1 1.0 2.7490e-03 1.2 1.75e+05 1.0 4.8e+01 9.2e+02 0.0e+00  0  0  0  0  0  12 54 16 50  0  1019

--- Event Stage 1: Full solve

VecDot                24 1.0 1.0137e-02 4.9 4.91e+05 1.0 0.0e+00 0.0e+00 2.4e+01  0  0  0  0  1   0  0  0  0  2   776
VecMDot              177 1.0 1.2163e-01 2.6 5.11e+06 1.0 0.0e+00 0.0e+00 1.8e+02  0  0  0  0 10   0  0  0  0 17   673
VecNorm              447 1.0 6.5209e-01 2.7 9.59e+06 1.0 0.0e+00 0.0e+00 4.5e+02  0  0  0  0 25   0  0  0  0 43   235
VecScale             327 1.0 1.7819e-02 1.0 3.61e+06 1.0 0.0e+00 0.0e+00 0.0e+00  0  0  0  0  0   0  0  0  0  0  3242
VecCopy              222 1.0 1.2863e-02 1.0 0.00e+00 0.0 0.0e+00 0.0e+00 0.0e+00  0  0  0  0  0   0  0  0  0  0     0
VecSet              1823 1.0 2.8310e-02 1.1 0.00e+00 0.0 0.0e+00 0.0e+00 0.0e+00  0  0  0  0  0   0  0  0  0  0     0
VecAXPY              213 1.0 1.9460e-02 1.0 4.61e+06 1.0 0.0e+00 0.0e+00 0.0e+00  0  0  0  0  0   0  0  0  0  0  3791
VecAYPX               63 1.0 1.3943e-02 1.0 6.87e+05 1.0 0.0e+00 0.0e+00 0.0e+00  0  0  0  0  0   0  0  0  0  0   788
VecWAXPY              25 1.0 6.1791e-03 1.1 2.53e+05 1.0 0.0e+00 0.0e+00 0.0e+00  0  0  0  0  0   0  0  0  0  0   655
VecMAXPY             327 1.0 3.8234e-02 1.0 9.10e+06 1.0 0.0e+00 0.0e+00 0.0e+00  0  0  0  0  0   0  0  0  0  0  3808
VecPointwiseMult      24 1.0 8.9192e-04 1.1 3.69e+04 1.0 0.0e+00 0.0e+00 0.0e+00  0  0  0  0  0   0  0  0  0  0   661
VecScatterBegin      703 1.0 6.8011e-02 1.0 0.00e+00 0.0 7.7e+04 1.9e+03 0.0e+00  0  0 48  6  0   0  0 80 10  0     0
VecScatterEnd        703 1.0 6.9332e-01 4.2 0.00e+00 0.0 0.0e+00 0.0e+00 0.0e+00  0  0  0  0  0   0  0  0  0  0     0
VecReduceArith         6 1.0 4.5562e-04 1.1 1.23e+05 1.0 0.0e+00 0.0e+00 0.0e+00  0  0  0  0  0   0  0  0  0  0  4315
VecReduceComm          3 1.0 1.7798e-03 3.8 0.00e+00 0.0 0.0e+00 0.0e+00 3.0e+00  0  0  0  0  0   0  0  0  0  0     0
VecNormalize         268 1.0 6.3229e-01 2.8 8.26e+06 1.0 0.0e+00 0.0e+00 2.7e+02  0  0  0  0 15   0  0  0  0 26   209
MatMult              329 1.0 3.3760e+00 1.0 3.74e+08 1.1 4.2e+04 1.7e+03 0.0e+00  0  0 26  3  0   1  1 44  5  0  1708
MatMultAdd            63 1.0 6.2585e-02 1.0 4.49e+06 1.0 3.0e+03 4.8e+02 0.0e+00  0  0  2  0  0   0  0  3  0  0  1149
MatMultTranspose      89 1.0 1.9079e-01 2.1 6.46e+06 1.0 4.3e+03 4.8e+02 0.0e+00  0  0  3  0  0   0  0  4  0  0   542
MatSolve             374 1.0 9.0713e+00 1.0 1.42e+09 1.0 0.0e+00 0.0e+00 0.0e+00  1  2  0  0  0   2  3  0  0  0  2509
MatLUFactorSym         3 1.0 1.4589e+00 1.0 0.00e+00 0.0 0.0e+00 0.0e+00 3.0e+00  0  0  0  0  0   0  0  0  0  0     0
MatLUFactorNum        24 1.0 4.5848e+02 1.0 4.31e+10 1.0 0.0e+00 0.0e+00 0.0e+00 56 57  0  0  0  88 89  0  0  0  1504
MatCholFctrSym         2 1.0 4.6101e-02 1.0 0.00e+00 0.0 0.0e+00 0.0e+00 0.0e+00  0  0  0  0  0   0  0  0  0  0     0
MatCholFctrNum        24 1.0 2.7857e+01 1.0 3.24e+09 1.0 0.0e+00 0.0e+00 0.0e+00  3  4  0  0  0   5  7  0  0  0  1862
MatICCFactorSym        1 1.0 2.0640e-02 1.0 0.00e+00 0.0 0.0e+00 0.0e+00 0.0e+00  0  0  0  0  0   0  0  0  0  0     0
MatAssemblyBegin      77 1.0 2.3691e-01 3.0 0.00e+00 0.0 6.9e+03 3.2e+04 1.3e+02  0  0  4  9  7   0  0  7 15 13     0
MatAssemblyEnd        77 1.0 3.8758e-01 1.3 0.00e+00 0.0 1.5e+03 6.2e+02 4.8e+01  0  0  1  0  3   0  0  2  0  5     0
MatGetRowIJ           13 1.0 1.6703e-02 1.0 0.00e+00 0.0 0.0e+00 0.0e+00 0.0e+00  0  0  0  0  0   0  0  0  0  0     0
MatGetOrdering        13 1.0 9.3782e-02 1.0 0.00e+00 0.0 0.0e+00 0.0e+00 3.2e+01  0  0  0  0  2   0  0  0  0  3     0
MatZeroEntries        48 1.0 1.3616e-02 1.1 0.00e+00 0.0 0.0e+00 0.0e+00 0.0e+00  0  0  0  0  0   0  0  0  0  0     0
MatGetRedundant       24 1.0 1.3530e+00 1.1 0.00e+00 0.0 7.2e+03 1.6e+05 6.0e+00  0  0  4 47  0   0  0  8 75  1     0
SNESSolve              3 1.0 5.1833e+02 1.0 4.82e+10 1.0 9.2e+04 1.6e+04 8.8e+02 63 64 58 63 49 100100 96100 85  1486
SNESLineSearch        24 1.0 4.8047e+00 1.0 2.74e+07 1.1 9.5e+03 1.3e+03 9.7e+01  1  0  6  1  5   1  0 10  1  9    88
SNESFunctionEval      28 1.0 5.0944e+00 1.0 0.00e+00 0.0 7.2e+03 1.2e+03 6.0e+00  1  0  4  0  0   1  0  7  1  1     0
SNESJacobianEval      24 1.0 1.0732e+01 1.0 1.81e+06 1.0 1.4e+04 1.6e+04 1.2e+02  1  0  9  9  7   2  0 15 15 12     3
KSPGMRESOrthog       177 1.0 1.4875e-01 2.0 1.02e+07 1.0 0.0e+00 0.0e+00 1.8e+02  0  0  0  0 10   0  0  0  0 17  1100
KSPSetup             120 1.0 2.7244e-03 1.1 0.00e+00 0.0 0.0e+00 0.0e+00 0.0e+00  0  0  0  0  0   0  0  0  0  0     0
KSPSolve              24 1.0 5.0223e+02 1.0 4.81e+10 1.0 6.8e+04 1.9e+04 6.3e+02 62 64 42 53 35  97100 71 84 61  1533
PCSetUp               48 1.0 4.8920e+02 1.0 4.63e+10 1.0 8.8e+03 1.3e+05 7.9e+01 60 61  6 48  4  94 96  9 76  8  1515
PCSetUpOnBlocks      126 1.0 2.7934e+01 1.0 3.24e+09 1.0 0.0e+00 0.0e+00 2.2e+01  3  4  0  0  1   5  7  0  0  2  1857
PCApply               51 1.0 4.0604e+01 1.0 4.98e+09 1.0 5.3e+04 2.2e+03 4.9e+02  5  7 33  5 27   8 10 56  8 47  1958

--- Event Stage 2: Fine-1 solve

VecDot                 5 1.0 1.5111e-03 5.6 3.58e+04 1.0 0.0e+00 0.0e+00 5.0e+00  0  0  0  0  0   0  0  0  0  3   379
VecMDot               42 1.0 1.4613e-02 3.2 4.01e+05 1.0 0.0e+00 0.0e+00 4.2e+01  0  0  0  0  2   0  0  0  0 24   439
VecNorm               99 1.0 2.4793e-0114.4 7.10e+05 1.0 0.0e+00 0.0e+00 9.9e+01  0  0  0  0  5   0  0  0  0 56    46
VecScale              75 1.0 1.6327e-03 1.0 2.69e+05 1.0 0.0e+00 0.0e+00 0.0e+00  0  0  0  0  0   0  0  0  0  0  2634
VecCopy               48 1.0 1.1673e-03 1.0 0.00e+00 0.0 0.0e+00 0.0e+00 0.0e+00  0  0  0  0  0   0  0  0  0  0     0
VecSet               425 1.0 3.6712e-03 1.1 0.00e+00 0.0 0.0e+00 0.0e+00 0.0e+00  0  0  0  0  0   0  0  0  0  0     0
VecAXPY               47 1.0 1.7583e-03 1.1 3.37e+05 1.0 0.0e+00 0.0e+00 0.0e+00  0  0  0  0  0   0  0  0  0  0  3066
VecAYPX               14 1.0 1.0931e-03 1.0 5.02e+04 1.0 0.0e+00 0.0e+00 0.0e+00  0  0  0  0  0   0  0  0  0  0   734
VecWAXPY               5 1.0 4.7112e-04 1.0 1.79e+04 1.0 0.0e+00 0.0e+00 0.0e+00  0  0  0  0  0   0  0  0  0  0   609
VecMAXPY              75 1.0 3.4244e-03 1.0 7.02e+05 1.0 0.0e+00 0.0e+00 0.0e+00  0  0  0  0  0   0  0  0  0  0  3282
VecPointwiseMult       5 1.0 8.2016e-05 1.1 2.56e+03 1.0 0.0e+00 0.0e+00 0.0e+00  0  0  0  0  0   0  0  0  0  0   499
VecScatterBegin      158 1.0 1.2300e-02 1.0 0.00e+00 0.0 1.7e+04 1.4e+03 0.0e+00  0  0 11  1  0   0  0 87  9  0     0
VecScatterEnd        158 1.0 4.5281e-02 3.0 0.00e+00 0.0 0.0e+00 0.0e+00 0.0e+00  0  0  0  0  0   0  0  0  0  0     0
VecReduceArith         2 1.0 6.6996e-05 1.1 1.43e+04 1.0 0.0e+00 0.0e+00 0.0e+00  0  0  0  0  0   0  0  0  0  0  3423
VecReduceComm          1 1.0 4.9806e-0415.0 0.00e+00 0.0 0.0e+00 0.0e+00 1.0e+00  0  0  0  0  0   0  0  0  0  1     0
VecNormalize          56 1.0 2.4345e-0119.4 6.02e+05 1.0 0.0e+00 0.0e+00 5.6e+01  0  0  0  0  3   0  0  0  0 32    40
MatMult               75 1.0 2.5956e-01 1.1 2.72e+07 1.1 9.6e+03 9.5e+02 0.0e+00  0  0  6  0  0   0  0 48  3  0  1578
MatMultAdd            14 1.0 5.5494e-03 1.0 3.23e+05 1.0 6.7e+02 2.7e+02 0.0e+00  0  0  0  0  0   0  0  3  0  0   930
MatMultTranspose      19 1.0 1.9523e-02 2.5 4.38e+05 1.0 9.1e+02 2.7e+02 0.0e+00  0  0  1  0  0   0  0  5  0  0   359
MatSolve              84 1.0 2.1252e+00 1.0 3.37e+08 1.0 0.0e+00 0.0e+00 0.0e+00  0  0  0  0  0   2  3  0  0  0  2541
MatLUFactorNum         5 1.0 9.5558e+01 1.0 8.98e+09 1.0 0.0e+00 0.0e+00 0.0e+00 12 12  0  0  0  89 87  0  0  0  1503
MatCholFctrNum         5 1.0 8.3023e+00 1.0 9.65e+08 1.0 0.0e+00 0.0e+00 0.0e+00  1  1  0  0  0   8  9  0  0  0  1859
MatAssemblyBegin      15 1.0 2.3599e-02 2.4 0.00e+00 0.0 1.4e+03 1.9e+04 2.5e+01  0  0  1  1  1   0  0  7 10 14     0
MatAssemblyEnd        15 1.0 5.2202e-02 1.2 0.00e+00 0.0 0.0e+00 0.0e+00 0.0e+00  0  0  0  0  0   0  0  0  0  0     0
MatZeroEntries        10 1.0 1.0819e-03 1.1 0.00e+00 0.0 0.0e+00 0.0e+00 0.0e+00  0  0  0  0  0   0  0  0  0  0     0
MatGetRedundant        5 1.0 2.7911e-01 1.1 0.00e+00 0.0 1.2e+03 1.9e+05 0.0e+00  0  0  1  9  0   0  0  6 81  0     0
SNESSolve              1 1.0 1.0771e+02 1.0 1.03e+10 1.0 2.0e+04 1.4e+04 1.8e+02 13 14 12 11 10 100100100100100  1531
SNESLineSearch         5 1.0 3.3435e-01 1.0 1.96e+06 1.1 1.9e+03 7.9e+02 2.0e+01  0  0  1  0  1   0  0 10  1 11    89
SNESFunctionEval       6 1.0 3.7474e-01 1.0 0.00e+00 0.0 1.5e+03 7.1e+02 0.0e+00  0  0  1  0  0   0  0  8  0  0     0
SNESJacobianEval       5 1.0 7.6658e-01 1.0 1.18e+05 1.0 3.0e+03 9.3e+03 2.5e+01  0  0  2  1  1   1  0 15 10 14     2
KSPGMRESOrthog        42 1.0 1.7566e-02 2.3 8.03e+05 1.0 0.0e+00 0.0e+00 4.2e+01  0  0  0  0  2   0  0  0  0 24   731
KSPSetup              25 1.0 1.2016e-04 1.1 0.00e+00 0.0 0.0e+00 0.0e+00 0.0e+00  0  0  0  0  0   0  0  0  0  0     0
KSPSolve               5 1.0 1.0655e+02 1.0 1.03e+10 1.0 1.5e+04 1.7e+04 1.3e+02 13 14  9 10  7  99100 74 89 71  1547
PCSetUp               10 1.0 1.0412e+02 1.0 9.94e+09 1.0 1.2e+03 1.9e+05 0.0e+00 13 13  1  9  0  97 96  6 81  0  1527
PCSetUpOnBlocks       28 1.0 8.3028e+00 1.0 9.65e+08 1.0 0.0e+00 0.0e+00 0.0e+00  1  1  0  0  0   8  9  0  0  0  1859
PCApply               14 1.0 1.0886e+01 1.0 1.32e+09 1.0 1.2e+04 1.8e+03 9.8e+01  1  2  7  1  5  10 13 59  8 55  1945

--- Event Stage 3: Fine-only solve

VecDot                 8 1.0 7.4217e-03 5.5 4.26e+05 1.0 0.0e+00 0.0e+00 8.0e+00  0  0  0  0  0   0  0  0  0  2   918
VecMDot              100 1.0 9.9360e-02 2.7 4.44e+06 1.0 0.0e+00 0.0e+00 1.0e+02  0  0  0  0  6   0  0  0  0 23   715
VecNorm              244 1.0 4.4981e-01 7.1 8.38e+06 1.0 0.0e+00 0.0e+00 2.4e+02  0  0  0  0 14   0  0  0  0 55   298
VecScale             188 1.0 1.5009e-02 1.0 3.16e+06 1.0 0.0e+00 0.0e+00 0.0e+00  0  0  0  0  0   0  0  0  0  0  3371
VecCopy              112 1.0 1.0702e-02 1.0 0.00e+00 0.0 0.0e+00 0.0e+00 0.0e+00  0  0  0  0  0   0  0  0  0  0     0
VecSet              1070 1.0 2.1863e-02 1.1 0.00e+00 0.0 0.0e+00 0.0e+00 0.0e+00  0  0  0  0  0   0  0  0  0  0     0
VecAXPY              128 1.0 1.6530e-02 1.0 4.05e+06 1.0 0.0e+00 0.0e+00 0.0e+00  0  0  0  0  0   0  0  0  0  0  3921
VecAYPX               40 1.0 1.2135e-02 1.0 6.04e+05 1.0 0.0e+00 0.0e+00 0.0e+00  0  0  0  0  0   0  0  0  0  0   797
VecWAXPY               8 1.0 5.1992e-03 1.1 2.13e+05 1.0 0.0e+00 0.0e+00 0.0e+00  0  0  0  0  0   0  0  0  0  0   655
VecMAXPY             188 1.0 3.2597e-02 1.0 7.92e+06 1.0 0.0e+00 0.0e+00 0.0e+00  0  0  0  0  0   0  0  0  0  0  3888
VecPointwiseMult      16 1.0 7.7534e-04 1.1 3.28e+04 1.0 0.0e+00 0.0e+00 0.0e+00  0  0  0  0  0   0  0  0  0  0   676
VecScatterBegin      366 1.0 4.2213e-02 1.0 0.00e+00 0.0 3.9e+04 2.3e+03 0.0e+00  0  0 24  4  0   0  0 88 14  0     0
VecScatterEnd        366 1.0 2.5439e-01 5.4 0.00e+00 0.0 0.0e+00 0.0e+00 0.0e+00  0  0  0  0  0   0  0  0  0  0     0
VecReduceArith         2 1.0 3.6120e-04 1.1 1.06e+05 1.0 0.0e+00 0.0e+00 0.0e+00  0  0  0  0  0   0  0  0  0  0  4717
VecReduceComm          1 1.0 9.6583e-0431.2 0.00e+00 0.0 0.0e+00 0.0e+00 1.0e+00  0  0  0  0  0   0  0  0  0  0     0
VecNormalize         160 1.0 4.4197e-01 7.7 7.25e+06 1.0 0.0e+00 0.0e+00 1.6e+02  0  0  0  0  9   0  0  0  0 36   262
MatMult              188 1.0 2.9417e+00 1.0 3.28e+08 1.1 2.4e+04 2.4e+03 0.0e+00  0  0 15  2  0   2  2 54  9  0  1727
MatMultAdd            40 1.0 5.3425e-02 1.0 3.96e+06 1.0 1.9e+03 6.0e+02 0.0e+00  0  0  1  0  0   0  0  4  0  0  1187
MatMultTranspose      56 1.0 1.6605e-01 2.2 5.55e+06 1.0 2.7e+03 6.0e+02 0.0e+00  0  0  2  0  0   0  0  6  0  0   535
MatSolve             220 1.0 4.9562e+00 1.0 7.41e+08 1.0 0.0e+00 0.0e+00 0.0e+00  1  1  0  0  0   3  4  0  0  0  2392
MatLUFactorNum         8 1.0 1.5290e+02 1.0 1.44e+10 1.0 0.0e+00 0.0e+00 0.0e+00 19 19  0  0  0  80 84  0  0  0  1503
MatCholFctrNum        16 1.0 1.4652e+01 1.0 1.70e+09 1.0 0.0e+00 0.0e+00 0.0e+00  2  2  0  0  0   8 10  0  0  0  1854
MatAssemblyBegin      32 1.0 1.7874e-01 3.4 0.00e+00 0.0 3.5e+03 4.9e+04 6.4e+01  0  0  2  7  4   0  0  8 27 15     0
MatAssemblyEnd        32 1.0 2.1255e-01 1.6 0.00e+00 0.0 0.0e+00 0.0e+00 0.0e+00  0  0  0  0  0   0  0  0  0  0     0
MatGetRowIJ            8 1.0 4.1962e-05 1.1 0.00e+00 0.0 0.0e+00 0.0e+00 0.0e+00  0  0  0  0  0   0  0  0  0  0     0
MatGetOrdering         8 1.0 6.2268e-03 1.0 0.00e+00 0.0 0.0e+00 0.0e+00 1.6e+01  0  0  0  0  1   0  0  0  0  4     0
MatZeroEntries        24 1.0 1.1514e-02 1.1 0.00e+00 0.0 0.0e+00 0.0e+00 0.0e+00  0  0  0  0  0   0  0  0  0  0     0
MatGetRedundant        8 1.0 4.4718e-01 1.1 0.00e+00 0.0 1.9e+03 1.9e+05 0.0e+00  0  0  1 15  0   0  0  4 58  0     0
SNESSolve              1 1.0 1.8997e+02 1.0 1.72e+10 1.0 4.4e+04 1.4e+04 4.4e+02 23 23 28 26 24 100100100100100  1445
SNESLineSearch         8 1.0 4.1362e+00 1.0 2.39e+07 1.1 3.1e+03 2.9e+03 3.2e+01  1  0  2  0  2   2  0  7  1  7    90
SNESFunctionEval       9 1.0 4.3983e+00 1.0 0.00e+00 0.0 2.3e+03 2.6e+03 0.0e+00  1  0  1  0  0   2  0  5  1  0     0
SNESJacobianEval       8 1.0 9.3223e+00 1.0 1.62e+06 1.0 7.3e+03 2.4e+04 6.4e+01  1  0  5  7  4   5  0 16 28 15     3
KSPGMRESOrthog       100 1.0 1.2138e-01 2.1 8.88e+06 1.0 0.0e+00 0.0e+00 1.0e+02  0  0  0  0  6   0  0  0  0 23  1171
KSPSetup              56 1.0 2.5868e-04 1.1 0.00e+00 0.0 0.0e+00 0.0e+00 0.0e+00  0  0  0  0  0   0  0  0  0  0     0
KSPSolve               8 1.0 1.7602e+02 1.0 1.71e+10 1.0 3.4e+04 1.3e+04 3.4e+02 22 23 21 18 19  93100 76 70 76  1557
PCSetUp               24 1.0 1.6796e+02 1.0 1.61e+10 1.0 1.9e+03 1.9e+05 1.6e+01 21 21  1 15  1  88 94  4 58  4  1530
PCSetUpOnBlocks       80 1.0 1.4660e+01 1.0 1.70e+09 1.0 0.0e+00 0.0e+00 1.6e+01  2  2  0  0  1   8 10  0  0  4  1853
PCApply               20 1.0 2.2505e+01 1.0 2.72e+09 1.0 2.9e+04 2.3e+03 3.0e+02  3  4 18  3 16  12 16 66 11 67  1926
------------------------------------------------------------------------------------------------------------------------

Memory usage is given in bytes:

Object Type          Creations   Destructions     Memory  Descendants' Mem.
Reports information only for process 0.

--- Event Stage 0: Main Stage

           Container     0              3          900     0
 Toy Hydrostatic Ice     0              1          500     0
   Distributed array     0              6       175384     0
                 Vec     0            152     12400872     0
         Vec Scatter     0             27        16308     0
           Index Set     0             12       366960     0
   IS L to G Mapping     0             12       241328     0
              Matrix     0             30    176183848     0
                SNES     0              3         2244     0
       Krylov Solver     0             15       110872     0
      Preconditioner     0             15         7736     0
              Viewer     0              1          400     0

--- Event Stage 1: Full solve

           Container     3              0            0     0
 Toy Hydrostatic Ice     1              0            0     0
   Distributed array     6              0            0     0
                 Vec   201             49       655516     0
         Vec Scatter    27              0            0     0
           Index Set    89             77      1336016     0
   IS L to G Mapping    12              0            0     0
              Matrix    30              0            0     0
                SNES     3              0            0     0
       Krylov Solver    15              0            0     0
      Preconditioner    15              0            0     0
              Viewer     1              0            0     0

--- Event Stage 2: Fine-1 solve

                 Vec     5              5        24700     0

--- Event Stage 3: Fine-only solve

                 Vec     8              8        39520     0
           Index Set    16             16       857920     0
========================================================================================================================
Average time to get PetscTime(): 3.50475e-06
Average time for MPI_Barrier(): 2.19345e-06
Average time for zero size MPI_Send(): 1.15633e-05
#PETSc Option Table entries:
-M 32
-P 4
-dmmg_form_function_ghost 1
-dmmg_grid_sequence 1
-ksp_converged_reason
-ksp_monitor
-ksp_rtol 1e-2
-log_summary
-mg_levels_1_sub_pc_type cholesky
-pc_mg_type multiplicative
-repeat_fine_solve 1
-snes_converged_reason
-snes_monitor
-thi_L 80e3
-thi_friction_m 0.3
-thi_hom z
-thi_nlevels 3
#End of PETSc Option Table entries
Compiled with FORTRAN kernels
Compiled with full precision matrices (default)
sizeof(short) 2 sizeof(int) 4 sizeof(long) 4 sizeof(void*) 4 sizeof(PetscScalar) 8
Configure run at: Wed Sep 15 06:55:31 2010
Configure options: --with-x=0 --with-is-color-value-type=short --with-debugging=1 --with-fortran-kernels=1 --with-mpi-dir=/bgsys/drivers/ppcfloor/comm --with-batch=1 --known-mpi-shared-libraries=1 --known-memcmp-ok --known-sizeof-char=1 --known-sizeof-void-p=4 --known-sizeof-short=2 --known-sizeof-int=4 --known-sizeof-long=4 --known-sizeof-size_t=4 --known-sizeof-long-long=8 --known-sizeof-float=4 --known-sizeof-double=8 --known-bits-per-byte=8 --known-sizeof-MPI_Comm=4 --known-sizeof-MPI_Fint=4 --known-mpi-long-double=1 --known-level1-dcache-assoc=0 --known-level1-dcache-linesize=32 --known-level1-dcache-size=32768 --with-shared=0 --prefix=/opt/share/ksl/petsc/dev-aug30/ppc450d-bgp_xlc_fast --with-clanguage=c --cflags="   -O3" --cxxflags="   -O3" --fflags="   -O3" --FCFLAGS= --LIBS=" -L/bgsys/ibm_essl/sles10/prod/opt/ibmmath/lib -L/opt/ibmcmp/xlsmp/bg/1.7/lib -L/opt/ibmcmp/xlmass/bg/4.4/bglib -L/opt/ibmcmp/xlf/bg/11.1/bglib   -lesslbg  -lxlf90_r -lxlopt -lxlsmp -lxl -lxlfmath -O3" --CC=/bgsys/drivers/ppcfloor/comm/xl/bin/mpixlc_r --CXX=/bgsys/drivers/ppcfloor/comm/xl/bin/mpixlcxx_r --FC=/bgsys/drivers/ppcfloor/comm/xl/bin/mpixlf90_r --with-debugging=0 PETSC_ARCH=bgp-xlc-fast
-----------------------------------------
Libraries compiled on Wed Sep 15 06:55:31 2010 on fen1 
Machine characteristics: Linux-2.6.16.60-0.66.1-ppc64-ppc64-with-SuSE-10-ppc
Using PETSc directory: /scratch/aron/sandbox/process/installs/builddir_ppc64/petsc-dev-aug30-bgp_xlc_fast/petsc-dev-16784
Using PETSc arch: bgp-xlc-fast
-----------------------------------------

Using C compiler: /bgsys/drivers/ppcfloor/comm/xl/bin/mpixlc_r  -O  ${COPTFLAGS} ${CFLAGS}
Using Fortran compiler: /bgsys/drivers/ppcfloor/comm/xl/bin/mpixlf90_r  -O   ${FOPTFLAGS} ${FFLAGS} 
-----------------------------------------

Using include paths: -I/scratch/aron/sandbox/process/installs/builddir_ppc64/petsc-dev-aug30-bgp_xlc_fast/petsc-dev-16784/bgp-xlc-fast/include -I/scratch/aron/sandbox/process/installs/builddir_ppc64/petsc-dev-aug30-bgp_xlc_fast/petsc-dev-16784/include -I/bgsys/drivers/ppcfloor/comm/include
-----------------------------------------

Using C linker: /bgsys/drivers/ppcfloor/comm/xl/bin/mpixlc_r
Using Fortran linker: /bgsys/drivers/ppcfloor/comm/xl/bin/mpixlf90_r
Using libraries: -Wl,-rpath,/scratch/aron/sandbox/process/installs/builddir_ppc64/petsc-dev-aug30-bgp_xlc_fast/petsc-dev-16784/bgp-xlc-fast/lib -L/scratch/aron/sandbox/process/installs/builddir_ppc64/petsc-dev-aug30-bgp_xlc_fast/petsc-dev-16784/bgp-xlc-fast/lib -lpetscts -lpetscsnes -lpetscksp -lpetscdm -lpetscmat -lpetscvec -lpetscsys -lnsl -lrt -L/bgsys/ibm_essl/sles10/prod/opt/ibmmath/lib -L/opt/ibmcmp/xlsmp/bg/1.7/lib -L/opt/ibmcmp/xlmass/bg/4.4/bglib -L/opt/ibmcmp/xlf/bg/11.1/bglib -L/bgsys/drivers/V1R4M2_200_2010-100508P/ppc/comm/xl/lib -L/bgsys/drivers/V1R4M2_200_2010-100508P/ppc/comm/sys/lib -L/bgsys/drivers/V1R4M2_200_2010-100508P/ppc/runtime/SPI -L/opt/ibmcmp/xlsmp/bg/1.7/bglib -L/opt/ibmcmp/vac/bg/9.0/bglib -L/opt/ibmcmp/vacpp/bg/9.0/bglib -L/bgsys/drivers/ppcfloor/gnu-linux/lib/gcc/powerpc-bgp-linux/4.1.2 -L/bgsys/drivers/ppcfloor/gnu-linux/powerpc-bgp-linux/lib -Wl,-rpath,/opt/ibmcmp/lib/bg/bglib -ldl -lesslbg -lxlf90_r -lxlopt -lxlsmp -lxl -lxlfmath -lpmpich.cnk -lmpich.cnk -lopa -Wl,-rpath,/bgsys/drivers/V1R4M2_200_2010-100508P/ppc/comm/sys/lib -ldcmf.cnk -ldcmfcoll.cnk -lpthread -Wl,-rpath,/bgsys/drivers/V1R4M2_200_2010-100508P/ppc/runtime/SPI -lSPI.cna -lrt -lgcc_eh -lxlomp_ser -lm -ldl -lesslbg -lxlf90_r -lxlopt -lxlsmp -lxl -lxlfmath -lpmpich.cnk -lmpich.cnk -lopa -ldcmf.cnk -ldcmfcoll.cnk -lpthread -lSPI.cna -lrt -lgcc_eh -ldl -lesslbg -lxlf90_r -lxlopt -lxlsmp -lxl -lxlfmath -O3 
-----------------------------------------

