Level 0 domain size (m)    8e+04 x    8e+04 x    1e+03, num elements  32 x  32 x   4 (    4096), size (m) 2500 x 2500 x 333.333
Level 1 domain size (m)    8e+04 x    8e+04 x    1e+03, num elements  64 x  64 x   7 (   28672), size (m) 1250 x 1250 x 166.667
Level 2 domain size (m)    8e+04 x    8e+04 x    1e+03, num elements 128 x 128 x  13 (  212992), size (m) 625 x 625 x 83.3333
Level 3 domain size (m)    8e+04 x    8e+04 x    1e+03, num elements 256 x 256 x  25 ( 1638400), size (m) 312.5 x 312.5 x 41.6667
Level 4 domain size (m)    8e+04 x    8e+04 x    1e+03, num elements 512 x 512 x  49 (12845056), size (m) 156.25 x 156.25 x 20.8333
          0 SNES Function norm 9.474957067903e+02 
Linear solve converged due to CONVERGED_ITS iterations 1
          1 SNES Function norm 8.805826102181e+02 
Linear solve converged due to CONVERGED_ITS iterations 1
          2 SNES Function norm 7.345585944548e+02 
Linear solve converged due to CONVERGED_ITS iterations 1
          3 SNES Function norm 5.330294830563e+02 
Linear solve converged due to CONVERGED_ITS iterations 1
          4 SNES Function norm 2.881865829915e+02 
Linear solve converged due to CONVERGED_ITS iterations 1
          5 SNES Function norm 7.699210085814e+01 
Linear solve converged due to CONVERGED_ITS iterations 1
          6 SNES Function norm 4.571010551253e+00 
Linear solve converged due to CONVERGED_ITS iterations 1
          7 SNES Function norm 1.481750413340e-02 
Linear solve converged due to CONVERGED_ITS iterations 1
          8 SNES Function norm 1.634425400712e-07 
Nonlinear solve converged due to CONVERGED_FNORM_RELATIVE
        0 SNES Function norm 3.441216820259e+02 
          0 KSP Residual norm 3.441216820259e+02 
          1 KSP Residual norm 3.251291078417e+00 
Linear solve converged due to CONVERGED_RTOL iterations 1
        1 SNES Function norm 2.485768250438e+01 
          0 KSP Residual norm 2.485768250438e+01 
          1 KSP Residual norm 2.313557106139e+00 
          2 KSP Residual norm 3.307427774319e-01 
          3 KSP Residual norm 8.149975387473e-02 
Linear solve converged due to CONVERGED_RTOL iterations 3
        2 SNES Function norm 5.861921816146e+00 
          0 KSP Residual norm 5.861921816146e+00 
          1 KSP Residual norm 5.796370598682e-01 
          2 KSP Residual norm 1.054572255120e-01 
          3 KSP Residual norm 2.053460482057e-02 
Linear solve converged due to CONVERGED_RTOL iterations 3
        3 SNES Function norm 3.122185474574e+00 
          0 KSP Residual norm 3.122185474574e+00 
          1 KSP Residual norm 2.683345683733e-01 
          2 KSP Residual norm 5.679943616403e-02 
          3 KSP Residual norm 1.122955332095e-02 
Linear solve converged due to CONVERGED_RTOL iterations 3
        4 SNES Function norm 1.156034526276e+00 
          0 KSP Residual norm 1.156034526276e+00 
          1 KSP Residual norm 9.795239471101e-02 
          2 KSP Residual norm 2.396279186707e-02 
          3 KSP Residual norm 4.717512149143e-03 
Linear solve converged due to CONVERGED_RTOL iterations 3
        5 SNES Function norm 1.540268065510e-01 
          0 KSP Residual norm 1.540268065510e-01 
          1 KSP Residual norm 1.254724196874e-02 
          2 KSP Residual norm 2.805803219418e-03 
          3 KSP Residual norm 7.941742473707e-04 
Linear solve converged due to CONVERGED_RTOL iterations 3
        6 SNES Function norm 5.305496810145e-03 
          0 KSP Residual norm 5.305496810145e-03 
          1 KSP Residual norm 4.673511263826e-04 
          2 KSP Residual norm 8.974754312452e-05 
          3 KSP Residual norm 2.480304146262e-05 
Linear solve converged due to CONVERGED_RTOL iterations 3
        7 SNES Function norm 2.478238577600e-05 
          0 KSP Residual norm 2.478238577600e-05 
          1 KSP Residual norm 7.572086801201e-06 
          2 KSP Residual norm 1.861818470721e-06 
          3 KSP Residual norm 2.613113419427e-07 
          4 KSP Residual norm 7.831546965437e-08 
Linear solve converged due to CONVERGED_RTOL iterations 4
        8 SNES Function norm 7.831545165532e-08 
Nonlinear solve converged due to CONVERGED_FNORM_RELATIVE
      0 SNES Function norm 1.243736279886e+02 
        0 KSP Residual norm 1.243736279886e+02 
        1 KSP Residual norm 2.441669026337e+00 
        2 KSP Residual norm 1.229209489512e-01 
Linear solve converged due to CONVERGED_RTOL iterations 2
      1 SNES Function norm 2.739276246501e+00 
        0 KSP Residual norm 2.739276246501e+00 
        1 KSP Residual norm 3.318249850009e-01 
        2 KSP Residual norm 3.653638326859e-02 
        3 KSP Residual norm 1.017100888747e-02 
Linear solve converged due to CONVERGED_RTOL iterations 3
      2 SNES Function norm 5.768925195792e-01 
        0 KSP Residual norm 5.768925195792e-01 
        1 KSP Residual norm 3.572629107774e-02 
        2 KSP Residual norm 5.268515646006e-03 
Linear solve converged due to CONVERGED_RTOL iterations 2
      3 SNES Function norm 3.700853482269e-01 
        0 KSP Residual norm 3.700853482269e-01 
        1 KSP Residual norm 2.287721266275e-02 
        2 KSP Residual norm 2.621642285303e-03 
Linear solve converged due to CONVERGED_RTOL iterations 2
      4 SNES Function norm 2.499528016147e-02 
        0 KSP Residual norm 2.499528016147e-02 
        1 KSP Residual norm 2.818132724444e-03 
        2 KSP Residual norm 5.539076821822e-04 
        3 KSP Residual norm 1.571828015915e-04 
Linear solve converged due to CONVERGED_RTOL iterations 3
      5 SNES Function norm 6.052350566744e-04 
        0 KSP Residual norm 6.052350566744e-04 
        1 KSP Residual norm 8.935140012664e-05 
        2 KSP Residual norm 3.501725142420e-05 
        3 KSP Residual norm 1.397712750617e-05 
        4 KSP Residual norm 4.709244621024e-06 
Linear solve converged due to CONVERGED_RTOL iterations 4
      6 SNES Function norm 4.717695398739e-06 
        0 KSP Residual norm 4.717695398739e-06 
        1 KSP Residual norm 1.785631428224e-06 
        2 KSP Residual norm 5.690986324216e-07 
        3 KSP Residual norm 1.948516605083e-07 
        4 KSP Residual norm 6.223411501273e-08 
        5 KSP Residual norm 8.411914800207e-09 
Linear solve converged due to CONVERGED_RTOL iterations 5
      7 SNES Function norm 8.412333863605e-09 
Nonlinear solve converged due to CONVERGED_FNORM_RELATIVE
    0 SNES Function norm 4.444819387252e+01 
      0 KSP Residual norm 4.444819387252e+01 
      1 KSP Residual norm 7.743941864652e-01 
      2 KSP Residual norm 4.048298133679e-02 
Linear solve converged due to CONVERGED_RTOL iterations 2
    1 SNES Function norm 2.870798854536e-01 
      0 KSP Residual norm 2.870798854536e-01 
      1 KSP Residual norm 4.444447118150e-02 
      2 KSP Residual norm 8.200934517475e-03 
      3 KSP Residual norm 1.717963801148e-03 
Linear solve converged due to CONVERGED_RTOL iterations 3
    2 SNES Function norm 2.248071950416e-02 
      0 KSP Residual norm 2.248071950416e-02 
      1 KSP Residual norm 2.136190828663e-03 
      2 KSP Residual norm 5.223431854946e-04 
      3 KSP Residual norm 1.954399577499e-04 
Linear solve converged due to CONVERGED_RTOL iterations 3
    3 SNES Function norm 9.942984555699e-04 
      0 KSP Residual norm 9.942984555699e-04 
      1 KSP Residual norm 1.198299897761e-04 
      2 KSP Residual norm 6.385835149705e-05 
      3 KSP Residual norm 1.612295091059e-05 
      4 KSP Residual norm 4.670595766340e-06 
Linear solve converged due to CONVERGED_RTOL iterations 4
    4 SNES Function norm 5.456520095368e-06 
      0 KSP Residual norm 5.456520095368e-06 
      1 KSP Residual norm 2.429345280756e-06 
      2 KSP Residual norm 7.281814464158e-07 
      3 KSP Residual norm 3.062903504813e-07 
      4 KSP Residual norm 1.163325034270e-07 
      5 KSP Residual norm 4.398052962054e-08 
Linear solve converged due to CONVERGED_RTOL iterations 5
    5 SNES Function norm 4.397909142093e-08 
Nonlinear solve converged due to CONVERGED_FNORM_RELATIVE
  0 SNES Function norm 1.579842131408e+01 
    0 KSP Residual norm 1.579842131408e+01 
    1 KSP Residual norm 1.890618015874e-01 
    2 KSP Residual norm 1.280564947131e-02 
Linear solve converged due to CONVERGED_RTOL iterations 2
  1 SNES Function norm 3.615631139872e-02 
    0 KSP Residual norm 3.615631139872e-02 
    1 KSP Residual norm 7.396378439034e-03 
    2 KSP Residual norm 1.180881145759e-03 
    3 KSP Residual norm 3.959319101879e-04 
    4 KSP Residual norm 1.345926976235e-04 
Linear solve converged due to CONVERGED_RTOL iterations 4
  2 SNES Function norm 1.670392082819e-03 
    0 KSP Residual norm 1.670392082819e-03 
    1 KSP Residual norm 1.440473665223e-04 
    2 KSP Residual norm 5.428983446039e-05 
    3 KSP Residual norm 2.159843361884e-05 
    4 KSP Residual norm 6.772510451043e-06 
Linear solve converged due to CONVERGED_RTOL iterations 4
  3 SNES Function norm 3.450391489874e-05 
    0 KSP Residual norm 3.450391489874e-05 
    1 KSP Residual norm 4.045875198517e-06 
    2 KSP Residual norm 2.166104999866e-06 
    3 KSP Residual norm 6.989222776346e-07 
    4 KSP Residual norm 3.199980482251e-07 
Linear solve converged due to CONVERGED_RTOL iterations 4
  4 SNES Function norm 3.209593406933e-07 
Nonlinear solve converged due to CONVERGED_PNORM_RELATIVE
Solution statistics after solve: Full
CONVERGED_PNORM_RELATIVE: Number of Newton iterations = 4, total linear iterations = 14
|X|_2 305483   u in [6.21732, 195.742]   v in [-4.65804, 5.18416]   c in [6.21737, 195.743] 
Surface statistics: u in [8.286111e+00, 1.957420e+02] mean 7.833665e+01
Global eta range   [2.65433e+10, 9.2273e+12], converged range [2.65433e+10, 7.13265e+12]
Global beta2 range [5.65026e+09, 2.07279e+13], converged range [5.65026e+09, 5.94029e+09]

    0 SNES Function norm 2.066374757938e+01 
      0 KSP Residual norm 2.066374757938e+01 
      1 KSP Residual norm 3.396660283377e-01 
      2 KSP Residual norm 1.089032604498e-02 
Linear solve converged due to CONVERGED_RTOL iterations 2
    1 SNES Function norm 1.226391720247e+00 
      0 KSP Residual norm 1.226391720247e+00 
      1 KSP Residual norm 2.298369719931e-02 
      2 KSP Residual norm 9.652389223473e-04 
Linear solve converged due to CONVERGED_RTOL iterations 2
    2 SNES Function norm 5.037306805313e-03 
      0 KSP Residual norm 5.037306805313e-03 
      1 KSP Residual norm 2.545929810952e-04 
      2 KSP Residual norm 6.782584917501e-05 
      3 KSP Residual norm 2.001995927976e-05 
Linear solve converged due to CONVERGED_RTOL iterations 3
    3 SNES Function norm 2.003242305518e-05 
      0 KSP Residual norm 2.003242305518e-05 
      1 KSP Residual norm 8.227779477287e-06 
      2 KSP Residual norm 2.608686282049e-06 
      3 KSP Residual norm 8.215282799514e-07 
      4 KSP Residual norm 3.192910963347e-07 
      5 KSP Residual norm 1.026741462579e-07 
Linear solve converged due to CONVERGED_RTOL iterations 5
    4 SNES Function norm 1.026395972535e-07 
Nonlinear solve converged due to CONVERGED_FNORM_RELATIVE
Solution statistics after solve: Fine-1
CONVERGED_FNORM_RELATIVE: Number of Newton iterations = 4, total linear iterations = 12
|X|_2 108853   u in [6.21734, 195.685]   v in [-4.6564, 5.18231]   c in [6.21739, 195.686] 
Surface statistics: u in [8.285205e+00, 1.956854e+02] mean 7.831558e+01
Global eta range   [2.65433e+10, 9.2273e+12], converged range [2.71094e+10, 4.92155e+12]
Global beta2 range [5.59343e+09, 2.07279e+13], converged range [5.65055e+09, 5.93194e+09]

  0 SNES Function norm 1.579842131423e+01 
    0 KSP Residual norm 1.579842131423e+01 
    1 KSP Residual norm 1.890618015694e-01 
    2 KSP Residual norm 1.280564925654e-02 
Linear solve converged due to CONVERGED_RTOL iterations 2
  1 SNES Function norm 3.615631338139e-02 
    0 KSP Residual norm 3.615631338139e-02 
    1 KSP Residual norm 7.396378054714e-03 
    2 KSP Residual norm 1.180880794273e-03 
    3 KSP Residual norm 3.959316902106e-04 
    4 KSP Residual norm 1.345926348699e-04 
Linear solve converged due to CONVERGED_RTOL iterations 4
  2 SNES Function norm 1.670391857407e-03 
    0 KSP Residual norm 1.670391857407e-03 
    1 KSP Residual norm 1.440473694808e-04 
    2 KSP Residual norm 5.428984517296e-05 
    3 KSP Residual norm 2.159844739889e-05 
    4 KSP Residual norm 6.772507276962e-06 
Linear solve converged due to CONVERGED_RTOL iterations 4
  3 SNES Function norm 3.450386527043e-05 
    0 KSP Residual norm 3.450386527043e-05 
    1 KSP Residual norm 4.045868965365e-06 
    2 KSP Residual norm 2.166102222702e-06 
    3 KSP Residual norm 6.989218178896e-07 
    4 KSP Residual norm 3.199973039498e-07 
Linear solve converged due to CONVERGED_RTOL iterations 4
  4 SNES Function norm 3.209586803292e-07 
Nonlinear solve converged due to CONVERGED_PNORM_RELATIVE
Solution statistics after solve: Fine
CONVERGED_PNORM_RELATIVE: Number of Newton iterations = 4, total linear iterations = 14
|X|_2 305483   u in [6.21732, 195.742]   v in [-4.65804, 5.18416]   c in [6.21737, 195.743] 
Surface statistics: u in [8.286111e+00, 1.957420e+02] mean 7.833665e+01
Global eta range   [2.65433e+10, 9.2273e+12], converged range [2.65433e+10, 7.13265e+12]
Global beta2 range [5.59343e+09, 2.07279e+13], converged range [5.65026e+09, 5.94029e+09]

************************************************************************************************************************
***             WIDEN YOUR WINDOW TO 120 CHARACTERS.  Use 'enscript -r -fCourier9' to print this document            ***
************************************************************************************************************************

---------------------------------------------- PETSc Performance Summary: ----------------------------------------------

./ex48 on a bgp-xlc-f named ionode93 with 1024 processors, by Unknown Wed Sep 15 07:37:14 2010
Using Petsc Development HG revision: aeb2eea2e3ddfd0635951d6560aa7114704dab25  HG Date: Sat Aug 21 15:26:55 2010 -0500

                         Max       Max/Min        Avg      Total 
Time (sec):           8.230e+02      1.00001   8.230e+02
Objects:              8.470e+02      1.00000   8.470e+02
Flops:                7.394e+10      1.00106   7.390e+10  7.567e+13
Flops/sec:            8.984e+07      1.00106   8.980e+07  9.195e+10
MPI Messages:         2.070e+05      1.05746   1.958e+05  2.005e+08
MPI Message Lengths:  1.791e+08      1.00066   9.146e+02  1.834e+11
MPI Reductions:       3.365e+03      1.00000

Flop counting convention: 1 flop = 1 real number operation of type (multiply/divide/add/subtract)
                            e.g., VecAXPY() for real vectors of length N --> 2N flops
                            and VecAXPY() for complex vectors of length N --> 8N flops

Summary of Stages:   ----- Time ------  ----- Flops -----  --- Messages ---  -- Message Lengths --  -- Reductions --
                        Avg     %Total     Avg     %Total   counts   %Total     Avg         %Total   counts   %Total 
 0:      Main Stage: 2.3293e-01   0.0%  3.2204e+08   0.0%  2.865e+04   0.0%  5.254e-02        0.0%  1.500e+01   0.4% 
 1:      Full solve: 6.5077e+02  79.1%  6.0176e+13  79.5%  1.601e+08  79.9%  6.812e+02       74.5%  2.214e+03  65.8% 
 2:    Fine-1 solve: 8.0574e+01   9.8%  7.5049e+12   9.9%  1.869e+07   9.3%  8.506e+01        9.3%  3.570e+02  10.6% 
 3: Fine-only solve: 9.1391e+01  11.1%  7.9918e+12  10.6%  2.166e+07  10.8%  1.482e+02       16.2%  5.210e+02  15.5% 

------------------------------------------------------------------------------------------------------------------------
See the 'Profiling' chapter of the users' manual for details on interpreting output.
Phase summary info:
   Count: number of times phase was executed
   Time and Flops: Max - maximum over all processors
                   Ratio - ratio of maximum to minimum over all processors
   Mess: number of messages sent
   Avg. len: average message length
   Reduct: number of global reductions
   Global: entire computation
   Stage: stages of a computation. Set stages with PetscLogStagePush() and PetscLogStagePop().
      %T - percent time in this phase         %F - percent flops in this phase
      %M - percent messages in this phase     %L - percent message lengths in this phase
      %R - percent reductions in this phase
   Total Mflop/s: 10e-6 * (sum of flops over all processors)/(max time over all processors)
------------------------------------------------------------------------------------------------------------------------
Event                Count      Time (sec)     Flops                             --- Global ---  --- Stage ---   Total
                   Max Ratio  Max     Ratio   Max  Ratio  Mess   Avg len Reduct  %T %F %M %L %R  %T %F %M %L %R Mflop/s
------------------------------------------------------------------------------------------------------------------------

--- Event Stage 0: Main Stage

VecSet                 2 1.0 1.8120e-05 1.2 0.00e+00 0.0 0.0e+00 0.0e+00 0.0e+00  0  0  0  0  0   0  0  0  0  0     0
VecPointwiseMult       1 1.0 7.3195e-05 1.1 3.20e+03 1.0 0.0e+00 0.0e+00 0.0e+00  0  0  0  0  0   0  1  0  0  0 44768
VecScatterBegin        2 1.0 1.0014e-04 1.1 0.00e+00 0.0 6.1e+03 1.7e+03 0.0e+00  0  0  0  0  0   0  0 21 99  0     0
VecScatterEnd          2 1.0 1.1029e-03 8.0 0.00e+00 0.0 0.0e+00 0.0e+00 0.0e+00  0  0  0  0  0   0  0  0  0  0     0
MatMult                1 1.0 2.2681e-03 1.3 1.43e+05 1.0 3.1e+03 1.7e+03 0.0e+00  0  0  0  0  0   1 46 11 50  0 64609
MatMultTranspose       1 1.0 2.7721e-03 1.2 1.68e+05 1.0 3.1e+03 1.7e+03 0.0e+00  0  0  0  0  0   1 53 11 50  0 62129

--- Event Stage 1: Full solve

VecDot                32 1.0 1.1672e-02 6.9 2.40e+05 1.0 0.0e+00 0.0e+00 3.2e+01  0  0  0  0  1   0  0  0  0  1 21014
VecMDot              427 1.0 3.2334e-01 2.6 3.86e+06 1.0 0.0e+00 0.0e+00 4.3e+02  0  0  0  0 13   0  0  0  0 19 12225
VecNorm             1048 1.0 2.9079e+00 2.6 6.31e+06 1.0 0.0e+00 0.0e+00 1.0e+03  0  0  0  0 31   0  0  0  0 47  2223
VecScale             803 1.0 1.7169e-02 1.0 2.44e+06 1.0 0.0e+00 0.0e+00 0.0e+00  0  0  0  0  0   0  0  0  0  0 145558
VecCopy              472 1.0 9.9657e-03 1.0 0.00e+00 0.0 0.0e+00 0.0e+00 0.0e+00  0  0  0  0  0   0  0  0  0  0     0
VecSet              4505 1.0 3.6743e-02 1.1 0.00e+00 0.0 0.0e+00 0.0e+00 0.0e+00  0  0  0  0  0   0  0  0  0  0     0
VecAXPY              548 1.0 1.5702e-02 1.1 3.10e+06 1.0 0.0e+00 0.0e+00 0.0e+00  0  0  0  0  0   0  0  0  0  0 201978
VecAYPX              172 1.0 1.0560e-02 1.1 4.76e+05 1.0 0.0e+00 0.0e+00 0.0e+00  0  0  0  0  0   0  0  0  0  0 46183
VecWAXPY              33 1.0 3.0754e-03 1.1 1.20e+05 1.0 0.0e+00 0.0e+00 0.0e+00  0  0  0  0  0   0  0  0  0  0 39919
VecMAXPY             803 1.0 3.3139e-02 1.1 6.60e+06 1.0 0.0e+00 0.0e+00 0.0e+00  0  0  0  0  0   0  0  0  0  0 203846
VecPointwiseMult      53 1.0 6.7878e-04 1.1 1.76e+04 1.0 0.0e+00 0.0e+00 0.0e+00  0  0  0  0  0   0  0  0  0  0 26600
VecScatterBegin     1551 1.0 4.5731e-01 1.0 0.00e+00 0.0 1.0e+08 1.4e+02 0.0e+00  0  0 52  8  0   0  0 65 11  0     0
VecScatterEnd       1551 1.0 1.2512e+01 1.1 0.00e+00 0.0 0.0e+00 0.0e+00 0.0e+00  1  0  0  0  0   2  0  0  0  0     0
VecReduceArith        10 1.0 4.6134e-04 1.1 1.15e+05 1.0 0.0e+00 0.0e+00 0.0e+00  0  0  0  0  0   0  0  0  0  0 255394
VecReduceComm          5 1.0 6.4409e-03 4.3 0.00e+00 0.0 0.0e+00 0.0e+00 5.0e+00  0  0  0  0  0   0  0  0  0  0     0
VecNormalize         704 1.0 2.8618e+00 2.7 5.72e+06 1.0 0.0e+00 0.0e+00 7.0e+02  0  0  0  0 21   0  0  0  0 32  2045
MatMult              807 1.0 3.5297e+00 1.4 2.72e+08 1.2 6.6e+06 1.2e+03 0.0e+00  0  0  3  4  0   0  0  4  6  0 72731
MatMultAdd           172 1.0 7.2082e-0112.8 3.18e+06 1.0 5.3e+05 2.9e+02 0.0e+00  0  0  0  0  0   0  0  0  0  0  4524
MatMultTranspose     229 1.0 2.0540e-01 2.6 4.29e+06 1.0 7.0e+05 2.9e+02 0.0e+00  0  0  0  0  0   0  0  0  0  0 21408
MatSolve             951 1.0 5.2619e+00 1.0 9.45e+08 1.0 0.0e+00 0.0e+00 0.0e+00  1  1  0  0  0   1  2  0  0  0 183907
MatLUFactorSym         5 1.0 2.4437e+00 1.0 0.00e+00 0.0 0.0e+00 0.0e+00 5.0e+00  0  0  0  0  0   0  0  0  0  0     0
MatLUFactorNum        32 1.0 6.1144e+02 1.0 5.74e+10 1.0 0.0e+00 0.0e+00 0.0e+00 74 78  0  0  0  94 98  0  0  0 96203
MatCholFctrSym         4 1.0 2.1553e-04 1.0 0.00e+00 0.0 0.0e+00 0.0e+00 0.0e+00  0  0  0  0  0   0  0  0  0  0     0
MatCholFctrNum        53 1.0 8.9969e-01 1.0 9.49e+07 1.0 0.0e+00 0.0e+00 0.0e+00  0  0  0  0  0   0  0  0  0  0 107980
MatICCFactorSym        6 1.0 2.4428e-02 1.0 0.00e+00 0.0 0.0e+00 0.0e+00 0.0e+00  0  0  0  0  0   0  0  0  0  0     0
MatAssemblyBegin     126 1.0 5.1903e-01 1.6 0.00e+00 0.0 7.8e+05 1.9e+04 2.4e+02  0  0  0  8  7   0  0  0 11 11     0
MatAssemblyEnd       126 1.0 6.1551e-01 1.2 0.00e+00 0.0 1.8e+05 6.9e+02 8.8e+01  0  0  0  0  3   0  0  0  0  4     0
MatGetRowIJ           38 1.0 2.7474e-02 1.0 0.00e+00 0.0 0.0e+00 0.0e+00 0.0e+00  0  0  0  0  0   0  0  0  0  0     0
MatGetOrdering        38 1.0 1.5165e-01 1.0 0.00e+00 0.0 0.0e+00 0.0e+00 8.6e+01  0  0  0  0  3   0  0  0  0  4     0
MatZeroEntries        85 1.0 7.5986e-03 1.2 0.00e+00 0.0 0.0e+00 0.0e+00 0.0e+00  0  0  0  0  0   0  0  0  0  0     0
MatGetRedundant       32 1.0 4.1371e+00 1.0 0.00e+00 0.0 4.4e+07 2.4e+03 1.0e+01  0  0 22 58  0   1  0 27 77  0     0
SNESSolve              5 1.0 6.5028e+02 1.0 5.88e+10 1.0 1.6e+08 8.5e+02 1.9e+03 79 80 80 74 58 100100100100 88 92537
SNESLineSearch        32 1.0 2.4998e+00 1.0 1.42e+07 1.2 8.0e+05 1.1e+03 1.3e+02  0  0  0  0  4   0  0  1  1  6  5450
SNESFunctionEval      38 1.0 2.8756e+00 1.0 0.00e+00 0.0 6.2e+05 1.0e+03 1.0e+01  0  0  0  0  0   0  0  0  0  0     0
SNESJacobianEval      32 1.0 5.9942e+00 1.0 9.35e+05 1.0 1.6e+06 9.5e+03 2.3e+02  1  0  1  8  7   1  0  1 11 10   160
KSPGMRESOrthog       427 1.0 3.5062e-01 2.3 7.72e+06 1.0 0.0e+00 0.0e+00 4.3e+02  0  0  0  0 13   0  0  0  0 19 22548
KSPSetup             202 1.0 4.9005e-03 1.1 0.00e+00 0.0 0.0e+00 0.0e+00 0.0e+00  0  0  0  0  0   0  0  0  0  0     0
KSPSolve              32 1.0 6.4122e+02 1.0 5.88e+10 1.0 1.6e+08 7.6e+02 1.5e+03 78 80 78 65 46  99100 98 88 70 93821
PCSetUp               85 1.0 6.1945e+02 1.0 5.75e+10 1.0 5.4e+07 1.9e+03 1.6e+02 75 78 27 58  5  95 98 34 78  7 95115
PCSetUpOnBlocks      344 1.0 9.3708e-01 1.0 9.49e+07 1.0 0.0e+00 0.0e+00 7.0e+01  0  0  0  0  2   0  0  0  0  3 103672
PCApply               83 1.0 2.2938e+01 1.0 1.27e+09 1.0 1.0e+08 1.2e+02 1.3e+03  3  2 51  7 39   4  2 64  9 59 56127

--- Event Stage 2: Fine-1 solve

VecDot                 4 1.0 1.9863e-03 9.6 2.56e+04 1.0 0.0e+00 0.0e+00 4.0e+00  0  0  0  0  0   0  0  0  0  1 13196
VecMDot               84 1.0 2.6553e-02 5.2 3.49e+05 1.0 0.0e+00 0.0e+00 8.4e+01  0  0  0  0  2   0  0  0  0 24 13457
VecNorm              204 1.0 3.4954e-01 6.9 5.94e+05 1.0 0.0e+00 0.0e+00 2.0e+02  0  0  0  0  6   0  0  0  0 57  1741
VecScale             160 1.0 2.1937e-03 1.0 2.27e+05 1.0 0.0e+00 0.0e+00 0.0e+00  0  0  0  0  0   0  0  0  0  0 106175
VecCopy               88 1.0 1.2636e-03 1.1 0.00e+00 0.0 0.0e+00 0.0e+00 0.0e+00  0  0  0  0  0   0  0  0  0  0     0
VecSet               906 1.0 6.0437e-03 1.1 0.00e+00 0.0 0.0e+00 0.0e+00 0.0e+00  0  0  0  0  0   0  0  0  0  0     0
VecAXPY              112 1.0 1.8859e-03 1.1 2.90e+05 1.0 0.0e+00 0.0e+00 0.0e+00  0  0  0  0  0   0  0  0  0  0 157455
VecAYPX               36 1.0 1.1351e-03 1.1 4.41e+04 1.0 0.0e+00 0.0e+00 0.0e+00  0  0  0  0  0   0  0  0  0  0 39751
VecWAXPY               4 1.0 3.4022e-04 1.1 1.28e+04 1.0 0.0e+00 0.0e+00 0.0e+00  0  0  0  0  0   0  0  0  0  0 38525
VecMAXPY             160 1.0 3.6602e-03 1.2 6.02e+05 1.0 0.0e+00 0.0e+00 0.0e+00  0  0  0  0  0   0  0  0  0  0 168450
VecPointwiseMult      12 1.0 1.1134e-04 1.1 1.92e+03 1.0 0.0e+00 0.0e+00 0.0e+00  0  0  0  0  0   0  0  0  0  0 17658
VecScatterBegin      294 1.0 6.5696e-02 1.0 0.00e+00 0.0 1.4e+07 1.6e+02 0.0e+00  0  0  7  1  0   0  0 77 13  0     0
VecScatterEnd        294 1.0 1.6840e+00 1.1 0.00e+00 0.0 0.0e+00 0.0e+00 0.0e+00  0  0  0  0  0   2  0  0  0  0     0
VecReduceArith         2 1.0 6.3181e-05 1.2 1.28e+04 1.0 0.0e+00 0.0e+00 0.0e+00  0  0  0  0  0   0  0  0  0  0 207423
VecReduceComm          1 1.0 1.6298e-0349.5 0.00e+00 0.0 0.0e+00 0.0e+00 1.0e+00  0  0  0  0  0   0  0  0  0  0     0
VecNormalize         144 1.0 3.4305e-01 7.8 5.29e+05 1.0 0.0e+00 0.0e+00 1.4e+02  0  0  0  0  4   0  0  0  0 40  1578
MatMult              160 1.0 3.9389e-01 1.7 2.58e+07 1.3 1.3e+06 9.3e+02 0.0e+00  0  0  1  1  0   0  0  7  7  0 58938
MatMultAdd            36 1.0 1.1966e-0117.2 2.93e+05 1.0 1.1e+05 2.2e+02 0.0e+00  0  0  0  0  0   0  0  1  0  0  2506
MatMultTranspose      48 1.0 3.4322e-02 3.4 3.91e+05 1.0 1.5e+05 2.2e+02 0.0e+00  0  0  0  0  0   0  0  1  0  0 11652
MatSolve             192 1.0 6.1536e-01 1.0 1.14e+08 1.0 0.0e+00 0.0e+00 0.0e+00  0  0  0  0  0   1  2  0  0  0 189795
MatLUFactorNum         4 1.0 7.6424e+01 1.0 7.18e+09 1.0 0.0e+00 0.0e+00 0.0e+00  9 10  0  0  0  95 98  0  0  0 96211
MatCholFctrNum        12 1.0 8.4225e-02 1.0 8.92e+06 1.0 0.0e+00 0.0e+00 0.0e+00  0  0  0  0  0   0  0  0  0  0 108457
MatAssemblyBegin      20 1.0 7.6460e-02 1.4 0.00e+00 0.0 1.5e+05 1.7e+04 4.4e+01  0  0  0  1  1   0  0  1 15 12     0
MatAssemblyEnd        20 1.0 5.8906e-02 1.6 0.00e+00 0.0 0.0e+00 0.0e+00 0.0e+00  0  0  0  0  0   0  0  0  0  0     0
MatGetRowIJ            8 1.0 4.2200e-05 1.2 0.00e+00 0.0 0.0e+00 0.0e+00 0.0e+00  0  0  0  0  0   0  0  0  0  0     0
MatGetOrdering         8 1.0 9.1815e-04 1.0 0.00e+00 0.0 0.0e+00 0.0e+00 1.6e+01  0  0  0  0  0   0  0  0  0  4     0
MatZeroEntries        16 1.0 9.0408e-04 1.3 0.00e+00 0.0 0.0e+00 0.0e+00 0.0e+00  0  0  0  0  0   0  0  0  0  0     0
MatGetRedundant        4 1.0 4.7080e-01 1.2 0.00e+00 0.0 4.2e+06 2.9e+03 0.0e+00  0  0  2  7  0   1  0 22 72  0     0
SNESSolve              1 1.0 8.0574e+01 1.0 7.33e+09 1.0 1.9e+07 9.1e+02 3.6e+02 10 10  9  9 11 100100100100100 93143
SNESLineSearch         4 1.0 2.6713e-01 1.0 1.55e+06 1.3 9.8e+04 1.5e+03 1.6e+01  0  0  0  0  0   0  0  1  1  4  5320
SNESFunctionEval       5 1.0 3.0864e-01 1.0 0.00e+00 0.0 8.2e+04 1.4e+03 0.0e+00  0  0  0  0  0   0  0  0  1  0     0
SNESJacobianEval       4 1.0 6.6330e-01 1.0 9.96e+04 1.0 3.2e+05 8.4e+03 4.4e+01  0  0  0  1  1   1  0  2 15 12   154
KSPGMRESOrthog        84 1.0 3.0227e-02 3.5 6.98e+05 1.0 0.0e+00 0.0e+00 8.4e+01  0  0  0  0  2   0  0  0  0 24 23646
KSPSetup              36 1.0 1.7071e-04 1.1 0.00e+00 0.0 0.0e+00 0.0e+00 0.0e+00  0  0  0  0  0   0  0  0  0  0     0
KSPSolve               4 1.0 7.9581e+01 1.0 7.33e+09 1.0 1.8e+07 7.8e+02 2.9e+02 10 10  9  8  9  99100 98 84 82 94285
PCSetUp               16 1.0 7.6926e+01 1.0 7.19e+09 1.0 4.2e+06 2.9e+03 1.6e+01  9 10  2  7  0  95 98 22 72  4 95701
PCSetUpOnBlocks       72 1.0 8.6444e-02 1.0 8.92e+06 1.0 0.0e+00 0.0e+00 1.6e+01  0  0  0  0  0   0  0  0  0  4 105673
PCApply               12 1.0 2.8653e+00 1.1 1.45e+08 1.0 1.4e+07 1.3e+02 2.7e+02  0  0  7  1  8   3  2 75 11 75 50943

--- Event Stage 3: Fine-only solve

VecDot                 4 1.0 7.5152e-0311.9 2.01e+05 1.0 0.0e+00 0.0e+00 4.0e+00  0  0  0  0  0   0  0  0  0  1 27347
VecMDot              126 1.0 1.1190e-01 4.3 3.27e+06 1.0 0.0e+00 0.0e+00 1.3e+02  0  0  0  0  4   0  0  0  0 24 29889
VecNorm              306 1.0 4.6286e-01 4.6 5.33e+06 1.0 0.0e+00 0.0e+00 3.1e+02  0  0  0  0  9   0  0  0  0 59 11794
VecScale             242 1.0 1.0792e-02 1.0 2.06e+06 1.0 0.0e+00 0.0e+00 0.0e+00  0  0  0  0  0   0  0  0  0  0 195666
VecCopy              128 1.0 6.7065e-03 1.0 0.00e+00 0.0 0.0e+00 0.0e+00 0.0e+00  0  0  0  0  0   0  0  0  0  0     0
VecSet              1364 1.0 1.8478e-02 1.1 0.00e+00 0.0 0.0e+00 0.0e+00 0.0e+00  0  0  0  0  0   0  0  0  0  0     0
VecAXPY              172 1.0 1.1427e-02 1.1 2.62e+06 1.0 0.0e+00 0.0e+00 0.0e+00  0  0  0  0  0   0  0  0  0  0 234481
VecAYPX               56 1.0 8.3296e-03 1.1 4.03e+05 1.0 0.0e+00 0.0e+00 0.0e+00  0  0  0  0  0   0  0  0  0  0 49498
VecWAXPY               4 1.0 2.4524e-03 1.1 1.00e+05 1.0 0.0e+00 0.0e+00 0.0e+00  0  0  0  0  0   0  0  0  0  0 41902
VecMAXPY             242 1.0 2.5864e-02 1.2 5.58e+06 1.0 0.0e+00 0.0e+00 0.0e+00  0  0  0  0  0   0  0  0  0  0 220899
VecPointwiseMult      16 1.0 4.0221e-04 1.1 1.47e+04 1.0 0.0e+00 0.0e+00 0.0e+00  0  0  0  0  0   0  0  0  0  0 37476
VecScatterBegin      428 1.0 9.4430e-02 1.0 0.00e+00 0.0 1.7e+07 4.0e+02 0.0e+00  0  0  9  4  0   0  0 80 24  0     0
VecScatterEnd        428 1.0 2.1992e+00 1.3 0.00e+00 0.0 0.0e+00 0.0e+00 0.0e+00  0  0  0  0  0   2  0  0  0  0     0
VecReduceArith         2 1.0 3.4213e-04 1.1 1.00e+05 1.0 0.0e+00 0.0e+00 0.0e+00  0  0  0  0  0   0  0  0  0  0 300348
VecReduceComm          1 1.0 3.3970e-03109.6 0.00e+00 0.0 0.0e+00 0.0e+00 1.0e+00  0  0  0  0  0   0  0  0  0  0     0
VecNormalize         224 1.0 4.5324e-01 4.9 4.83e+06 1.0 0.0e+00 0.0e+00 2.2e+02  0  0  0  0  7   0  0  0  0 43 10916
MatMult              242 1.0 2.3438e+00 1.2 2.28e+08 1.2 2.0e+06 2.6e+03 0.0e+00  0  0  1  3  0   2  3  9 17  0 93173
MatMultAdd            56 1.0 1.4620e-01 3.8 2.70e+06 1.0 1.7e+05 5.9e+02 0.0e+00  0  0  0  0  0   0  0  1  0  0 18886
MatMultTranspose      72 1.0 1.5017e-01 2.9 3.47e+06 1.0 2.2e+05 5.9e+02 0.0e+00  0  0  0  0  0   0  0  1  0  0 23641
MatSolve             294 1.0 2.0013e+00 1.0 3.03e+08 1.0 0.0e+00 0.0e+00 0.0e+00  0  0  0  0  0   2  4  0  0  0 155104
MatLUFactorNum         4 1.0 7.6419e+01 1.0 7.18e+09 1.0 0.0e+00 0.0e+00 0.0e+00  9 10  0  0  0  83 92  0  0  0 96217
MatCholFctrNum        16 1.0 7.7789e-01 1.0 8.17e+07 1.0 0.0e+00 0.0e+00 0.0e+00  0  0  0  0  0   1  1  0  0  0 107578
MatAssemblyBegin      24 1.0 3.2975e-01 1.7 0.00e+00 0.0 1.8e+05 5.7e+04 5.6e+01  0  0  0  6  2   0  0  1 35 11     0
MatAssemblyEnd        24 1.0 1.8407e-01 1.9 0.00e+00 0.0 0.0e+00 0.0e+00 0.0e+00  0  0  0  0  0   0  0  0  0  0     0
MatGetRowIJ           12 1.0 6.1989e-05 1.2 0.00e+00 0.0 0.0e+00 0.0e+00 0.0e+00  0  0  0  0  0   0  0  0  0  0     0
MatGetOrdering        12 1.0 3.8431e-03 1.0 0.00e+00 0.0 0.0e+00 0.0e+00 2.4e+01  0  0  0  0  1   0  0  0  0  5     0
MatZeroEntries        20 1.0 5.8815e-03 1.2 0.00e+00 0.0 0.0e+00 0.0e+00 0.0e+00  0  0  0  0  0   0  0  0  0  0     0
MatGetRedundant        4 1.0 4.6513e-01 1.2 0.00e+00 0.0 4.2e+06 2.9e+03 0.0e+00  0  0  2  7  0   0  0 19 41  0     0
SNESSolve              1 1.0 9.1391e+01 1.0 7.82e+09 1.0 2.2e+07 1.4e+03 5.2e+02 11 11 11 16 15 100100100100100 87447
SNESLineSearch         4 1.0 2.0618e+00 1.0 1.19e+07 1.1 9.8e+04 5.6e+03 1.6e+01  0  0  0  0  0   2  0  0  2  3  5575
SNESFunctionEval       5 1.0 2.4247e+00 1.0 0.00e+00 0.0 8.2e+04 5.0e+03 0.0e+00  0  0  0  0  0   3  0  0  1  0     0
SNESJacobianEval       4 1.0 4.9175e+00 1.0 7.85e+05 1.0 4.0e+05 2.7e+04 5.6e+01  1  0  0  6  2   5  0  2 36 11   163
KSPGMRESOrthog       126 1.0 1.2897e-01 3.1 6.53e+06 1.0 0.0e+00 0.0e+00 1.3e+02  0  0  0  0  4   0  0  0  0 24 51868
KSPSetup              44 1.0 2.0528e-04 1.1 0.00e+00 0.0 0.0e+00 0.0e+00 0.0e+00  0  0  0  0  0   0  0  0  0  0     0
KSPSolve               4 1.0 8.3925e+01 1.0 7.81e+09 1.0 2.1e+07 8.7e+02 4.4e+02 10 11 11 10 13  92100 98 62 85 95076
PCSetUp               20 1.0 7.7619e+01 1.0 7.26e+09 1.0 4.2e+06 2.9e+03 2.4e+01  9 10  2  7  1  85 93 19 41  5 95807
PCSetUpOnBlocks      112 1.0 7.8367e-01 1.0 8.17e+07 1.0 0.0e+00 0.0e+00 2.4e+01  0  0  0  0  1   1  1  0  0  5 106786
PCApply               14 1.0 6.8643e+00 1.0 5.82e+08 1.0 1.7e+07 3.2e+02 4.2e+02  1  1  8  3 12   7  7 78 18 80 85016
------------------------------------------------------------------------------------------------------------------------

Memory usage is given in bytes:

Object Type          Creations   Destructions     Memory  Descendants' Mem.
Reports information only for process 0.

--- Event Stage 0: Main Stage

           Container     0              5         1500     0
 Toy Hydrostatic Ice     0              1          500     0
   Distributed array     0             10       182516     0
                 Vec     0            316     12388192     0
         Vec Scatter     0             47        28388     0
           Index Set     0             25       566740     0
   IS L to G Mapping     0             20       241824     0
              Matrix     0             59    278036804     0
                SNES     0              5         3740     0
       Krylov Solver     0             35       275224     0
      Preconditioner     0             35        18044     0
              Viewer     0              1          400     0

--- Event Stage 1: Full solve

           Container     5              0            0     0
 Toy Hydrostatic Ice     1              0            0     0
   Distributed array    10              0            0     0
                 Vec   396             80       562992     0
         Vec Scatter    47              0            0     0
           Index Set   185            160      1280564     0
   IS L to G Mapping    20              0            0     0
              Matrix    59              0            0     0
                SNES     5              0            0     0
       Krylov Solver    35              0            0     0
      Preconditioner    35              0            0     0
              Viewer     1              0            0     0

--- Event Stage 2: Fine-1 solve

                 Vec     4              4         3632     0
           Index Set    16             16        63808     0

--- Event Stage 3: Fine-only solve

                 Vec     4              4         3632     0
           Index Set    24             24       468192     0
========================================================================================================================
Average time to get PetscTime(): 3.40939e-06
Average time for MPI_Barrier(): 2.19345e-06
Average time for zero size MPI_Send(): 1.25235e-05
#PETSc Option Table entries:
-M 32
-P 4
-dmmg_form_function_ghost 1
-dmmg_grid_sequence 1
-ksp_converged_reason
-ksp_monitor
-ksp_rtol 1e-2
-log_summary
-mg_levels_1_sub_pc_type cholesky
-pc_mg_type multiplicative
-repeat_fine_solve 1
-snes_converged_reason
-snes_monitor
-thi_L 80e3
-thi_friction_m 0.3
-thi_hom z
-thi_nlevels 5
#End of PETSc Option Table entries
Compiled with FORTRAN kernels
Compiled with full precision matrices (default)
sizeof(short) 2 sizeof(int) 4 sizeof(long) 4 sizeof(void*) 4 sizeof(PetscScalar) 8
Configure run at: Wed Sep 15 06:55:31 2010
Configure options: --with-x=0 --with-is-color-value-type=short --with-debugging=1 --with-fortran-kernels=1 --with-mpi-dir=/bgsys/drivers/ppcfloor/comm --with-batch=1 --known-mpi-shared-libraries=1 --known-memcmp-ok --known-sizeof-char=1 --known-sizeof-void-p=4 --known-sizeof-short=2 --known-sizeof-int=4 --known-sizeof-long=4 --known-sizeof-size_t=4 --known-sizeof-long-long=8 --known-sizeof-float=4 --known-sizeof-double=8 --known-bits-per-byte=8 --known-sizeof-MPI_Comm=4 --known-sizeof-MPI_Fint=4 --known-mpi-long-double=1 --known-level1-dcache-assoc=0 --known-level1-dcache-linesize=32 --known-level1-dcache-size=32768 --with-shared=0 --prefix=/opt/share/ksl/petsc/dev-aug30/ppc450d-bgp_xlc_fast --with-clanguage=c --cflags="   -O3" --cxxflags="   -O3" --fflags="   -O3" --FCFLAGS= --LIBS=" -L/bgsys/ibm_essl/sles10/prod/opt/ibmmath/lib -L/opt/ibmcmp/xlsmp/bg/1.7/lib -L/opt/ibmcmp/xlmass/bg/4.4/bglib -L/opt/ibmcmp/xlf/bg/11.1/bglib   -lesslbg  -lxlf90_r -lxlopt -lxlsmp -lxl -lxlfmath -O3" --CC=/bgsys/drivers/ppcfloor/comm/xl/bin/mpixlc_r --CXX=/bgsys/drivers/ppcfloor/comm/xl/bin/mpixlcxx_r --FC=/bgsys/drivers/ppcfloor/comm/xl/bin/mpixlf90_r --with-debugging=0 PETSC_ARCH=bgp-xlc-fast
-----------------------------------------
Libraries compiled on Wed Sep 15 06:55:31 2010 on fen1 
Machine characteristics: Linux-2.6.16.60-0.66.1-ppc64-ppc64-with-SuSE-10-ppc
Using PETSc directory: /scratch/aron/sandbox/process/installs/builddir_ppc64/petsc-dev-aug30-bgp_xlc_fast/petsc-dev-16784
Using PETSc arch: bgp-xlc-fast
-----------------------------------------

Using C compiler: /bgsys/drivers/ppcfloor/comm/xl/bin/mpixlc_r  -O  ${COPTFLAGS} ${CFLAGS}
Using Fortran compiler: /bgsys/drivers/ppcfloor/comm/xl/bin/mpixlf90_r  -O   ${FOPTFLAGS} ${FFLAGS} 
-----------------------------------------

Using include paths: -I/scratch/aron/sandbox/process/installs/builddir_ppc64/petsc-dev-aug30-bgp_xlc_fast/petsc-dev-16784/bgp-xlc-fast/include -I/scratch/aron/sandbox/process/installs/builddir_ppc64/petsc-dev-aug30-bgp_xlc_fast/petsc-dev-16784/include -I/bgsys/drivers/ppcfloor/comm/include
-----------------------------------------

Using C linker: /bgsys/drivers/ppcfloor/comm/xl/bin/mpixlc_r
Using Fortran linker: /bgsys/drivers/ppcfloor/comm/xl/bin/mpixlf90_r
Using libraries: -Wl,-rpath,/scratch/aron/sandbox/process/installs/builddir_ppc64/petsc-dev-aug30-bgp_xlc_fast/petsc-dev-16784/bgp-xlc-fast/lib -L/scratch/aron/sandbox/process/installs/builddir_ppc64/petsc-dev-aug30-bgp_xlc_fast/petsc-dev-16784/bgp-xlc-fast/lib -lpetscts -lpetscsnes -lpetscksp -lpetscdm -lpetscmat -lpetscvec -lpetscsys -lnsl -lrt -L/bgsys/ibm_essl/sles10/prod/opt/ibmmath/lib -L/opt/ibmcmp/xlsmp/bg/1.7/lib -L/opt/ibmcmp/xlmass/bg/4.4/bglib -L/opt/ibmcmp/xlf/bg/11.1/bglib -L/bgsys/drivers/V1R4M2_200_2010-100508P/ppc/comm/xl/lib -L/bgsys/drivers/V1R4M2_200_2010-100508P/ppc/comm/sys/lib -L/bgsys/drivers/V1R4M2_200_2010-100508P/ppc/runtime/SPI -L/opt/ibmcmp/xlsmp/bg/1.7/bglib -L/opt/ibmcmp/vac/bg/9.0/bglib -L/opt/ibmcmp/vacpp/bg/9.0/bglib -L/bgsys/drivers/ppcfloor/gnu-linux/lib/gcc/powerpc-bgp-linux/4.1.2 -L/bgsys/drivers/ppcfloor/gnu-linux/powerpc-bgp-linux/lib -Wl,-rpath,/opt/ibmcmp/lib/bg/bglib -ldl -lesslbg -lxlf90_r -lxlopt -lxlsmp -lxl -lxlfmath -lpmpich.cnk -lmpich.cnk -lopa -Wl,-rpath,/bgsys/drivers/V1R4M2_200_2010-100508P/ppc/comm/sys/lib -ldcmf.cnk -ldcmfcoll.cnk -lpthread -Wl,-rpath,/bgsys/drivers/V1R4M2_200_2010-100508P/ppc/runtime/SPI -lSPI.cna -lrt -lgcc_eh -lxlomp_ser -lm -ldl -lesslbg -lxlf90_r -lxlopt -lxlsmp -lxl -lxlfmath -lpmpich.cnk -lmpich.cnk -lopa -ldcmf.cnk -ldcmfcoll.cnk -lpthread -lSPI.cna -lrt -lgcc_eh -ldl -lesslbg -lxlf90_r -lxlopt -lxlsmp -lxl -lxlfmath -O3 
-----------------------------------------

