Level 0 domain size (m)    8e+04 x    8e+04 x    1e+03, num elements  16 x  16 x   4 (    1024), size (m) 5000 x 5000 x 333.333
Level 1 domain size (m)    8e+04 x    8e+04 x    1e+03, num elements  32 x  32 x   7 (    7168), size (m) 2500 x 2500 x 166.667
Level 2 domain size (m)    8e+04 x    8e+04 x    1e+03, num elements  64 x  64 x  13 (   53248), size (m) 1250 x 1250 x 83.3333
Level 3 domain size (m)    8e+04 x    8e+04 x    1e+03, num elements 128 x 128 x  25 (  409600), size (m) 625 x 625 x 41.6667
Level 4 domain size (m)    8e+04 x    8e+04 x    1e+03, num elements 256 x 256 x  49 ( 3211264), size (m) 312.5 x 312.5 x 20.8333
          0 SNES Function norm 1.890950239303e+03 
Linear solve converged due to CONVERGED_ITS iterations 1
          1 SNES Function norm 1.757287341813e+03 
Linear solve converged due to CONVERGED_ITS iterations 1
          2 SNES Function norm 1.465775464679e+03 
Linear solve converged due to CONVERGED_ITS iterations 1
          3 SNES Function norm 1.063685356286e+03 
Linear solve converged due to CONVERGED_ITS iterations 1
          4 SNES Function norm 5.748318651833e+02 
Linear solve converged due to CONVERGED_ITS iterations 1
          5 SNES Function norm 1.532424959762e+02 
Linear solve converged due to CONVERGED_ITS iterations 1
          6 SNES Function norm 9.041261408270e+00 
Linear solve converged due to CONVERGED_ITS iterations 1
          7 SNES Function norm 2.886591244065e-02 
Linear solve converged due to CONVERGED_ITS iterations 1
          8 SNES Function norm 3.086922920814e-07 
Nonlinear solve converged due to CONVERGED_FNORM_RELATIVE
        0 SNES Function norm 6.890537207436e+02 
          0 KSP Residual norm 6.890537207436e+02 
          1 KSP Residual norm 1.211483414833e+01 
          2 KSP Residual norm 9.684113902718e-01 
Linear solve converged due to CONVERGED_RTOL iterations 2
        1 SNES Function norm 5.669145633310e+01 
          0 KSP Residual norm 5.669145633310e+01 
          1 KSP Residual norm 4.349407043520e+00 
          2 KSP Residual norm 8.714999394050e-01 
          3 KSP Residual norm 9.307454051966e-02 
Linear solve converged due to CONVERGED_RTOL iterations 3
        2 SNES Function norm 8.998558681758e+00 
          0 KSP Residual norm 8.998558681758e+00 
          1 KSP Residual norm 8.393713471818e-01 
          2 KSP Residual norm 1.122483987986e-01 
          3 KSP Residual norm 2.254757665567e-02 
Linear solve converged due to CONVERGED_RTOL iterations 3
        3 SNES Function norm 1.289032280473e+00 
          0 KSP Residual norm 1.289032280473e+00 
          1 KSP Residual norm 1.004256835659e-01 
          2 KSP Residual norm 9.898821745880e-03 
Linear solve converged due to CONVERGED_RTOL iterations 2
        4 SNES Function norm 4.541634899902e-02 
          0 KSP Residual norm 4.541634899902e-02 
          1 KSP Residual norm 3.828472271188e-03 
          2 KSP Residual norm 5.763230013061e-04 
          3 KSP Residual norm 9.701193394047e-05 
Linear solve converged due to CONVERGED_RTOL iterations 3
        5 SNES Function norm 1.168723817740e-04 
          0 KSP Residual norm 1.168723817740e-04 
          1 KSP Residual norm 2.269893258054e-05 
          2 KSP Residual norm 3.745056194828e-06 
          3 KSP Residual norm 3.009816267724e-07 
Linear solve converged due to CONVERGED_RTOL iterations 3
        6 SNES Function norm 3.009400083767e-07 
Nonlinear solve converged due to CONVERGED_FNORM_RELATIVE
      0 SNES Function norm 2.488680090081e+02 
        0 KSP Residual norm 2.488680090081e+02 
        1 KSP Residual norm 8.556378710030e+00 
        2 KSP Residual norm 5.155176968921e-01 
Linear solve converged due to CONVERGED_RTOL iterations 2
      1 SNES Function norm 7.716207829127e+00 
        0 KSP Residual norm 7.716207829127e+00 
        1 KSP Residual norm 1.337720018927e+00 
        2 KSP Residual norm 3.091462190279e-01 
        3 KSP Residual norm 7.485376892289e-02 
Linear solve converged due to CONVERGED_RTOL iterations 3
      2 SNES Function norm 1.879619682468e+00 
        0 KSP Residual norm 1.879619682468e+00 
        1 KSP Residual norm 1.437594591543e-01 
        2 KSP Residual norm 3.516153360038e-02 
        3 KSP Residual norm 8.820393891383e-03 
Linear solve converged due to CONVERGED_RTOL iterations 3
      3 SNES Function norm 3.636471869062e-01 
        0 KSP Residual norm 3.636471869062e-01 
        1 KSP Residual norm 2.749843782517e-02 
        2 KSP Residual norm 7.228447140931e-03 
        3 KSP Residual norm 2.186950026151e-03 
Linear solve converged due to CONVERGED_RTOL iterations 3
      4 SNES Function norm 2.363922379184e-02 
        0 KSP Residual norm 2.363922379184e-02 
        1 KSP Residual norm 1.721756077562e-03 
        2 KSP Residual norm 8.123510302762e-04 
        3 KSP Residual norm 3.268524748763e-04 
        4 KSP Residual norm 1.130762442456e-04 
Linear solve converged due to CONVERGED_RTOL iterations 4
      5 SNES Function norm 1.779914310503e-04 
        0 KSP Residual norm 1.779914310503e-04 
        1 KSP Residual norm 4.862577227578e-05 
        2 KSP Residual norm 2.089954068404e-05 
        3 KSP Residual norm 8.585418510854e-06 
        4 KSP Residual norm 2.208498745520e-06 
        5 KSP Residual norm 8.794759861730e-07 
Linear solve converged due to CONVERGED_RTOL iterations 5
      6 SNES Function norm 8.790480530900e-07 
Nonlinear solve converged due to CONVERGED_FNORM_RELATIVE
    0 SNES Function norm 8.891305236381e+01 
      0 KSP Residual norm 8.891305236381e+01 
      1 KSP Residual norm 2.562500564417e+00 
      2 KSP Residual norm 1.779595954320e-01 
Linear solve converged due to CONVERGED_RTOL iterations 2
    1 SNES Function norm 1.070003222474e+00 
      0 KSP Residual norm 1.070003222474e+00 
      1 KSP Residual norm 2.577683672754e-01 
      2 KSP Residual norm 5.663762390557e-02 
      3 KSP Residual norm 1.543447907750e-02 
      4 KSP Residual norm 6.108235229161e-03 
Linear solve converged due to CONVERGED_RTOL iterations 4
    2 SNES Function norm 1.906400461167e-01 
      0 KSP Residual norm 1.906400461167e-01 
      1 KSP Residual norm 1.756829472400e-02 
      2 KSP Residual norm 4.289038105613e-03 
      3 KSP Residual norm 1.595756574051e-03 
Linear solve converged due to CONVERGED_RTOL iterations 3
    3 SNES Function norm 1.244406460916e-02 
      0 KSP Residual norm 1.244406460916e-02 
      1 KSP Residual norm 1.638256392779e-03 
      2 KSP Residual norm 6.700498865544e-04 
      3 KSP Residual norm 2.957251728936e-04 
      4 KSP Residual norm 1.539511346684e-04 
      5 KSP Residual norm 5.924373473812e-05 
Linear solve converged due to CONVERGED_RTOL iterations 5
    4 SNES Function norm 1.910297181865e-04 
      0 KSP Residual norm 1.910297181865e-04 
      1 KSP Residual norm 3.242378843569e-05 
      2 KSP Residual norm 1.780237934805e-05 
      3 KSP Residual norm 7.129752310631e-06 
      4 KSP Residual norm 2.617912804489e-06 
      5 KSP Residual norm 9.990604318886e-07 
Linear solve converged due to CONVERGED_RTOL iterations 5
    5 SNES Function norm 9.974715743043e-07 
      0 KSP Residual norm 9.974715743043e-07 
      1 KSP Residual norm 4.166960456521e-07 
      2 KSP Residual norm 2.007217627976e-07 
      3 KSP Residual norm 7.835707981394e-08 
      4 KSP Residual norm 3.595133582186e-08 
      5 KSP Residual norm 1.511476136978e-08 
      6 KSP Residual norm 4.890664787357e-09 
Linear solve converged due to CONVERGED_RTOL iterations 6
    6 SNES Function norm 4.890532960035e-09 
Nonlinear solve converged due to CONVERGED_FNORM_RELATIVE
  0 SNES Function norm 3.159932834591e+01 
    0 KSP Residual norm 3.159932834591e+01 
    1 KSP Residual norm 7.414224827072e-01 
    2 KSP Residual norm 6.222907490201e-02 
Linear solve converged due to CONVERGED_RTOL iterations 2
  1 SNES Function norm 1.434467809266e-01 
    0 KSP Residual norm 1.434467809266e-01 
    1 KSP Residual norm 3.344640238009e-02 
    2 KSP Residual norm 9.879896911974e-03 
    3 KSP Residual norm 3.534948006369e-03 
    4 KSP Residual norm 1.262894719349e-03 
Linear solve converged due to CONVERGED_RTOL iterations 4
  2 SNES Function norm 9.229872552848e-03 
    0 KSP Residual norm 9.229872552848e-03 
    1 KSP Residual norm 2.107134048392e-03 
    2 KSP Residual norm 6.320356690982e-04 
    3 KSP Residual norm 3.287781025376e-04 
    4 KSP Residual norm 1.315618826937e-04 
    5 KSP Residual norm 5.679892370721e-05 
Linear solve converged due to CONVERGED_RTOL iterations 5
  3 SNES Function norm 2.966085371430e-04 
    0 KSP Residual norm 2.966085371430e-04 
    1 KSP Residual norm 5.928643298416e-05 
    2 KSP Residual norm 2.832163050900e-05 
    3 KSP Residual norm 1.607188281022e-05 
    4 KSP Residual norm 6.149170588836e-06 
    5 KSP Residual norm 3.216841071687e-06 
    6 KSP Residual norm 1.325129069962e-06 
Linear solve converged due to CONVERGED_RTOL iterations 6
  4 SNES Function norm 1.415170422127e-06 
    0 KSP Residual norm 1.415170422127e-06 
    1 KSP Residual norm 7.437183212453e-07 
    2 KSP Residual norm 3.915780681129e-07 
    3 KSP Residual norm 1.886957081316e-07 
    4 KSP Residual norm 9.057628127573e-08 
    5 KSP Residual norm 4.659521399182e-08 
    6 KSP Residual norm 1.561271125584e-08 
    7 KSP Residual norm 7.415398055323e-09 
Linear solve converged due to CONVERGED_RTOL iterations 7
  5 SNES Function norm 7.414842582561e-09 
Nonlinear solve converged due to CONVERGED_FNORM_RELATIVE
Solution statistics after solve: Full
CONVERGED_FNORM_RELATIVE: Number of Newton iterations = 5, total linear iterations = 24
|X|_2 152736   u in [6.21764, 195.728]   v in [-4.65832, 5.18426]   c in [6.2177, 195.729] 
Surface statistics: u in [8.286853e+00, 1.957280e+02] mean 7.833398e+01
Global eta range   [2.5482e+10, 9.2273e+12], converged range [2.5482e+10, 8.3759e+12]
Global beta2 range [5.43915e+09, 2.25137e+13], converged range [5.43923e+09, 2.19122e+10]

    0 SNES Function norm 4.131901529273e+01 
      0 KSP Residual norm 4.131901529273e+01 
      1 KSP Residual norm 2.922883976974e-01 
Linear solve converged due to CONVERGED_RTOL iterations 1
    1 SNES Function norm 2.474077545109e+00 
      0 KSP Residual norm 2.474077545109e+00 
      1 KSP Residual norm 4.504898500148e-02 
      2 KSP Residual norm 7.096769495584e-03 
Linear solve converged due to CONVERGED_RTOL iterations 2
    2 SNES Function norm 1.212664755930e-02 
      0 KSP Residual norm 1.212664755930e-02 
      1 KSP Residual norm 3.315844247163e-03 
      2 KSP Residual norm 1.158199895210e-03 
      3 KSP Residual norm 4.574493530480e-04 
      4 KSP Residual norm 1.689403324496e-04 
      5 KSP Residual norm 6.059584459077e-05 
Linear solve converged due to CONVERGED_RTOL iterations 5
    3 SNES Function norm 8.456134439409e-05 
      0 KSP Residual norm 8.456134439409e-05 
      1 KSP Residual norm 3.560588394702e-05 
      2 KSP Residual norm 1.383762920914e-05 
      3 KSP Residual norm 5.740000707599e-06 
      4 KSP Residual norm 2.099497497696e-06 
      5 KSP Residual norm 8.154286352547e-07 
Linear solve converged due to CONVERGED_RTOL iterations 5
    4 SNES Function norm 8.153719818018e-07 
      0 KSP Residual norm 8.153719818018e-07 
      1 KSP Residual norm 4.461995399673e-07 
      2 KSP Residual norm 1.798883427102e-07 
      3 KSP Residual norm 7.554528735537e-08 
      4 KSP Residual norm 3.464263061191e-08 
      5 KSP Residual norm 1.606044167392e-08 
      6 KSP Residual norm 5.632128437777e-09 
Linear solve converged due to CONVERGED_RTOL iterations 6
    5 SNES Function norm 5.631977609417e-09 
Nonlinear solve converged due to CONVERGED_FNORM_RELATIVE
Solution statistics after solve: Fine-1
CONVERGED_FNORM_RELATIVE: Number of Newton iterations = 5, total linear iterations = 19
|X|_2 54419.5   u in [6.2178, 195.628]   v in [-4.65821, 5.1834]   c in [6.21785, 195.629] 
Surface statistics: u in [8.287820e+00, 1.956280e+02] mean 7.830505e+01
Global eta range   [2.5482e+10, 9.2273e+12], converged range [2.60519e+10, 7.34428e+12]
Global beta2 range [5.42066e+09, 2.25137e+13], converged range [5.47317e+09, 2.19021e+10]

  0 SNES Function norm 3.159932834591e+01 
    0 KSP Residual norm 3.159932834591e+01 
    1 KSP Residual norm 7.414224827024e-01 
    2 KSP Residual norm 6.222907492956e-02 
Linear solve converged due to CONVERGED_RTOL iterations 2
  1 SNES Function norm 1.434467814584e-01 
    0 KSP Residual norm 1.434467814584e-01 
    1 KSP Residual norm 3.344640238612e-02 
    2 KSP Residual norm 9.879896877540e-03 
    3 KSP Residual norm 3.534948008179e-03 
    4 KSP Residual norm 1.262894715438e-03 
Linear solve converged due to CONVERGED_RTOL iterations 4
  2 SNES Function norm 9.229872619593e-03 
    0 KSP Residual norm 9.229872619593e-03 
    1 KSP Residual norm 2.107134092337e-03 
    2 KSP Residual norm 6.320356710035e-04 
    3 KSP Residual norm 3.287781034919e-04 
    4 KSP Residual norm 1.315618828087e-04 
    5 KSP Residual norm 5.679892350019e-05 
Linear solve converged due to CONVERGED_RTOL iterations 5
  3 SNES Function norm 2.966085433604e-04 
    0 KSP Residual norm 2.966085433604e-04 
    1 KSP Residual norm 5.928643374821e-05 
    2 KSP Residual norm 2.832163043448e-05 
    3 KSP Residual norm 1.607188323948e-05 
    4 KSP Residual norm 6.149170670891e-06 
    5 KSP Residual norm 3.216841103385e-06 
    6 KSP Residual norm 1.325129153974e-06 
Linear solve converged due to CONVERGED_RTOL iterations 6
  4 SNES Function norm 1.415170597382e-06 
    0 KSP Residual norm 1.415170597382e-06 
    1 KSP Residual norm 7.437183168551e-07 
    2 KSP Residual norm 3.915781061542e-07 
    3 KSP Residual norm 1.886957347598e-07 
    4 KSP Residual norm 9.057628811341e-08 
    5 KSP Residual norm 4.659521402202e-08 
    6 KSP Residual norm 1.561271240625e-08 
    7 KSP Residual norm 7.415397358827e-09 
Linear solve converged due to CONVERGED_RTOL iterations 7
  5 SNES Function norm 7.414881653426e-09 
Nonlinear solve converged due to CONVERGED_FNORM_RELATIVE
Solution statistics after solve: Fine
CONVERGED_FNORM_RELATIVE: Number of Newton iterations = 5, total linear iterations = 24
|X|_2 152736   u in [6.21764, 195.728]   v in [-4.65832, 5.18426]   c in [6.2177, 195.729] 
Surface statistics: u in [8.286853e+00, 1.957280e+02] mean 7.833398e+01
Global eta range   [2.5482e+10, 9.2273e+12], converged range [2.5482e+10, 8.3759e+12]
Global beta2 range [5.42066e+09, 2.25137e+13], converged range [5.43923e+09, 2.19122e+10]

************************************************************************************************************************
***             WIDEN YOUR WINDOW TO 120 CHARACTERS.  Use 'enscript -r -fCourier9' to print this document            ***
************************************************************************************************************************

---------------------------------------------- PETSc Performance Summary: ----------------------------------------------

./ex48 on a bgp-xlc-f named ionode9 with 16 processors, by Unknown Wed Sep 15 07:33:04 2010
Using Petsc Development HG revision: aeb2eea2e3ddfd0635951d6560aa7114704dab25  HG Date: Sat Aug 21 15:26:55 2010 -0500

                         Max       Max/Min        Avg      Total 
Time (sec):           6.806e+02      1.00000   6.806e+02
Objects:              8.660e+02      1.00000   8.660e+02
Flops:                3.997e+10      1.01328   3.971e+10  6.354e+11
Flops/sec:            5.873e+07      1.01328   5.835e+07  9.336e+08
MPI Messages:         2.279e+04      1.00716   2.265e+04  3.623e+05
MPI Message Lengths:  2.652e+08      1.00104   1.170e+04  4.241e+09
MPI Reductions:       4.285e+03      1.00000

Flop counting convention: 1 flop = 1 real number operation of type (multiply/divide/add/subtract)
                            e.g., VecAXPY() for real vectors of length N --> 2N flops
                            and VecAXPY() for complex vectors of length N --> 8N flops

Summary of Stages:   ----- Time ------  ----- Flops -----  --- Messages ---  -- Message Lengths --  -- Reductions --
                        Avg     %Total     Avg     %Total   counts   %Total     Avg         %Total   counts   %Total 
 0:      Main Stage: 1.8088e-01   0.0%  8.0511e+07   0.0%  4.260e+02   0.1%  1.726e+00        0.0%  1.500e+01   0.4% 
 1:      Full solve: 3.6960e+02  54.3%  3.5476e+11  55.8%  2.324e+05  64.1%  6.531e+03       55.8%  2.628e+03  61.3% 
 2:    Fine-1 solve: 3.9917e+01   5.9%  3.8873e+10   6.1%  5.118e+04  14.1%  1.082e+03        9.2%  5.380e+02  12.6% 
 3: Fine-only solve: 2.7087e+02  39.8%  2.4166e+11  38.0%  7.834e+04  21.6%  4.089e+03       34.9%  8.460e+02  19.7% 

------------------------------------------------------------------------------------------------------------------------
See the 'Profiling' chapter of the users' manual for details on interpreting output.
Phase summary info:
   Count: number of times phase was executed
   Time and Flops: Max - maximum over all processors
                   Ratio - ratio of maximum to minimum over all processors
   Mess: number of messages sent
   Avg. len: average message length
   Reduct: number of global reductions
   Global: entire computation
   Stage: stages of a computation. Set stages with PetscLogStagePush() and PetscLogStagePop().
      %T - percent time in this phase         %F - percent flops in this phase
      %M - percent messages in this phase     %L - percent message lengths in this phase
      %R - percent reductions in this phase
   Total Mflop/s: 10e-6 * (sum of flops over all processors)/(max time over all processors)
------------------------------------------------------------------------------------------------------------------------
Event                Count      Time (sec)     Flops                             --- Global ---  --- Stage ---   Total
                   Max Ratio  Max     Ratio   Max  Ratio  Mess   Avg len Reduct  %T %F %M %L %R  %T %F %M %L %R Mflop/s
------------------------------------------------------------------------------------------------------------------------

--- Event Stage 0: Main Stage

VecSet                 2 1.0 1.0133e-04 1.0 0.00e+00 0.0 0.0e+00 0.0e+00 0.0e+00  0  0  0  0  0   0  0  0  0  0     0
VecPointwiseMult       1 1.0 1.0610e-03 1.2 5.12e+04 1.0 0.0e+00 0.0e+00 0.0e+00  0  0  0  0  0   1  1  0  0  0   772
VecScatterBegin        2 1.0 1.7333e-04 1.0 0.00e+00 0.0 9.6e+01 6.5e+03 0.0e+00  0  0  0  0  0   0  0 23100  0     0
VecScatterEnd          2 1.0 9.2602e-04 3.2 0.00e+00 0.0 0.0e+00 0.0e+00 0.0e+00  0  0  0  0  0   0  0  0  0  0     0
MatMult                1 1.0 2.7454e-02 1.0 2.29e+06 1.0 4.8e+01 6.5e+03 0.0e+00  0  0  0  0  0  15 46 11 50  0  1334
MatMultTranspose       1 1.0 3.4875e-02 1.0 2.69e+06 1.0 4.8e+01 6.5e+03 0.0e+00  0  0  0  0  0  19 53 11 50  0  1235

--- Event Stage 1: Full solve

VecDot                31 1.0 5.8542e-02 4.7 4.72e+06 1.0 0.0e+00 0.0e+00 3.1e+01  0  0  0  0  1   0  0  0  0  1  1290
VecMDot              547 1.0 1.5093e+00 2.1 1.20e+08 1.0 0.0e+00 0.0e+00 5.5e+02  0  0  0  0 13   0  1  0  0 21  1276
VecNorm             1329 1.0 1.1987e+00 1.6 1.63e+08 1.0 0.0e+00 0.0e+00 1.3e+03  0  0  0  0 31   0  1  0  0 51  2177
VecScale            1032 1.0 2.7537e-01 1.0 6.41e+07 1.0 0.0e+00 0.0e+00 0.0e+00  0  0  0  0  0   0  0  0  0  0  3727
VecCopy              578 1.0 1.6429e-01 1.0 0.00e+00 0.0 0.0e+00 0.0e+00 0.0e+00  0  0  0  0  0   0  0  0  0  0     0
VecSet              5762 1.0 3.4177e-01 1.1 0.00e+00 0.0 0.0e+00 0.0e+00 0.0e+00  0  0  0  0  0   0  0  0  0  0     0
VecAXPY              712 1.0 2.4530e-01 1.0 8.08e+07 1.0 0.0e+00 0.0e+00 0.0e+00  0  0  0  0  0   0  0  0  0  0  5270
VecAYPX              227 1.0 2.3278e-01 1.0 1.27e+07 1.0 0.0e+00 0.0e+00 0.0e+00  0  0  0  0  0   0  0  0  0  0   871
VecWAXPY              31 1.0 5.2454e-02 1.0 2.36e+06 1.0 0.0e+00 0.0e+00 0.0e+00  0  0  0  0  0   0  0  0  0  0   720
VecMAXPY            1032 1.0 6.5882e-01 1.0 1.93e+08 1.0 0.0e+00 0.0e+00 0.0e+00  0  0  0  0  0   0  1  0  0  0  4692
VecPointwiseMult      56 1.0 7.3168e-03 1.1 3.47e+05 1.0 0.0e+00 0.0e+00 0.0e+00  0  0  0  0  0   0  0  0  0  0   760
VecScatterBegin     1911 1.0 3.3625e-01 1.0 0.00e+00 0.0 2.0e+05 4.0e+03 0.0e+00  0  0 56 19  0   0  0 87 34  0     0
VecScatterEnd       1911 1.0 2.4428e+00 6.5 0.00e+00 0.0 0.0e+00 0.0e+00 0.0e+00  0  0  0  0  0   0  0  0  0  0     0
VecReduceArith        10 1.0 5.9555e-03 1.1 1.84e+06 1.0 0.0e+00 0.0e+00 0.0e+00  0  0  0  0  0   0  0  0  0  0  4946
VecReduceComm          5 1.0 7.7283e-03 6.5 0.00e+00 0.0 0.0e+00 0.0e+00 5.0e+00  0  0  0  0  0   0  0  0  0  0     0
VecNormalize         924 1.0 1.1736e+00 1.6 1.52e+08 1.0 0.0e+00 0.0e+00 9.2e+02  0  0  0  0 22   0  1  0  0 35  2074
MatMult             1036 1.0 6.3070e+01 1.0 6.87e+09 1.0 1.3e+05 5.2e+03 0.0e+00  9 17 37 16  0  17 30 57 29  0  1707
MatMultAdd           227 1.0 1.0725e+00 1.0 8.48e+07 1.0 1.1e+04 1.3e+03 0.0e+00  0  0  3  0  0   0  0  5  1  0  1265
MatMultTranspose     287 1.0 2.0432e+00 1.5 1.06e+08 1.0 1.4e+04 1.2e+03 0.0e+00  0  0  4  0  0   0  0  6  1  0   830
MatSolve            1236 1.0 5.2511e+01 1.0 6.76e+09 1.0 0.0e+00 0.0e+00 0.0e+00  8 17  0  0  0  14 30  0  0  0  2058
MatLUFactorSym         5 1.0 3.9130e-01 1.0 0.00e+00 0.0 0.0e+00 0.0e+00 5.0e+00  0  0  0  0  0   0  0  0  0  0     0
MatLUFactorNum        31 1.0 5.7122e+01 1.0 5.46e+09 1.0 0.0e+00 0.0e+00 0.0e+00  8 14  0  0  0  15 25  0  0  0  1529
MatCholFctrSym         4 1.0 8.3132e-03 1.0 0.00e+00 0.0 0.0e+00 0.0e+00 0.0e+00  0  0  0  0  0   0  0  0  0  0     0
MatCholFctrNum        56 1.0 2.1885e+01 1.0 2.39e+09 1.0 0.0e+00 0.0e+00 0.0e+00  3  6  0  0  0   6 11  0  0  0  1747
MatICCFactorSym        6 1.0 4.3041e-01 1.0 0.00e+00 0.0 0.0e+00 0.0e+00 0.0e+00  0  0  0  0  0   0  0  0  0  0     0
MatAssemblyBegin     127 1.0 1.8380e+00 3.5 0.00e+00 0.0 1.3e+04 9.3e+04 2.5e+02  0  0  3 28  6   0  0  5 49 10     0
MatAssemblyEnd       127 1.0 1.4899e+00 1.5 0.00e+00 0.0 2.8e+03 2.6e+03 8.8e+01  0  0  1  0  2   0  0  1  0  3     0
MatGetRowIJ           42 1.0 7.2007e-03 1.0 0.00e+00 0.0 0.0e+00 0.0e+00 0.0e+00  0  0  0  0  0   0  0  0  0  0     0
MatGetOrdering        42 1.0 1.0065e-01 1.0 0.00e+00 0.0 0.0e+00 0.0e+00 9.4e+01  0  0  0  0  2   0  0  0  0  4     0
MatZeroEntries        87 1.0 1.2687e-01 1.1 0.00e+00 0.0 0.0e+00 0.0e+00 0.0e+00  0  0  0  0  0   0  0  0  0  0     0
MatGetRedundant       31 1.0 4.4086e-01 1.1 0.00e+00 0.0 9.8e+03 3.8e+04 1.0e+01  0  0  3  9  0   0  0  4 16  0     0
SNESSolve              5 1.0 3.6504e+02 1.0 2.23e+10 1.0 2.3e+05 1.0e+04 2.4e+03 54 56 62 56 55  99100 97100 90   972
SNESLineSearch        31 1.0 4.7946e+01 1.0 2.72e+08 1.0 1.2e+04 4.9e+03 1.2e+02  7  1  3  1  3  13  1  5  2  5    89
SNESFunctionEval      36 1.0 5.4187e+01 1.0 0.00e+00 0.0 9.2e+03 4.5e+03 1.0e+01  8  0  3  1  0  15  0  4  2  0     0
SNESJacobianEval      31 1.0 1.0892e+02 1.0 1.84e+07 1.0 2.6e+04 4.5e+04 2.4e+02 16  0  7 28  5  29  0 11 50  9     3
KSPGMRESOrthog       547 1.0 1.9506e+00 1.7 2.41e+08 1.0 0.0e+00 0.0e+00 5.5e+02  0  1  0  0 13   0  1  0  0 21  1975
KSPSetup             205 1.0 2.8856e-02 1.0 0.00e+00 0.0 0.0e+00 0.0e+00 0.0e+00  0  0  0  0  0   0  0  0  0  0     0
KSPSolve              31 1.0 1.9928e+02 1.0 2.20e+10 1.0 1.9e+05 5.9e+03 2.0e+03 29 55 52 26 46  54 99 80 46 74  1756
PCSetUp               87 1.0 8.0413e+01 1.0 7.85e+09 1.0 1.3e+04 3.0e+04 1.7e+02 12 20  3  9  4  22 35  5 16  7  1562
PCSetUpOnBlocks      454 1.0 2.2402e+01 1.0 2.39e+09 1.0 0.0e+00 0.0e+00 7.8e+01  3  6  0  0  2   6 11  0  0  3  1707
PCApply               93 1.0 1.2958e+02 1.0 1.52e+10 1.0 1.6e+05 3.8e+03 1.7e+03 19 38 45 15 39  35 68 70 26 64  1858

--- Event Stage 2: Fine-1 solve

VecDot                 5 1.0 9.0439e-03 6.3 5.12e+05 1.0 0.0e+00 0.0e+00 5.0e+00  0  0  0  0  0   0  0  0  0  1   906
VecMDot              133 1.0 1.8447e-01 2.5 1.01e+07 1.0 0.0e+00 0.0e+00 1.3e+02  0  0  0  0  3   0  0  0  0 25   876
VecNorm              319 1.0 1.7175e-01 2.2 1.46e+07 1.0 0.0e+00 0.0e+00 3.2e+02  0  0  0  0  7   0  1  0  0 59  1364
VecScale             252 1.0 2.6421e-02 1.0 5.69e+06 1.0 0.0e+00 0.0e+00 0.0e+00  0  0  0  0  0   0  0  0  0  0  3448
VecCopy              134 1.0 1.6520e-02 1.0 0.00e+00 0.0 0.0e+00 0.0e+00 0.0e+00  0  0  0  0  0   0  0  0  0  0     0
VecSet              1416 1.0 3.6259e-02 1.1 0.00e+00 0.0 0.0e+00 0.0e+00 0.0e+00  0  0  0  0  0   0  0  0  0  0     0
VecAXPY              176 1.0 2.8528e-02 1.1 7.21e+06 1.0 0.0e+00 0.0e+00 0.0e+00  0  0  0  0  0   0  0  0  0  0  4044
VecAYPX               57 1.0 2.2337e-02 1.1 1.12e+06 1.0 0.0e+00 0.0e+00 0.0e+00  0  0  0  0  0   0  0  0  0  0   800
VecWAXPY               5 1.0 6.2144e-03 1.1 2.56e+05 1.0 0.0e+00 0.0e+00 0.0e+00  0  0  0  0  0   0  0  0  0  0   659
VecMAXPY             252 1.0 6.5833e-02 1.0 1.65e+07 1.0 0.0e+00 0.0e+00 0.0e+00  0  0  0  0  0   0  1  0  0  0  4012
VecPointwiseMult      15 1.0 8.8811e-04 1.1 3.84e+04 1.0 0.0e+00 0.0e+00 0.0e+00  0  0  0  0  0   0  0  0  0  0   692
VecScatterBegin      451 1.0 5.4885e-02 1.0 0.00e+00 0.0 4.7e+04 2.7e+03 0.0e+00  0  0 13  3  0   0  0 92 33  0     0
VecScatterEnd        451 1.0 3.7940e-01 6.4 0.00e+00 0.0 0.0e+00 0.0e+00 0.0e+00  0  0  0  0  0   1  0  0  0  0     0
VecReduceArith         2 1.0 6.7401e-04 1.1 2.05e+05 1.0 0.0e+00 0.0e+00 0.0e+00  0  0  0  0  0   0  0  0  0  0  4862
VecReduceComm          1 1.0 1.8849e-0352.4 0.00e+00 0.0 0.0e+00 0.0e+00 1.0e+00  0  0  0  0  0   0  0  0  0  0     0
VecNormalize         228 1.0 1.6569e-01 2.4 1.34e+07 1.0 0.0e+00 0.0e+00 2.3e+02  0  0  0  0  5   0  1  0  0 42  1294
MatMult              252 1.0 5.4112e+00 1.0 6.08e+08 1.1 3.2e+04 3.3e+03 0.0e+00  1  1  9  3  0  13 24 63 27  0  1736
MatMultAdd            57 1.0 9.8216e-02 1.0 7.42e+06 1.0 2.7e+03 7.8e+02 0.0e+00  0  0  1  0  0   0  0  5  1  0  1209
MatMultTranspose      72 1.0 2.5797e-01 2.0 9.37e+06 1.0 3.5e+03 7.8e+02 0.0e+00  0  0  1  0  0   0  0  7  1  0   581
MatSolve             304 1.0 4.5063e+00 1.0 6.09e+08 1.0 0.0e+00 0.0e+00 0.0e+00  1  2  0  0  0  11 25  0  0  0  2163
MatLUFactorNum         5 1.0 9.2222e+00 1.0 8.81e+08 1.0 0.0e+00 0.0e+00 0.0e+00  1  2  0  0  0  23 36  0  0  0  1528
MatCholFctrNum        15 1.0 2.5257e+00 1.0 2.79e+08 1.0 0.0e+00 0.0e+00 0.0e+00  0  1  0  0  0   6 11  0  0  0  1770
MatAssemblyBegin      25 1.0 2.8486e-01 4.8 0.00e+00 0.0 2.9e+03 7.2e+04 5.5e+01  0  0  1  5  1   0  0  6 53 10     0
MatAssemblyEnd        25 1.0 2.2241e-01 2.0 0.00e+00 0.0 0.0e+00 0.0e+00 0.0e+00  0  0  0  0  0   0  0  0  0  0     0
MatGetRowIJ           10 1.0 4.9114e-05 1.1 0.00e+00 0.0 0.0e+00 0.0e+00 0.0e+00  0  0  0  0  0   0  0  0  0  0     0
MatGetOrdering        10 1.0 8.1770e-03 1.0 0.00e+00 0.0 0.0e+00 0.0e+00 2.0e+01  0  0  0  0  0   0  0  0  0  4     0
MatZeroEntries        20 1.0 1.3981e-02 1.1 0.00e+00 0.0 0.0e+00 0.0e+00 0.0e+00  0  0  0  0  0   0  0  0  0  0     0
MatGetRedundant        5 1.0 7.0079e-02 1.0 0.00e+00 0.0 1.2e+03 4.7e+04 0.0e+00  0  0  0  1  0   0  0  2 14  0     0
SNESSolve              1 1.0 3.9917e+01 1.0 2.45e+09 1.0 5.1e+04 7.7e+03 5.4e+02  6  6 14  9 13 100100100100100   974
SNESLineSearch         5 1.0 5.1295e+00 1.0 2.94e+07 1.1 1.9e+03 5.5e+03 2.0e+01  1  0  1  0  0  13  1  4  3  4    89
SNESFunctionEval       6 1.0 5.8276e+00 1.0 0.00e+00 0.0 1.5e+03 5.0e+03 0.0e+00  1  0  0  0  0  15  0  3  2  0     0
SNESJacobianEval       5 1.0 1.1738e+01 1.0 1.99e+06 1.0 6.2e+03 3.5e+04 5.5e+01  2  0  2  5  1  29  0 12 54 10     3
KSPGMRESOrthog       133 1.0 2.3132e-01 1.9 2.02e+07 1.0 0.0e+00 0.0e+00 1.3e+02  0  0  0  0  3   0  1  0  0 25  1397
KSPSetup              45 1.0 1.9932e-04 1.1 0.00e+00 0.0 0.0e+00 0.0e+00 0.0e+00  0  0  0  0  0   0  0  0  0  0     0
KSPSolve               5 1.0 2.2072e+01 1.0 2.42e+09 1.0 4.3e+04 3.9e+03 4.6e+02  3  6 12  4 11  55 99 84 43 85  1739
PCSetUp               20 1.0 1.1821e+01 1.0 1.16e+09 1.0 1.2e+03 4.7e+04 2.0e+01  2  3  0  1  0  30 48  2 14  4  1570
PCSetUpOnBlocks      114 1.0 2.5356e+00 1.0 2.79e+08 1.0 0.0e+00 0.0e+00 2.0e+01  0  1  0  0  0   6 11  0  0  4  1763
PCApply               19 1.0 1.1815e+01 1.0 1.42e+09 1.0 3.9e+04 2.4e+03 4.2e+02  2  4 11  2 10  30 58 77 24 78  1896

--- Event Stage 3: Fine-only solve

VecDot                 5 1.0 4.3959e-02 4.4 4.01e+06 1.0 0.0e+00 0.0e+00 5.0e+00  0  0  0  0  0   0  0  0  0  1  1461
VecMDot              216 1.0 1.2106e+00 1.9 1.06e+08 1.0 0.0e+00 0.0e+00 2.2e+02  0  0  0  0  5   0  1  0  0 26  1401
VecNorm              519 1.0 8.5432e-01 1.7 1.42e+08 1.0 0.0e+00 0.0e+00 5.2e+02  0  0  0  0 12   0  1  0  0 61  2655
VecScale             413 1.0 2.3461e-01 1.0 5.58e+07 1.0 0.0e+00 0.0e+00 0.0e+00  0  0  0  0  0   0  0  0  0  0  3807
VecCopy              212 1.0 1.3932e-01 1.0 0.00e+00 0.0 0.0e+00 0.0e+00 0.0e+00  0  0  0  0  0   0  0  0  0  0     0
VecSet              2309 1.0 2.8045e-01 1.1 0.00e+00 0.0 0.0e+00 0.0e+00 0.0e+00  0  0  0  0  0   0  0  0  0  0     0
VecAXPY              293 1.0 2.0271e-01 1.1 7.03e+07 1.0 0.0e+00 0.0e+00 0.0e+00  0  0  0  0  0   0  0  0  0  0  5547
VecAYPX               96 1.0 1.9980e-01 1.0 1.10e+07 1.0 0.0e+00 0.0e+00 0.0e+00  0  0  0  0  0   0  0  0  0  0   884
VecWAXPY               5 1.0 4.3739e-02 1.0 2.01e+06 1.0 0.0e+00 0.0e+00 0.0e+00  0  0  0  0  0   0  0  0  0  0   734
VecMAXPY             413 1.0 5.6323e-01 1.0 1.69e+08 1.0 0.0e+00 0.0e+00 0.0e+00  0  0  0  0  0   0  1  0  0  0  4813
VecPointwiseMult      20 1.0 6.1097e-03 1.1 2.94e+05 1.0 0.0e+00 0.0e+00 0.0e+00  0  0  0  0  0   0  0  0  0  0   771
VecScatterBegin      710 1.0 2.2524e-01 1.0 0.00e+00 0.0 7.4e+04 8.0e+03 0.0e+00  0  0 20 14  0   0  0 94 40  0     0
VecScatterEnd        710 1.0 1.8649e+00 8.9 0.00e+00 0.0 0.0e+00 0.0e+00 0.0e+00  0  0  0  0  0   0  0  0  0  0     0
VecReduceArith         2 1.0 5.1253e-03 1.1 1.61e+06 1.0 0.0e+00 0.0e+00 0.0e+00  0  0  0  0  0   0  0  0  0  0  5012
VecReduceComm          1 1.0 3.4480e-0393.3 0.00e+00 0.0 0.0e+00 0.0e+00 1.0e+00  0  0  0  0  0   0  0  0  0  0     0
VecNormalize         384 1.0 8.5976e-01 1.7 1.33e+08 1.0 0.0e+00 0.0e+00 3.8e+02  0  0  0  0  9   0  1  0  0 45  2466
MatMult              413 1.0 5.5081e+01 1.0 5.98e+09 1.0 5.3e+04 9.8e+03 0.0e+00  8 15 15 12  0  20 39 67 35  0  1706
MatMultAdd            96 1.0 9.2481e-01 1.0 7.40e+07 1.0 4.6e+03 2.2e+03 0.0e+00  0  0  1  0  0   0  0  6  1  0  1280
MatMultTranspose     116 1.0 1.7028e+00 1.5 8.94e+07 1.0 5.6e+03 2.2e+03 0.0e+00  0  0  2  0  0   1  1  7  1  0   840
MatSolve             504 1.0 4.5272e+01 1.0 5.75e+09 1.0 0.0e+00 0.0e+00 0.0e+00  7 14  0  0  0  17 38  0  0  0  2031
MatLUFactorNum         5 1.0 9.2236e+00 1.0 8.81e+08 1.0 0.0e+00 0.0e+00 0.0e+00  1  2  0  0  0   3  6  0  0  0  1528
MatCholFctrNum        20 1.0 1.7375e+01 1.0 1.88e+09 1.0 0.0e+00 0.0e+00 0.0e+00  3  5  0  0  0   6 12  0  0  0  1727
MatAssemblyBegin      30 1.0 1.1368e+00 3.5 0.00e+00 0.0 3.6e+03 2.3e+05 7.0e+01  0  0  1 20  2   0  0  5 56  8     0
MatAssemblyEnd        30 1.0 9.3173e-01 1.9 0.00e+00 0.0 0.0e+00 0.0e+00 0.0e+00  0  0  0  0  0   0  0  0  0  0     0
MatGetRowIJ           15 1.0 7.4148e-05 1.1 0.00e+00 0.0 0.0e+00 0.0e+00 0.0e+00  0  0  0  0  0   0  0  0  0  0     0
MatGetOrdering        15 1.0 5.9683e-02 1.0 0.00e+00 0.0 0.0e+00 0.0e+00 3.0e+01  0  0  0  0  1   0  0  0  0  4     0
MatZeroEntries        25 1.0 1.0719e-01 1.0 0.00e+00 0.0 0.0e+00 0.0e+00 0.0e+00  0  0  0  0  0   0  0  0  0  0     0
MatGetRedundant        5 1.0 7.0173e-02 1.1 0.00e+00 0.0 1.2e+03 4.7e+04 0.0e+00  0  0  0  1  0   0  0  2  4  0     0
SNESSolve              1 1.0 2.7087e+02 1.0 1.52e+10 1.0 7.8e+04 1.9e+04 8.5e+02 40 38 22 35 20 100100100100100   892
SNESLineSearch         5 1.0 4.0870e+01 1.0 2.31e+08 1.0 1.9e+03 2.1e+04 2.0e+01  6  1  1  1  0  15  2  2  3  2    89
SNESFunctionEval       6 1.0 4.6397e+01 1.0 0.00e+00 0.0 1.5e+03 1.9e+04 0.0e+00  7  0  0  1  0  17  0  2  2  0     0
SNESJacobianEval       5 1.0 9.2623e+01 1.0 1.57e+07 1.0 7.8e+03 1.1e+05 7.0e+01 14  0  2 20  2  34  0 10 58  8     3
KSPGMRESOrthog       216 1.0 1.5816e+00 1.6 2.12e+08 1.0 0.0e+00 0.0e+00 2.2e+02  0  1  0  0  5   0  1  0  0 26  2145
KSPSetup              55 1.0 2.4199e-04 1.1 0.00e+00 0.0 0.0e+00 0.0e+00 0.0e+00  0  0  0  0  0   0  0  0  0  0     0
KSPSolve               5 1.0 1.2961e+02 1.0 1.50e+10 1.0 6.8e+04 8.5e+03 7.5e+02 19 37 19 14 18  48 98 87 39 89  1834
PCSetUp               25 1.0 2.6723e+01 1.0 2.76e+09 1.0 1.2e+03 4.7e+04 3.0e+01  4  7  0  1  1  10 18  2  4  4  1650
PCSetUpOnBlocks      192 1.0 1.7437e+01 1.0 1.88e+09 1.0 0.0e+00 0.0e+00 3.0e+01  3  5  0  0  1   6 12  0  0  4  1721
PCApply               24 1.0 1.1010e+02 1.0 1.29e+10 1.0 6.4e+04 7.0e+03 7.0e+02 16 32 18 11 16  41 85 82 30 83  1857
------------------------------------------------------------------------------------------------------------------------

Memory usage is given in bytes:

Object Type          Creations   Destructions     Memory  Descendants' Mem.
Reports information only for process 0.

--- Event Stage 0: Main Stage

           Container     0              5         1500     0
 Toy Hydrostatic Ice     0              1          500     0
   Distributed array     0             10      2075624     0
                 Vec     0            316    179204584     0
         Vec Scatter     0             47        28388     0
           Index Set     0             25      1186900     0
   IS L to G Mapping     0             20      3070512     0
              Matrix     0             59    244698812     0
                SNES     0              5         3740     0
       Krylov Solver     0             35       275224     0
      Preconditioner     0             35        18044     0
              Viewer     0              1          400     0

--- Event Stage 1: Full solve

           Container     5              0            0     0
 Toy Hydrostatic Ice     1              0            0     0
   Distributed array    10              0            0     0
                 Vec   395             79      7999204     0
         Vec Scatter    47              0            0     0
           Index Set   193            168     12264508     0
   IS L to G Mapping    20              0            0     0
              Matrix    59              0            0     0
                SNES     5              0            0     0
       Krylov Solver    35              0            0     0
      Preconditioner    35              0            0     0
              Viewer     1              0            0     0

--- Event Stage 2: Fine-1 solve

                 Vec     5              5         9340     0
           Index Set    20             20      1164560     0

--- Event Stage 3: Fine-only solve

                 Vec     5              5         9340     0
           Index Set    30             30      9196440     0
========================================================================================================================
Average time to get PetscTime(): 3.50475e-06
Average time for MPI_Barrier(): 2.19345e-06
Average time for zero size MPI_Send(): 1.14888e-05
#PETSc Option Table entries:
-M 16
-P 4
-dmmg_form_function_ghost 1
-dmmg_grid_sequence 1
-ksp_converged_reason
-ksp_monitor
-ksp_rtol 1e-2
-log_summary
-mg_levels_1_sub_pc_type cholesky
-pc_mg_type multiplicative
-repeat_fine_solve 1
-snes_converged_reason
-snes_monitor
-thi_L 80e3
-thi_friction_m 0.3
-thi_hom z
-thi_nlevels 5
#End of PETSc Option Table entries
Compiled with FORTRAN kernels
Compiled with full precision matrices (default)
sizeof(short) 2 sizeof(int) 4 sizeof(long) 4 sizeof(void*) 4 sizeof(PetscScalar) 8
Configure run at: Wed Sep 15 06:55:31 2010
Configure options: --with-x=0 --with-is-color-value-type=short --with-debugging=1 --with-fortran-kernels=1 --with-mpi-dir=/bgsys/drivers/ppcfloor/comm --with-batch=1 --known-mpi-shared-libraries=1 --known-memcmp-ok --known-sizeof-char=1 --known-sizeof-void-p=4 --known-sizeof-short=2 --known-sizeof-int=4 --known-sizeof-long=4 --known-sizeof-size_t=4 --known-sizeof-long-long=8 --known-sizeof-float=4 --known-sizeof-double=8 --known-bits-per-byte=8 --known-sizeof-MPI_Comm=4 --known-sizeof-MPI_Fint=4 --known-mpi-long-double=1 --known-level1-dcache-assoc=0 --known-level1-dcache-linesize=32 --known-level1-dcache-size=32768 --with-shared=0 --prefix=/opt/share/ksl/petsc/dev-aug30/ppc450d-bgp_xlc_fast --with-clanguage=c --cflags="   -O3" --cxxflags="   -O3" --fflags="   -O3" --FCFLAGS= --LIBS=" -L/bgsys/ibm_essl/sles10/prod/opt/ibmmath/lib -L/opt/ibmcmp/xlsmp/bg/1.7/lib -L/opt/ibmcmp/xlmass/bg/4.4/bglib -L/opt/ibmcmp/xlf/bg/11.1/bglib   -lesslbg  -lxlf90_r -lxlopt -lxlsmp -lxl -lxlfmath -O3" --CC=/bgsys/drivers/ppcfloor/comm/xl/bin/mpixlc_r --CXX=/bgsys/drivers/ppcfloor/comm/xl/bin/mpixlcxx_r --FC=/bgsys/drivers/ppcfloor/comm/xl/bin/mpixlf90_r --with-debugging=0 PETSC_ARCH=bgp-xlc-fast
-----------------------------------------
Libraries compiled on Wed Sep 15 06:55:31 2010 on fen1 
Machine characteristics: Linux-2.6.16.60-0.66.1-ppc64-ppc64-with-SuSE-10-ppc
Using PETSc directory: /scratch/aron/sandbox/process/installs/builddir_ppc64/petsc-dev-aug30-bgp_xlc_fast/petsc-dev-16784
Using PETSc arch: bgp-xlc-fast
-----------------------------------------

Using C compiler: /bgsys/drivers/ppcfloor/comm/xl/bin/mpixlc_r  -O  ${COPTFLAGS} ${CFLAGS}
Using Fortran compiler: /bgsys/drivers/ppcfloor/comm/xl/bin/mpixlf90_r  -O   ${FOPTFLAGS} ${FFLAGS} 
-----------------------------------------

Using include paths: -I/scratch/aron/sandbox/process/installs/builddir_ppc64/petsc-dev-aug30-bgp_xlc_fast/petsc-dev-16784/bgp-xlc-fast/include -I/scratch/aron/sandbox/process/installs/builddir_ppc64/petsc-dev-aug30-bgp_xlc_fast/petsc-dev-16784/include -I/bgsys/drivers/ppcfloor/comm/include
-----------------------------------------

Using C linker: /bgsys/drivers/ppcfloor/comm/xl/bin/mpixlc_r
Using Fortran linker: /bgsys/drivers/ppcfloor/comm/xl/bin/mpixlf90_r
Using libraries: -Wl,-rpath,/scratch/aron/sandbox/process/installs/builddir_ppc64/petsc-dev-aug30-bgp_xlc_fast/petsc-dev-16784/bgp-xlc-fast/lib -L/scratch/aron/sandbox/process/installs/builddir_ppc64/petsc-dev-aug30-bgp_xlc_fast/petsc-dev-16784/bgp-xlc-fast/lib -lpetscts -lpetscsnes -lpetscksp -lpetscdm -lpetscmat -lpetscvec -lpetscsys -lnsl -lrt -L/bgsys/ibm_essl/sles10/prod/opt/ibmmath/lib -L/opt/ibmcmp/xlsmp/bg/1.7/lib -L/opt/ibmcmp/xlmass/bg/4.4/bglib -L/opt/ibmcmp/xlf/bg/11.1/bglib -L/bgsys/drivers/V1R4M2_200_2010-100508P/ppc/comm/xl/lib -L/bgsys/drivers/V1R4M2_200_2010-100508P/ppc/comm/sys/lib -L/bgsys/drivers/V1R4M2_200_2010-100508P/ppc/runtime/SPI -L/opt/ibmcmp/xlsmp/bg/1.7/bglib -L/opt/ibmcmp/vac/bg/9.0/bglib -L/opt/ibmcmp/vacpp/bg/9.0/bglib -L/bgsys/drivers/ppcfloor/gnu-linux/lib/gcc/powerpc-bgp-linux/4.1.2 -L/bgsys/drivers/ppcfloor/gnu-linux/powerpc-bgp-linux/lib -Wl,-rpath,/opt/ibmcmp/lib/bg/bglib -ldl -lesslbg -lxlf90_r -lxlopt -lxlsmp -lxl -lxlfmath -lpmpich.cnk -lmpich.cnk -lopa -Wl,-rpath,/bgsys/drivers/V1R4M2_200_2010-100508P/ppc/comm/sys/lib -ldcmf.cnk -ldcmfcoll.cnk -lpthread -Wl,-rpath,/bgsys/drivers/V1R4M2_200_2010-100508P/ppc/runtime/SPI -lSPI.cna -lrt -lgcc_eh -lxlomp_ser -lm -ldl -lesslbg -lxlf90_r -lxlopt -lxlsmp -lxl -lxlfmath -lpmpich.cnk -lmpich.cnk -lopa -ldcmf.cnk -ldcmfcoll.cnk -lpthread -lSPI.cna -lrt -lgcc_eh -ldl -lesslbg -lxlf90_r -lxlopt -lxlsmp -lxl -lxlfmath -O3 
-----------------------------------------

