Level 0 domain size (m)    8e+04 x    8e+04 x    1e+03, num elements  32 x  32 x   4 (    4096), size (m) 2500 x 2500 x 333.333
Level 1 domain size (m)    8e+04 x    8e+04 x    1e+03, num elements  64 x  64 x   7 (   28672), size (m) 1250 x 1250 x 166.667
Level 2 domain size (m)    8e+04 x    8e+04 x    1e+03, num elements 128 x 128 x  13 (  212992), size (m) 625 x 625 x 83.3333
Level 3 domain size (m)    8e+04 x    8e+04 x    1e+03, num elements 256 x 256 x  25 ( 1638400), size (m) 312.5 x 312.5 x 41.6667
Level 4 domain size (m)    8e+04 x    8e+04 x    1e+03, num elements 512 x 512 x  49 (12845056), size (m) 156.25 x 156.25 x 20.8333
          0 SNES Function norm 9.474957067903e+02 
Linear solve converged due to CONVERGED_ITS iterations 1
          1 SNES Function norm 8.805826102181e+02 
Linear solve converged due to CONVERGED_ITS iterations 1
          2 SNES Function norm 7.345585944548e+02 
Linear solve converged due to CONVERGED_ITS iterations 1
          3 SNES Function norm 5.330294830563e+02 
Linear solve converged due to CONVERGED_ITS iterations 1
          4 SNES Function norm 2.881865829915e+02 
Linear solve converged due to CONVERGED_ITS iterations 1
          5 SNES Function norm 7.699210085814e+01 
Linear solve converged due to CONVERGED_ITS iterations 1
          6 SNES Function norm 4.571010551253e+00 
Linear solve converged due to CONVERGED_ITS iterations 1
          7 SNES Function norm 1.481750413341e-02 
Linear solve converged due to CONVERGED_ITS iterations 1
          8 SNES Function norm 1.634425175612e-07 
Nonlinear solve converged due to CONVERGED_FNORM_RELATIVE
        0 SNES Function norm 3.441216820259e+02 
          0 KSP Residual norm 3.441216820259e+02 
          1 KSP Residual norm 4.972761669127e+00 
          2 KSP Residual norm 2.745741479913e-01 
Linear solve converged due to CONVERGED_RTOL iterations 2
        1 SNES Function norm 2.522404969551e+01 
          0 KSP Residual norm 2.522404969551e+01 
          1 KSP Residual norm 2.245393105860e+00 
          2 KSP Residual norm 2.942942107580e-01 
          3 KSP Residual norm 6.562441947249e-02 
Linear solve converged due to CONVERGED_RTOL iterations 3
        2 SNES Function norm 6.238951547161e+00 
          0 KSP Residual norm 6.238951547161e+00 
          1 KSP Residual norm 5.337174939672e-01 
          2 KSP Residual norm 8.432740396477e-02 
          3 KSP Residual norm 1.774921066884e-02 
Linear solve converged due to CONVERGED_RTOL iterations 3
        3 SNES Function norm 3.519869055559e+00 
          0 KSP Residual norm 3.519869055559e+00 
          1 KSP Residual norm 2.635292177087e-01 
          2 KSP Residual norm 4.676499676960e-02 
          3 KSP Residual norm 1.042463352127e-02 
Linear solve converged due to CONVERGED_RTOL iterations 3
        4 SNES Function norm 1.728991499708e+00 
          0 KSP Residual norm 1.728991499708e+00 
          1 KSP Residual norm 1.720663189567e-01 
          2 KSP Residual norm 3.968291653395e-02 
          3 KSP Residual norm 7.710989461763e-03 
Linear solve converged due to CONVERGED_RTOL iterations 3
        5 SNES Function norm 2.597601124639e-01 
          0 KSP Residual norm 2.597601124639e-01 
          1 KSP Residual norm 2.233200864218e-02 
          2 KSP Residual norm 3.718951817067e-03 
          3 KSP Residual norm 8.489036090067e-04 
Linear solve converged due to CONVERGED_RTOL iterations 3
        6 SNES Function norm 1.277315087958e-02 
          0 KSP Residual norm 1.277315087958e-02 
          1 KSP Residual norm 9.250217275460e-04 
          2 KSP Residual norm 1.505426086466e-04 
          3 KSP Residual norm 4.070091325799e-05 
Linear solve converged due to CONVERGED_RTOL iterations 3
        7 SNES Function norm 5.552964603367e-05 
          0 KSP Residual norm 5.552964603367e-05 
          1 KSP Residual norm 1.297394462366e-05 
          2 KSP Residual norm 3.773027256770e-06 
          3 KSP Residual norm 4.516875111486e-07 
Linear solve converged due to CONVERGED_RTOL iterations 3
        8 SNES Function norm 4.517052831658e-07 
Nonlinear solve converged due to CONVERGED_FNORM_RELATIVE
      0 SNES Function norm 1.243736279890e+02 
        0 KSP Residual norm 1.243736279890e+02 
        1 KSP Residual norm 2.411644440536e+00 
        2 KSP Residual norm 1.026153961985e-01 
Linear solve converged due to CONVERGED_RTOL iterations 2
      1 SNES Function norm 2.739084902895e+00 
        0 KSP Residual norm 2.739084902895e+00 
        1 KSP Residual norm 3.346681248574e-01 
        2 KSP Residual norm 3.983181373707e-02 
        3 KSP Residual norm 1.048027256053e-02 
Linear solve converged due to CONVERGED_RTOL iterations 3
      2 SNES Function norm 5.769576902246e-01 
        0 KSP Residual norm 5.769576902246e-01 
        1 KSP Residual norm 3.600506756589e-02 
        2 KSP Residual norm 5.098101536524e-03 
Linear solve converged due to CONVERGED_RTOL iterations 2
      3 SNES Function norm 3.688829027449e-01 
        0 KSP Residual norm 3.688829027449e-01 
        1 KSP Residual norm 2.332455368870e-02 
        2 KSP Residual norm 2.563579409246e-03 
Linear solve converged due to CONVERGED_RTOL iterations 2
      4 SNES Function norm 2.388041125140e-02 
        0 KSP Residual norm 2.388041125140e-02 
        1 KSP Residual norm 2.617180246914e-03 
        2 KSP Residual norm 4.959590356345e-04 
        3 KSP Residual norm 1.282573803667e-04 
Linear solve converged due to CONVERGED_RTOL iterations 3
      5 SNES Function norm 5.706757751395e-04 
        0 KSP Residual norm 5.706757751395e-04 
        1 KSP Residual norm 7.463864394272e-05 
        2 KSP Residual norm 2.325533927851e-05 
        3 KSP Residual norm 9.062527325362e-06 
        4 KSP Residual norm 3.408371126638e-06 
Linear solve converged due to CONVERGED_RTOL iterations 4
      6 SNES Function norm 3.419049726762e-06 
        0 KSP Residual norm 3.419049726762e-06 
        1 KSP Residual norm 1.518956038471e-06 
        2 KSP Residual norm 5.426151977325e-07 
        3 KSP Residual norm 1.651349457698e-07 
        4 KSP Residual norm 4.209695590371e-08 
        5 KSP Residual norm 6.577928980431e-09 
Linear solve converged due to CONVERGED_RTOL iterations 5
      7 SNES Function norm 6.577998516869e-09 
Nonlinear solve converged due to CONVERGED_FNORM_RELATIVE
    0 SNES Function norm 4.444819387251e+01 
      0 KSP Residual norm 4.444819387251e+01 
      1 KSP Residual norm 6.468726939470e-01 
      2 KSP Residual norm 3.376463921498e-02 
Linear solve converged due to CONVERGED_RTOL iterations 2
    1 SNES Function norm 2.859172509920e-01 
      0 KSP Residual norm 2.859172509920e-01 
      1 KSP Residual norm 4.456540562533e-02 
      2 KSP Residual norm 8.132741429084e-03 
      3 KSP Residual norm 1.576245709871e-03 
Linear solve converged due to CONVERGED_RTOL iterations 3
    2 SNES Function norm 2.238221537259e-02 
      0 KSP Residual norm 2.238221537259e-02 
      1 KSP Residual norm 2.215900203176e-03 
      2 KSP Residual norm 4.291379476810e-04 
      3 KSP Residual norm 1.598091561294e-04 
Linear solve converged due to CONVERGED_RTOL iterations 3
    3 SNES Function norm 9.735833612083e-04 
      0 KSP Residual norm 9.735833612083e-04 
      1 KSP Residual norm 1.084036155225e-04 
      2 KSP Residual norm 5.429943730153e-05 
      3 KSP Residual norm 1.628282167824e-05 
      4 KSP Residual norm 4.767892500498e-06 
Linear solve converged due to CONVERGED_RTOL iterations 4
    4 SNES Function norm 5.504739976666e-06 
      0 KSP Residual norm 5.504739976666e-06 
      1 KSP Residual norm 2.507557808093e-06 
      2 KSP Residual norm 6.459328897704e-07 
      3 KSP Residual norm 2.689655072358e-07 
      4 KSP Residual norm 8.050090436319e-08 
      5 KSP Residual norm 2.366536684468e-08 
Linear solve converged due to CONVERGED_RTOL iterations 5
    5 SNES Function norm 2.366484287128e-08 
Nonlinear solve converged due to CONVERGED_FNORM_RELATIVE
  0 SNES Function norm 1.579842131407e+01 
    0 KSP Residual norm 1.579842131407e+01 
    1 KSP Residual norm 1.538865497598e-01 
Linear solve converged due to CONVERGED_RTOL iterations 1
  1 SNES Function norm 1.577327055344e-01 
    0 KSP Residual norm 1.577327055344e-01 
    1 KSP Residual norm 1.461188715838e-02 
    2 KSP Residual norm 2.634000504696e-03 
    3 KSP Residual norm 6.778957413247e-04 
Linear solve converged due to CONVERGED_RTOL iterations 3
  2 SNES Function norm 1.589191530059e-03 
    0 KSP Residual norm 1.589191530059e-03 
    1 KSP Residual norm 3.068821799749e-04 
    2 KSP Residual norm 1.220908256900e-04 
    3 KSP Residual norm 4.336111689739e-05 
    4 KSP Residual norm 1.682332912243e-05 
    5 KSP Residual norm 7.004016850753e-06 
Linear solve converged due to CONVERGED_RTOL iterations 5
  3 SNES Function norm 1.721665847995e-05 
    0 KSP Residual norm 1.721665847995e-05 
    1 KSP Residual norm 4.281989165886e-06 
    2 KSP Residual norm 2.076428760853e-06 
    3 KSP Residual norm 7.249798120380e-07 
    4 KSP Residual norm 2.802947462865e-07 
    5 KSP Residual norm 9.887985311283e-08 
Linear solve converged due to CONVERGED_RTOL iterations 5
  4 SNES Function norm 9.880782941227e-08 
Nonlinear solve converged due to CONVERGED_FNORM_RELATIVE
Solution statistics after solve: Full
CONVERGED_FNORM_RELATIVE: Number of Newton iterations = 4, total linear iterations = 14
|X|_2 305483   u in [6.21732, 195.742]   v in [-4.65804, 5.18416]   c in [6.21737, 195.743] 
Surface statistics: u in [8.286111e+00, 1.957420e+02] mean 7.833665e+01
Global eta range   [2.65296e+10, 9.2273e+12], converged range [2.65433e+10, 7.13265e+12]
Global beta2 range [5.65013e+09, 2.08892e+13], converged range [5.65026e+09, 6.30928e+09]

    0 SNES Function norm 2.066374757939e+01 
      0 KSP Residual norm 2.066374757939e+01 
      1 KSP Residual norm 2.973939151099e-01 
      2 KSP Residual norm 9.289326337267e-03 
Linear solve converged due to CONVERGED_RTOL iterations 2
    1 SNES Function norm 1.226362162983e+00 
      0 KSP Residual norm 1.226362162983e+00 
      1 KSP Residual norm 2.050153184402e-02 
      2 KSP Residual norm 8.447400524573e-04 
Linear solve converged due to CONVERGED_RTOL iterations 2
    2 SNES Function norm 5.015543132982e-03 
      0 KSP Residual norm 5.015543132982e-03 
      1 KSP Residual norm 2.167989770030e-04 
      2 KSP Residual norm 6.204690542694e-05 
      3 KSP Residual norm 1.808669166321e-05 
Linear solve converged due to CONVERGED_RTOL iterations 3
    3 SNES Function norm 1.809845230663e-05 
      0 KSP Residual norm 1.809845230663e-05 
      1 KSP Residual norm 7.322916522575e-06 
      2 KSP Residual norm 2.133700542556e-06 
      3 KSP Residual norm 6.125559725980e-07 
      4 KSP Residual norm 2.200031869372e-07 
      5 KSP Residual norm 7.144012639542e-08 
Linear solve converged due to CONVERGED_RTOL iterations 5
    4 SNES Function norm 7.141974071473e-08 
Nonlinear solve converged due to CONVERGED_FNORM_RELATIVE
Solution statistics after solve: Fine-1
CONVERGED_FNORM_RELATIVE: Number of Newton iterations = 4, total linear iterations = 12
|X|_2 108853   u in [6.21734, 195.685]   v in [-4.6564, 5.18231]   c in [6.21739, 195.686] 
Surface statistics: u in [8.285205e+00, 1.956854e+02] mean 7.831558e+01
Global eta range   [2.65296e+10, 9.2273e+12], converged range [2.71094e+10, 4.92155e+12]
Global beta2 range [5.59343e+09, 2.08892e+13], converged range [5.65055e+09, 6.29522e+09]

  0 SNES Function norm 1.579842131407e+01 
    0 KSP Residual norm 1.579842131407e+01 
    1 KSP Residual norm 1.538865496981e-01 
Linear solve converged due to CONVERGED_RTOL iterations 1
  1 SNES Function norm 1.577327054607e-01 
    0 KSP Residual norm 1.577327054607e-01 
    1 KSP Residual norm 1.461188721574e-02 
    2 KSP Residual norm 2.634000396400e-03 
    3 KSP Residual norm 6.778957259402e-04 
Linear solve converged due to CONVERGED_RTOL iterations 3
  2 SNES Function norm 1.589191634278e-03 
    0 KSP Residual norm 1.589191634278e-03 
    1 KSP Residual norm 3.068821416919e-04 
    2 KSP Residual norm 1.220908438049e-04 
    3 KSP Residual norm 4.336112342788e-05 
    4 KSP Residual norm 1.682332637900e-05 
    5 KSP Residual norm 7.004014891112e-06 
Linear solve converged due to CONVERGED_RTOL iterations 5
  3 SNES Function norm 1.721665695142e-05 
    0 KSP Residual norm 1.721665695142e-05 
    1 KSP Residual norm 4.281987806994e-06 
    2 KSP Residual norm 2.076428226594e-06 
    3 KSP Residual norm 7.249795617989e-07 
    4 KSP Residual norm 2.802946167173e-07 
    5 KSP Residual norm 9.887977691984e-08 
Linear solve converged due to CONVERGED_RTOL iterations 5
  4 SNES Function norm 9.880781606372e-08 
Nonlinear solve converged due to CONVERGED_FNORM_RELATIVE
Solution statistics after solve: Fine
CONVERGED_FNORM_RELATIVE: Number of Newton iterations = 4, total linear iterations = 14
|X|_2 305483   u in [6.21732, 195.742]   v in [-4.65804, 5.18416]   c in [6.21737, 195.743] 
Surface statistics: u in [8.286111e+00, 1.957420e+02] mean 7.833665e+01
Global eta range   [2.65296e+10, 9.2273e+12], converged range [2.65433e+10, 7.13265e+12]
Global beta2 range [5.59343e+09, 2.08892e+13], converged range [5.65026e+09, 6.30928e+09]

************************************************************************************************************************
***             WIDEN YOUR WINDOW TO 120 CHARACTERS.  Use 'enscript -r -fCourier9' to print this document            ***
************************************************************************************************************************

---------------------------------------------- PETSc Performance Summary: ----------------------------------------------

./ex48 on a bgp-xlc-r named ionode1 with 512 processors, by Unknown Tue Sep 14 00:30:44 2010
Using Petsc Development HG revision: aeb2eea2e3ddfd0635951d6560aa7114704dab25  HG Date: Sat Aug 21 15:26:55 2010 -0500

                         Max       Max/Min        Avg      Total 
Time (sec):           8.357e+02      1.00000   8.357e+02
Objects:              8.470e+02      1.00000   8.470e+02
Flops:                7.518e+10      1.00159   7.512e+10  3.846e+13
Flops/sec:            8.996e+07      1.00159   8.989e+07  4.602e+10
MPI Messages:         1.108e+05      1.05343   1.052e+05  5.385e+07
MPI Message Lengths:  2.004e+08      1.00065   1.905e+03  1.026e+11
MPI Reductions:       3.365e+03      1.00000

Flop counting convention: 1 flop = 1 real number operation of type (multiply/divide/add/subtract)
                            e.g., VecAXPY() for real vectors of length N --> 2N flops
                            and VecAXPY() for complex vectors of length N --> 8N flops

Summary of Stages:   ----- Time ------  ----- Flops -----  --- Messages ---  -- Message Lengths --  -- Reductions --
                        Avg     %Total     Avg     %Total   counts   %Total     Avg         %Total   counts   %Total 
 0:      Main Stage: 1.3401e-01   0.0%  3.2204e+08   0.0%  1.431e+04   0.0%  1.435e-01        0.0%  1.500e+01   0.4% 
 1:      Full solve: 6.5309e+02  78.1%  3.0411e+13  79.1%  4.257e+07  79.1%  1.377e+03       72.3%  2.214e+03  65.8% 
 2:    Fine-1 solve: 8.0595e+01   9.6%  3.7822e+12   9.8%  5.151e+06   9.6%  1.764e+02        9.3%  3.570e+02  10.6% 
 3: Fine-only solve: 1.0192e+02  12.2%  4.2691e+12  11.1%  6.112e+06  11.4%  3.515e+02       18.5%  5.210e+02  15.5% 

------------------------------------------------------------------------------------------------------------------------
See the 'Profiling' chapter of the users' manual for details on interpreting output.
Phase summary info:
   Count: number of times phase was executed
   Time and Flops: Max - maximum over all processors
                   Ratio - ratio of maximum to minimum over all processors
   Mess: number of messages sent
   Avg. len: average message length
   Reduct: number of global reductions
   Global: entire computation
   Stage: stages of a computation. Set stages with PetscLogStagePush() and PetscLogStagePop().
      %T - percent time in this phase         %F - percent flops in this phase
      %M - percent messages in this phase     %L - percent message lengths in this phase
      %R - percent reductions in this phase
   Total Mflop/s: 10e-6 * (sum of flops over all processors)/(max time over all processors)
------------------------------------------------------------------------------------------------------------------------
Event                Count      Time (sec)     Flops                             --- Global ---  --- Stage ---   Total
                   Max Ratio  Max     Ratio   Max  Ratio  Mess   Avg len Reduct  %T %F %M %L %R  %T %F %M %L %R Mflop/s
------------------------------------------------------------------------------------------------------------------------

--- Event Stage 0: Main Stage

VecSet                 2 1.0 2.5034e-05 1.1 0.00e+00 0.0 0.0e+00 0.0e+00 0.0e+00  0  0  0  0  0   0  0  0  0  0     0
VecPointwiseMult       1 1.0 1.3900e-04 1.1 6.40e+03 1.0 0.0e+00 0.0e+00 0.0e+00  0  0  0  0  0   0  1  0  0  0 23574
VecScatterBegin        2 1.0 1.1230e-04 1.1 0.00e+00 0.0 3.1e+03 2.5e+03 0.0e+00  0  0  0  0  0   0  0 21 99  0     0
VecScatterEnd          2 1.0 8.6093e-04 5.6 0.00e+00 0.0 0.0e+00 0.0e+00 0.0e+00  0  0  0  0  0   0  0  0  0  0     0
MatMult                1 1.0 3.9020e-03 1.1 2.86e+05 1.0 1.5e+03 2.5e+03 0.0e+00  0  0  0  0  0   3 46 11 50  0 37555
MatMultTranspose       1 1.0 4.8330e-03 1.1 3.36e+05 1.0 1.5e+03 2.5e+03 0.0e+00  0  0  0  0  0   3 53 11 50  0 35636

--- Event Stage 1: Full solve

VecDot                32 1.0 1.9421e-02 7.3 4.79e+05 1.0 0.0e+00 0.0e+00 3.2e+01  0  0  0  0  1   0  0  0  0  1 12630
VecMDot              427 1.0 2.7615e-01 3.8 8.12e+06 1.0 0.0e+00 0.0e+00 4.3e+02  0  0  0  0 13   0  0  0  0 19 15058
VecNorm             1048 1.0 1.9626e+00 1.9 1.26e+07 1.0 0.0e+00 0.0e+00 1.0e+03  0  0  0  0 31   0  0  0  0 47  3294
VecScale             803 1.0 6.6264e-02 1.0 4.88e+06 1.0 0.0e+00 0.0e+00 0.0e+00  0  0  0  0  0   0  0  0  0  0 37715
VecCopy              472 1.0 1.7074e-02 1.0 0.00e+00 0.0 0.0e+00 0.0e+00 0.0e+00  0  0  0  0  0   0  0  0  0  0     0
VecSet              4505 1.0 4.9700e-02 1.1 0.00e+00 0.0 0.0e+00 0.0e+00 0.0e+00  0  0  0  0  0   0  0  0  0  0     0
VecAXPY              548 1.0 6.5129e-02 1.0 6.19e+06 1.0 0.0e+00 0.0e+00 0.0e+00  0  0  0  0  0   0  0  0  0  0 48695
VecAYPX              172 1.0 1.9984e-02 1.1 9.53e+05 1.0 0.0e+00 0.0e+00 0.0e+00  0  0  0  0  0   0  0  0  0  0 24405
VecWAXPY              33 1.0 6.0213e-03 1.1 2.40e+05 1.0 0.0e+00 0.0e+00 0.0e+00  0  0  0  0  0   0  0  0  0  0 20389
VecMAXPY             803 1.0 1.1945e-01 1.0 1.36e+07 1.0 0.0e+00 0.0e+00 0.0e+00  0  0  0  0  0   0  0  0  0  0 58271
VecPointwiseMult      53 1.0 1.0688e-03 1.1 3.53e+04 1.0 0.0e+00 0.0e+00 0.0e+00  0  0  0  0  0   0  0  0  0  0 16892
VecScatterBegin     1551 1.0 3.0171e-01 1.0 0.00e+00 0.0 2.8e+07 3.4e+02 0.0e+00  0  0 53  9  0   0  0 67 13  0     0
VecScatterEnd       1551 1.0 3.4900e+00 1.5 0.00e+00 0.0 0.0e+00 0.0e+00 0.0e+00  0  0  0  0  0   0  0  0  0  0     0
VecReduceArith        10 1.0 8.2991e-03 1.1 2.30e+05 1.0 0.0e+00 0.0e+00 0.0e+00  0  0  0  0  0   0  0  0  0  0 14198
VecReduceComm          5 1.0 9.5158e-03 3.6 0.00e+00 0.0 0.0e+00 0.0e+00 5.0e+00  0  0  0  0  0   0  0  0  0  0     0
VecNormalize         704 1.0 1.7929e+00 2.0 1.14e+07 1.0 0.0e+00 0.0e+00 7.0e+02  0  0  0  0 21   0  0  0  0 32  3264
MatMult              807 1.0 5.2209e+00 1.1 5.37e+08 1.1 3.3e+06 1.7e+03 0.0e+00  1  1  6  5  0   1  1  8  7  0 49500
MatMultAdd           172 1.0 2.0752e-01 2.2 6.37e+06 1.0 2.6e+05 4.1e+02 0.0e+00  0  0  0  0  0   0  0  1  0  0 15715
MatMultTranspose     229 1.0 3.3316e-01 2.4 8.59e+06 1.0 3.5e+05 4.2e+02 0.0e+00  0  0  1  0  0   0  0  1  0  0 13199
MatSolve             951 1.0 7.0980e+00 1.0 1.18e+09 1.0 0.0e+00 0.0e+00 0.0e+00  1  2  0  0  0   1  2  0  0  0 85398
MatLUFactorSym         5 1.0 2.4463e+00 1.0 0.00e+00 0.0 0.0e+00 0.0e+00 5.0e+00  0  0  0  0  0   0  0  0  0  0     0
MatLUFactorNum        32 1.0 6.1170e+02 1.0 5.74e+10 1.0 0.0e+00 0.0e+00 0.0e+00 73 76  0  0  0  94 97  0  0  0 48081
MatCholFctrSym         4 1.0 4.1008e-04 1.0 0.00e+00 0.0 0.0e+00 0.0e+00 0.0e+00  0  0  0  0  0   0  0  0  0  0     0
MatCholFctrNum        53 1.0 1.8785e+00 1.0 2.02e+08 1.0 0.0e+00 0.0e+00 0.0e+00  0  0  0  0  0   0  0  0  0  0 55157
MatICCFactorSym        6 1.0 5.2984e-02 1.0 0.00e+00 0.0 0.0e+00 0.0e+00 0.0e+00  0  0  0  0  0   0  0  0  0  0     0
MatAssemblyBegin     126 1.0 5.7947e-01 1.9 0.00e+00 0.0 3.9e+05 2.9e+04 2.4e+02  0  0  1 11  7   0  0  1 16 11     0
MatAssemblyEnd       126 1.0 7.6399e-01 1.3 0.00e+00 0.0 9.0e+04 1.0e+03 8.8e+01  0  0  0  0  3   0  0  0  0  4     0
MatGetRowIJ           38 1.0 2.7507e-02 1.0 0.00e+00 0.0 0.0e+00 0.0e+00 0.0e+00  0  0  0  0  0   0  0  0  0  0     0
MatGetOrdering        38 1.0 1.5509e-01 1.0 0.00e+00 0.0 0.0e+00 0.0e+00 8.6e+01  0  0  0  0  3   0  0  0  0  4     0
MatZeroEntries        85 1.0 1.4248e-02 1.2 0.00e+00 0.0 0.0e+00 0.0e+00 0.0e+00  0  0  0  0  0   0  0  0  0  0     0
MatGetRedundant       32 1.0 2.1159e+00 1.0 0.00e+00 0.0 1.1e+07 4.8e+03 1.0e+01  0  0 20 51  0   0  0 26 71  0     0
SNESSolve              5 1.0 6.5232e+02 1.0 5.94e+10 1.0 4.2e+07 1.7e+03 1.9e+03 78 79 79 72 58 100100100100 88 46620
SNESLineSearch        32 1.0 4.9436e+00 1.0 2.82e+07 1.1 4.0e+05 1.5e+03 1.3e+02  1  0  1  1  4   1  0  1  1  6  2772
SNESFunctionEval      38 1.0 5.7123e+00 1.0 0.00e+00 0.0 3.1e+05 1.4e+03 1.0e+01  1  0  1  0  0   1  0  1  1  0     0
SNESJacobianEval      32 1.0 1.1529e+01 1.0 1.87e+06 1.0 8.2e+05 1.4e+04 2.3e+02  1  0  2 12  7   2  0  2 16 10    83
KSPGMRESOrthog       427 1.0 3.5541e-01 2.3 1.62e+07 1.0 0.0e+00 0.0e+00 4.3e+02  0  0  0  0 13   0  0  0  0 19 23400
KSPSetup             202 1.0 6.5758e-03 1.0 0.00e+00 0.0 0.0e+00 0.0e+00 0.0e+00  0  0  0  0  0   0  0  0  0  0     0
KSPSolve              32 1.0 6.3471e+02 1.0 5.94e+10 1.0 4.1e+07 1.5e+03 1.5e+03 76 79 76 60 46  97100 97 83 70 47890
PCSetUp               85 1.0 6.1849e+02 1.0 5.76e+10 1.0 1.4e+07 3.9e+03 1.6e+02 74 77 25 52  5  95 97 32 71  7 47721
PCSetUpOnBlocks      344 1.0 1.9482e+00 1.0 2.02e+08 1.0 0.0e+00 0.0e+00 7.0e+01  0  0  0  0  2   0  0  0  0  3 53182
PCApply               83 1.0 1.7931e+01 1.0 1.85e+09 1.0 2.7e+07 2.8e+02 1.3e+03  2  2 50  8 39   3  3 64 10 59 52076

--- Event Stage 2: Fine-1 solve

VecDot                 4 1.0 2.7819e-03 8.5 5.12e+04 1.0 0.0e+00 0.0e+00 4.0e+00  0  0  0  0  0   0  0  0  0  1  9423
VecMDot               84 1.0 3.4498e-02 6.2 6.98e+05 1.0 0.0e+00 0.0e+00 8.4e+01  0  0  0  0  2   0  0  0  0 24 10360
VecNorm              204 1.0 3.7454e-01 5.2 1.19e+06 1.0 0.0e+00 0.0e+00 2.0e+02  0  0  0  0  6   0  0  0  0 57  1625
VecScale             160 1.0 6.8085e-03 1.0 4.55e+05 1.0 0.0e+00 0.0e+00 0.0e+00  0  0  0  0  0   0  0  0  0  0 34209
VecCopy               88 1.0 2.0168e-03 1.1 0.00e+00 0.0 0.0e+00 0.0e+00 0.0e+00  0  0  0  0  0   0  0  0  0  0     0
VecSet               906 1.0 7.3688e-03 1.1 0.00e+00 0.0 0.0e+00 0.0e+00 0.0e+00  0  0  0  0  0   0  0  0  0  0     0
VecAXPY              112 1.0 6.4554e-03 1.0 5.80e+05 1.0 0.0e+00 0.0e+00 0.0e+00  0  0  0  0  0   0  0  0  0  0 45999
VecAYPX               36 1.0 2.0461e-03 1.1 8.81e+04 1.0 0.0e+00 0.0e+00 0.0e+00  0  0  0  0  0   0  0  0  0  0 22052
VecWAXPY               4 1.0 6.5041e-04 1.1 2.56e+04 1.0 0.0e+00 0.0e+00 0.0e+00  0  0  0  0  0   0  0  0  0  0 20152
VecMAXPY             160 1.0 1.1776e-02 1.1 1.20e+06 1.0 0.0e+00 0.0e+00 0.0e+00  0  0  0  0  0   0  0  0  0  0 52358
VecPointwiseMult      12 1.0 1.6522e-04 1.2 3.84e+03 1.0 0.0e+00 0.0e+00 0.0e+00  0  0  0  0  0   0  0  0  0  0 11899
VecScatterBegin      294 1.0 4.5376e-02 1.0 0.00e+00 0.0 4.0e+06 3.6e+02 0.0e+00  0  0  7  1  0   0  0 78 15  0     0
VecScatterEnd        294 1.0 4.2395e-01 1.4 0.00e+00 0.0 0.0e+00 0.0e+00 0.0e+00  0  0  0  0  0   0  0  0  0  0     0
VecReduceArith         2 1.0 9.0885e-04 1.1 2.56e+04 1.0 0.0e+00 0.0e+00 0.0e+00  0  0  0  0  0   0  0  0  0  0 14421
VecReduceComm          1 1.0 2.1119e-0368.1 0.00e+00 0.0 0.0e+00 0.0e+00 1.0e+00  0  0  0  0  0   0  0  0  0  0     0
VecNormalize         144 1.0 3.5680e-01 6.6 1.06e+06 1.0 0.0e+00 0.0e+00 1.4e+02  0  0  0  0  4   0  0  0  0 40  1518
MatMult              160 1.0 5.0459e-01 1.1 5.07e+07 1.2 6.6e+05 1.3e+03 0.0e+00  0  0  1  1  0   1  1 13  9  0 46512
MatMultAdd            36 1.0 2.6318e-02 2.5 5.86e+05 1.0 5.5e+04 3.1e+02 0.0e+00  0  0  0  0  0   0  0  1  0  0 11396
MatMultTranspose      48 1.0 5.7970e-02 3.8 7.81e+05 1.0 7.4e+04 3.1e+02 0.0e+00  0  0  0  0  0   0  0  1  0  0  6898
MatSolve             192 1.0 7.6962e-01 1.0 1.35e+08 1.0 0.0e+00 0.0e+00 0.0e+00  0  0  0  0  0   1  2  0  0  0 89981
MatLUFactorNum         4 1.0 7.6539e+01 1.0 7.18e+09 1.0 0.0e+00 0.0e+00 0.0e+00  9 10  0  0  0  95 97  0  0  0 48033
MatCholFctrNum        12 1.0 1.8522e-01 1.0 1.99e+07 1.0 0.0e+00 0.0e+00 0.0e+00  0  0  0  0  0   0  0  0  0  0 55096
MatAssemblyBegin      20 1.0 8.9607e-02 2.1 0.00e+00 0.0 7.4e+04 2.7e+04 4.4e+01  0  0  0  2  1   0  0  1 21 12     0
MatAssemblyEnd        20 1.0 8.5149e-02 1.9 0.00e+00 0.0 0.0e+00 0.0e+00 0.0e+00  0  0  0  0  0   0  0  0  0  0     0
MatGetRowIJ            8 1.0 4.1246e-05 1.2 0.00e+00 0.0 0.0e+00 0.0e+00 0.0e+00  0  0  0  0  0   0  0  0  0  0     0
MatGetOrdering         8 1.0 1.2660e-03 1.0 0.00e+00 0.0 0.0e+00 0.0e+00 1.6e+01  0  0  0  0  0   0  0  0  0  4     0
MatZeroEntries        16 1.0 1.6415e-03 1.3 0.00e+00 0.0 0.0e+00 0.0e+00 0.0e+00  0  0  0  0  0   0  0  0  0  0     0
MatGetRedundant        4 1.0 2.5160e-01 1.1 0.00e+00 0.0 1.0e+06 5.8e+03 0.0e+00  0  0  2  6  0   0  0 20 64  0     0
SNESSolve              1 1.0 8.0595e+01 1.0 7.39e+09 1.0 5.2e+06 1.8e+03 3.6e+02 10 10 10  9 11 100100100100100 46929
SNESLineSearch         4 1.0 5.2461e-01 1.0 3.05e+06 1.2 4.9e+04 2.2e+03 1.6e+01  0  0  0  0  0   1  0  1  1  4  2734
SNESFunctionEval       5 1.0 6.1092e-01 1.0 0.00e+00 0.0 4.1e+04 2.0e+03 0.0e+00  0  0  0  0  0   1  0  1  1  0     0
SNESJacobianEval       4 1.0 1.2494e+00 1.0 1.99e+05 1.0 1.6e+05 1.3e+04 4.4e+01  0  0  0  2  1   2  0  3 21 12    82
KSPGMRESOrthog        84 1.0 4.2223e-02 3.1 1.40e+06 1.0 0.0e+00 0.0e+00 8.4e+01  0  0  0  0  2   0  0  0  0 24 16930
KSPSetup              36 1.0 1.6856e-04 1.1 0.00e+00 0.0 0.0e+00 0.0e+00 0.0e+00  0  0  0  0  0   0  0  0  0  0     0
KSPSolve               4 1.0 7.8696e+01 1.0 7.39e+09 1.0 4.9e+06 1.5e+03 2.9e+02  9 10  9  7  9  98100 96 78 82 48042
PCSetUp               16 1.0 7.6976e+01 1.0 7.20e+09 1.0 1.0e+06 5.8e+03 1.6e+01  9 10  2  6  0  95 97 20 64  4 47893
PCSetUpOnBlocks       72 1.0 1.8782e-01 1.0 1.99e+07 1.0 0.0e+00 0.0e+00 1.6e+01  0  0  0  0  0   0  0  0  0  4 54334
PCApply               12 1.0 2.0815e+00 1.2 1.99e+08 1.0 3.8e+06 3.0e+02 2.7e+02  0  0  7  1  8   2  3 75 12 75 47897

--- Event Stage 3: Fine-only solve

VecDot                 4 1.0 1.3584e-02 9.3 4.01e+05 1.0 0.0e+00 0.0e+00 4.0e+00  0  0  0  0  0   0  0  0  0  1 15129
VecMDot              126 1.0 1.7601e-01 5.8 6.93e+06 1.0 0.0e+00 0.0e+00 1.3e+02  0  0  0  0  4   0  0  0  0 24 20170
VecNorm              306 1.0 8.0275e-01 1.8 1.07e+07 1.0 0.0e+00 0.0e+00 3.1e+02  0  0  0  0  9   1  0  0  0 59  6800
VecScale             242 1.0 5.3095e-02 1.0 4.12e+06 1.0 0.0e+00 0.0e+00 0.0e+00  0  0  0  0  0   0  0  0  0  0 39771
VecCopy              128 1.0 1.2610e-02 1.0 0.00e+00 0.0 0.0e+00 0.0e+00 0.0e+00  0  0  0  0  0   0  0  0  0  0     0
VecSet              1364 1.0 2.9190e-02 1.1 0.00e+00 0.0 0.0e+00 0.0e+00 0.0e+00  0  0  0  0  0   0  0  0  0  0     0
VecAXPY              172 1.0 5.3528e-02 1.0 5.23e+06 1.0 0.0e+00 0.0e+00 0.0e+00  0  0  0  0  0   0  0  0  0  0 50055
VecAYPX               56 1.0 1.6243e-02 1.1 8.05e+05 1.0 0.0e+00 0.0e+00 0.0e+00  0  0  0  0  0   0  0  0  0  0 25383
VecWAXPY               4 1.0 4.8761e-03 1.1 2.01e+05 1.0 0.0e+00 0.0e+00 0.0e+00  0  0  0  0  0   0  0  0  0  0 21074
VecMAXPY             242 1.0 9.9097e-02 1.0 1.16e+07 1.0 0.0e+00 0.0e+00 0.0e+00  0  0  0  0  0   0  0  0  0  0 59728
VecPointwiseMult      16 1.0 7.2527e-04 1.2 2.94e+04 1.0 0.0e+00 0.0e+00 0.0e+00  0  0  0  0  0   0  0  0  0  0 20783
VecScatterBegin      428 1.0 7.9570e-02 1.0 0.00e+00 0.0 5.0e+06 9.8e+02 0.0e+00  0  0  9  5  0   0  0 81 26  0     0
VecScatterEnd        428 1.0 8.3974e-01 2.2 0.00e+00 0.0 0.0e+00 0.0e+00 0.0e+00  0  0  0  0  0   0  0  0  0  0     0
VecReduceArith         2 1.0 7.1940e-03 1.1 2.01e+05 1.0 0.0e+00 0.0e+00 0.0e+00  0  0  0  0  0   0  0  0  0  0 14284
VecReduceComm          1 1.0 6.8052e-03219.6 0.00e+00 0.0 0.0e+00 0.0e+00 1.0e+00  0  0  0  0  0   0  0  0  0  0     0
VecNormalize         224 1.0 6.8130e-01 2.0 9.66e+06 1.0 0.0e+00 0.0e+00 2.2e+02  0  0  0  0  7   0  0  0  0 43  7262
MatMult              242 1.0 4.2643e+00 1.1 4.52e+08 1.1 9.9e+05 3.8e+03 0.0e+00  0  1  2  4  0   4  5 16 20  0 51504
MatMultAdd            56 1.0 9.1465e-02 1.3 5.39e+06 1.0 8.6e+04 8.6e+02 0.0e+00  0  0  0  0  0   0  0  1  0  0 30188
MatMultTranspose      72 1.0 2.8257e-01 2.9 6.93e+06 1.0 1.1e+05 8.6e+02 0.0e+00  0  0  0  0  0   0  0  2  1  0 12563
MatSolve             294 1.0 3.5753e+00 1.0 5.05e+08 1.0 0.0e+00 0.0e+00 0.0e+00  0  1  0  0  0   4  6  0  0  0 72375
MatLUFactorNum         4 1.0 7.6538e+01 1.0 7.18e+09 1.0 0.0e+00 0.0e+00 0.0e+00  9 10  0  0  0  75 86  0  0  0 48033
MatCholFctrNum        16 1.0 1.5919e+00 1.0 1.71e+08 1.0 0.0e+00 0.0e+00 0.0e+00  0  0  0  0  0   2  2  0  0  0 54851
MatAssemblyBegin      24 1.0 3.6955e-01 2.0 0.00e+00 0.0 9.2e+04 8.6e+04 5.6e+01  0  0  0  8  2   0  0  2 42 11     0
MatAssemblyEnd        24 1.0 2.9301e-01 2.2 0.00e+00 0.0 0.0e+00 0.0e+00 0.0e+00  0  0  0  0  0   0  0  0  0  0     0
MatGetRowIJ           12 1.0 6.0081e-05 1.1 0.00e+00 0.0 0.0e+00 0.0e+00 0.0e+00  0  0  0  0  0   0  0  0  0  0     0
MatGetOrdering        12 1.0 6.7744e-03 1.0 0.00e+00 0.0 0.0e+00 0.0e+00 2.4e+01  0  0  0  0  1   0  0  0  0  5     0
MatZeroEntries        20 1.0 1.1368e-02 1.1 0.00e+00 0.0 0.0e+00 0.0e+00 0.0e+00  0  0  0  0  0   0  0  0  0  0     0
MatGetRedundant        4 1.0 2.5437e-01 1.1 0.00e+00 0.0 1.0e+06 5.8e+03 0.0e+00  0  0  2  6  0   0  0 17 32  0     0
SNESSolve              1 1.0 1.0192e+02 1.0 8.36e+09 1.0 6.1e+06 3.1e+03 5.2e+02 12 11 11 18 15 100100100100100 41885
SNESLineSearch         4 1.0 4.1204e+00 1.0 2.35e+07 1.1 4.9e+04 8.2e+03 1.6e+01  0  0  0  0  0   4  0  1  2  3  2803
SNESFunctionEval       5 1.0 4.8250e+00 1.0 0.00e+00 0.0 4.1e+04 7.4e+03 0.0e+00  1  0  0  0  0   5  0  1  2  0     0
SNESJacobianEval       4 1.0 9.5849e+00 1.0 1.57e+06 1.0 2.0e+05 4.1e+04 5.6e+01  1  0  0  8  2   9  0  3 43 11    84
KSPGMRESOrthog       126 1.0 2.3878e-01 2.6 1.39e+07 1.0 0.0e+00 0.0e+00 1.3e+02  0  0  0  0  4   0  0  0  0 24 29736
KSPSetup              44 1.0 2.0051e-04 1.1 0.00e+00 0.0 0.0e+00 0.0e+00 0.0e+00  0  0  0  0  0   0  0  0  0  0     0
KSPSolve               4 1.0 8.7230e+01 1.0 8.34e+09 1.0 5.9e+06 1.8e+03 4.4e+02 10 11 11 10 13  86100 96 55 85 48795
PCSetUp               20 1.0 7.8391e+01 1.0 7.35e+09 1.0 1.0e+06 5.8e+03 2.4e+01  9 10  2  6  1  77 88 17 32  5 48012
PCSetUpOnBlocks      112 1.0 1.6007e+00 1.0 1.71e+08 1.0 0.0e+00 0.0e+00 2.4e+01  0  0  0  0  1   2  2  0  0  5 54550
PCApply               14 1.0 9.8990e+00 1.0 1.07e+09 1.0 4.8e+06 7.7e+02 4.2e+02  1  1  9  4 12  10 13 78 19 80 54204
------------------------------------------------------------------------------------------------------------------------

Memory usage is given in bytes:

Object Type          Creations   Destructions     Memory  Descendants' Mem.
Reports information only for process 0.

--- Event Stage 0: Main Stage

           Container     0              5         1500     0
 Toy Hydrostatic Ice     0              1          500     0
   Distributed array     0             10       319288     0
                 Vec     0            316     23647864     0
         Vec Scatter     0             47        28388     0
           Index Set     0             25       632660     0
   IS L to G Mapping     0             20       446176     0
              Matrix     0             59    290332764     0
                SNES     0              5         3740     0
       Krylov Solver     0             35       275224     0
      Preconditioner     0             35        18044     0
              Viewer     0              1          400     0

--- Event Stage 1: Full solve

           Container     5              0            0     0
 Toy Hydrostatic Ice     1              0            0     0
   Distributed array    10              0            0     0
                 Vec   396             80      1058864     0
         Vec Scatter    47              0            0     0
           Index Set   185            160      1937844     0
   IS L to G Mapping    20              0            0     0
              Matrix    59              0            0     0
                SNES     5              0            0     0
       Krylov Solver    35              0            0     0
      Preconditioner    35              0            0     0
              Viewer     1              0            0     0

--- Event Stage 2: Fine-1 solve

                 Vec     4              4         3888     0
           Index Set    16             16       121664     0

--- Event Stage 3: Fine-only solve

                 Vec     4              4         3888     0
           Index Set    24             24       927456     0
========================================================================================================================
Average time to get PetscTime(): 3.38554e-06
Average time for MPI_Barrier(): 2.24113e-06
Average time for zero size MPI_Send(): 1.13789e-05
#PETSc Option Table entries:
-M 32
-P 4
-dmmg_form_function_ghost 1
-dmmg_grid_sequence 1
-ksp_converged_reason
-ksp_monitor
-ksp_rtol 1e-2
-log_summary
-mg_levels_1_sub_pc_type cholesky
-pc_mg_type multiplicative
-repeat_fine_solve 1
-snes_converged_reason
-snes_monitor
-thi_L 80e3
-thi_friction_m 0.3
-thi_hom z
-thi_nlevels 5
#End of PETSc Option Table entries
Compiled without FORTRAN kernels
Compiled with full precision matrices (default)
sizeof(short) 2 sizeof(int) 4 sizeof(long) 4 sizeof(void*) 4 sizeof(PetscScalar) 8
Configure run at: Mon Sep 13 22:38:37 2010
Configure options: --with-x=0 --with-is-color-value-type=short --with-debugging=1 --with-fortran-kernels=1 --with-mpi-dir=/bgsys/drivers/ppcfloor/comm --with-batch=1 --known-mpi-shared-libraries=1 --known-memcmp-ok --known-sizeof-char=1 --known-sizeof-void-p=4 --known-sizeof-short=2 --known-sizeof-int=4 --known-sizeof-long=4 --known-sizeof-size_t=4 --known-sizeof-long-long=8 --known-sizeof-float=4 --known-sizeof-double=8 --known-bits-per-byte=8 --known-sizeof-MPI_Comm=4 --known-sizeof-MPI_Fint=4 --known-mpi-long-double=1 --known-level1-dcache-assoc=0 --known-level1-dcache-linesize=32 --known-level1-dcache-size=32768 --download-c-blas-lapack=yes --with-shared=0 --prefix=/opt/share/ksl/petsc/dev-aug30/ppc450d-bgp_xlc_ref --with-clanguage=c --cflags= --CXXFLAGS= LIBS=" " --CC=/bgsys/drivers/ppcfloor/comm/xl/bin/mpixlc_r --CXX=/bgsys/drivers/ppcfloor/comm/xl/bin/mpixlcxx_r --with-fortran=0 --with-debugging=0 --with-fortran-kernels=0 PETSC_ARCH=bgp-xlc-ref
-----------------------------------------
Libraries compiled on Mon Sep 13 22:38:37 2010 on fen1 
Machine characteristics: Linux-2.6.16.60-0.66.1-ppc64-ppc64-with-SuSE-10-ppc
Using PETSc directory: /scratch/aron/sandbox/process/installs/builddir_ppc64/petsc-dev-aug30-bgp_xlc_ref/petsc-dev-16784
Using PETSc arch: bgp-xlc-ref
-----------------------------------------

Using C compiler: /bgsys/drivers/ppcfloor/comm/xl/bin/mpixlc_r  -O  ${COPTFLAGS} ${CFLAGS}
-----------------------------------------

Using include paths: -I/scratch/aron/sandbox/process/installs/builddir_ppc64/petsc-dev-aug30-bgp_xlc_ref/petsc-dev-16784/bgp-xlc-ref/include -I/scratch/aron/sandbox/process/installs/builddir_ppc64/petsc-dev-aug30-bgp_xlc_ref/petsc-dev-16784/include -I/bgsys/drivers/ppcfloor/comm/include
-----------------------------------------

Using C linker: /bgsys/drivers/ppcfloor/comm/xl/bin/mpixlc_r
Using libraries: -Wl,-rpath,/scratch/aron/sandbox/process/installs/builddir_ppc64/petsc-dev-aug30-bgp_xlc_ref/petsc-dev-16784/bgp-xlc-ref/lib -L/scratch/aron/sandbox/process/installs/builddir_ppc64/petsc-dev-aug30-bgp_xlc_ref/petsc-dev-16784/bgp-xlc-ref/lib -lpetscts -lpetscsnes -lpetscksp -lpetscdm -lpetscmat -lpetscvec -lpetscsys -Wl,-rpath,/scratch/aron/sandbox/process/installs/builddir_ppc64/petsc-dev-aug30-bgp_xlc_ref/petsc-dev-16784/bgp-xlc-ref/lib -L/scratch/aron/sandbox/process/installs/builddir_ppc64/petsc-dev-aug30-bgp_xlc_ref/petsc-dev-16784/bgp-xlc-ref/lib -lf2clapack -lf2cblas -lnsl -lrt -ldl 
-----------------------------------------

