Level 0 domain size (m)    8e+04 x    8e+04 x    1e+03, num elements  32 x  32 x   4 (    4096), size (m) 2500 x 2500 x 333.333
Level 1 domain size (m)    8e+04 x    8e+04 x    1e+03, num elements  64 x  64 x   7 (   28672), size (m) 1250 x 1250 x 166.667
Level 2 domain size (m)    8e+04 x    8e+04 x    1e+03, num elements 128 x 128 x  13 (  212992), size (m) 625 x 625 x 83.3333
Level 3 domain size (m)    8e+04 x    8e+04 x    1e+03, num elements 256 x 256 x  25 ( 1638400), size (m) 312.5 x 312.5 x 41.6667
Level 4 domain size (m)    8e+04 x    8e+04 x    1e+03, num elements 512 x 512 x  49 (12845056), size (m) 156.25 x 156.25 x 20.8333
          0 SNES Function norm 9.474957067903e+02 
Linear solve converged due to CONVERGED_ITS iterations 1
          1 SNES Function norm 8.805826102181e+02 
Linear solve converged due to CONVERGED_ITS iterations 1
          2 SNES Function norm 7.345585944548e+02 
Linear solve converged due to CONVERGED_ITS iterations 1
          3 SNES Function norm 5.330294830563e+02 
Linear solve converged due to CONVERGED_ITS iterations 1
          4 SNES Function norm 2.881865829915e+02 
Linear solve converged due to CONVERGED_ITS iterations 1
          5 SNES Function norm 7.699210085814e+01 
Linear solve converged due to CONVERGED_ITS iterations 1
          6 SNES Function norm 4.571010551253e+00 
Linear solve converged due to CONVERGED_ITS iterations 1
          7 SNES Function norm 1.481750413343e-02 
Linear solve converged due to CONVERGED_ITS iterations 1
          8 SNES Function norm 1.634425331239e-07 
Nonlinear solve converged due to CONVERGED_FNORM_RELATIVE
        0 SNES Function norm 3.441216820259e+02 
          0 KSP Residual norm 3.441216820259e+02 
          1 KSP Residual norm 6.160746521221e+00 
          2 KSP Residual norm 2.669014014165e-01 
Linear solve converged due to CONVERGED_RTOL iterations 2
        1 SNES Function norm 2.523410966219e+01 
          0 KSP Residual norm 2.523410966219e+01 
          1 KSP Residual norm 1.819543443512e+00 
          2 KSP Residual norm 2.254370353448e-01 
Linear solve converged due to CONVERGED_RTOL iterations 2
        2 SNES Function norm 6.140743761830e+00 
          0 KSP Residual norm 6.140743761830e+00 
          1 KSP Residual norm 4.238045485240e-01 
          2 KSP Residual norm 6.870338601366e-02 
          3 KSP Residual norm 9.687483381459e-03 
Linear solve converged due to CONVERGED_RTOL iterations 3
        3 SNES Function norm 3.413713040718e+00 
          0 KSP Residual norm 3.413713040718e+00 
          1 KSP Residual norm 2.113817648747e-01 
          2 KSP Residual norm 4.077262173459e-02 
          3 KSP Residual norm 6.805243273286e-03 
Linear solve converged due to CONVERGED_RTOL iterations 3
        4 SNES Function norm 1.561129995602e+00 
          0 KSP Residual norm 1.561129995602e+00 
          1 KSP Residual norm 1.319620783142e-01 
          2 KSP Residual norm 3.161319062222e-02 
          3 KSP Residual norm 5.810449563740e-03 
Linear solve converged due to CONVERGED_RTOL iterations 3
        5 SNES Function norm 2.263350273532e-01 
          0 KSP Residual norm 2.263350273532e-01 
          1 KSP Residual norm 1.509474653618e-02 
          2 KSP Residual norm 2.940620529373e-03 
          3 KSP Residual norm 5.611438198013e-04 
Linear solve converged due to CONVERGED_RTOL iterations 3
        6 SNES Function norm 9.976378547768e-03 
          0 KSP Residual norm 9.976378547768e-03 
          1 KSP Residual norm 6.112871792863e-04 
          2 KSP Residual norm 1.043430408515e-04 
          3 KSP Residual norm 2.139992220015e-05 
Linear solve converged due to CONVERGED_RTOL iterations 3
        7 SNES Function norm 3.104962337111e-05 
          0 KSP Residual norm 3.104962337111e-05 
          1 KSP Residual norm 6.128296368557e-06 
          2 KSP Residual norm 1.900228577496e-06 
          3 KSP Residual norm 2.959877054438e-07 
Linear solve converged due to CONVERGED_RTOL iterations 3
        8 SNES Function norm 2.959729686002e-07 
Nonlinear solve converged due to CONVERGED_FNORM_RELATIVE
      0 SNES Function norm 1.243736279893e+02 
        0 KSP Residual norm 1.243736279893e+02 
        1 KSP Residual norm 2.189365687674e+00 
        2 KSP Residual norm 1.069341992910e-01 
Linear solve converged due to CONVERGED_RTOL iterations 2
      1 SNES Function norm 2.736491937261e+00 
        0 KSP Residual norm 2.736491937261e+00 
        1 KSP Residual norm 3.273241904953e-01 
        2 KSP Residual norm 4.828745022328e-02 
        3 KSP Residual norm 1.327165400624e-02 
Linear solve converged due to CONVERGED_RTOL iterations 3
      2 SNES Function norm 5.763972329491e-01 
        0 KSP Residual norm 5.763972329491e-01 
        1 KSP Residual norm 3.988088771007e-02 
        2 KSP Residual norm 5.834464197313e-03 
        3 KSP Residual norm 1.334387100871e-03 
Linear solve converged due to CONVERGED_RTOL iterations 3
      3 SNES Function norm 3.650609935770e-01 
        0 KSP Residual norm 3.650609935770e-01 
        1 KSP Residual norm 2.373468664514e-02 
        2 KSP Residual norm 2.593723215953e-03 
Linear solve converged due to CONVERGED_RTOL iterations 2
      4 SNES Function norm 2.399686589328e-02 
        0 KSP Residual norm 2.399686589328e-02 
        1 KSP Residual norm 2.484256114870e-03 
        2 KSP Residual norm 4.471563387355e-04 
        3 KSP Residual norm 1.177820486881e-04 
Linear solve converged due to CONVERGED_RTOL iterations 3
      5 SNES Function norm 5.534155261513e-04 
        0 KSP Residual norm 5.534155261513e-04 
        1 KSP Residual norm 6.782978778436e-05 
        2 KSP Residual norm 1.887350545782e-05 
        3 KSP Residual norm 7.101259582058e-06 
        4 KSP Residual norm 2.983487889726e-06 
Linear solve converged due to CONVERGED_RTOL iterations 4
      6 SNES Function norm 2.996405318167e-06 
        0 KSP Residual norm 2.996405318167e-06 
        1 KSP Residual norm 1.450897764663e-06 
        2 KSP Residual norm 4.983076667564e-07 
        3 KSP Residual norm 1.391076976172e-07 
        4 KSP Residual norm 4.261507581905e-08 
        5 KSP Residual norm 7.153458385410e-09 
Linear solve converged due to CONVERGED_RTOL iterations 5
      7 SNES Function norm 7.153120033231e-09 
Nonlinear solve converged due to CONVERGED_FNORM_RELATIVE
    0 SNES Function norm 4.444819387251e+01 
      0 KSP Residual norm 4.444819387251e+01 
      1 KSP Residual norm 5.292545620467e-01 
      2 KSP Residual norm 3.382484013903e-02 
Linear solve converged due to CONVERGED_RTOL iterations 2
    1 SNES Function norm 2.857077185536e-01 
      0 KSP Residual norm 2.857077185536e-01 
      1 KSP Residual norm 4.744536121134e-02 
      2 KSP Residual norm 8.445564172497e-03 
      3 KSP Residual norm 1.646404392760e-03 
Linear solve converged due to CONVERGED_RTOL iterations 3
    2 SNES Function norm 2.232346974677e-02 
      0 KSP Residual norm 2.232346974677e-02 
      1 KSP Residual norm 2.329318493505e-03 
      2 KSP Residual norm 4.320841750563e-04 
      3 KSP Residual norm 1.671573004458e-04 
Linear solve converged due to CONVERGED_RTOL iterations 3
    3 SNES Function norm 9.694931161664e-04 
      0 KSP Residual norm 9.694931161664e-04 
      1 KSP Residual norm 1.113627563388e-04 
      2 KSP Residual norm 5.697236225043e-05 
      3 KSP Residual norm 1.748502069998e-05 
      4 KSP Residual norm 5.161134999144e-06 
Linear solve converged due to CONVERGED_RTOL iterations 4
    4 SNES Function norm 5.841310899656e-06 
      0 KSP Residual norm 5.841310899656e-06 
      1 KSP Residual norm 2.650402079242e-06 
      2 KSP Residual norm 7.284227330398e-07 
      3 KSP Residual norm 3.076588652517e-07 
      4 KSP Residual norm 9.402309346014e-08 
      5 KSP Residual norm 3.086000986489e-08 
Linear solve converged due to CONVERGED_RTOL iterations 5
    5 SNES Function norm 3.085919439189e-08 
Nonlinear solve converged due to CONVERGED_FNORM_RELATIVE
  0 SNES Function norm 1.579842131407e+01 
    0 KSP Residual norm 1.579842131407e+01 
    1 KSP Residual norm 1.310155916461e-01 
Linear solve converged due to CONVERGED_RTOL iterations 1
  1 SNES Function norm 1.357054747116e-01 
    0 KSP Residual norm 1.357054747116e-01 
    1 KSP Residual norm 1.412979683154e-02 
    2 KSP Residual norm 2.619858463595e-03 
    3 KSP Residual norm 6.775861482877e-04 
Linear solve converged due to CONVERGED_RTOL iterations 3
  2 SNES Function norm 1.662802993669e-03 
    0 KSP Residual norm 1.662802993669e-03 
    1 KSP Residual norm 3.113875992023e-04 
    2 KSP Residual norm 1.272573339956e-04 
    3 KSP Residual norm 4.436036894021e-05 
    4 KSP Residual norm 1.764916422326e-05 
    5 KSP Residual norm 7.175041233929e-06 
Linear solve converged due to CONVERGED_RTOL iterations 5
  3 SNES Function norm 1.889434184402e-05 
    0 KSP Residual norm 1.889434184402e-05 
    1 KSP Residual norm 4.457068431774e-06 
    2 KSP Residual norm 2.190895806593e-06 
    3 KSP Residual norm 7.563768136459e-07 
    4 KSP Residual norm 2.958889512396e-07 
    5 KSP Residual norm 1.063956860413e-07 
Linear solve converged due to CONVERGED_RTOL iterations 5
  4 SNES Function norm 1.063316756843e-07 
Nonlinear solve converged due to CONVERGED_FNORM_RELATIVE
Solution statistics after solve: Full
CONVERGED_FNORM_RELATIVE: Number of Newton iterations = 4, total linear iterations = 14
|X|_2 305483   u in [6.21732, 195.742]   v in [-4.65804, 5.18416]   c in [6.21737, 195.743] 
Surface statistics: u in [8.286111e+00, 1.957420e+02] mean 7.833665e+01
Global eta range   [2.65294e+10, 9.2273e+12], converged range [2.65433e+10, 7.13265e+12]
Global beta2 range [5.6501e+09, 2.12481e+13], converged range [5.65026e+09, 7.06107e+09]

    0 SNES Function norm 2.066374757939e+01 
      0 KSP Residual norm 2.066374757939e+01 
      1 KSP Residual norm 2.434104157631e-01 
      2 KSP Residual norm 7.650390038790e-03 
Linear solve converged due to CONVERGED_RTOL iterations 2
    1 SNES Function norm 1.226281416745e+00 
      0 KSP Residual norm 1.226281416745e+00 
      1 KSP Residual norm 1.765443762621e-02 
      2 KSP Residual norm 9.701049977024e-04 
Linear solve converged due to CONVERGED_RTOL iterations 2
    2 SNES Function norm 5.041859740533e-03 
      0 KSP Residual norm 5.041859740533e-03 
      1 KSP Residual norm 2.288601519887e-04 
      2 KSP Residual norm 6.758692528067e-05 
      3 KSP Residual norm 2.065238620145e-05 
Linear solve converged due to CONVERGED_RTOL iterations 3
    3 SNES Function norm 2.064025909191e-05 
      0 KSP Residual norm 2.064025909191e-05 
      1 KSP Residual norm 8.421713407861e-06 
      2 KSP Residual norm 2.522522027201e-06 
      3 KSP Residual norm 7.709806722660e-07 
      4 KSP Residual norm 2.802345149482e-07 
      5 KSP Residual norm 9.545614807206e-08 
Linear solve converged due to CONVERGED_RTOL iterations 5
    4 SNES Function norm 9.545164348462e-08 
Nonlinear solve converged due to CONVERGED_FNORM_RELATIVE
Solution statistics after solve: Fine-1
CONVERGED_FNORM_RELATIVE: Number of Newton iterations = 4, total linear iterations = 12
|X|_2 108853   u in [6.21734, 195.685]   v in [-4.6564, 5.18231]   c in [6.21739, 195.686] 
Surface statistics: u in [8.285205e+00, 1.956854e+02] mean 7.831558e+01
Global eta range   [2.65294e+10, 9.2273e+12], converged range [2.71094e+10, 4.92155e+12]
Global beta2 range [5.59343e+09, 2.12481e+13], converged range [5.65055e+09, 7.03924e+09]

  0 SNES Function norm 1.579842131398e+01 
    0 KSP Residual norm 1.579842131398e+01 
    1 KSP Residual norm 1.310155915290e-01 
Linear solve converged due to CONVERGED_RTOL iterations 1
  1 SNES Function norm 1.357054745665e-01 
    0 KSP Residual norm 1.357054745665e-01 
    1 KSP Residual norm 1.412979680720e-02 
    2 KSP Residual norm 2.619858315240e-03 
    3 KSP Residual norm 6.775861548626e-04 
Linear solve converged due to CONVERGED_RTOL iterations 3
  2 SNES Function norm 1.662802888585e-03 
    0 KSP Residual norm 1.662802888585e-03 
    1 KSP Residual norm 3.113875443056e-04 
    2 KSP Residual norm 1.272573551900e-04 
    3 KSP Residual norm 4.436037487623e-05 
    4 KSP Residual norm 1.764915955419e-05 
    5 KSP Residual norm 7.175038413086e-06 
Linear solve converged due to CONVERGED_RTOL iterations 5
  3 SNES Function norm 1.889433313746e-05 
    0 KSP Residual norm 1.889433313746e-05 
    1 KSP Residual norm 4.457066183114e-06 
    2 KSP Residual norm 2.190894647578e-06 
    3 KSP Residual norm 7.563764935713e-07 
    4 KSP Residual norm 2.958887877726e-07 
    5 KSP Residual norm 1.063955743894e-07 
Linear solve converged due to CONVERGED_RTOL iterations 5
  4 SNES Function norm 1.063315234011e-07 
Nonlinear solve converged due to CONVERGED_FNORM_RELATIVE
Solution statistics after solve: Fine
CONVERGED_FNORM_RELATIVE: Number of Newton iterations = 4, total linear iterations = 14
|X|_2 305483   u in [6.21732, 195.742]   v in [-4.65804, 5.18416]   c in [6.21737, 195.743] 
Surface statistics: u in [8.286111e+00, 1.957420e+02] mean 7.833665e+01
Global eta range   [2.65294e+10, 9.2273e+12], converged range [2.65433e+10, 7.13265e+12]
Global beta2 range [5.59343e+09, 2.12481e+13], converged range [5.65026e+09, 7.06107e+09]

************************************************************************************************************************
***             WIDEN YOUR WINDOW TO 120 CHARACTERS.  Use 'enscript -r -fCourier9' to print this document            ***
************************************************************************************************************************

---------------------------------------------- PETSc Performance Summary: ----------------------------------------------

./ex48 on a bgp-xlc-r named ionode99 with 256 processors, by Unknown Tue Sep 14 00:32:43 2010
Using Petsc Development HG revision: aeb2eea2e3ddfd0635951d6560aa7114704dab25  HG Date: Sat Aug 21 15:26:55 2010 -0500

                         Max       Max/Min        Avg      Total 
Time (sec):           8.887e+02      1.00000   8.887e+02
Objects:              8.470e+02      1.00000   8.470e+02
Flops:                7.770e+10      1.00206   7.762e+10  1.987e+13
Flops/sec:            8.744e+07      1.00206   8.735e+07  2.236e+10
MPI Messages:         6.268e+04      1.04680   5.990e+04  1.533e+07
MPI Message Lengths:  2.216e+08      1.00068   3.699e+03  5.672e+10
MPI Reductions:       3.372e+03      1.00000

Flop counting convention: 1 flop = 1 real number operation of type (multiply/divide/add/subtract)
                            e.g., VecAXPY() for real vectors of length N --> 2N flops
                            and VecAXPY() for complex vectors of length N --> 8N flops

Summary of Stages:   ----- Time ------  ----- Flops -----  --- Messages ---  -- Message Lengths --  -- Reductions --
                        Avg     %Total     Avg     %Total   counts   %Total     Avg         %Total   counts   %Total 
 0:      Main Stage: 1.0484e-01   0.0%  3.2204e+08   0.0%  7.146e+03   0.0%  3.320e-01        0.0%  1.500e+01   0.4% 
 1:      Full solve: 6.8003e+02  76.5%  1.5537e+13  78.2%  1.192e+07  77.8%  2.608e+03       70.5%  2.221e+03  65.9% 
 2:    Fine-1 solve: 8.3121e+01   9.4%  1.9221e+12   9.7%  1.527e+06  10.0%  3.412e+02        9.2%  3.570e+02  10.6% 
 3: Fine-only solve: 1.2543e+02  14.1%  2.4122e+12  12.1%  1.876e+06  12.2%  7.498e+02       20.3%  5.210e+02  15.5% 

------------------------------------------------------------------------------------------------------------------------
See the 'Profiling' chapter of the users' manual for details on interpreting output.
Phase summary info:
   Count: number of times phase was executed
   Time and Flops: Max - maximum over all processors
                   Ratio - ratio of maximum to minimum over all processors
   Mess: number of messages sent
   Avg. len: average message length
   Reduct: number of global reductions
   Global: entire computation
   Stage: stages of a computation. Set stages with PetscLogStagePush() and PetscLogStagePop().
      %T - percent time in this phase         %F - percent flops in this phase
      %M - percent messages in this phase     %L - percent message lengths in this phase
      %R - percent reductions in this phase
   Total Mflop/s: 10e-6 * (sum of flops over all processors)/(max time over all processors)
------------------------------------------------------------------------------------------------------------------------
Event                Count      Time (sec)     Flops                             --- Global ---  --- Stage ---   Total
                   Max Ratio  Max     Ratio   Max  Ratio  Mess   Avg len Reduct  %T %F %M %L %R  %T %F %M %L %R Mflop/s
------------------------------------------------------------------------------------------------------------------------

--- Event Stage 0: Main Stage

VecSet                 2 1.0 3.5286e-05 1.1 0.00e+00 0.0 0.0e+00 0.0e+00 0.0e+00  0  0  0  0  0   0  0  0  0  0     0
VecPointwiseMult       1 1.0 2.7108e-04 1.2 1.28e+04 1.0 0.0e+00 0.0e+00 0.0e+00  0  0  0  0  0   0  1  0  0  0 12088
VecScatterBegin        2 1.0 1.2708e-04 1.1 0.00e+00 0.0 1.5e+03 3.3e+03 0.0e+00  0  0  0  0  0   0  0 21100  0     0
VecScatterEnd          2 1.0 1.0040e-03 5.6 0.00e+00 0.0 0.0e+00 0.0e+00 0.0e+00  0  0  0  0  0   0  0  0  0  0     0
MatMult                1 1.0 7.3211e-03 1.1 5.72e+05 1.0 7.7e+02 3.3e+03 0.0e+00  0  0  0  0  0   7 46 11 50  0 20016
MatMultTranspose       1 1.0 9.1810e-03 1.1 6.73e+05 1.0 7.7e+02 3.3e+03 0.0e+00  0  0  0  0  0   8 53 11 50  0 18759

--- Event Stage 1: Full solve

VecDot                32 1.0 2.3743e-02 5.1 9.58e+05 1.0 0.0e+00 0.0e+00 3.2e+01  0  0  0  0  1   0  0  0  0  1 10331
VecMDot              429 1.0 3.1436e-01 4.0 1.63e+07 1.0 0.0e+00 0.0e+00 4.3e+02  0  0  0  0 13   0  0  0  0 19 13240
VecNorm             1053 1.0 2.5118e+00 1.8 2.53e+07 1.0 0.0e+00 0.0e+00 1.1e+03  0  0  0  0 31   0  0  0  0 47  2576
VecScale             807 1.0 1.2698e-01 1.0 9.77e+06 1.0 0.0e+00 0.0e+00 0.0e+00  0  0  0  0  0   0  0  0  0  0 19698
VecCopy              474 1.0 2.9266e-02 1.0 0.00e+00 0.0 0.0e+00 0.0e+00 0.0e+00  0  0  0  0  0   0  0  0  0  0     0
VecSet              4527 1.0 7.4037e-02 1.1 0.00e+00 0.0 0.0e+00 0.0e+00 0.0e+00  0  0  0  0  0   0  0  0  0  0     0
VecAXPY              551 1.0 1.2690e-01 1.0 1.24e+07 1.0 0.0e+00 0.0e+00 0.0e+00  0  0  0  0  0   0  0  0  0  0 25013
VecAYPX              173 1.0 3.5897e-02 1.0 1.91e+06 1.0 0.0e+00 0.0e+00 0.0e+00  0  0  0  0  0   0  0  0  0  0 13598
VecWAXPY              33 1.0 1.0848e-02 1.0 4.80e+05 1.0 0.0e+00 0.0e+00 0.0e+00  0  0  0  0  0   0  0  0  0  0 11317
VecMAXPY             807 1.0 2.2040e-01 1.0 2.72e+07 1.0 0.0e+00 0.0e+00 0.0e+00  0  0  0  0  0   0  0  0  0  0 31611
VecPointwiseMult      53 1.0 1.7765e-03 1.1 7.05e+04 1.0 0.0e+00 0.0e+00 0.0e+00  0  0  0  0  0   0  0  0  0  0 10164
VecScatterBegin     1557 1.0 2.4958e-01 1.0 0.00e+00 0.0 8.2e+06 7.0e+02 0.0e+00  0  0 54 10  0   0  0 69 14  0     0
VecScatterEnd       1557 1.0 1.8837e+00 2.6 0.00e+00 0.0 0.0e+00 0.0e+00 0.0e+00  0  0  0  0  0   0  0  0  0  0     0
VecReduceArith        10 1.0 1.6529e-02 1.1 4.60e+05 1.0 0.0e+00 0.0e+00 0.0e+00  0  0  0  0  0   0  0  0  0  0  7129
VecReduceComm          5 1.0 1.1927e-02 4.5 0.00e+00 0.0 0.0e+00 0.0e+00 5.0e+00  0  0  0  0  0   0  0  0  0  0     0
VecNormalize         708 1.0 2.2065e+00 2.0 2.29e+07 1.0 0.0e+00 0.0e+00 7.1e+02  0  0  0  0 21   0  0  0  0 32  2655
MatMult              811 1.0 9.9378e+00 1.0 1.06e+09 1.1 1.7e+06 2.2e+03 0.0e+00  1  1 11  6  0   1  2 14  9  0 26206
MatMultAdd           173 1.0 1.8239e-01 1.1 1.27e+07 1.0 1.3e+05 5.4e+02 0.0e+00  0  0  1  0  0   0  0  1  0  0 17895
MatMultTranspose     230 1.0 5.0605e-01 2.1 1.72e+07 1.0 1.8e+05 5.4e+02 0.0e+00  0  0  1  0  0   0  0  1  0  0  8695
MatSolve             956 1.0 1.0982e+01 1.0 1.68e+09 1.0 0.0e+00 0.0e+00 0.0e+00  1  2  0  0  0   2  3  0  0  0 39117
MatLUFactorSym         5 1.0 2.4478e+00 1.0 0.00e+00 0.0 0.0e+00 0.0e+00 5.0e+00  0  0  0  0  0   0  0  0  0  0     0
MatLUFactorNum        32 1.0 6.1132e+02 1.0 5.74e+10 1.0 0.0e+00 0.0e+00 0.0e+00 69 74  0  0  0  90 95  0  0  0 24055
MatCholFctrSym         4 1.0 1.1692e-03 1.3 0.00e+00 0.0 0.0e+00 0.0e+00 0.0e+00  0  0  0  0  0   0  0  0  0  0     0
MatCholFctrNum        53 1.0 3.9524e+00 1.0 4.27e+08 1.0 0.0e+00 0.0e+00 0.0e+00  0  1  0  0  0   1  1  0  0  0 27680
MatICCFactorSym        6 1.0 1.0870e-01 1.0 0.00e+00 0.0 0.0e+00 0.0e+00 0.0e+00  0  0  0  0  0   0  0  0  0  0     0
MatAssemblyBegin     126 1.0 8.1552e-01 2.7 0.00e+00 0.0 2.0e+05 3.9e+04 2.4e+02  0  0  1 14  7   0  0  2 19 11     0
MatAssemblyEnd       126 1.0 9.1201e-01 1.3 0.00e+00 0.0 4.5e+04 1.3e+03 8.8e+01  0  0  0  0  3   0  0  0  0  4     0
MatGetRowIJ           38 1.0 2.8598e-02 1.0 0.00e+00 0.0 0.0e+00 0.0e+00 0.0e+00  0  0  0  0  0   0  0  0  0  0     0
MatGetOrdering        38 1.0 1.6358e-01 1.0 0.00e+00 0.0 0.0e+00 0.0e+00 8.6e+01  0  0  0  0  3   0  0  0  0  4     0
MatZeroEntries        85 1.0 2.7041e-02 1.1 0.00e+00 0.0 0.0e+00 0.0e+00 0.0e+00  0  0  0  0  0   0  0  0  0  0     0
MatGetRedundant       32 1.0 2.5471e+00 1.0 0.00e+00 0.0 2.7e+06 9.6e+03 1.0e+01  0  0 18 46  0   0  0 23 66  0     0
SNESSolve              5 1.0 6.7871e+02 1.0 6.07e+10 1.0 1.2e+07 3.4e+03 2.0e+03 76 78 77 70 58 100100 99100 88 22892
SNESLineSearch        32 1.0 9.8215e+00 1.0 5.58e+07 1.1 2.0e+05 2.0e+03 1.3e+02  1  0  1  1  4   1  0  2  1  6  1403
SNESFunctionEval      38 1.0 1.1396e+01 1.0 0.00e+00 0.0 1.6e+05 1.9e+03 1.0e+01  1  0  1  1  0   2  0  1  1  0     0
SNESJacobianEval      32 1.0 2.2473e+01 1.0 3.74e+06 1.0 4.1e+05 1.9e+04 2.3e+02  3  0  3 14  7   3  0  3 20 10    43
KSPGMRESOrthog       429 1.0 4.5083e-01 2.1 3.25e+07 1.0 0.0e+00 0.0e+00 4.3e+02  0  0  0  0 13   0  0  0  0 19 18465
KSPSetup             202 1.0 9.9549e-03 1.0 0.00e+00 0.0 0.0e+00 0.0e+00 0.0e+00  0  0  0  0  0   0  0  0  0  0     0
KSPSolve              32 1.0 6.4415e+02 1.0 6.07e+10 1.0 1.1e+07 2.8e+03 1.6e+03 72 78 73 56 46  95100 94 79 70 24096
PCSetUp               85 1.0 6.2058e+02 1.0 5.79e+10 1.0 3.4e+06 7.8e+03 1.6e+02 70 75 22 47  5  91 95 29 66  7 23873
PCSetUpOnBlocks      346 1.0 4.0854e+00 1.0 4.27e+08 1.0 0.0e+00 0.0e+00 7.0e+01  0  1  0  0  2   1  1  0  0  3 26779
PCApply               83 1.0 2.7121e+01 1.1 3.02e+09 1.0 7.6e+06 6.0e+02 1.3e+03  3  4 50  8 39   4  5 64 11 59 28193

--- Event Stage 2: Fine-1 solve

VecDot                 4 1.0 3.5648e-03 7.7 1.02e+05 1.0 0.0e+00 0.0e+00 4.0e+00  0  0  0  0  0   0  0  0  0  1  7353
VecMDot               84 1.0 4.4695e-02 5.4 1.40e+06 1.0 0.0e+00 0.0e+00 8.4e+01  0  0  0  0  2   0  0  0  0 24  7997
VecNorm              204 1.0 3.6793e-01 3.5 2.38e+06 1.0 0.0e+00 0.0e+00 2.0e+02  0  0  0  0  6   0  0  0  0 57  1654
VecScale             160 1.0 1.2437e-02 1.0 9.10e+05 1.0 0.0e+00 0.0e+00 0.0e+00  0  0  0  0  0   0  0  0  0  0 18728
VecCopy               88 1.0 3.3085e-03 1.0 0.00e+00 0.0 0.0e+00 0.0e+00 0.0e+00  0  0  0  0  0   0  0  0  0  0     0
VecSet               906 1.0 9.6605e-03 1.1 0.00e+00 0.0 0.0e+00 0.0e+00 0.0e+00  0  0  0  0  0   0  0  0  0  0     0
VecAXPY              112 1.0 1.2156e-02 1.0 1.16e+06 1.0 0.0e+00 0.0e+00 0.0e+00  0  0  0  0  0   0  0  0  0  0 24427
VecAYPX               36 1.0 3.6166e-03 1.0 1.76e+05 1.0 0.0e+00 0.0e+00 0.0e+00  0  0  0  0  0   0  0  0  0  0 12476
VecWAXPY               4 1.0 1.2681e-03 1.1 5.12e+04 1.0 0.0e+00 0.0e+00 0.0e+00  0  0  0  0  0   0  0  0  0  0 10336
VecMAXPY             160 1.0 2.1762e-02 1.0 2.41e+06 1.0 0.0e+00 0.0e+00 0.0e+00  0  0  0  0  0   0  0  0  0  0 28332
VecPointwiseMult      12 1.0 2.3413e-04 1.1 7.68e+03 1.0 0.0e+00 0.0e+00 0.0e+00  0  0  0  0  0   0  0  0  0  0  8397
VecScatterBegin      294 1.0 3.8119e-02 1.0 0.00e+00 0.0 1.2e+06 7.1e+02 0.0e+00  0  0  8  2  0   0  0 80 17  0     0
VecScatterEnd        294 1.0 2.2723e-01 2.2 0.00e+00 0.0 0.0e+00 0.0e+00 0.0e+00  0  0  0  0  0   0  0  0  0  0     0
VecReduceArith         2 1.0 1.8468e-03 1.1 5.12e+04 1.0 0.0e+00 0.0e+00 0.0e+00  0  0  0  0  0   0  0  0  0  0  7097
VecReduceComm          1 1.0 2.4440e-0378.9 0.00e+00 0.0 0.0e+00 0.0e+00 1.0e+00  0  0  0  0  0   0  0  0  0  0     0
VecNormalize         144 1.0 3.3528e-01 4.5 2.12e+06 1.0 0.0e+00 0.0e+00 1.4e+02  0  0  0  0  4   0  0  0  0 40  1615
MatMult              160 1.0 9.2416e-01 1.1 9.92e+07 1.2 3.3e+05 1.7e+03 0.0e+00  0  0  2  1  0   1  1 21 11  0 25687
MatMultAdd            36 1.0 1.9910e-02 1.1 1.17e+06 1.0 2.8e+04 4.1e+02 0.0e+00  0  0  0  0  0   0  0  2  0  0 15064
MatMultTranspose      48 1.0 7.7178e-02 3.0 1.56e+06 1.0 3.7e+04 4.1e+02 0.0e+00  0  0  0  0  0   0  0  2  0  0  5182
MatSolve             192 1.0 1.1020e+00 1.0 1.80e+08 1.0 0.0e+00 0.0e+00 0.0e+00  0  0  0  0  0   1  2  0  0  0 41826
MatLUFactorNum         4 1.0 7.6432e+01 1.0 7.18e+09 1.0 0.0e+00 0.0e+00 0.0e+00  9  9  0  0  0  92 96  0  0  0 24050
MatCholFctrNum        12 1.0 4.0637e-01 1.0 4.37e+07 1.0 0.0e+00 0.0e+00 0.0e+00  0  0  0  0  0   0  1  0  0  0 27502
MatAssemblyBegin      20 1.0 9.7902e-02 2.4 0.00e+00 0.0 3.7e+04 3.6e+04 4.4e+01  0  0  0  2  1   0  0  2 25 12     0
MatAssemblyEnd        20 1.0 1.0473e-01 1.8 0.00e+00 0.0 0.0e+00 0.0e+00 0.0e+00  0  0  0  0  0   0  0  0  0  0     0
MatGetRowIJ            8 1.0 4.1008e-05 1.2 0.00e+00 0.0 0.0e+00 0.0e+00 0.0e+00  0  0  0  0  0   0  0  0  0  0     0
MatGetOrdering         8 1.0 2.0001e-03 1.0 0.00e+00 0.0 0.0e+00 0.0e+00 1.6e+01  0  0  0  0  0   0  0  0  0  4     0
MatZeroEntries        16 1.0 3.0253e-03 1.2 0.00e+00 0.0 0.0e+00 0.0e+00 0.0e+00  0  0  0  0  0   0  0  0  0  0     0
MatGetRedundant        4 1.0 3.1000e-01 1.1 0.00e+00 0.0 2.6e+05 1.2e+04 0.0e+00  0  0  2  5  0   0  0 17 58  0     0
SNESSolve              1 1.0 8.3121e+01 1.0 7.51e+09 1.0 1.5e+06 3.4e+03 3.6e+02  9 10 10  9 11 100100100100100 23125
SNESLineSearch         4 1.0 1.0390e+00 1.0 5.99e+06 1.1 2.5e+04 2.8e+03 1.6e+01  0  0  0  0  0   1  0  2  1  4  1394
SNESFunctionEval       5 1.0 1.2139e+00 1.0 0.00e+00 0.0 2.0e+04 2.6e+03 0.0e+00  0  0  0  0  0   1  0  1  1  0     0
SNESJacobianEval       4 1.0 2.3978e+00 1.0 3.98e+05 1.0 7.9e+04 1.7e+04 4.4e+01  0  0  1  2  1   3  0  5 26 12    43
KSPGMRESOrthog        84 1.0 5.9034e-02 2.6 2.79e+06 1.0 0.0e+00 0.0e+00 8.4e+01  0  0  0  0  2   0  0  0  0 24 12109
KSPSetup              36 1.0 1.6499e-04 1.1 0.00e+00 0.0 0.0e+00 0.0e+00 0.0e+00  0  0  0  0  0   0  0  0  0  0     0
KSPSolve               4 1.0 7.9435e+01 1.0 7.51e+09 1.0 1.4e+06 2.7e+03 2.9e+02  9 10  9  7  9  96100 93 73 82 24177
PCSetUp               16 1.0 7.7147e+01 1.0 7.22e+09 1.0 2.6e+05 1.2e+04 1.6e+01  9  9  2  5  0  93 96 17 58  4 23972
PCSetUpOnBlocks       72 1.0 4.0970e-01 1.0 4.37e+07 1.0 0.0e+00 0.0e+00 1.6e+01  0  0  0  0  0   0  1  0  0  4 27278
PCApply               12 1.0 2.7625e+00 1.1 3.09e+08 1.0 1.1e+06 6.0e+02 2.7e+02  0  0  7  1  8   3  4 74 13 75 28135

--- Event Stage 3: Fine-only solve

VecDot                 4 1.0 1.6701e-02 5.2 8.03e+05 1.0 0.0e+00 0.0e+00 4.0e+00  0  0  0  0  0   0  0  0  0  1 12306
VecMDot              126 1.0 2.2318e-01 4.1 1.39e+07 1.0 0.0e+00 0.0e+00 1.3e+02  0  0  0  0  4   0  0  0  0 24 15907
VecNorm              306 1.0 1.0988e+00 1.4 2.13e+07 1.0 0.0e+00 0.0e+00 3.1e+02  0  0  0  0  9   1  0  0  0 59  4968
VecScale             242 1.0 1.0433e-01 1.0 8.25e+06 1.0 0.0e+00 0.0e+00 0.0e+00  0  0  0  0  0   0  0  0  0  0 20240
VecCopy              128 1.0 2.2568e-02 1.0 0.00e+00 0.0 0.0e+00 0.0e+00 0.0e+00  0  0  0  0  0   0  0  0  0  0     0
VecSet              1364 1.0 4.9205e-02 1.1 0.00e+00 0.0 0.0e+00 0.0e+00 0.0e+00  0  0  0  0  0   0  0  0  0  0     0
VecAXPY              172 1.0 1.0582e-01 1.0 1.05e+07 1.0 0.0e+00 0.0e+00 0.0e+00  0  0  0  0  0   0  0  0  0  0 25321
VecAYPX               56 1.0 2.9444e-02 1.0 1.61e+06 1.0 0.0e+00 0.0e+00 0.0e+00  0  0  0  0  0   0  0  0  0  0 14003
VecWAXPY               4 1.0 8.7724e-03 1.0 4.01e+05 1.0 0.0e+00 0.0e+00 0.0e+00  0  0  0  0  0   0  0  0  0  0 11714
VecMAXPY             242 1.0 1.8277e-01 1.0 2.31e+07 1.0 0.0e+00 0.0e+00 0.0e+00  0  0  0  0  0   0  0  0  0  0 32384
VecPointwiseMult      16 1.0 1.3237e-03 1.2 5.89e+04 1.0 0.0e+00 0.0e+00 0.0e+00  0  0  0  0  0   0  0  0  0  0 11387
VecScatterBegin      428 1.0 8.5412e-02 1.0 0.00e+00 0.0 1.6e+06 2.0e+03 0.0e+00  0  0 10  6  0   0  0 84 27  0     0
VecScatterEnd        428 1.0 7.3239e-01 4.7 0.00e+00 0.0 0.0e+00 0.0e+00 0.0e+00  0  0  0  0  0   0  0  0  0  0     0
VecReduceArith         2 1.0 1.4370e-02 1.1 4.01e+05 1.0 0.0e+00 0.0e+00 0.0e+00  0  0  0  0  0   0  0  0  0  0  7151
VecReduceComm          1 1.0 9.0249e-03264.7 0.00e+00 0.0 0.0e+00 0.0e+00 1.0e+00  0  0  0  0  0   0  0  0  0  0     0
VecNormalize         224 1.0 8.6945e-01 1.6 1.93e+07 1.0 0.0e+00 0.0e+00 2.2e+02  0  0  0  0  7   1  0  0  0 43  5691
MatMult              242 1.0 8.3240e+00 1.0 8.93e+08 1.1 5.0e+05 5.0e+03 0.0e+00  1  1  3  4  0   6  9 26 22  0 26539
MatMultAdd            56 1.0 1.4123e-01 1.0 1.08e+07 1.0 4.3e+04 1.1e+03 0.0e+00  0  0  0  0  0   0  0  2  0  0 19550
MatMultTranspose      72 1.0 4.1488e-01 2.2 1.39e+07 1.0 5.5e+04 1.1e+03 0.0e+00  0  0  0  0  0   0  0  3  1  0  8557
MatSolve             294 1.0 6.8692e+00 1.0 9.21e+08 1.0 0.0e+00 0.0e+00 0.0e+00  1  1  0  0  0   5 10  0  0  0 34306
MatLUFactorNum         4 1.0 7.6445e+01 1.0 7.18e+09 1.0 0.0e+00 0.0e+00 0.0e+00  9  9  0  0  0  61 76  0  0  0 24046
MatCholFctrNum        16 1.0 3.2942e+00 1.0 3.53e+08 1.0 0.0e+00 0.0e+00 0.0e+00  0  0  0  0  0   3  4  0  0  0 27465
MatAssemblyBegin      24 1.0 5.5671e-01 3.3 0.00e+00 0.0 4.6e+04 1.2e+05 5.6e+01  0  0  0  9  2   0  0  2 46 11     0
MatAssemblyEnd        24 1.0 3.9610e-01 2.1 0.00e+00 0.0 0.0e+00 0.0e+00 0.0e+00  0  0  0  0  0   0  0  0  0  0     0
MatGetRowIJ           12 1.0 6.1274e-05 1.1 0.00e+00 0.0 0.0e+00 0.0e+00 0.0e+00  0  0  0  0  0   0  0  0  0  0     0
MatGetOrdering        12 1.0 1.2697e-02 1.0 0.00e+00 0.0 0.0e+00 0.0e+00 2.4e+01  0  0  0  0  1   0  0  0  0  5     0
MatZeroEntries        20 1.0 2.2061e-02 1.1 0.00e+00 0.0 0.0e+00 0.0e+00 0.0e+00  0  0  0  0  0   0  0  0  0  0     0
MatGetRedundant        4 1.0 3.0879e-01 1.1 0.00e+00 0.0 2.6e+05 1.2e+04 0.0e+00  0  0  2  5  0   0  0 14 26  0     0
SNESSolve              1 1.0 1.2543e+02 1.0 9.45e+09 1.0 1.9e+06 6.1e+03 5.2e+02 14 12 12 20 15 100100100100100 19231
SNESLineSearch         4 1.0 8.2172e+00 1.0 4.67e+07 1.1 2.5e+04 1.1e+04 1.6e+01  1  0  0  0  0   7  0  1  2  3  1412
SNESFunctionEval       5 1.0 9.6414e+00 1.0 0.00e+00 0.0 2.0e+04 9.7e+03 0.0e+00  1  0  0  0  0   8  0  1  2  0     0
SNESJacobianEval       4 1.0 1.8781e+01 1.0 3.14e+06 1.0 9.9e+04 5.5e+04 5.6e+01  2  0  1 10  2  15  0  5 47 11    43
KSPGMRESOrthog       126 1.0 3.3200e-01 2.0 2.77e+07 1.0 0.0e+00 0.0e+00 1.3e+02  0  0  0  0  4   0  0  0  0 24 21387
KSPSetup              44 1.0 1.9717e-04 1.1 0.00e+00 0.0 0.0e+00 0.0e+00 0.0e+00  0  0  0  0  0   0  0  0  0  0     0
KSPSolve               4 1.0 9.6463e+01 1.0 9.40e+09 1.0 1.7e+06 3.3e+03 4.4e+02 11 12 11 10 13  77 99 93 50 85 24875
PCSetUp               20 1.0 8.0055e+01 1.0 7.53e+09 1.0 2.6e+05 1.2e+04 2.4e+01  9 10  2  5  1  64 80 14 26  5 24092
PCSetUpOnBlocks      112 1.0 3.3089e+00 1.0 3.53e+08 1.0 0.0e+00 0.0e+00 2.4e+01  0  0  0  0  1   3  4  0  0  5 27343
PCApply               14 1.0 1.8338e+01 1.0 2.05e+09 1.0 1.5e+06 1.6e+03 4.2e+02  2  3 10  4 12  14 21 78 20 80 28227
------------------------------------------------------------------------------------------------------------------------

Memory usage is given in bytes:

Object Type          Creations   Destructions     Memory  Descendants' Mem.
Reports information only for process 0.

--- Event Stage 0: Main Stage

           Container     0              5         1500     0
 Toy Hydrostatic Ice     0              1          500     0
   Distributed array     0             10       575224     0
                 Vec     0            316     45990856     0
         Vec Scatter     0             47        28388     0
           Index Set     0             25       764500     0
   IS L to G Mapping     0             20       828592     0
              Matrix     0             59    314735644     0
                SNES     0              5         3740     0
       Krylov Solver     0             35       275224     0
      Preconditioner     0             35        18044     0
              Viewer     0              1          400     0

--- Event Stage 1: Full solve

           Container     5              0            0     0
 Toy Hydrostatic Ice     1              0            0     0
   Distributed array    10              0            0     0
                 Vec   396             80      2050608     0
         Vec Scatter    47              0            0     0
           Index Set   185            160      3191132     0
   IS L to G Mapping    20              0            0     0
              Matrix    59              0            0     0
                SNES     5              0            0     0
       Krylov Solver    35              0            0     0
      Preconditioner    35              0            0     0
              Viewer     1              0            0     0

--- Event Stage 2: Fine-1 solve

                 Vec     4              4         4400     0
           Index Set    16             16       237376     0

--- Event Stage 3: Fine-only solve

                 Vec     4              4         4400     0
           Index Set    24             24      1845984     0
========================================================================================================================
Average time to get PetscTime(): 3.50475e-06
Average time for MPI_Barrier(): 2.38419e-06
Average time for zero size MPI_Send(): 1.12616e-05
#PETSc Option Table entries:
-M 32
-P 4
-dmmg_form_function_ghost 1
-dmmg_grid_sequence 1
-ksp_converged_reason
-ksp_monitor
-ksp_rtol 1e-2
-log_summary
-mg_levels_1_sub_pc_type cholesky
-pc_mg_type multiplicative
-repeat_fine_solve 1
-snes_converged_reason
-snes_monitor
-thi_L 80e3
-thi_friction_m 0.3
-thi_hom z
-thi_nlevels 5
#End of PETSc Option Table entries
Compiled without FORTRAN kernels
Compiled with full precision matrices (default)
sizeof(short) 2 sizeof(int) 4 sizeof(long) 4 sizeof(void*) 4 sizeof(PetscScalar) 8
Configure run at: Mon Sep 13 22:38:37 2010
Configure options: --with-x=0 --with-is-color-value-type=short --with-debugging=1 --with-fortran-kernels=1 --with-mpi-dir=/bgsys/drivers/ppcfloor/comm --with-batch=1 --known-mpi-shared-libraries=1 --known-memcmp-ok --known-sizeof-char=1 --known-sizeof-void-p=4 --known-sizeof-short=2 --known-sizeof-int=4 --known-sizeof-long=4 --known-sizeof-size_t=4 --known-sizeof-long-long=8 --known-sizeof-float=4 --known-sizeof-double=8 --known-bits-per-byte=8 --known-sizeof-MPI_Comm=4 --known-sizeof-MPI_Fint=4 --known-mpi-long-double=1 --known-level1-dcache-assoc=0 --known-level1-dcache-linesize=32 --known-level1-dcache-size=32768 --download-c-blas-lapack=yes --with-shared=0 --prefix=/opt/share/ksl/petsc/dev-aug30/ppc450d-bgp_xlc_ref --with-clanguage=c --cflags= --CXXFLAGS= LIBS=" " --CC=/bgsys/drivers/ppcfloor/comm/xl/bin/mpixlc_r --CXX=/bgsys/drivers/ppcfloor/comm/xl/bin/mpixlcxx_r --with-fortran=0 --with-debugging=0 --with-fortran-kernels=0 PETSC_ARCH=bgp-xlc-ref
-----------------------------------------
Libraries compiled on Mon Sep 13 22:38:37 2010 on fen1 
Machine characteristics: Linux-2.6.16.60-0.66.1-ppc64-ppc64-with-SuSE-10-ppc
Using PETSc directory: /scratch/aron/sandbox/process/installs/builddir_ppc64/petsc-dev-aug30-bgp_xlc_ref/petsc-dev-16784
Using PETSc arch: bgp-xlc-ref
-----------------------------------------

Using C compiler: /bgsys/drivers/ppcfloor/comm/xl/bin/mpixlc_r  -O  ${COPTFLAGS} ${CFLAGS}
-----------------------------------------

Using include paths: -I/scratch/aron/sandbox/process/installs/builddir_ppc64/petsc-dev-aug30-bgp_xlc_ref/petsc-dev-16784/bgp-xlc-ref/include -I/scratch/aron/sandbox/process/installs/builddir_ppc64/petsc-dev-aug30-bgp_xlc_ref/petsc-dev-16784/include -I/bgsys/drivers/ppcfloor/comm/include
-----------------------------------------

Using C linker: /bgsys/drivers/ppcfloor/comm/xl/bin/mpixlc_r
Using libraries: -Wl,-rpath,/scratch/aron/sandbox/process/installs/builddir_ppc64/petsc-dev-aug30-bgp_xlc_ref/petsc-dev-16784/bgp-xlc-ref/lib -L/scratch/aron/sandbox/process/installs/builddir_ppc64/petsc-dev-aug30-bgp_xlc_ref/petsc-dev-16784/bgp-xlc-ref/lib -lpetscts -lpetscsnes -lpetscksp -lpetscdm -lpetscmat -lpetscvec -lpetscsys -Wl,-rpath,/scratch/aron/sandbox/process/installs/builddir_ppc64/petsc-dev-aug30-bgp_xlc_ref/petsc-dev-16784/bgp-xlc-ref/lib -L/scratch/aron/sandbox/process/installs/builddir_ppc64/petsc-dev-aug30-bgp_xlc_ref/petsc-dev-16784/bgp-xlc-ref/lib -lf2clapack -lf2cblas -lnsl -lrt -ldl 
-----------------------------------------

