Level 0 domain size (m)    8e+04 x    8e+04 x    1e+03, num elements  32 x  32 x   4 (    4096), size (m) 2500 x 2500 x 333.333
Level 1 domain size (m)    8e+04 x    8e+04 x    1e+03, num elements  64 x  64 x   7 (   28672), size (m) 1250 x 1250 x 166.667
Level 2 domain size (m)    8e+04 x    8e+04 x    1e+03, num elements 128 x 128 x  13 (  212992), size (m) 625 x 625 x 83.3333
Level 3 domain size (m)    8e+04 x    8e+04 x    1e+03, num elements 256 x 256 x  25 ( 1638400), size (m) 312.5 x 312.5 x 41.6667
Level 4 domain size (m)    8e+04 x    8e+04 x    1e+03, num elements 512 x 512 x  49 (12845056), size (m) 156.25 x 156.25 x 20.8333
          0 SNES Function norm 9.474957067903e+02 
Linear solve converged due to CONVERGED_ITS iterations 1
          1 SNES Function norm 8.805826102181e+02 
Linear solve converged due to CONVERGED_ITS iterations 1
          2 SNES Function norm 7.345585944548e+02 
Linear solve converged due to CONVERGED_ITS iterations 1
          3 SNES Function norm 5.330294830563e+02 
Linear solve converged due to CONVERGED_ITS iterations 1
          4 SNES Function norm 2.881865829915e+02 
Linear solve converged due to CONVERGED_ITS iterations 1
          5 SNES Function norm 7.699210085814e+01 
Linear solve converged due to CONVERGED_ITS iterations 1
          6 SNES Function norm 4.571010551255e+00 
Linear solve converged due to CONVERGED_ITS iterations 1
          7 SNES Function norm 1.481750413347e-02 
Linear solve converged due to CONVERGED_ITS iterations 1
          8 SNES Function norm 1.634425431631e-07 
Nonlinear solve converged due to CONVERGED_FNORM_RELATIVE
        0 SNES Function norm 3.441216820259e+02 
          0 KSP Residual norm 3.441216820259e+02 
          1 KSP Residual norm 5.163656990616e+00 
          2 KSP Residual norm 2.099303728506e-01 
Linear solve converged due to CONVERGED_RTOL iterations 2
        1 SNES Function norm 2.520368920778e+01 
          0 KSP Residual norm 2.520368920778e+01 
          1 KSP Residual norm 2.109321502594e+00 
          2 KSP Residual norm 2.548741831543e-01 
          3 KSP Residual norm 5.041704086316e-02 
Linear solve converged due to CONVERGED_RTOL iterations 3
        2 SNES Function norm 6.129860609481e+00 
          0 KSP Residual norm 6.129860609481e+00 
          1 KSP Residual norm 4.140644868787e-01 
          2 KSP Residual norm 6.396149177166e-02 
          3 KSP Residual norm 9.928157195285e-03 
Linear solve converged due to CONVERGED_RTOL iterations 3
        3 SNES Function norm 3.411276633428e+00 
          0 KSP Residual norm 3.411276633428e+00 
          1 KSP Residual norm 2.044638956704e-01 
          2 KSP Residual norm 4.087617738745e-02 
          3 KSP Residual norm 7.364950804388e-03 
Linear solve converged due to CONVERGED_RTOL iterations 3
        4 SNES Function norm 1.551877695114e+00 
          0 KSP Residual norm 1.551877695114e+00 
          1 KSP Residual norm 1.360759687050e-01 
          2 KSP Residual norm 3.268871587813e-02 
          3 KSP Residual norm 6.085972771328e-03 
Linear solve converged due to CONVERGED_RTOL iterations 3
        5 SNES Function norm 2.260592904378e-01 
          0 KSP Residual norm 2.260592904378e-01 
          1 KSP Residual norm 1.568044529247e-02 
          2 KSP Residual norm 3.228653188970e-03 
          3 KSP Residual norm 5.626514683296e-04 
Linear solve converged due to CONVERGED_RTOL iterations 3
        6 SNES Function norm 9.801811402542e-03 
          0 KSP Residual norm 9.801811402542e-03 
          1 KSP Residual norm 6.203311219584e-04 
          2 KSP Residual norm 1.091166247567e-04 
          3 KSP Residual norm 2.083133494011e-05 
Linear solve converged due to CONVERGED_RTOL iterations 3
        7 SNES Function norm 2.990063508755e-05 
          0 KSP Residual norm 2.990063508755e-05 
          1 KSP Residual norm 6.196776257786e-06 
          2 KSP Residual norm 1.587093291078e-06 
          3 KSP Residual norm 3.097370855391e-07 
          4 KSP Residual norm 5.532976847913e-08 
Linear solve converged due to CONVERGED_RTOL iterations 4
        8 SNES Function norm 5.534218330892e-08 
Nonlinear solve converged due to CONVERGED_FNORM_RELATIVE
      0 SNES Function norm 1.243736279886e+02 
        0 KSP Residual norm 1.243736279886e+02 
        1 KSP Residual norm 1.522145964408e+00 
        2 KSP Residual norm 9.569747002696e-02 
Linear solve converged due to CONVERGED_RTOL iterations 2
      1 SNES Function norm 2.723274057466e+00 
        0 KSP Residual norm 2.723274057466e+00 
        1 KSP Residual norm 3.255331596494e-01 
        2 KSP Residual norm 5.677427215126e-02 
        3 KSP Residual norm 1.607880204010e-02 
Linear solve converged due to CONVERGED_RTOL iterations 3
      2 SNES Function norm 5.663077136482e-01 
        0 KSP Residual norm 5.663077136482e-01 
        1 KSP Residual norm 4.454995317739e-02 
        2 KSP Residual norm 6.945625196604e-03 
        3 KSP Residual norm 1.425569916970e-03 
Linear solve converged due to CONVERGED_RTOL iterations 3
      3 SNES Function norm 3.455596038835e-01 
        0 KSP Residual norm 3.455596038835e-01 
        1 KSP Residual norm 2.168865833099e-02 
        2 KSP Residual norm 2.463395404002e-03 
Linear solve converged due to CONVERGED_RTOL iterations 2
      4 SNES Function norm 1.998314812677e-02 
        0 KSP Residual norm 1.998314812677e-02 
        1 KSP Residual norm 2.102379913997e-03 
        2 KSP Residual norm 3.929768451250e-04 
        3 KSP Residual norm 9.972570459902e-05 
Linear solve converged due to CONVERGED_RTOL iterations 3
      5 SNES Function norm 4.319989867083e-04 
        0 KSP Residual norm 4.319989867083e-04 
        1 KSP Residual norm 5.341565891412e-05 
        2 KSP Residual norm 1.438386199076e-05 
        3 KSP Residual norm 4.664477061607e-06 
        4 KSP Residual norm 1.957523785139e-06 
Linear solve converged due to CONVERGED_RTOL iterations 4
      6 SNES Function norm 1.963521791169e-06 
        0 KSP Residual norm 1.963521791169e-06 
        1 KSP Residual norm 9.923951927277e-07 
        2 KSP Residual norm 2.949418613336e-07 
        3 KSP Residual norm 8.181041272569e-08 
        4 KSP Residual norm 2.405500931252e-08 
        5 KSP Residual norm 5.775181725562e-09 
Linear solve converged due to CONVERGED_RTOL iterations 5
      7 SNES Function norm 5.775276267448e-09 
Nonlinear solve converged due to CONVERGED_FNORM_RELATIVE
    0 SNES Function norm 4.444819387251e+01 
      0 KSP Residual norm 4.444819387251e+01 
      1 KSP Residual norm 3.653466853730e-01 
Linear solve converged due to CONVERGED_RTOL iterations 1
    1 SNES Function norm 4.744242920857e-01 
      0 KSP Residual norm 4.744242920857e-01 
      1 KSP Residual norm 7.043820621296e-02 
      2 KSP Residual norm 8.981501506700e-03 
      3 KSP Residual norm 2.346089233862e-03 
Linear solve converged due to CONVERGED_RTOL iterations 3
    2 SNES Function norm 2.957536932142e-02 
      0 KSP Residual norm 2.957536932142e-02 
      1 KSP Residual norm 2.516974566969e-03 
      2 KSP Residual norm 5.682095367504e-04 
      3 KSP Residual norm 2.037410561293e-04 
Linear solve converged due to CONVERGED_RTOL iterations 3
    3 SNES Function norm 1.722626622452e-03 
      0 KSP Residual norm 1.722626622452e-03 
      1 KSP Residual norm 1.356200554293e-04 
      2 KSP Residual norm 6.528472951424e-05 
      3 KSP Residual norm 1.976697841929e-05 
      4 KSP Residual norm 7.017596187597e-06 
Linear solve converged due to CONVERGED_RTOL iterations 4
    4 SNES Function norm 1.100172670686e-05 
      0 KSP Residual norm 1.100172670686e-05 
      1 KSP Residual norm 3.997096069201e-06 
      2 KSP Residual norm 1.290590654907e-06 
      3 KSP Residual norm 5.289322538734e-07 
      4 KSP Residual norm 1.769700164276e-07 
      5 KSP Residual norm 5.251130389069e-08 
Linear solve converged due to CONVERGED_RTOL iterations 5
    5 SNES Function norm 5.250670339393e-08 
Nonlinear solve converged due to CONVERGED_FNORM_RELATIVE
  0 SNES Function norm 1.579842131406e+01 
    0 KSP Residual norm 1.579842131406e+01 
    1 KSP Residual norm 1.068991758187e-01 
Linear solve converged due to CONVERGED_RTOL iterations 1
  1 SNES Function norm 1.128847725756e-01 
    0 KSP Residual norm 1.128847725756e-01 
    1 KSP Residual norm 1.291802898298e-02 
    2 KSP Residual norm 2.468036200009e-03 
    3 KSP Residual norm 6.371829543271e-04 
Linear solve converged due to CONVERGED_RTOL iterations 3
  2 SNES Function norm 1.749752396150e-03 
    0 KSP Residual norm 1.749752396150e-03 
    1 KSP Residual norm 2.704611206037e-04 
    2 KSP Residual norm 1.056716120822e-04 
    3 KSP Residual norm 3.578339549268e-05 
    4 KSP Residual norm 1.418675345338e-05 
Linear solve converged due to CONVERGED_RTOL iterations 4
  3 SNES Function norm 2.538467948691e-05 
    0 KSP Residual norm 2.538467948691e-05 
    1 KSP Residual norm 8.053969368660e-06 
    2 KSP Residual norm 3.602446778191e-06 
    3 KSP Residual norm 1.272972977958e-06 
    4 KSP Residual norm 5.089536826657e-07 
    5 KSP Residual norm 1.727004124977e-07 
Linear solve converged due to CONVERGED_RTOL iterations 5
  4 SNES Function norm 1.727999666861e-07 
Nonlinear solve converged due to CONVERGED_PNORM_RELATIVE
Solution statistics after solve: Full
CONVERGED_PNORM_RELATIVE: Number of Newton iterations = 4, total linear iterations = 13
|X|_2 305483   u in [6.21732, 195.742]   v in [-4.65804, 5.18416]   c in [6.21737, 195.743] 
Surface statistics: u in [8.286111e+00, 1.957420e+02] mean 7.833665e+01
Global eta range   [2.65289e+10, 9.2273e+12], converged range [2.65433e+10, 7.13265e+12]
Global beta2 range [5.64957e+09, 2.25533e+13], converged range [5.65026e+09, 1.28662e+10]

    0 SNES Function norm 2.066374757933e+01 
      0 KSP Residual norm 2.066374757933e+01 
      1 KSP Residual norm 1.778461013063e-01 
Linear solve converged due to CONVERGED_RTOL iterations 1
    1 SNES Function norm 1.245585906422e+00 
      0 KSP Residual norm 1.245585906422e+00 
      1 KSP Residual norm 2.190720740988e-02 
      2 KSP Residual norm 1.441747366034e-03 
Linear solve converged due to CONVERGED_RTOL iterations 2
    2 SNES Function norm 5.008045828393e-03 
      0 KSP Residual norm 5.008045828393e-03 
      1 KSP Residual norm 3.642906034683e-04 
      2 KSP Residual norm 1.108320853757e-04 
      3 KSP Residual norm 3.017429616538e-05 
Linear solve converged due to CONVERGED_RTOL iterations 3
    3 SNES Function norm 3.003894428274e-05 
      0 KSP Residual norm 3.003894428274e-05 
      1 KSP Residual norm 9.170880891223e-06 
      2 KSP Residual norm 3.135591701731e-06 
      3 KSP Residual norm 9.863572870570e-07 
      4 KSP Residual norm 3.017619365784e-07 
      5 KSP Residual norm 1.150583618027e-07 
Linear solve converged due to CONVERGED_RTOL iterations 5
    4 SNES Function norm 1.150323177202e-07 
Nonlinear solve converged due to CONVERGED_FNORM_RELATIVE
Solution statistics after solve: Fine-1
CONVERGED_FNORM_RELATIVE: Number of Newton iterations = 4, total linear iterations = 11
|X|_2 108853   u in [6.21734, 195.685]   v in [-4.6564, 5.18231]   c in [6.21739, 195.686] 
Surface statistics: u in [8.285205e+00, 1.956854e+02] mean 7.831558e+01
Global eta range   [2.65289e+10, 9.2273e+12], converged range [2.71094e+10, 4.92155e+12]
Global beta2 range [5.59343e+09, 2.25533e+13], converged range [5.65055e+09, 1.28111e+10]

  0 SNES Function norm 1.579842131416e+01 
    0 KSP Residual norm 1.579842131416e+01 
    1 KSP Residual norm 1.068991756832e-01 
Linear solve converged due to CONVERGED_RTOL iterations 1
  1 SNES Function norm 1.128847711580e-01 
    0 KSP Residual norm 1.128847711580e-01 
    1 KSP Residual norm 1.291802897772e-02 
    2 KSP Residual norm 2.468035974841e-03 
    3 KSP Residual norm 6.371828526382e-04 
Linear solve converged due to CONVERGED_RTOL iterations 3
  2 SNES Function norm 1.749751743948e-03 
    0 KSP Residual norm 1.749751743948e-03 
    1 KSP Residual norm 2.704610233019e-04 
    2 KSP Residual norm 1.056716068526e-04 
    3 KSP Residual norm 3.578339764493e-05 
    4 KSP Residual norm 1.418674975805e-05 
Linear solve converged due to CONVERGED_RTOL iterations 4
  3 SNES Function norm 2.538465960385e-05 
    0 KSP Residual norm 2.538465960385e-05 
    1 KSP Residual norm 8.053965898390e-06 
    2 KSP Residual norm 3.602442570338e-06 
    3 KSP Residual norm 1.272973475959e-06 
    4 KSP Residual norm 5.089539449931e-07 
    5 KSP Residual norm 1.727003149374e-07 
Linear solve converged due to CONVERGED_RTOL iterations 5
  4 SNES Function norm 1.727998251701e-07 
Nonlinear solve converged due to CONVERGED_PNORM_RELATIVE
Solution statistics after solve: Fine
CONVERGED_PNORM_RELATIVE: Number of Newton iterations = 4, total linear iterations = 13
|X|_2 305483   u in [6.21732, 195.742]   v in [-4.65804, 5.18416]   c in [6.21737, 195.743] 
Surface statistics: u in [8.286111e+00, 1.957420e+02] mean 7.833665e+01
Global eta range   [2.65289e+10, 9.2273e+12], converged range [2.65433e+10, 7.13265e+12]
Global beta2 range [5.59343e+09, 2.25533e+13], converged range [5.65026e+09, 1.28662e+10]

************************************************************************************************************************
***             WIDEN YOUR WINDOW TO 120 CHARACTERS.  Use 'enscript -r -fCourier9' to print this document            ***
************************************************************************************************************************

---------------------------------------------- PETSc Performance Summary: ----------------------------------------------

./ex48 on a bgp-xlc-r named ionode59 with 64 processors, by Unknown Tue Sep 14 00:46:08 2010
Using Petsc Development HG revision: aeb2eea2e3ddfd0635951d6560aa7114704dab25  HG Date: Sat Aug 21 15:26:55 2010 -0500

                         Max       Max/Min        Avg      Total 
Time (sec):           5.734e+02      1.00000   5.734e+02
Objects:              8.510e+02      1.00000   8.510e+02
Flops:                2.040e+10      1.00774   2.031e+10  1.300e+12
Flops/sec:            3.557e+07      1.00774   3.542e+07  2.267e+09
MPI Messages:         9.658e+05      1.61518   7.025e+05  4.496e+07
MPI Message Lengths:  1.225e+09      2.36712   1.012e+03  4.549e+10
MPI Reductions:       3.566e+03      1.00000

Flop counting convention: 1 flop = 1 real number operation of type (multiply/divide/add/subtract)
                            e.g., VecAXPY() for real vectors of length N --> 2N flops
                            and VecAXPY() for complex vectors of length N --> 8N flops

Summary of Stages:   ----- Time ------  ----- Flops -----  --- Messages ---  -- Message Lengths --  -- Reductions --
                        Avg     %Total     Avg     %Total   counts   %Total     Avg         %Total   counts   %Total 
 0:      Main Stage: 1.8768e-01   0.0%  3.2204e+08   0.0%  3.045e+03   0.0%  5.587e-02        0.0%  1.500e+01   0.4% 
 1:      Full solve: 3.3677e+02  58.7%  6.9869e+11  53.8%  3.587e+07  79.8%  7.471e+02       73.8%  2.316e+03  64.9% 
 2:    Fine-1 solve: 3.6062e+01   6.3%  6.7683e+10   5.2%  4.518e+06  10.0%  9.852e+01        9.7%  3.670e+02  10.3% 
 3: Fine-only solve: 2.0039e+02  34.9%  5.3311e+11  41.0%  4.573e+06  10.2%  1.663e+02       16.4%  5.300e+02  14.9% 

------------------------------------------------------------------------------------------------------------------------
See the 'Profiling' chapter of the users' manual for details on interpreting output.
Phase summary info:
   Count: number of times phase was executed
   Time and Flops: Max - maximum over all processors
                   Ratio - ratio of maximum to minimum over all processors
   Mess: number of messages sent
   Avg. len: average message length
   Reduct: number of global reductions
   Global: entire computation
   Stage: stages of a computation. Set stages with PetscLogStagePush() and PetscLogStagePop().
      %T - percent time in this phase         %F - percent flops in this phase
      %M - percent messages in this phase     %L - percent message lengths in this phase
      %R - percent reductions in this phase
   Total Mflop/s: 10e-6 * (sum of flops over all processors)/(max time over all processors)
------------------------------------------------------------------------------------------------------------------------
Event                Count      Time (sec)     Flops                             --- Global ---  --- Stage ---   Total
                   Max Ratio  Max     Ratio   Max  Ratio  Mess   Avg len Reduct  %T %F %M %L %R  %T %F %M %L %R Mflop/s
------------------------------------------------------------------------------------------------------------------------

--- Event Stage 0: Main Stage

VecSet                 2 1.0 1.0204e-04 1.0 0.00e+00 0.0 0.0e+00 0.0e+00 0.0e+00  0  0  0  0  0   0  0  0  0  0     0
VecPointwiseMult       1 1.0 1.0619e-03 1.2 5.12e+04 1.0 0.0e+00 0.0e+00 0.0e+00  0  0  0  0  0   1  1  0  0  0  3086
VecScatterBegin        2 1.0 1.7619e-04 1.0 0.00e+00 0.0 3.8e+02 6.5e+03 0.0e+00  0  0  0  0  0   0  0 13 99  0     0
VecScatterEnd          2 1.0 8.9407e-04 3.1 0.00e+00 0.0 0.0e+00 0.0e+00 0.0e+00  0  0  0  0  0   0  0  0  0  0     0
MatMult                1 1.0 2.7486e-02 1.0 2.29e+06 1.0 1.9e+02 6.5e+03 0.0e+00  0  0  0  0  0  14 46  6 50  0  5331
MatMultTranspose       1 1.0 3.4822e-02 1.0 2.69e+06 1.0 1.9e+02 6.5e+03 0.0e+00  0  0  0  0  0  18 53  6 50  0  4946

--- Event Stage 1: Full solve

PetscBarrier          32 1.0 2.8503e-03 2.1 0.00e+00 0.0 0.0e+00 0.0e+00 0.0e+00  0  0  0  0  0   0  0  0  0  0     0
VecDot                32 1.0 5.4241e-02 3.5 3.83e+06 1.0 0.0e+00 0.0e+00 3.2e+01  0  0  0  0  1   0  0  0  0  1  4522
VecMDot              494 1.0 7.5242e-01 2.5 5.88e+07 1.0 0.0e+00 0.0e+00 4.9e+02  0  0  0  0 14   0  1  0  0 21  5000
VecNorm             1178 1.0 3.7884e+00 1.1 9.51e+07 1.0 0.0e+00 0.0e+00 1.2e+03  1  0  0  0 33   1  1  0  0 51  1606
VecScale             937 1.0 4.6153e-01 1.0 3.66e+07 1.0 0.0e+00 0.0e+00 0.0e+00  0  0  0  0  0   0  0  0  0  0  5073
VecCopy              539 1.0 1.0544e-01 1.0 0.00e+00 0.0 0.0e+00 0.0e+00 0.0e+00  0  0  0  0  0   0  0  0  0  0     0
VecSet              4492 1.0 2.0511e-01 1.1 0.00e+00 0.0 0.0e+00 0.0e+00 0.0e+00  0  0  0  0  0   0  0  0  0  0     0
VecAXPY              611 1.0 4.6953e-01 1.0 4.65e+07 1.0 0.0e+00 0.0e+00 0.0e+00  0  0  0  0  0   0  0  0  0  0  6340
VecAYPX              168 1.0 1.3114e-01 1.0 7.11e+06 1.0 0.0e+00 0.0e+00 0.0e+00  0  0  0  0  0   0  0  0  0  0  3470
VecWAXPY              33 1.0 4.2740e-02 1.0 1.92e+06 1.0 0.0e+00 0.0e+00 0.0e+00  0  0  0  0  0   0  0  0  0  0  2872
VecMAXPY             937 1.0 7.9600e-01 1.0 9.97e+07 1.0 0.0e+00 0.0e+00 0.0e+00  0  0  0  0  0   0  1  0  0  0  8012
VecPointwiseMult      53 1.0 6.1214e-03 1.1 2.82e+05 1.0 0.0e+00 0.0e+00 0.0e+00  0  0  0  0  0   0  0  0  0  0  2950
VecScatterBegin     1420 1.0 2.5279e-01 1.0 0.00e+00 0.0 6.0e+05 3.3e+03 0.0e+00  0  0  1  4  0   0  0  2  6  0     0
VecScatterEnd       1420 1.0 1.5700e+00 7.6 0.00e+00 0.0 0.0e+00 0.0e+00 0.0e+00  0  0  0  0  0   0  0  0  0  0     0
VecReduceArith        10 1.0 6.5669e-02 1.1 1.84e+06 1.0 0.0e+00 0.0e+00 0.0e+00  0  0  0  0  0   0  0  0  0  0  1794
VecReduceComm          5 1.0 2.9499e-0210.5 0.00e+00 0.0 0.0e+00 0.0e+00 5.0e+00  0  0  0  0  0   0  0  0  0  0     0
VecNormalize         838 1.0 2.7395e+00 1.1 8.54e+07 1.0 0.0e+00 0.0e+00 8.4e+02  0  0  0  0 23   1  1  0  0 36  1995
MatMult            82786 1.1 3.9354e+01 1.0 4.48e+09 1.0 4.4e+05 3.8e+03 0.0e+00  7 22  1  4  0  12 41  1  5  0  7212
MatMultAdd         82088 1.1 3.1953e+00 1.1 3.36e+08 1.1 3.2e+04 1.0e+03 0.0e+00  1  2  0  0  0   1  3  0  0  0  6331
MatMultTranspose     225 1.0 1.3683e+00 1.6 6.53e+07 1.0 4.3e+04 1.0e+03 0.0e+00  0  0  0  0  0   0  1  0  0  0  3054
MatSolve             840 1.0 2.9263e+01 1.0 3.75e+09 1.0 0.0e+00 0.0e+00 0.0e+00  5 18  0  0  0   9 34  0  0  0  8193
MatCholFctrSym         4 1.0 8.3160e-03 1.0 0.00e+00 0.0 0.0e+00 0.0e+00 0.0e+00  0  0  0  0  0   0  0  0  0  0     0
MatCholFctrNum        53 1.0 1.8254e+01 1.0 2.00e+09 1.0 0.0e+00 0.0e+00 0.0e+00  3 10  0  0  0   5 18  0  0  0  7017
MatICCFactorSym        6 1.0 4.4918e-01 1.0 0.00e+00 0.0 0.0e+00 0.0e+00 0.0e+00  0  0  0  0  0   0  0  0  0  0     0
MatAssemblyBegin      94 1.0 1.6524e+00 3.3 0.00e+00 0.0 4.9e+04 8.0e+04 2.4e+02  0  0  0  9  7   0  0  0 12 11     0
MatAssemblyEnd        94 1.0 1.3738e+00 1.5 0.00e+00 0.0 1.1e+04 2.6e+03 8.8e+01  0  0  0  0  2   0  0  0  0  4     0
MatGetRowIJ           33 1.0 1.6403e-04 1.1 0.00e+00 0.0 0.0e+00 0.0e+00 0.0e+00  0  0  0  0  0   0  0  0  0  0     0
MatGetOrdering        33 1.0 5.9102e-02 1.0 0.00e+00 0.0 0.0e+00 0.0e+00 6.6e+01  0  0  0  0  2   0  0  0  0  3     0
MatZeroEntries        85 1.0 1.0318e-01 1.1 0.00e+00 0.0 0.0e+00 0.0e+00 0.0e+00  0  0  0  0  0   0  0  0  0  0     0
SNESSolve              5 1.0 3.3209e+02 1.0 1.09e+10 1.0 3.6e+07 9.4e+02 2.0e+03 58 54 80 74 57  99100100100 88  2103
SNESLineSearch        32 1.0 3.9091e+01 1.0 2.20e+08 1.0 5.0e+04 3.9e+03 1.3e+02  7  1  0  0  4  12  2  0  1  6   355
SNESFunctionEval      38 1.0 4.5547e+01 1.0 0.00e+00 0.0 3.9e+04 3.7e+03 1.0e+01  8  0  0  0  0  14  0  0  0  0     0
SNESJacobianEval      32 1.0 8.7954e+01 1.0 1.50e+07 1.0 1.0e+05 3.9e+04 2.3e+02 15  0  0  9  6  26  0  0 12 10    11
KSPGMRESOrthog       494 1.0 1.2244e+00 1.6 1.18e+08 1.0 0.0e+00 0.0e+00 4.9e+02  0  1  0  0 14   0  1  0  0 21  6145
KSPSetup             170 1.0 2.9161e-02 1.0 0.00e+00 0.0 0.0e+00 0.0e+00 0.0e+00  0  0  0  0  0   0  0  0  0  0     0
KSPSolve              32 1.0 1.9600e+02 1.0 1.07e+10 1.0 3.6e+07 8.2e+02 1.6e+03 34 53 79 64 46  58 98 99 87 71  3485
PCSetUp               85 1.0 1.2517e+02 1.0 2.93e+09 1.0 3.5e+07 7.8e+02 7.0e+01 22 14 78 60  2  37 26 98 82  3  1468
PCSetUpOnBlocks      336 1.0 1.8778e+01 1.0 2.00e+09 1.0 0.0e+00 0.0e+00 7.0e+01  3 10  0  0  2   6 18  0  0  3  6821
PCApply               83 1.0 8.2478e+01 1.0 9.12e+09 1.0 5.1e+05 3.1e+03 1.5e+03 14 45  1  3 42  24 83  1  5 65  7027

--- Event Stage 2: Fine-1 solve

PetscBarrier           4 1.0 3.0780e-04 3.6 0.00e+00 0.0 0.0e+00 0.0e+00 0.0e+00  0  0  0  0  0   0  0  0  0  0     0
VecDot                 4 1.0 8.5039e-03 5.0 4.10e+05 1.0 0.0e+00 0.0e+00 4.0e+00  0  0  0  0  0   0  0  0  0  1  3083
VecMDot               88 1.0 9.4660e-02 3.1 5.15e+06 1.0 0.0e+00 0.0e+00 8.8e+01  0  0  0  0  2   0  0  0  0 24  3480
VecNorm              210 1.0 3.7223e-01 1.2 8.82e+06 1.0 0.0e+00 0.0e+00 2.1e+02  0  0  0  0  6   1  1  0  0 57  1517
VecScale             169 1.0 4.3026e-02 1.0 3.36e+06 1.0 0.0e+00 0.0e+00 0.0e+00  0  0  0  0  0   0  0  0  0  0  4992
VecCopy               93 1.0 1.0836e-02 1.0 0.00e+00 0.0 0.0e+00 0.0e+00 0.0e+00  0  0  0  0  0   0  0  0  0  0     0
VecSet               846 1.0 2.1770e-02 1.1 0.00e+00 0.0 0.0e+00 0.0e+00 0.0e+00  0  0  0  0  0   0  0  0  0  0     0
VecAXPY              114 1.0 4.3710e-02 1.0 4.29e+06 1.0 0.0e+00 0.0e+00 0.0e+00  0  0  0  0  0   0  0  0  0  0  6282
VecAYPX               33 1.0 1.2944e-02 1.0 6.46e+05 1.0 0.0e+00 0.0e+00 0.0e+00  0  0  0  0  0   0  0  0  0  0  3195
VecWAXPY               4 1.0 4.9732e-03 1.1 2.05e+05 1.0 0.0e+00 0.0e+00 0.0e+00  0  0  0  0  0   0  0  0  0  0  2636
VecMAXPY             169 1.0 7.8263e-02 1.0 8.86e+06 1.0 0.0e+00 0.0e+00 0.0e+00  0  0  0  0  0   0  1  0  0  0  7247
VecPointwiseMult      12 1.0 7.1025e-04 1.1 3.07e+04 1.0 0.0e+00 0.0e+00 0.0e+00  0  0  0  0  0   0  0  0  0  0  2768
VecScatterBegin      262 1.0 3.6229e-02 1.0 0.00e+00 0.0 1.1e+05 2.8e+03 0.0e+00  0  0  0  1  0   0  0  2  7  0     0
VecScatterEnd        262 1.0 2.3071e-01 6.8 0.00e+00 0.0 0.0e+00 0.0e+00 0.0e+00  0  0  0  0  0   0  0  0  0  0     0
VecReduceArith         2 1.0 7.3321e-03 1.1 2.05e+05 1.0 0.0e+00 0.0e+00 0.0e+00  0  0  0  0  0   0  0  0  0  0  1788
VecReduceComm          1 1.0 4.9431e-03141.0 0.00e+00 0.0 0.0e+00 0.0e+00 1.0e+00  0  0  0  0  0   0  0  0  0  0     0
VecNormalize         154 1.0 2.7014e-01 1.2 7.76e+06 1.0 0.0e+00 0.0e+00 1.5e+02  0  0  0  0  4   1  1  0  0 42  1839
MatMult            10398 1.1 3.6108e+00 1.0 4.28e+08 1.0 8.1e+04 3.1e+03 0.0e+00  1  2  0  1  0  10 40  2  6  0  7460
MatMultAdd         10273 1.1 3.8053e-01 1.1 4.03e+07 1.1 6.3e+03 7.8e+02 0.0e+00  0  0  0  0  0   1  4  0  0  0  6368
MatMultTranspose      45 1.0 1.8209e-01 2.2 5.86e+06 1.0 8.6e+03 7.8e+02 0.0e+00  0  0  0  0  0   0  1  0  0  0  2059
MatSolve             165 1.0 2.5255e+00 1.0 3.37e+08 1.0 0.0e+00 0.0e+00 0.0e+00  0  2  0  0  0   7 32  0  0  0  8548
MatCholFctrNum        12 1.0 2.0213e+00 1.0 2.23e+08 1.0 0.0e+00 0.0e+00 0.0e+00  0  1  0  0  0   6 21  0  0  0  7075
MatAssemblyBegin      16 1.0 2.0919e-01 3.0 0.00e+00 0.0 9.2e+03 7.2e+04 4.4e+01  0  0  0  1  1   0  0  0 15 12     0
MatAssemblyEnd        16 1.0 1.7797e-01 2.1 0.00e+00 0.0 0.0e+00 0.0e+00 0.0e+00  0  0  0  0  0   0  0  0  0  0     0
MatGetRowIJ            8 1.0 4.0054e-05 1.2 0.00e+00 0.0 0.0e+00 0.0e+00 0.0e+00  0  0  0  0  0   0  0  0  0  0     0
MatGetOrdering         8 1.0 6.5448e-03 1.0 0.00e+00 0.0 0.0e+00 0.0e+00 1.6e+01  0  0  0  0  0   0  0  0  0  4     0
MatZeroEntries        16 1.0 1.1193e-02 1.1 0.00e+00 0.0 0.0e+00 0.0e+00 0.0e+00  0  0  0  0  0   0  0  0  0  0     0
SNESSolve              1 1.0 3.6062e+01 1.0 1.06e+09 1.0 4.5e+06 9.8e+02 3.7e+02  6  5 10 10 10 100100100100100  1877
SNESLineSearch         4 1.0 4.1140e+00 1.0 2.35e+07 1.1 6.1e+03 5.5e+03 1.6e+01  1  0  0  0  0  11  2  0  1  4   355
SNESFunctionEval       5 1.0 4.8368e+00 1.0 0.00e+00 0.0 5.1e+03 5.0e+03 0.0e+00  1  0  0  0  0  13  0  0  1  0     0
SNESJacobianEval       4 1.0 9.3480e+00 1.0 1.59e+06 1.0 2.0e+04 3.5e+04 4.4e+01  2  0  0  1  1  26  0  0 15 12    11
KSPGMRESOrthog        88 1.0 1.4237e-01 1.8 1.03e+07 1.0 0.0e+00 0.0e+00 8.8e+01  0  0  0  0  2   0  1  0  0 24  4628
KSPSetup              32 1.0 1.3471e-04 1.1 0.00e+00 0.0 0.0e+00 0.0e+00 0.0e+00  0  0  0  0  0   0  0  0  0  0     0
KSPSolve               4 1.0 2.1607e+01 1.0 1.04e+09 1.0 4.5e+06 8.3e+02 3.0e+02  4  5 10  8  8  60 98 99 84 82  3058
PCSetUp               16 1.0 1.5334e+01 1.0 3.40e+08 1.0 4.4e+06 7.8e+02 1.6e+01  3  2 10  8  0  43 31 97 78  4  1386
PCSetUpOnBlocks       66 1.0 2.0292e+00 1.0 2.23e+08 1.0 0.0e+00 0.0e+00 1.6e+01  0  1  0  0  0   6 21  0  0  4  7048
PCApply               11 1.0 7.6764e+00 1.0 8.67e+08 1.0 9.4e+04 2.5e+03 2.8e+02  1  4  0  1  8  21 81  2  5 76  7145

--- Event Stage 3: Fine-only solve

PetscBarrier           4 1.0 2.8515e-04 3.7 0.00e+00 0.0 0.0e+00 0.0e+00 0.0e+00  0  0  0  0  0   0  0  0  0  0     0
VecDot                 4 1.0 3.9404e-02 3.2 3.21e+06 1.0 0.0e+00 0.0e+00 4.0e+00  0  0  0  0  0   0  0  0  0  1  5216
VecMDot              130 1.0 5.1469e-01 2.6 4.96e+07 1.0 0.0e+00 0.0e+00 1.3e+02  0  0  0  0  4   0  1  0  0 25  6170
VecNorm              311 1.0 3.0302e+00 1.1 7.99e+07 1.0 0.0e+00 0.0e+00 3.1e+02  1  0  0  0  9   1  1  0  0 59  1688
VecScale             251 1.0 3.8427e-01 1.0 3.08e+07 1.0 0.0e+00 0.0e+00 0.0e+00  0  0  0  0  0   0  0  0  0  0  5122
VecCopy              133 1.0 8.5903e-02 1.0 0.00e+00 0.0 0.0e+00 0.0e+00 0.0e+00  0  0  0  0  0   0  0  0  0  0     0
VecSet              1284 1.0 1.5723e-01 1.0 0.00e+00 0.0 0.0e+00 0.0e+00 0.0e+00  0  0  0  0  0   0  0  0  0  0     0
VecAXPY              173 1.0 3.9300e-01 1.0 3.91e+07 1.0 0.0e+00 0.0e+00 0.0e+00  0  0  0  0  0   0  0  0  0  0  6369
VecAYPX               52 1.0 1.0824e-01 1.0 5.98e+06 1.0 0.0e+00 0.0e+00 0.0e+00  0  0  0  0  0   0  0  0  0  0  3537
VecWAXPY               4 1.0 3.4998e-02 1.0 1.61e+06 1.0 0.0e+00 0.0e+00 0.0e+00  0  0  0  0  0   0  0  0  0  0  2936
VecMAXPY             251 1.0 6.5859e-01 1.0 8.40e+07 1.0 0.0e+00 0.0e+00 0.0e+00  0  0  0  0  0   0  1  0  0  0  8162
VecPointwiseMult      16 1.0 4.9593e-03 1.2 2.36e+05 1.0 0.0e+00 0.0e+00 0.0e+00  0  0  0  0  0   0  0  0  0  0  3039
VecScatterBegin      388 1.0 1.5839e-01 1.0 0.00e+00 0.0 1.6e+05 8.4e+03 0.0e+00  0  0  0  3  0   0  0  4 18  0     0
VecScatterEnd        388 1.0 1.2319e+0011.6 0.00e+00 0.0 0.0e+00 0.0e+00 0.0e+00  0  0  0  0  0   0  0  0  0  0     0
VecReduceArith         2 1.0 5.7149e-02 1.1 1.61e+06 1.0 0.0e+00 0.0e+00 0.0e+00  0  0  0  0  0   0  0  0  0  0  1798
VecReduceComm          1 1.0 2.4865e-02714.3 0.00e+00 0.0 0.0e+00 0.0e+00 1.0e+00  0  0  0  0  0   0  0  0  0  0     0
VecNormalize         234 1.0 2.1731e+00 1.1 7.18e+07 1.0 0.0e+00 0.0e+00 2.3e+02  0  0  0  0  7   1  1  0  0 44  2114
MatMult            10478 1.1 3.0772e+01 1.0 3.36e+09 1.0 1.2e+05 9.3e+03 0.0e+00  5 16  0  2  0  15 40  3 15  0  6887
MatMultAdd         10292 1.1 8.2245e-01 1.0 7.61e+07 1.1 1.0e+04 2.2e+03 0.0e+00  0  0  0  0  0   0  1  0  0  0  5729
MatMultTranspose      68 1.0 1.1161e+00 1.6 5.24e+07 1.0 1.3e+04 2.2e+03 0.0e+00  0  0  0  0  0   0  1  0  0  0  3004
MatSolve             260 1.0 2.4432e+01 1.0 3.09e+09 1.0 0.0e+00 0.0e+00 0.0e+00  4 15  0  0  0  12 37  0  0  0  8106
MatCholFctrNum        16 1.0 1.3901e+01 1.0 1.50e+09 1.0 0.0e+00 0.0e+00 0.0e+00  2  7  0  0  0   7 18  0  0  0  6908
MatAssemblyBegin      20 1.0 1.1203e+00 4.2 0.00e+00 0.0 1.2e+04 2.3e+05 5.6e+01  0  0  0  6  2   0  0  0 36 11     0
MatAssemblyEnd        20 1.0 7.7859e-01 2.0 0.00e+00 0.0 0.0e+00 0.0e+00 0.0e+00  0  0  0  0  0   0  0  0  0  0     0
MatGetRowIJ           12 1.0 6.0081e-05 1.1 0.00e+00 0.0 0.0e+00 0.0e+00 0.0e+00  0  0  0  0  0   0  0  0  0  0     0
MatGetOrdering        12 1.0 4.7764e-02 1.0 0.00e+00 0.0 0.0e+00 0.0e+00 2.4e+01  0  0  0  0  1   0  0  0  0  5     0
MatZeroEntries        20 1.0 8.5764e-02 1.0 0.00e+00 0.0 0.0e+00 0.0e+00 0.0e+00  0  0  0  0  0   0  0  0  0  0     0
SNESSolve              1 1.0 2.0039e+02 1.0 8.38e+09 1.0 4.6e+06 1.6e+03 5.3e+02 35 41 10 16 15 100100100100100  2660
SNESLineSearch         4 1.0 3.2844e+01 1.0 1.85e+08 1.0 6.1e+03 2.1e+04 1.6e+01  6  1  0  0  0  16  2  0  2  3   355
SNESFunctionEval       5 1.0 3.8581e+01 1.0 0.00e+00 0.0 5.1e+03 1.9e+04 0.0e+00  7  0  0  0  0  19  0  0  1  0     0
SNESJacobianEval       4 1.0 7.3717e+01 1.0 1.26e+07 1.0 2.5e+04 1.1e+05 5.6e+01 13  0  0  6  2  37  0  1 37 11    11
KSPGMRESOrthog       130 1.0 8.9975e-01 1.5 9.92e+07 1.0 0.0e+00 0.0e+00 1.3e+02  0  0  0  0  4   0  1  0  0 25  7059
KSPSetup              40 1.0 1.6809e-04 1.1 0.00e+00 0.0 0.0e+00 0.0e+00 0.0e+00  0  0  0  0  0   0  0  0  0  0     0
KSPSolve               4 1.0 8.5933e+01 1.0 8.18e+09 1.0 4.5e+06 1.0e+03 4.5e+02 15 40 10 10 13  43 98 99 61 85  6055
PCSetUp               20 1.0 2.7261e+01 1.0 1.62e+09 1.0 4.4e+06 7.8e+02 2.4e+01  5  8 10  8  1  14 19 96 46  5  3778
PCSetUpOnBlocks      104 1.0 1.3951e+01 1.0 1.50e+09 1.0 0.0e+00 0.0e+00 2.4e+01  2  7  0  0  1   7 18  0  0  5  6883
PCApply               13 1.0 6.6661e+01 1.0 7.43e+09 1.0 1.4e+05 6.9e+03 4.3e+02 12 36  0  2 12  33 89  3 13 81  7094
------------------------------------------------------------------------------------------------------------------------

Memory usage is given in bytes:

Object Type          Creations   Destructions     Memory  Descendants' Mem.
Reports information only for process 0.

--- Event Stage 0: Main Stage

 Toy Hydrostatic Ice     0              1          500     0
   Distributed array     0             10      2075624     0
                 Vec     0            331    179073284     0
         Vec Scatter     0             37        22348     0
           Index Set     0             10      1058440     0
   IS L to G Mapping     0             20      3070512     0
              Matrix     0             49    195763592     0
                SNES     0              5         3740     0
       Krylov Solver     0             30       339784     0
      Preconditioner     0             30        15404     0
              Viewer     0              1          400     0

--- Event Stage 1: Full solve

 Toy Hydrostatic Ice     1              0            0     0
   Distributed array    10              0            0     0
                 Vec   464             52      7948768     0
         Vec Scatter    37              0            0     0
           Index Set   140            130     10085676     0
   IS L to G Mapping    20              0            0     0
              Matrix    49              0            0     0
                SNES     5              0            0     0
       Krylov Solver    30              0            0     0
      Preconditioner    30              0            0     0
              Viewer     1              0            0     0

--- Event Stage 2: Fine-1 solve

                 Vec    12              0            0     0
           Index Set    16             16       931648     0

--- Event Stage 3: Fine-only solve

                 Vec    12              0            0     0
           Index Set    24             24      7357152     0
========================================================================================================================
Average time to get PetscTime(): 3.48091e-06
Average time for MPI_Barrier(): 2.43187e-06
Average time for zero size MPI_Send(): 1.04047e-05
#PETSc Option Table entries:
-M 32
-P 4
-dmmg_form_function_ghost 1
-dmmg_grid_sequence 1
-ksp_converged_reason
-ksp_monitor
-ksp_rtol 1e-2
-log_summary
-mg_coarse_pc_type tfs
-mg_levels_0_pc_type tfs
-mg_levels_1_sub_pc_type cholesky
-pc_mg_type multiplicative
-repeat_fine_solve 1
-snes_converged_reason
-snes_monitor
-thi_L 80e3
-thi_friction_m 0.3
-thi_hom z
-thi_nlevels 5
#End of PETSc Option Table entries
Compiled without FORTRAN kernels
Compiled with full precision matrices (default)
sizeof(short) 2 sizeof(int) 4 sizeof(long) 4 sizeof(void*) 4 sizeof(PetscScalar) 8
Configure run at: Mon Sep 13 22:38:37 2010
Configure options: --with-x=0 --with-is-color-value-type=short --with-debugging=1 --with-fortran-kernels=1 --with-mpi-dir=/bgsys/drivers/ppcfloor/comm --with-batch=1 --known-mpi-shared-libraries=1 --known-memcmp-ok --known-sizeof-char=1 --known-sizeof-void-p=4 --known-sizeof-short=2 --known-sizeof-int=4 --known-sizeof-long=4 --known-sizeof-size_t=4 --known-sizeof-long-long=8 --known-sizeof-float=4 --known-sizeof-double=8 --known-bits-per-byte=8 --known-sizeof-MPI_Comm=4 --known-sizeof-MPI_Fint=4 --known-mpi-long-double=1 --known-level1-dcache-assoc=0 --known-level1-dcache-linesize=32 --known-level1-dcache-size=32768 --download-c-blas-lapack=yes --with-shared=0 --prefix=/opt/share/ksl/petsc/dev-aug30/ppc450d-bgp_xlc_ref --with-clanguage=c --cflags= --CXXFLAGS= LIBS=" " --CC=/bgsys/drivers/ppcfloor/comm/xl/bin/mpixlc_r --CXX=/bgsys/drivers/ppcfloor/comm/xl/bin/mpixlcxx_r --with-fortran=0 --with-debugging=0 --with-fortran-kernels=0 PETSC_ARCH=bgp-xlc-ref
-----------------------------------------
Libraries compiled on Mon Sep 13 22:38:37 2010 on fen1 
Machine characteristics: Linux-2.6.16.60-0.66.1-ppc64-ppc64-with-SuSE-10-ppc
Using PETSc directory: /scratch/aron/sandbox/process/installs/builddir_ppc64/petsc-dev-aug30-bgp_xlc_ref/petsc-dev-16784
Using PETSc arch: bgp-xlc-ref
-----------------------------------------

Using C compiler: /bgsys/drivers/ppcfloor/comm/xl/bin/mpixlc_r  -O  ${COPTFLAGS} ${CFLAGS}
-----------------------------------------

Using include paths: -I/scratch/aron/sandbox/process/installs/builddir_ppc64/petsc-dev-aug30-bgp_xlc_ref/petsc-dev-16784/bgp-xlc-ref/include -I/scratch/aron/sandbox/process/installs/builddir_ppc64/petsc-dev-aug30-bgp_xlc_ref/petsc-dev-16784/include -I/bgsys/drivers/ppcfloor/comm/include
-----------------------------------------

Using C linker: /bgsys/drivers/ppcfloor/comm/xl/bin/mpixlc_r
Using libraries: -Wl,-rpath,/scratch/aron/sandbox/process/installs/builddir_ppc64/petsc-dev-aug30-bgp_xlc_ref/petsc-dev-16784/bgp-xlc-ref/lib -L/scratch/aron/sandbox/process/installs/builddir_ppc64/petsc-dev-aug30-bgp_xlc_ref/petsc-dev-16784/bgp-xlc-ref/lib -lpetscts -lpetscsnes -lpetscksp -lpetscdm -lpetscmat -lpetscvec -lpetscsys -Wl,-rpath,/scratch/aron/sandbox/process/installs/builddir_ppc64/petsc-dev-aug30-bgp_xlc_ref/petsc-dev-16784/bgp-xlc-ref/lib -L/scratch/aron/sandbox/process/installs/builddir_ppc64/petsc-dev-aug30-bgp_xlc_ref/petsc-dev-16784/bgp-xlc-ref/lib -lf2clapack -lf2cblas -lnsl -lrt -ldl 
-----------------------------------------

