Level 0 domain size (m)    8e+04 x    8e+04 x    1e+03, num elements  32 x  32 x   4 (    4096), size (m) 2500 x 2500 x 333.333
Level 1 domain size (m)    8e+04 x    8e+04 x    1e+03, num elements  64 x  64 x   7 (   28672), size (m) 1250 x 1250 x 166.667
Level 2 domain size (m)    8e+04 x    8e+04 x    1e+03, num elements 128 x 128 x  13 (  212992), size (m) 625 x 625 x 83.3333
Level 3 domain size (m)    8e+04 x    8e+04 x    1e+03, num elements 256 x 256 x  25 ( 1638400), size (m) 312.5 x 312.5 x 41.6667
Level 4 domain size (m)    8e+04 x    8e+04 x    1e+03, num elements 512 x 512 x  49 (12845056), size (m) 156.25 x 156.25 x 20.8333
          0 SNES Function norm 9.474957067903e+02 
Linear solve converged due to CONVERGED_ITS iterations 1
          1 SNES Function norm 8.805826102181e+02 
Linear solve converged due to CONVERGED_ITS iterations 1
          2 SNES Function norm 7.345585944548e+02 
Linear solve converged due to CONVERGED_ITS iterations 1
          3 SNES Function norm 5.330294830563e+02 
Linear solve converged due to CONVERGED_ITS iterations 1
          4 SNES Function norm 2.881865829915e+02 
Linear solve converged due to CONVERGED_ITS iterations 1
          5 SNES Function norm 7.699210085814e+01 
Linear solve converged due to CONVERGED_ITS iterations 1
          6 SNES Function norm 4.571010551255e+00 
Linear solve converged due to CONVERGED_ITS iterations 1
          7 SNES Function norm 1.481750413347e-02 
Linear solve converged due to CONVERGED_ITS iterations 1
          8 SNES Function norm 1.634425316130e-07 
Nonlinear solve converged due to CONVERGED_FNORM_RELATIVE
        0 SNES Function norm 3.441216820259e+02 
          0 KSP Residual norm 3.441216820259e+02 
          1 KSP Residual norm 4.972761669127e+00 
          2 KSP Residual norm 2.745741479913e-01 
Linear solve converged due to CONVERGED_RTOL iterations 2
        1 SNES Function norm 2.522404969551e+01 
          0 KSP Residual norm 2.522404969551e+01 
          1 KSP Residual norm 2.245393105859e+00 
          2 KSP Residual norm 2.942942107579e-01 
          3 KSP Residual norm 6.562441947247e-02 
Linear solve converged due to CONVERGED_RTOL iterations 3
        2 SNES Function norm 6.238951547160e+00 
          0 KSP Residual norm 6.238951547160e+00 
          1 KSP Residual norm 5.337174939672e-01 
          2 KSP Residual norm 8.432740396477e-02 
          3 KSP Residual norm 1.774921066884e-02 
Linear solve converged due to CONVERGED_RTOL iterations 3
        3 SNES Function norm 3.519869055559e+00 
          0 KSP Residual norm 3.519869055559e+00 
          1 KSP Residual norm 2.635292177087e-01 
          2 KSP Residual norm 4.676499676960e-02 
          3 KSP Residual norm 1.042463352127e-02 
Linear solve converged due to CONVERGED_RTOL iterations 3
        4 SNES Function norm 1.728991499708e+00 
          0 KSP Residual norm 1.728991499708e+00 
          1 KSP Residual norm 1.720663189566e-01 
          2 KSP Residual norm 3.968291653392e-02 
          3 KSP Residual norm 7.710989461759e-03 
Linear solve converged due to CONVERGED_RTOL iterations 3
        5 SNES Function norm 2.597601124638e-01 
          0 KSP Residual norm 2.597601124638e-01 
          1 KSP Residual norm 2.233200864215e-02 
          2 KSP Residual norm 3.718951817062e-03 
          3 KSP Residual norm 8.489036090061e-04 
Linear solve converged due to CONVERGED_RTOL iterations 3
        6 SNES Function norm 1.277315087923e-02 
          0 KSP Residual norm 1.277315087923e-02 
          1 KSP Residual norm 9.250217275256e-04 
          2 KSP Residual norm 1.505426086437e-04 
          3 KSP Residual norm 4.070091325778e-05 
Linear solve converged due to CONVERGED_RTOL iterations 3
        7 SNES Function norm 5.552964574606e-05 
          0 KSP Residual norm 5.552964574606e-05 
          1 KSP Residual norm 1.297394456809e-05 
          2 KSP Residual norm 3.773027247991e-06 
          3 KSP Residual norm 4.516875116780e-07 
Linear solve converged due to CONVERGED_RTOL iterations 3
        8 SNES Function norm 4.517052996374e-07 
Nonlinear solve converged due to CONVERGED_FNORM_RELATIVE
      0 SNES Function norm 1.243736279890e+02 
        0 KSP Residual norm 1.243736279890e+02 
        1 KSP Residual norm 2.411644440536e+00 
        2 KSP Residual norm 1.026153961985e-01 
Linear solve converged due to CONVERGED_RTOL iterations 2
      1 SNES Function norm 2.739084902895e+00 
        0 KSP Residual norm 2.739084902895e+00 
        1 KSP Residual norm 3.346681248573e-01 
        2 KSP Residual norm 3.983181373708e-02 
        3 KSP Residual norm 1.048027256054e-02 
Linear solve converged due to CONVERGED_RTOL iterations 3
      2 SNES Function norm 5.769576902246e-01 
        0 KSP Residual norm 5.769576902246e-01 
        1 KSP Residual norm 3.600506756584e-02 
        2 KSP Residual norm 5.098101536529e-03 
Linear solve converged due to CONVERGED_RTOL iterations 2
      3 SNES Function norm 3.688829027436e-01 
        0 KSP Residual norm 3.688829027436e-01 
        1 KSP Residual norm 2.332455368851e-02 
        2 KSP Residual norm 2.563579409226e-03 
Linear solve converged due to CONVERGED_RTOL iterations 2
      4 SNES Function norm 2.388041125108e-02 
        0 KSP Residual norm 2.388041125108e-02 
        1 KSP Residual norm 2.617180246854e-03 
        2 KSP Residual norm 4.959590356318e-04 
        3 KSP Residual norm 1.282573803653e-04 
Linear solve converged due to CONVERGED_RTOL iterations 3
      5 SNES Function norm 5.706757749572e-04 
        0 KSP Residual norm 5.706757749572e-04 
        1 KSP Residual norm 7.463864393205e-05 
        2 KSP Residual norm 2.325533927556e-05 
        3 KSP Residual norm 9.062527324812e-06 
        4 KSP Residual norm 3.408371125733e-06 
Linear solve converged due to CONVERGED_RTOL iterations 4
      6 SNES Function norm 3.419049706025e-06 
        0 KSP Residual norm 3.419049706025e-06 
        1 KSP Residual norm 1.518956049867e-06 
        2 KSP Residual norm 5.426151794502e-07 
        3 KSP Residual norm 1.651349444594e-07 
        4 KSP Residual norm 4.209696127647e-08 
        5 KSP Residual norm 6.577929072436e-09 
Linear solve converged due to CONVERGED_RTOL iterations 5
      7 SNES Function norm 6.578036761037e-09 
Nonlinear solve converged due to CONVERGED_FNORM_RELATIVE
    0 SNES Function norm 4.444819387251e+01 
      0 KSP Residual norm 4.444819387251e+01 
      1 KSP Residual norm 6.468726939470e-01 
      2 KSP Residual norm 3.376463921498e-02 
Linear solve converged due to CONVERGED_RTOL iterations 2
    1 SNES Function norm 2.859172509920e-01 
      0 KSP Residual norm 2.859172509920e-01 
      1 KSP Residual norm 4.456540562533e-02 
      2 KSP Residual norm 8.132741429082e-03 
      3 KSP Residual norm 1.576245709871e-03 
Linear solve converged due to CONVERGED_RTOL iterations 3
    2 SNES Function norm 2.238221537231e-02 
      0 KSP Residual norm 2.238221537231e-02 
      1 KSP Residual norm 2.215900203175e-03 
      2 KSP Residual norm 4.291379476791e-04 
      3 KSP Residual norm 1.598091561286e-04 
Linear solve converged due to CONVERGED_RTOL iterations 3
    3 SNES Function norm 9.735833613248e-04 
      0 KSP Residual norm 9.735833613248e-04 
      1 KSP Residual norm 1.084036155199e-04 
      2 KSP Residual norm 5.429943730033e-05 
      3 KSP Residual norm 1.628282168095e-05 
      4 KSP Residual norm 4.767892500596e-06 
Linear solve converged due to CONVERGED_RTOL iterations 4
    4 SNES Function norm 5.504739930169e-06 
      0 KSP Residual norm 5.504739930169e-06 
      1 KSP Residual norm 2.507557799943e-06 
      2 KSP Residual norm 6.459328925073e-07 
      3 KSP Residual norm 2.689655077198e-07 
      4 KSP Residual norm 8.050090436154e-08 
      5 KSP Residual norm 2.366536712547e-08 
Linear solve converged due to CONVERGED_RTOL iterations 5
    5 SNES Function norm 2.366469120295e-08 
Nonlinear solve converged due to CONVERGED_FNORM_RELATIVE
  0 SNES Function norm 1.579842131407e+01 
    0 KSP Residual norm 1.579842131407e+01 
    1 KSP Residual norm 1.538865497598e-01 
Linear solve converged due to CONVERGED_RTOL iterations 1
  1 SNES Function norm 1.577327055344e-01 
    0 KSP Residual norm 1.577327055344e-01 
    1 KSP Residual norm 1.461188715838e-02 
    2 KSP Residual norm 2.634000504696e-03 
    3 KSP Residual norm 6.778957413247e-04 
Linear solve converged due to CONVERGED_RTOL iterations 3
  2 SNES Function norm 1.589191529984e-03 
    0 KSP Residual norm 1.589191529984e-03 
    1 KSP Residual norm 3.068821799747e-04 
    2 KSP Residual norm 1.220908256896e-04 
    3 KSP Residual norm 4.336111689721e-05 
    4 KSP Residual norm 1.682332912232e-05 
    5 KSP Residual norm 7.004016850845e-06 
Linear solve converged due to CONVERGED_RTOL iterations 5
  3 SNES Function norm 1.721665843540e-05 
    0 KSP Residual norm 1.721665843540e-05 
    1 KSP Residual norm 4.281989167036e-06 
    2 KSP Residual norm 2.076428761448e-06 
    3 KSP Residual norm 7.249798096377e-07 
    4 KSP Residual norm 2.802947457311e-07 
    5 KSP Residual norm 9.887985301894e-08 
Linear solve converged due to CONVERGED_RTOL iterations 5
  4 SNES Function norm 9.880788502033e-08 
Nonlinear solve converged due to CONVERGED_FNORM_RELATIVE
Solution statistics after solve: Full
CONVERGED_FNORM_RELATIVE: Number of Newton iterations = 4, total linear iterations = 14
|X|_2 305483   u in [6.21732, 195.742]   v in [-4.65804, 5.18416]   c in [6.21737, 195.743] 
Surface statistics: u in [8.286111e+00, 1.957420e+02] mean 7.833665e+01
Global eta range   [2.65296e+10, 9.2273e+12], converged range [2.65433e+10, 7.13265e+12]
Global beta2 range [5.65013e+09, 2.08892e+13], converged range [5.65026e+09, 6.30928e+09]

    0 SNES Function norm 2.066374757939e+01 
      0 KSP Residual norm 2.066374757939e+01 
      1 KSP Residual norm 2.973939151099e-01 
      2 KSP Residual norm 9.289326337267e-03 
Linear solve converged due to CONVERGED_RTOL iterations 2
    1 SNES Function norm 1.226362162983e+00 
      0 KSP Residual norm 1.226362162983e+00 
      1 KSP Residual norm 2.050153184402e-02 
      2 KSP Residual norm 8.447400524574e-04 
Linear solve converged due to CONVERGED_RTOL iterations 2
    2 SNES Function norm 5.015543132983e-03 
      0 KSP Residual norm 5.015543132983e-03 
      1 KSP Residual norm 2.167989770035e-04 
      2 KSP Residual norm 6.204690542684e-05 
      3 KSP Residual norm 1.808669166312e-05 
Linear solve converged due to CONVERGED_RTOL iterations 3
    3 SNES Function norm 1.809845233288e-05 
      0 KSP Residual norm 1.809845233288e-05 
      1 KSP Residual norm 7.322916533573e-06 
      2 KSP Residual norm 2.133700537606e-06 
      3 KSP Residual norm 6.125559706791e-07 
      4 KSP Residual norm 2.200031866445e-07 
      5 KSP Residual norm 7.144012639016e-08 
Linear solve converged due to CONVERGED_RTOL iterations 5
    4 SNES Function norm 7.141963942339e-08 
Nonlinear solve converged due to CONVERGED_FNORM_RELATIVE
Solution statistics after solve: Fine-1
CONVERGED_FNORM_RELATIVE: Number of Newton iterations = 4, total linear iterations = 12
|X|_2 108853   u in [6.21734, 195.685]   v in [-4.6564, 5.18231]   c in [6.21739, 195.686] 
Surface statistics: u in [8.285205e+00, 1.956854e+02] mean 7.831558e+01
Global eta range   [2.65296e+10, 9.2273e+12], converged range [2.71094e+10, 4.92155e+12]
Global beta2 range [5.59343e+09, 2.08892e+13], converged range [5.65055e+09, 6.29522e+09]

  0 SNES Function norm 1.579842131407e+01 
    0 KSP Residual norm 1.579842131407e+01 
    1 KSP Residual norm 1.538865496981e-01 
Linear solve converged due to CONVERGED_RTOL iterations 1
  1 SNES Function norm 1.577327054607e-01 
    0 KSP Residual norm 1.577327054607e-01 
    1 KSP Residual norm 1.461188721574e-02 
    2 KSP Residual norm 2.634000396400e-03 
    3 KSP Residual norm 6.778957259401e-04 
Linear solve converged due to CONVERGED_RTOL iterations 3
  2 SNES Function norm 1.589191634171e-03 
    0 KSP Residual norm 1.589191634171e-03 
    1 KSP Residual norm 3.068821416910e-04 
    2 KSP Residual norm 1.220908438017e-04 
    3 KSP Residual norm 4.336112342762e-05 
    4 KSP Residual norm 1.682332637905e-05 
    5 KSP Residual norm 7.004014891085e-06 
Linear solve converged due to CONVERGED_RTOL iterations 5
  3 SNES Function norm 1.721665693778e-05 
    0 KSP Residual norm 1.721665693778e-05 
    1 KSP Residual norm 4.281987808656e-06 
    2 KSP Residual norm 2.076428230262e-06 
    3 KSP Residual norm 7.249795630409e-07 
    4 KSP Residual norm 2.802946171800e-07 
    5 KSP Residual norm 9.887977714811e-08 
Linear solve converged due to CONVERGED_RTOL iterations 5
  4 SNES Function norm 9.880776585954e-08 
Nonlinear solve converged due to CONVERGED_FNORM_RELATIVE
Solution statistics after solve: Fine
CONVERGED_FNORM_RELATIVE: Number of Newton iterations = 4, total linear iterations = 14
|X|_2 305483   u in [6.21732, 195.742]   v in [-4.65804, 5.18416]   c in [6.21737, 195.743] 
Surface statistics: u in [8.286111e+00, 1.957420e+02] mean 7.833665e+01
Global eta range   [2.65296e+10, 9.2273e+12], converged range [2.65433e+10, 7.13265e+12]
Global beta2 range [5.59343e+09, 2.08892e+13], converged range [5.65026e+09, 6.30928e+09]

************************************************************************************************************************
***             WIDEN YOUR WINDOW TO 120 CHARACTERS.  Use 'enscript -r -fCourier9' to print this document            ***
************************************************************************************************************************

---------------------------------------------- PETSc Performance Summary: ----------------------------------------------

./ex48 on a bgp-xlc-r named ionode1 with 512 processors, by Unknown Tue Sep 14 00:39:00 2010
Using Petsc Development HG revision: aeb2eea2e3ddfd0635951d6560aa7114704dab25  HG Date: Sat Aug 21 15:26:55 2010 -0500

                         Max       Max/Min        Avg      Total 
Time (sec):           1.393e+02      1.00003   1.393e+02
Objects:              8.510e+02      1.00000   8.510e+02
Flops:                2.596e+09      1.03330   2.564e+09  1.313e+12
Flops/sec:            1.864e+07      1.03330   1.841e+07  9.424e+09
MPI Messages:         1.989e+06      1.87454   1.402e+06  7.176e+08
MPI Message Lengths:  2.900e+09      4.93267   7.964e+02  5.715e+11
MPI Reductions:       3.653e+03      1.00000

Flop counting convention: 1 flop = 1 real number operation of type (multiply/divide/add/subtract)
                            e.g., VecAXPY() for real vectors of length N --> 2N flops
                            and VecAXPY() for complex vectors of length N --> 8N flops

Summary of Stages:   ----- Time ------  ----- Flops -----  --- Messages ---  -- Message Lengths --  -- Reductions --
                        Avg     %Total     Avg     %Total   counts   %Total     Avg         %Total   counts   %Total 
 0:      Main Stage: 1.1780e-01   0.1%  3.2204e+08   0.0%  2.839e+04   0.0%  1.092e-02        0.0%  1.500e+01   0.4% 
 1:      Full solve: 9.5605e+01  68.6%  7.0160e+11  53.5%  5.731e+08  79.9%  6.249e+02       78.5%  2.344e+03  64.2% 
 2:    Fine-1 solve: 1.1184e+01   8.0%  6.5983e+10   5.0%  7.198e+07  10.0%  7.918e+01        9.9%  3.930e+02  10.8% 
 3: Fine-only solve: 3.2381e+01  23.2%  5.4469e+11  41.5%  7.245e+07  10.1%  9.230e+01       11.6%  5.630e+02  15.4% 

------------------------------------------------------------------------------------------------------------------------
See the 'Profiling' chapter of the users' manual for details on interpreting output.
Phase summary info:
   Count: number of times phase was executed
   Time and Flops: Max - maximum over all processors
                   Ratio - ratio of maximum to minimum over all processors
   Mess: number of messages sent
   Avg. len: average message length
   Reduct: number of global reductions
   Global: entire computation
   Stage: stages of a computation. Set stages with PetscLogStagePush() and PetscLogStagePop().
      %T - percent time in this phase         %F - percent flops in this phase
      %M - percent messages in this phase     %L - percent message lengths in this phase
      %R - percent reductions in this phase
   Total Mflop/s: 10e-6 * (sum of flops over all processors)/(max time over all processors)
------------------------------------------------------------------------------------------------------------------------
Event                Count      Time (sec)     Flops                             --- Global ---  --- Stage ---   Total
                   Max Ratio  Max     Ratio   Max  Ratio  Mess   Avg len Reduct  %T %F %M %L %R  %T %F %M %L %R Mflop/s
------------------------------------------------------------------------------------------------------------------------

--- Event Stage 0: Main Stage

VecSet                 2 1.0 2.5034e-05 1.1 0.00e+00 0.0 0.0e+00 0.0e+00 0.0e+00  0  0  0  0  0   0  0  0  0  0     0
VecPointwiseMult       1 1.0 1.3804e-04 1.1 6.40e+03 1.0 0.0e+00 0.0e+00 0.0e+00  0  0  0  0  0   0  1  0  0  0 23737
VecScatterBegin        2 1.0 1.1206e-04 1.1 0.00e+00 0.0 3.1e+03 2.5e+03 0.0e+00  0  0  0  0  0   0  0 11 98  0     0
VecScatterEnd          2 1.0 1.2002e-03 7.8 0.00e+00 0.0 0.0e+00 0.0e+00 0.0e+00  0  0  0  0  0   0  0  0  0  0     0
MatMult                1 1.0 4.0591e-03 1.2 2.86e+05 1.0 1.5e+03 2.5e+03 0.0e+00  0  0  0  0  0   3 46  5 49  0 36101
MatMultTranspose       1 1.0 5.0211e-03 1.1 3.36e+05 1.0 1.5e+03 2.5e+03 0.0e+00  0  0  0  0  0   4 53  5 49  0 34301

--- Event Stage 1: Full solve

PetscBarrier          32 1.0 1.9953e-03 2.0 0.00e+00 0.0 0.0e+00 0.0e+00 0.0e+00  0  0  0  0  0   0  0  0  0  0     0
VecDot                32 1.0 1.9625e-02 7.6 4.79e+05 1.0 0.0e+00 0.0e+00 3.2e+01  0  0  0  0  1   0  0  0  0  1 12498
VecMDot              502 1.0 2.9436e-01 3.7 8.12e+06 1.0 0.0e+00 0.0e+00 5.0e+02  0  0  0  0 14   0  1  0  0 21 14130
VecNorm             1198 1.0 7.3468e-01 1.4 1.26e+07 1.0 0.0e+00 0.0e+00 1.2e+03  0  0  0  0 33   1  1  0  0 51  8802
VecScale             953 1.0 6.7305e-02 1.0 4.88e+06 1.0 0.0e+00 0.0e+00 0.0e+00  0  0  0  0  0   0  0  0  0  0 37150
VecCopy              547 1.0 1.7428e-02 1.0 0.00e+00 0.0 0.0e+00 0.0e+00 0.0e+00  0  0  0  0  0   0  0  0  0  0     0
VecSet              4580 1.0 5.0154e-02 1.1 0.00e+00 0.0 0.0e+00 0.0e+00 0.0e+00  0  0  0  0  0   0  0  0  0  0     0
VecAXPY              623 1.0 6.5648e-02 1.0 6.20e+06 1.0 0.0e+00 0.0e+00 0.0e+00  0  0  0  0  0   0  0  0  0  0 48329
VecAYPX              172 1.0 1.9853e-02 1.1 9.53e+05 1.0 0.0e+00 0.0e+00 0.0e+00  0  0  0  0  0   0  0  0  0  0 24565
VecWAXPY              33 1.0 6.0067e-03 1.1 2.40e+05 1.0 0.0e+00 0.0e+00 0.0e+00  0  0  0  0  0   0  0  0  0  0 20438
VecMAXPY             953 1.0 1.2029e-01 1.0 1.36e+07 1.0 0.0e+00 0.0e+00 0.0e+00  0  1  0  0  0   0  1  0  0  0 57885
VecPointwiseMult      53 1.0 1.0619e-03 1.1 3.53e+04 1.0 0.0e+00 0.0e+00 0.0e+00  0  0  0  0  0   0  0  0  0  0 17002
VecScatterBegin     1444 1.0 1.1722e-01 1.0 0.00e+00 0.0 4.9e+06 1.3e+03 0.0e+00  0  0  1  1  0   0  0  1  1  0     0
VecScatterEnd       1444 1.0 6.4109e-01 5.3 0.00e+00 0.0 0.0e+00 0.0e+00 0.0e+00  0  0  0  0  0   0  0  0  0  0     0
VecReduceArith        10 1.0 8.2974e-03 1.1 2.30e+05 1.0 0.0e+00 0.0e+00 0.0e+00  0  0  0  0  0   0  0  0  0  0 14201
VecReduceComm          5 1.0 8.9180e-03 4.4 0.00e+00 0.0 0.0e+00 0.0e+00 5.0e+00  0  0  0  0  0   0  0  0  0  0     0
VecNormalize         854 1.0 5.6191e-01 1.5 1.14e+07 1.0 0.0e+00 0.0e+00 8.5e+02  0  0  0  0 23   1  1  0  0 36 10422
MatMult           102770 1.2 5.9131e+00 1.1 5.62e+08 1.1 3.6e+06 1.5e+03 0.0e+00  4 21  1  1  0   6 39  1  1  0 46278
MatMultAdd        102060 1.2 1.2405e+00 1.2 1.20e+08 1.2 2.6e+05 4.1e+02 0.0e+00  1  5  0  0  0   1  8  0  0  0 47641
MatMultTranspose     229 1.0 3.2689e-01 2.4 8.59e+06 1.0 3.5e+05 4.2e+02 0.0e+00  0  0  0  0  0   0  1  0  0  0 13452
MatSolve             860 1.0 3.5254e+00 1.0 4.62e+08 1.0 0.0e+00 0.0e+00 0.0e+00  3 18  0  0  0   4 34  0  0  0 67071
MatCholFctrSym         4 1.0 4.1008e-04 1.0 0.00e+00 0.0 0.0e+00 0.0e+00 0.0e+00  0  0  0  0  0   0  0  0  0  0     0
MatCholFctrNum        53 1.0 1.8789e+00 1.0 2.02e+08 1.0 0.0e+00 0.0e+00 0.0e+00  1  8  0  0  0   2 15  0  0  0 55144
MatICCFactorSym        6 1.0 5.2935e-02 1.0 0.00e+00 0.0 0.0e+00 0.0e+00 0.0e+00  0  0  0  0  0   0  0  0  0  0     0
MatAssemblyBegin      94 1.0 5.8185e-01 1.9 0.00e+00 0.0 3.9e+05 2.9e+04 2.4e+02  0  0  0  2  7   0  0  0  3 10     0
MatAssemblyEnd        94 1.0 5.8174e-01 1.4 0.00e+00 0.0 9.0e+04 1.0e+03 8.8e+01  0  0  0  0  2   0  0  0  0  4     0
MatGetRowIJ           33 1.0 1.6928e-04 1.1 0.00e+00 0.0 0.0e+00 0.0e+00 0.0e+00  0  0  0  0  0   0  0  0  0  0     0
MatGetOrdering        33 1.0 9.3541e-03 1.0 0.00e+00 0.0 0.0e+00 0.0e+00 6.6e+01  0  0  0  0  2   0  0  0  0  3     0
MatZeroEntries        85 1.0 1.4230e-02 1.2 0.00e+00 0.0 0.0e+00 0.0e+00 0.0e+00  0  0  0  0  0   0  0  0  0  0     0
SNESSolve              5 1.0 9.4835e+01 1.0 1.38e+09 1.0 5.7e+08 7.8e+02 2.1e+03 68 53 80 78 57  99100100100 89  7394
SNESLineSearch        32 1.0 4.9464e+00 1.0 2.82e+07 1.1 4.0e+05 1.5e+03 1.3e+02  4  1  0  0  4   5  2  0  0  6  2770
SNESFunctionEval      38 1.0 5.7096e+00 1.0 0.00e+00 0.0 3.1e+05 1.4e+03 1.0e+01  4  0  0  0  0   6  0  0  0  0     0
SNESJacobianEval      32 1.0 1.1525e+01 1.0 1.87e+06 1.0 8.2e+05 1.4e+04 2.3e+02  8  0  0  2  6  12  0  0  3 10    83
KSPGMRESOrthog       502 1.0 3.7538e-01 2.3 1.62e+07 1.0 0.0e+00 0.0e+00 5.0e+02  0  1  0  0 14   0  1  0  0 21 22162
KSPSetup             170 1.0 6.8169e-03 1.0 0.00e+00 0.0 0.0e+00 0.0e+00 0.0e+00  0  0  0  0  0   0  0  0  0  0     0
KSPSolve              32 1.0 7.7228e+01 1.0 1.35e+09 1.0 5.7e+08 7.6e+02 1.7e+03 55 52 80 76 46  81 98100 97 71  8885
PCSetUp               85 1.0 6.7265e+01 1.0 3.47e+08 1.1 5.7e+08 7.6e+02 7.0e+01 48 13 79 75  2  70 25 99 95  3  2596
PCSetUpOnBlocks      344 1.0 1.9488e+00 1.0 2.02e+08 1.0 0.0e+00 0.0e+00 7.0e+01  1  8  0  0  2   2 15  0  0  3 53167
PCApply               83 1.0 1.0888e+01 1.0 1.13e+09 1.0 4.3e+06 1.6e+03 1.5e+03  8 43  1  1 42  11 80  1  2 65 51814

--- Event Stage 2: Fine-1 solve

PetscBarrier           4 1.0 2.3508e-04 2.7 0.00e+00 0.0 0.0e+00 0.0e+00 0.0e+00  0  0  0  0  0   0  0  0  0  0     0
VecDot                 4 1.0 2.7671e-03 9.3 5.12e+04 1.0 0.0e+00 0.0e+00 4.0e+00  0  0  0  0  0   0  0  0  0  1  9473
VecMDot               96 1.0 3.9976e-02 3.8 6.98e+05 1.0 0.0e+00 0.0e+00 9.6e+01  0  0  0  0  3   0  1  0  0 24  8945
VecNorm              228 1.0 8.3518e-02 1.5 1.19e+06 1.0 0.0e+00 0.0e+00 2.3e+02  0  0  0  0  6   1  1  0  0 58  7291
VecScale             184 1.0 6.9647e-03 1.0 4.55e+05 1.0 0.0e+00 0.0e+00 0.0e+00  0  0  0  0  0   0  0  0  0  0 33471
VecCopy              100 1.0 2.0614e-03 1.0 0.00e+00 0.0 0.0e+00 0.0e+00 0.0e+00  0  0  0  0  0   0  0  0  0  0     0
VecSet               918 1.0 7.4160e-03 1.1 0.00e+00 0.0 0.0e+00 0.0e+00 0.0e+00  0  0  0  0  0   0  0  0  0  0     0
VecAXPY              124 1.0 6.5389e-03 1.0 5.80e+05 1.0 0.0e+00 0.0e+00 0.0e+00  0  0  0  0  0   0  0  0  0  0 45442
VecAYPX               36 1.0 2.0192e-03 1.1 8.81e+04 1.0 0.0e+00 0.0e+00 0.0e+00  0  0  0  0  0   0  0  0  0  0 22347
VecWAXPY               4 1.0 6.4921e-04 1.1 2.56e+04 1.0 0.0e+00 0.0e+00 0.0e+00  0  0  0  0  0   0  0  0  0  0 20189
VecMAXPY             184 1.0 1.1825e-02 1.1 1.20e+06 1.0 0.0e+00 0.0e+00 0.0e+00  0  0  0  0  0   0  1  0  0  0 52172
VecPointwiseMult      12 1.0 1.6356e-04 1.2 3.84e+03 1.0 0.0e+00 0.0e+00 0.0e+00  0  0  0  0  0   0  0  0  0  0 12021
VecScatterBegin      282 1.0 2.0803e-02 1.0 0.00e+00 0.0 9.4e+05 1.1e+03 0.0e+00  0  0  0  0  0   0  0  1  2  0     0
VecScatterEnd        282 1.0 1.0495e-01 4.7 0.00e+00 0.0 0.0e+00 0.0e+00 0.0e+00  0  0  0  0  0   0  0  0  0  0     0
VecReduceArith         2 1.0 9.3484e-04 1.1 2.56e+04 1.0 0.0e+00 0.0e+00 0.0e+00  0  0  0  0  0   0  0  0  0  0 14020
VecReduceComm          1 1.0 2.0981e-0365.7 0.00e+00 0.0 0.0e+00 0.0e+00 1.0e+00  0  0  0  0  0   0  0  0  0  0     0
VecNormalize         168 1.0 6.6057e-02 1.6 1.06e+06 1.0 0.0e+00 0.0e+00 1.7e+02  0  0  0  0  5   1  1  0  0 43  8206
MatMult            12908 1.2 5.9062e-01 1.1 5.38e+07 1.2 7.0e+05 1.2e+03 0.0e+00  0  2  0  0  0   5 38  1  2  0 42960
MatMultAdd         12772 1.2 1.5369e-01 1.2 1.49e+07 1.2 5.5e+04 3.1e+02 0.0e+00  0  1  0  0  0   1 11  0  0  0 47366
MatMultTranspose      48 1.0 5.1444e-02 3.3 7.81e+05 1.0 7.4e+04 3.1e+02 0.0e+00  0  0  0  0  0   0  1  0  0  0  7774
MatSolve             180 1.0 2.9841e-01 1.0 4.00e+07 1.0 0.0e+00 0.0e+00 0.0e+00  0  2  0  0  0   3 31  0  0  0 68695
MatCholFctrNum        12 1.0 1.8482e-01 1.0 1.99e+07 1.0 0.0e+00 0.0e+00 0.0e+00  0  1  0  0  0   2 15  0  0  0 55217
MatAssemblyBegin      16 1.0 8.8943e-02 2.0 0.00e+00 0.0 7.4e+04 2.7e+04 4.4e+01  0  0  0  0  1   1  0  0  3 11     0
MatAssemblyEnd        16 1.0 6.3005e-02 2.2 0.00e+00 0.0 0.0e+00 0.0e+00 0.0e+00  0  0  0  0  0   0  0  0  0  0     0
MatGetRowIJ            8 1.0 4.2200e-05 1.2 0.00e+00 0.0 0.0e+00 0.0e+00 0.0e+00  0  0  0  0  0   0  0  0  0  0     0
MatGetOrdering         8 1.0 1.2813e-03 1.0 0.00e+00 0.0 0.0e+00 0.0e+00 1.6e+01  0  0  0  0  0   0  0  0  0  4     0
MatZeroEntries        16 1.0 1.6432e-03 1.3 0.00e+00 0.0 0.0e+00 0.0e+00 0.0e+00  0  0  0  0  0   0  0  0  0  0     0
SNESSolve              1 1.0 1.1184e+01 1.0 1.31e+08 1.1 7.2e+07 7.9e+02 3.9e+02  8  5 10 10 11 100100100100100  5900
SNESLineSearch         4 1.0 5.2540e-01 1.0 3.05e+06 1.2 4.9e+04 2.2e+03 1.6e+01  0  0  0  0  0   5  2  0  0  4  2730
SNESFunctionEval       5 1.0 6.0990e-01 1.0 0.00e+00 0.0 4.1e+04 2.0e+03 0.0e+00  0  0  0  0  0   5  0  0  0  0     0
SNESJacobianEval       4 1.0 1.2463e+00 1.0 1.99e+05 1.0 1.6e+05 1.3e+04 4.4e+01  1  0  0  0  1  11  0  0  4 11    82
KSPGMRESOrthog        96 1.0 4.8348e-02 2.6 1.40e+06 1.0 0.0e+00 0.0e+00 9.6e+01  0  0  0  0  3   0  1  0  0 24 14793
KSPSetup              32 1.0 1.3852e-04 1.1 0.00e+00 0.0 0.0e+00 0.0e+00 0.0e+00  0  0  0  0  0   0  0  0  0  0     0
KSPSolve               4 1.0 9.2874e+00 1.0 1.28e+08 1.0 7.2e+07 7.6e+02 3.3e+02  7  5 10 10  9  83 98100 96 83  6935
PCSetUp               16 1.0 8.3277e+00 1.0 3.81e+07 1.1 7.1e+07 7.6e+02 1.6e+01  6  1 10  9  0  74 29 98 94  4  2291
PCSetUpOnBlocks       72 1.0 1.8743e-01 1.0 1.99e+07 1.0 0.0e+00 0.0e+00 1.6e+01  0  1  0  0  0   2 15  0  0  4 54447
PCApply               12 1.0 1.0509e+00 1.0 1.03e+08 1.1 8.4e+05 1.2e+03 3.0e+02  1  4  0  0  8   9 77  1  2 77 48487

--- Event Stage 3: Fine-only solve

PetscBarrier           4 1.0 2.1839e-04 2.8 0.00e+00 0.0 0.0e+00 0.0e+00 0.0e+00  0  0  0  0  0   0  0  0  0  0     0
VecDot                 4 1.0 1.3832e-02 9.5 4.01e+05 1.0 0.0e+00 0.0e+00 4.0e+00  0  0  0  0  0   0  0  0  0  1 14858
VecMDot              140 1.0 1.8540e-01 5.2 6.93e+06 1.0 0.0e+00 0.0e+00 1.4e+02  0  0  0  0  4   1  1  0  0 25 19150
VecNorm              334 1.0 5.0740e-01 1.3 1.07e+07 1.0 0.0e+00 0.0e+00 3.3e+02  0  0  0  0  9   2  1  0  0 59 10759
VecScale             270 1.0 5.3298e-02 1.0 4.12e+06 1.0 0.0e+00 0.0e+00 0.0e+00  0  0  0  0  0   0  0  0  0  0 39624
VecCopy              142 1.0 1.2661e-02 1.0 0.00e+00 0.0 0.0e+00 0.0e+00 0.0e+00  0  0  0  0  0   0  0  0  0  0     0
VecSet              1378 1.0 2.9263e-02 1.1 0.00e+00 0.0 0.0e+00 0.0e+00 0.0e+00  0  0  0  0  0   0  0  0  0  0     0
VecAXPY              186 1.0 5.3615e-02 1.0 5.23e+06 1.0 0.0e+00 0.0e+00 0.0e+00  0  0  0  0  0   0  0  0  0  0 49978
VecAYPX               56 1.0 1.6237e-02 1.1 8.05e+05 1.0 0.0e+00 0.0e+00 0.0e+00  0  0  0  0  0   0  0  0  0  0 25393
VecWAXPY               4 1.0 4.8761e-03 1.1 2.01e+05 1.0 0.0e+00 0.0e+00 0.0e+00  0  0  0  0  0   0  0  0  0  0 21074
VecMAXPY             270 1.0 9.9548e-02 1.0 1.16e+07 1.0 0.0e+00 0.0e+00 0.0e+00  0  0  0  0  0   0  1  0  0  0 59462
VecPointwiseMult      16 1.0 7.1645e-04 1.1 2.94e+04 1.0 0.0e+00 0.0e+00 0.0e+00  0  0  0  0  0   0  0  0  0  0 21039
VecScatterBegin      414 1.0 5.1117e-02 1.0 0.00e+00 0.0 1.4e+06 3.2e+03 0.0e+00  0  0  0  1  0   0  0  2  7  0     0
VecScatterEnd        414 1.0 4.5706e-01 8.4 0.00e+00 0.0 0.0e+00 0.0e+00 0.0e+00  0  0  0  0  0   0  0  0  0  0     0
VecReduceArith         2 1.0 7.1950e-03 1.1 2.01e+05 1.0 0.0e+00 0.0e+00 0.0e+00  0  0  0  0  0   0  0  0  0  0 14282
VecReduceComm          1 1.0 5.5749e-03179.9 0.00e+00 0.0 0.0e+00 0.0e+00 1.0e+00  0  0  0  0  0   0  0  0  0  0     0
VecNormalize         252 1.0 3.8629e-01 1.4 9.66e+06 1.0 0.0e+00 0.0e+00 2.5e+02  0  0  0  0  7   1  1  0  0 45 12810
MatMult            12992 1.2 4.3466e+00 1.1 4.55e+08 1.1 1.0e+06 3.6e+03 0.0e+00  3 17  0  1  0  13 41  1  6  0 50966
MatMultAdd         12792 1.2 2.1531e-01 1.1 1.97e+07 1.2 8.6e+04 8.6e+02 0.0e+00  0  1  0  0  0   1  2  0  0  0 45242
MatMultTranspose      72 1.0 2.5837e-01 2.6 6.93e+06 1.0 1.1e+05 8.6e+02 0.0e+00  0  0  0  0  0   0  1  0  0  0 13740
MatSolve             280 1.0 3.0247e+00 1.0 3.94e+08 1.0 0.0e+00 0.0e+00 0.0e+00  2 15  0  0  0   9 37  0  0  0 66745
MatCholFctrNum        16 1.0 1.5913e+00 1.0 1.71e+08 1.0 0.0e+00 0.0e+00 0.0e+00  1  7  0  0  0   5 16  0  0  0 54872
MatAssemblyBegin      20 1.0 3.5699e-01 1.8 0.00e+00 0.0 9.2e+04 8.6e+04 5.6e+01  0  0  0  1  2   1  0  0 12 10     0
MatAssemblyEnd        20 1.0 2.6214e-01 2.2 0.00e+00 0.0 0.0e+00 0.0e+00 0.0e+00  0  0  0  0  0   0  0  0  0  0     0
MatGetRowIJ           12 1.0 6.1274e-05 1.1 0.00e+00 0.0 0.0e+00 0.0e+00 0.0e+00  0  0  0  0  0   0  0  0  0  0     0
MatGetOrdering        12 1.0 6.7751e-03 1.0 0.00e+00 0.0 0.0e+00 0.0e+00 2.4e+01  0  0  0  0  1   0  0  0  0  4     0
MatZeroEntries        20 1.0 1.1376e-02 1.1 0.00e+00 0.0 0.0e+00 0.0e+00 0.0e+00  0  0  0  0  0   0  0  0  0  0     0
SNESSolve              1 1.0 3.2381e+01 1.0 1.08e+09 1.0 7.2e+07 9.1e+02 5.6e+02 23 41 10 12 15 100100100100100 16821
SNESLineSearch         4 1.0 4.1196e+00 1.0 2.35e+07 1.1 4.9e+04 8.2e+03 1.6e+01  3  1  0  0  0  13  2  0  1  3  2803
SNESFunctionEval       5 1.0 4.8237e+00 1.0 0.00e+00 0.0 4.1e+04 7.4e+03 0.0e+00  3  0  0  0  0  15  0  0  0  0     0
SNESJacobianEval       4 1.0 9.5726e+00 1.0 1.57e+06 1.0 2.0e+05 4.1e+04 5.6e+01  7  0  0  1  2  30  0  0 12 10    84
KSPGMRESOrthog       140 1.0 2.4807e-01 2.5 1.39e+07 1.0 0.0e+00 0.0e+00 1.4e+02  0  1  0  0  4   1  1  0  0 25 28625
KSPSetup              40 1.0 1.7524e-04 1.1 0.00e+00 0.0 0.0e+00 0.0e+00 0.0e+00  0  0  0  0  0   0  0  0  0  0     0
KSPSolve               4 1.0 1.7703e+01 1.0 1.06e+09 1.0 7.2e+07 8.0e+02 4.9e+02 13 41 10 10 13  55 98100 87 86 30053
PCSetUp               20 1.0 9.7535e+00 1.0 1.89e+08 1.0 7.1e+07 7.6e+02 2.4e+01  7  7 10  9  1  30 18 98 81  4  9862
PCSetUpOnBlocks      112 1.0 1.6001e+00 1.0 1.71e+08 1.0 0.0e+00 0.0e+00 2.4e+01  1  7  0  0  1   5 16  0  0  4 54571
PCApply               14 1.0 8.7155e+00 1.0 9.55e+08 1.0 1.3e+06 2.8e+03 4.6e+02  6 37  0  1 13  27 88  2  5 81 55040
------------------------------------------------------------------------------------------------------------------------

Memory usage is given in bytes:

Object Type          Creations   Destructions     Memory  Descendants' Mem.
Reports information only for process 0.

--- Event Stage 0: Main Stage

 Toy Hydrostatic Ice     0              1          500     0
   Distributed array     0             10       319288     0
                 Vec     0            331     23007124     0
         Vec Scatter     0             37        22348     0
           Index Set     0             10       135560     0
   IS L to G Mapping     0             20       446176     0
              Matrix     0             49     24828744     0
                SNES     0              5         3740     0
       Krylov Solver     0             30       339784     0
      Preconditioner     0             30        15404     0
              Viewer     0              1          400     0

--- Event Stage 1: Full solve

 Toy Hydrostatic Ice     1              0            0     0
   Distributed array    10              0            0     0
                 Vec   464             52      1031648     0
         Vec Scatter    37              0            0     0
           Index Set   140            130      1435204     0
   IS L to G Mapping    20              0            0     0
              Matrix    49              0            0     0
                SNES     5              0            0     0
       Krylov Solver    30              0            0     0
      Preconditioner    30              0            0     0
              Viewer     1              0            0     0

--- Event Stage 2: Fine-1 solve

                 Vec    12              0            0     0
           Index Set    16             16       121664     0

--- Event Stage 3: Fine-only solve

                 Vec    12              0            0     0
           Index Set    24             24       927456     0
========================================================================================================================
Average time to get PetscTime(): 3.48091e-06
Average time for MPI_Barrier(): 2.43187e-06
Average time for zero size MPI_Send(): 1.10762e-05
#PETSc Option Table entries:
-M 32
-P 4
-dmmg_form_function_ghost 1
-dmmg_grid_sequence 1
-ksp_converged_reason
-ksp_monitor
-ksp_rtol 1e-2
-log_summary
-mg_coarse_pc_type tfs
-mg_levels_0_pc_type tfs
-mg_levels_1_sub_pc_type cholesky
-pc_mg_type multiplicative
-repeat_fine_solve 1
-snes_converged_reason
-snes_monitor
-thi_L 80e3
-thi_friction_m 0.3
-thi_hom z
-thi_nlevels 5
#End of PETSc Option Table entries
Compiled without FORTRAN kernels
Compiled with full precision matrices (default)
sizeof(short) 2 sizeof(int) 4 sizeof(long) 4 sizeof(void*) 4 sizeof(PetscScalar) 8
Configure run at: Mon Sep 13 22:38:37 2010
Configure options: --with-x=0 --with-is-color-value-type=short --with-debugging=1 --with-fortran-kernels=1 --with-mpi-dir=/bgsys/drivers/ppcfloor/comm --with-batch=1 --known-mpi-shared-libraries=1 --known-memcmp-ok --known-sizeof-char=1 --known-sizeof-void-p=4 --known-sizeof-short=2 --known-sizeof-int=4 --known-sizeof-long=4 --known-sizeof-size_t=4 --known-sizeof-long-long=8 --known-sizeof-float=4 --known-sizeof-double=8 --known-bits-per-byte=8 --known-sizeof-MPI_Comm=4 --known-sizeof-MPI_Fint=4 --known-mpi-long-double=1 --known-level1-dcache-assoc=0 --known-level1-dcache-linesize=32 --known-level1-dcache-size=32768 --download-c-blas-lapack=yes --with-shared=0 --prefix=/opt/share/ksl/petsc/dev-aug30/ppc450d-bgp_xlc_ref --with-clanguage=c --cflags= --CXXFLAGS= LIBS=" " --CC=/bgsys/drivers/ppcfloor/comm/xl/bin/mpixlc_r --CXX=/bgsys/drivers/ppcfloor/comm/xl/bin/mpixlcxx_r --with-fortran=0 --with-debugging=0 --with-fortran-kernels=0 PETSC_ARCH=bgp-xlc-ref
-----------------------------------------
Libraries compiled on Mon Sep 13 22:38:37 2010 on fen1 
Machine characteristics: Linux-2.6.16.60-0.66.1-ppc64-ppc64-with-SuSE-10-ppc
Using PETSc directory: /scratch/aron/sandbox/process/installs/builddir_ppc64/petsc-dev-aug30-bgp_xlc_ref/petsc-dev-16784
Using PETSc arch: bgp-xlc-ref
-----------------------------------------

Using C compiler: /bgsys/drivers/ppcfloor/comm/xl/bin/mpixlc_r  -O  ${COPTFLAGS} ${CFLAGS}
-----------------------------------------

Using include paths: -I/scratch/aron/sandbox/process/installs/builddir_ppc64/petsc-dev-aug30-bgp_xlc_ref/petsc-dev-16784/bgp-xlc-ref/include -I/scratch/aron/sandbox/process/installs/builddir_ppc64/petsc-dev-aug30-bgp_xlc_ref/petsc-dev-16784/include -I/bgsys/drivers/ppcfloor/comm/include
-----------------------------------------

Using C linker: /bgsys/drivers/ppcfloor/comm/xl/bin/mpixlc_r
Using libraries: -Wl,-rpath,/scratch/aron/sandbox/process/installs/builddir_ppc64/petsc-dev-aug30-bgp_xlc_ref/petsc-dev-16784/bgp-xlc-ref/lib -L/scratch/aron/sandbox/process/installs/builddir_ppc64/petsc-dev-aug30-bgp_xlc_ref/petsc-dev-16784/bgp-xlc-ref/lib -lpetscts -lpetscsnes -lpetscksp -lpetscdm -lpetscmat -lpetscvec -lpetscsys -Wl,-rpath,/scratch/aron/sandbox/process/installs/builddir_ppc64/petsc-dev-aug30-bgp_xlc_ref/petsc-dev-16784/bgp-xlc-ref/lib -L/scratch/aron/sandbox/process/installs/builddir_ppc64/petsc-dev-aug30-bgp_xlc_ref/petsc-dev-16784/bgp-xlc-ref/lib -lf2clapack -lf2cblas -lnsl -lrt -ldl 
-----------------------------------------

