Level 0 domain size (m)    8e+04 x    8e+04 x    1e+03, num elements  32 x  32 x   4 (    4096), size (m) 2500 x 2500 x 333.333
Level 1 domain size (m)    8e+04 x    8e+04 x    1e+03, num elements  64 x  64 x   7 (   28672), size (m) 1250 x 1250 x 166.667
Level 2 domain size (m)    8e+04 x    8e+04 x    1e+03, num elements 128 x 128 x  13 (  212992), size (m) 625 x 625 x 83.3333
Level 3 domain size (m)    8e+04 x    8e+04 x    1e+03, num elements 256 x 256 x  25 ( 1638400), size (m) 312.5 x 312.5 x 41.6667
Level 4 domain size (m)    8e+04 x    8e+04 x    1e+03, num elements 512 x 512 x  49 (12845056), size (m) 156.25 x 156.25 x 20.8333
          0 SNES Function norm 9.474957067903e+02 
Linear solve converged due to CONVERGED_ITS iterations 1
          1 SNES Function norm 8.805826102181e+02 
Linear solve converged due to CONVERGED_ITS iterations 1
          2 SNES Function norm 7.345585944548e+02 
Linear solve converged due to CONVERGED_ITS iterations 1
          3 SNES Function norm 5.330294830563e+02 
Linear solve converged due to CONVERGED_ITS iterations 1
          4 SNES Function norm 2.881865829915e+02 
Linear solve converged due to CONVERGED_ITS iterations 1
          5 SNES Function norm 7.699210085814e+01 
Linear solve converged due to CONVERGED_ITS iterations 1
          6 SNES Function norm 4.571010551253e+00 
Linear solve converged due to CONVERGED_ITS iterations 1
          7 SNES Function norm 1.481750413333e-02 
Linear solve converged due to CONVERGED_ITS iterations 1
          8 SNES Function norm 1.634425264562e-07 
Nonlinear solve converged due to CONVERGED_FNORM_RELATIVE
        0 SNES Function norm 3.441216820259e+02 
          0 KSP Residual norm 3.441216820259e+02 
          1 KSP Residual norm 5.163656990616e+00 
          2 KSP Residual norm 2.099303728506e-01 
Linear solve converged due to CONVERGED_RTOL iterations 2
        1 SNES Function norm 2.520368920778e+01 
          0 KSP Residual norm 2.520368920778e+01 
          1 KSP Residual norm 2.109321502594e+00 
          2 KSP Residual norm 2.548741831544e-01 
          3 KSP Residual norm 5.041704086317e-02 
Linear solve converged due to CONVERGED_RTOL iterations 3
        2 SNES Function norm 6.129860609481e+00 
          0 KSP Residual norm 6.129860609481e+00 
          1 KSP Residual norm 4.140644868787e-01 
          2 KSP Residual norm 6.396149177166e-02 
          3 KSP Residual norm 9.928157195285e-03 
Linear solve converged due to CONVERGED_RTOL iterations 3
        3 SNES Function norm 3.411276633428e+00 
          0 KSP Residual norm 3.411276633428e+00 
          1 KSP Residual norm 2.044638956703e-01 
          2 KSP Residual norm 4.087617738744e-02 
          3 KSP Residual norm 7.364950804387e-03 
Linear solve converged due to CONVERGED_RTOL iterations 3
        4 SNES Function norm 1.551877695114e+00 
          0 KSP Residual norm 1.551877695114e+00 
          1 KSP Residual norm 1.360759687050e-01 
          2 KSP Residual norm 3.268871587812e-02 
          3 KSP Residual norm 6.085972771327e-03 
Linear solve converged due to CONVERGED_RTOL iterations 3
        5 SNES Function norm 2.260592904379e-01 
          0 KSP Residual norm 2.260592904379e-01 
          1 KSP Residual norm 1.568044529248e-02 
          2 KSP Residual norm 3.228653188966e-03 
          3 KSP Residual norm 5.626514683282e-04 
Linear solve converged due to CONVERGED_RTOL iterations 3
        6 SNES Function norm 9.801811402443e-03 
          0 KSP Residual norm 9.801811402443e-03 
          1 KSP Residual norm 6.203311219478e-04 
          2 KSP Residual norm 1.091166247550e-04 
          3 KSP Residual norm 2.083133494007e-05 
Linear solve converged due to CONVERGED_RTOL iterations 3
        7 SNES Function norm 2.990063519163e-05 
          0 KSP Residual norm 2.990063519163e-05 
          1 KSP Residual norm 6.196776259922e-06 
          2 KSP Residual norm 1.587093286614e-06 
          3 KSP Residual norm 3.097370820699e-07 
          4 KSP Residual norm 5.532976812919e-08 
Linear solve converged due to CONVERGED_RTOL iterations 4
        8 SNES Function norm 5.534232119553e-08 
Nonlinear solve converged due to CONVERGED_FNORM_RELATIVE
      0 SNES Function norm 1.243736279886e+02 
        0 KSP Residual norm 1.243736279886e+02 
        1 KSP Residual norm 1.522145964408e+00 
        2 KSP Residual norm 9.569747002696e-02 
Linear solve converged due to CONVERGED_RTOL iterations 2
      1 SNES Function norm 2.723274057466e+00 
        0 KSP Residual norm 2.723274057466e+00 
        1 KSP Residual norm 3.255331596493e-01 
        2 KSP Residual norm 5.677427215126e-02 
        3 KSP Residual norm 1.607880204011e-02 
Linear solve converged due to CONVERGED_RTOL iterations 3
      2 SNES Function norm 5.663077136480e-01 
        0 KSP Residual norm 5.663077136480e-01 
        1 KSP Residual norm 4.454995317731e-02 
        2 KSP Residual norm 6.945625196604e-03 
        3 KSP Residual norm 1.425569916969e-03 
Linear solve converged due to CONVERGED_RTOL iterations 3
      3 SNES Function norm 3.455596038827e-01 
        0 KSP Residual norm 3.455596038827e-01 
        1 KSP Residual norm 2.168865833096e-02 
        2 KSP Residual norm 2.463395403992e-03 
Linear solve converged due to CONVERGED_RTOL iterations 2
      4 SNES Function norm 1.998314812672e-02 
        0 KSP Residual norm 1.998314812672e-02 
        1 KSP Residual norm 2.102379913999e-03 
        2 KSP Residual norm 3.929768451248e-04 
        3 KSP Residual norm 9.972570459892e-05 
Linear solve converged due to CONVERGED_RTOL iterations 3
      5 SNES Function norm 4.319989865690e-04 
        0 KSP Residual norm 4.319989865690e-04 
        1 KSP Residual norm 5.341565891613e-05 
        2 KSP Residual norm 1.438386198873e-05 
        3 KSP Residual norm 4.664477061872e-06 
        4 KSP Residual norm 1.957523785008e-06 
Linear solve converged due to CONVERGED_RTOL iterations 4
      6 SNES Function norm 1.963521722649e-06 
        0 KSP Residual norm 1.963521722649e-06 
        1 KSP Residual norm 9.923951557719e-07 
        2 KSP Residual norm 2.949418795524e-07 
        3 KSP Residual norm 8.181041633524e-08 
        4 KSP Residual norm 2.405501316517e-08 
        5 KSP Residual norm 5.775182193818e-09 
Linear solve converged due to CONVERGED_RTOL iterations 5
      7 SNES Function norm 5.775227806017e-09 
Nonlinear solve converged due to CONVERGED_FNORM_RELATIVE
    0 SNES Function norm 4.444819387251e+01 
      0 KSP Residual norm 4.444819387251e+01 
      1 KSP Residual norm 3.653466853730e-01 
Linear solve converged due to CONVERGED_RTOL iterations 1
    1 SNES Function norm 4.744242920856e-01 
      0 KSP Residual norm 4.744242920856e-01 
      1 KSP Residual norm 7.043820621296e-02 
      2 KSP Residual norm 8.981501506702e-03 
      3 KSP Residual norm 2.346089233862e-03 
Linear solve converged due to CONVERGED_RTOL iterations 3
    2 SNES Function norm 2.957536932171e-02 
      0 KSP Residual norm 2.957536932171e-02 
      1 KSP Residual norm 2.516974566967e-03 
      2 KSP Residual norm 5.682095367508e-04 
      3 KSP Residual norm 2.037410561295e-04 
Linear solve converged due to CONVERGED_RTOL iterations 3
    3 SNES Function norm 1.722626622719e-03 
      0 KSP Residual norm 1.722626622719e-03 
      1 KSP Residual norm 1.356200554304e-04 
      2 KSP Residual norm 6.528472951471e-05 
      3 KSP Residual norm 1.976697841956e-05 
      4 KSP Residual norm 7.017596187589e-06 
Linear solve converged due to CONVERGED_RTOL iterations 4
    4 SNES Function norm 1.100172643830e-05 
      0 KSP Residual norm 1.100172643830e-05 
      1 KSP Residual norm 3.997096062822e-06 
      2 KSP Residual norm 1.290590649855e-06 
      3 KSP Residual norm 5.289322526808e-07 
      4 KSP Residual norm 1.769700138408e-07 
      5 KSP Residual norm 5.251130372373e-08 
Linear solve converged due to CONVERGED_RTOL iterations 5
    5 SNES Function norm 5.250669109095e-08 
Nonlinear solve converged due to CONVERGED_FNORM_RELATIVE
  0 SNES Function norm 1.579842131406e+01 
    0 KSP Residual norm 1.579842131406e+01 
    1 KSP Residual norm 1.068991758187e-01 
Linear solve converged due to CONVERGED_RTOL iterations 1
  1 SNES Function norm 1.128847725756e-01 
    0 KSP Residual norm 1.128847725756e-01 
    1 KSP Residual norm 1.291802898298e-02 
    2 KSP Residual norm 2.468036200009e-03 
    3 KSP Residual norm 6.371829543278e-04 
Linear solve converged due to CONVERGED_RTOL iterations 3
  2 SNES Function norm 1.749752396034e-03 
    0 KSP Residual norm 1.749752396034e-03 
    1 KSP Residual norm 2.704611206022e-04 
    2 KSP Residual norm 1.056716120818e-04 
    3 KSP Residual norm 3.578339549248e-05 
    4 KSP Residual norm 1.418675345333e-05 
Linear solve converged due to CONVERGED_RTOL iterations 4
  3 SNES Function norm 2.538467961904e-05 
    0 KSP Residual norm 2.538467961904e-05 
    1 KSP Residual norm 8.053969370947e-06 
    2 KSP Residual norm 3.602446780550e-06 
    3 KSP Residual norm 1.272972977755e-06 
    4 KSP Residual norm 5.089536831001e-07 
    5 KSP Residual norm 1.727004125762e-07 
Linear solve converged due to CONVERGED_RTOL iterations 5
  4 SNES Function norm 1.727999237584e-07 
Nonlinear solve converged due to CONVERGED_PNORM_RELATIVE
Solution statistics after solve: Full
CONVERGED_PNORM_RELATIVE: Number of Newton iterations = 4, total linear iterations = 13
|X|_2 305483   u in [6.21732, 195.742]   v in [-4.65804, 5.18416]   c in [6.21737, 195.743] 
Surface statistics: u in [8.286111e+00, 1.957420e+02] mean 7.833665e+01
Global eta range   [2.65289e+10, 9.2273e+12], converged range [2.65433e+10, 7.13265e+12]
Global beta2 range [5.64957e+09, 2.25533e+13], converged range [5.65026e+09, 1.28662e+10]

    0 SNES Function norm 2.066374757933e+01 
      0 KSP Residual norm 2.066374757933e+01 
      1 KSP Residual norm 1.778461013063e-01 
Linear solve converged due to CONVERGED_RTOL iterations 1
    1 SNES Function norm 1.245585906422e+00 
      0 KSP Residual norm 1.245585906422e+00 
      1 KSP Residual norm 2.190720740988e-02 
      2 KSP Residual norm 1.441747366034e-03 
Linear solve converged due to CONVERGED_RTOL iterations 2
    2 SNES Function norm 5.008045828384e-03 
      0 KSP Residual norm 5.008045828384e-03 
      1 KSP Residual norm 3.642906034704e-04 
      2 KSP Residual norm 1.108320853753e-04 
      3 KSP Residual norm 3.017429616527e-05 
Linear solve converged due to CONVERGED_RTOL iterations 3
    3 SNES Function norm 3.003894421341e-05 
      0 KSP Residual norm 3.003894421341e-05 
      1 KSP Residual norm 9.170880874791e-06 
      2 KSP Residual norm 3.135591702965e-06 
      3 KSP Residual norm 9.863572909092e-07 
      4 KSP Residual norm 3.017619369517e-07 
      5 KSP Residual norm 1.150583618096e-07 
Linear solve converged due to CONVERGED_RTOL iterations 5
    4 SNES Function norm 1.150322854282e-07 
Nonlinear solve converged due to CONVERGED_FNORM_RELATIVE
Solution statistics after solve: Fine-1
CONVERGED_FNORM_RELATIVE: Number of Newton iterations = 4, total linear iterations = 11
|X|_2 108853   u in [6.21734, 195.685]   v in [-4.6564, 5.18231]   c in [6.21739, 195.686] 
Surface statistics: u in [8.285205e+00, 1.956854e+02] mean 7.831558e+01
Global eta range   [2.65289e+10, 9.2273e+12], converged range [2.71094e+10, 4.92155e+12]
Global beta2 range [5.59343e+09, 2.25533e+13], converged range [5.65055e+09, 1.28111e+10]

  0 SNES Function norm 1.579842131416e+01 
    0 KSP Residual norm 1.579842131416e+01 
    1 KSP Residual norm 1.068991756832e-01 
Linear solve converged due to CONVERGED_RTOL iterations 1
  1 SNES Function norm 1.128847711580e-01 
    0 KSP Residual norm 1.128847711580e-01 
    1 KSP Residual norm 1.291802897773e-02 
    2 KSP Residual norm 2.468035974841e-03 
    3 KSP Residual norm 6.371828526387e-04 
Linear solve converged due to CONVERGED_RTOL iterations 3
  2 SNES Function norm 1.749751744191e-03 
    0 KSP Residual norm 1.749751744191e-03 
    1 KSP Residual norm 2.704610232991e-04 
    2 KSP Residual norm 1.056716068462e-04 
    3 KSP Residual norm 3.578339764526e-05 
    4 KSP Residual norm 1.418674975779e-05 
Linear solve converged due to CONVERGED_RTOL iterations 4
  3 SNES Function norm 2.538465952871e-05 
    0 KSP Residual norm 2.538465952871e-05 
    1 KSP Residual norm 8.053965895491e-06 
    2 KSP Residual norm 3.602442562799e-06 
    3 KSP Residual norm 1.272973476062e-06 
    4 KSP Residual norm 5.089539445392e-07 
    5 KSP Residual norm 1.727003147708e-07 
Linear solve converged due to CONVERGED_RTOL iterations 5
  4 SNES Function norm 1.727998163488e-07 
Nonlinear solve converged due to CONVERGED_PNORM_RELATIVE
Solution statistics after solve: Fine
CONVERGED_PNORM_RELATIVE: Number of Newton iterations = 4, total linear iterations = 13
|X|_2 305483   u in [6.21732, 195.742]   v in [-4.65804, 5.18416]   c in [6.21737, 195.743] 
Surface statistics: u in [8.286111e+00, 1.957420e+02] mean 7.833665e+01
Global eta range   [2.65289e+10, 9.2273e+12], converged range [2.65433e+10, 7.13265e+12]
Global beta2 range [5.59343e+09, 2.25533e+13], converged range [5.65026e+09, 1.28662e+10]

************************************************************************************************************************
***             WIDEN YOUR WINDOW TO 120 CHARACTERS.  Use 'enscript -r -fCourier9' to print this document            ***
************************************************************************************************************************

---------------------------------------------- PETSc Performance Summary: ----------------------------------------------

./ex48 on a bgp-xlc-r named ionode63 with 64 processors, by Unknown Tue Sep 14 00:37:54 2010
Using Petsc Development HG revision: aeb2eea2e3ddfd0635951d6560aa7114704dab25  HG Date: Sat Aug 21 15:26:55 2010 -0500

                         Max       Max/Min        Avg      Total 
Time (sec):           1.214e+03      1.00000   1.214e+03
Objects:              8.470e+02      1.00000   8.470e+02
Flops:                9.209e+10      1.00330   9.194e+10  5.884e+12
Flops/sec:            7.586e+07      1.00330   7.574e+07  4.847e+09
MPI Messages:         2.599e+04      1.02728   2.531e+04  1.620e+06
MPI Message Lengths:  3.029e+08      1.00092   1.196e+04  1.937e+10
MPI Reductions:       3.284e+03      1.00000

Flop counting convention: 1 flop = 1 real number operation of type (multiply/divide/add/subtract)
                            e.g., VecAXPY() for real vectors of length N --> 2N flops
                            and VecAXPY() for complex vectors of length N --> 8N flops

Summary of Stages:   ----- Time ------  ----- Flops -----  --- Messages ---  -- Message Lengths --  -- Reductions --
                        Avg     %Total     Avg     %Total   counts   %Total     Avg         %Total   counts   %Total 
 0:      Main Stage: 1.9036e-01   0.0%  3.2204e+08   0.0%  1.770e+03   0.1%  1.544e+00        0.0%  1.500e+01   0.5% 
 1:      Full solve: 8.4968e+02  70.0%  4.3656e+12  74.2%  1.211e+06  74.8%  7.897e+03       66.0%  2.186e+03  66.6% 
 2:    Fine-1 solve: 9.9846e+01   8.2%  5.2586e+11   8.9%  1.732e+05  10.7%  1.089e+03        9.1%  3.340e+02  10.2% 
 3: Fine-only solve: 2.6420e+02  21.8%  9.9230e+11  16.9%  2.337e+05  14.4%  2.972e+03       24.8%  4.910e+02  15.0% 

------------------------------------------------------------------------------------------------------------------------
See the 'Profiling' chapter of the users' manual for details on interpreting output.
Phase summary info:
   Count: number of times phase was executed
   Time and Flops: Max - maximum over all processors
                   Ratio - ratio of maximum to minimum over all processors
   Mess: number of messages sent
   Avg. len: average message length
   Reduct: number of global reductions
   Global: entire computation
   Stage: stages of a computation. Set stages with PetscLogStagePush() and PetscLogStagePop().
      %T - percent time in this phase         %F - percent flops in this phase
      %M - percent messages in this phase     %L - percent message lengths in this phase
      %R - percent reductions in this phase
   Total Mflop/s: 10e-6 * (sum of flops over all processors)/(max time over all processors)
------------------------------------------------------------------------------------------------------------------------
Event                Count      Time (sec)     Flops                             --- Global ---  --- Stage ---   Total
                   Max Ratio  Max     Ratio   Max  Ratio  Mess   Avg len Reduct  %T %F %M %L %R  %T %F %M %L %R Mflop/s
------------------------------------------------------------------------------------------------------------------------

--- Event Stage 0: Main Stage

VecSet                 2 1.0 1.0228e-04 1.0 0.00e+00 0.0 0.0e+00 0.0e+00 0.0e+00  0  0  0  0  0   0  0  0  0  0     0
VecPointwiseMult       1 1.0 1.0631e-03 1.2 5.12e+04 1.0 0.0e+00 0.0e+00 0.0e+00  0  0  0  0  0   0  1  0  0  0  3082
VecScatterBegin        2 1.0 1.7405e-04 1.0 0.00e+00 0.0 3.8e+02 6.5e+03 0.0e+00  0  0  0  0  0   0  0 22100  0     0
VecScatterEnd          2 1.0 8.5497e-04 3.0 0.00e+00 0.0 0.0e+00 0.0e+00 0.0e+00  0  0  0  0  0   0  0  0  0  0     0
MatMult                1 1.0 2.7452e-02 1.0 2.29e+06 1.0 1.9e+02 6.5e+03 0.0e+00  0  0  0  0  0  14 46 11 50  0  5338
MatMultTranspose       1 1.0 3.4817e-02 1.0 2.69e+06 1.0 1.9e+02 6.5e+03 0.0e+00  0  0  0  0  0  18 53 11 50  0  4947

--- Event Stage 1: Full solve

VecDot                32 1.0 5.3829e-02 3.5 3.83e+06 1.0 0.0e+00 0.0e+00 3.2e+01  0  0  0  0  1   0  0  0  0  1  4557
VecMDot              419 1.0 6.8122e-01 2.9 5.88e+07 1.0 0.0e+00 0.0e+00 4.2e+02  0  0  0  0 13   0  0  0  0 19  5521
VecNorm             1028 1.0 4.9529e+00 1.2 9.50e+07 1.0 0.0e+00 0.0e+00 1.0e+03  0  0  0  0 31   1  0  0  0 47  1228
VecScale             787 1.0 4.6037e-01 1.0 3.66e+07 1.0 0.0e+00 0.0e+00 0.0e+00  0  0  0  0  0   0  0  0  0  0  5083
VecCopy              464 1.0 1.0405e-01 1.0 0.00e+00 0.0 0.0e+00 0.0e+00 0.0e+00  0  0  0  0  0   0  0  0  0  0     0
VecSet              4417 1.0 2.0453e-01 1.1 0.00e+00 0.0 0.0e+00 0.0e+00 0.0e+00  0  0  0  0  0   0  0  0  0  0     0
VecAXPY              536 1.0 4.6892e-01 1.0 4.65e+07 1.0 0.0e+00 0.0e+00 0.0e+00  0  0  0  0  0   0  0  0  0  0  6345
VecAYPX              168 1.0 1.3130e-01 1.0 7.11e+06 1.0 0.0e+00 0.0e+00 0.0e+00  0  0  0  0  0   0  0  0  0  0  3466
VecWAXPY              33 1.0 4.2738e-02 1.0 1.92e+06 1.0 0.0e+00 0.0e+00 0.0e+00  0  0  0  0  0   0  0  0  0  0  2872
VecMAXPY             787 1.0 7.9498e-01 1.0 9.96e+07 1.0 0.0e+00 0.0e+00 0.0e+00  0  0  0  0  0   0  0  0  0  0  8019
VecPointwiseMult      53 1.0 6.1436e-03 1.1 2.82e+05 1.0 0.0e+00 0.0e+00 0.0e+00  0  0  0  0  0   0  0  0  0  0  2939
VecScatterBegin     1527 1.0 2.8553e-01 1.0 0.00e+00 0.0 9.3e+05 2.5e+03 0.0e+00  0  0 57 12  0   0  0 77 18  0     0
VecScatterEnd       1527 1.0 1.9674e+00 6.6 0.00e+00 0.0 0.0e+00 0.0e+00 0.0e+00  0  0  0  0  0   0  0  0  0  0     0
VecReduceArith        10 1.0 6.5542e-02 1.1 1.84e+06 1.0 0.0e+00 0.0e+00 0.0e+00  0  0  0  0  0   0  0  0  0  0  1798
VecReduceComm          5 1.0 3.1975e-02 6.2 0.00e+00 0.0 0.0e+00 0.0e+00 5.0e+00  0  0  0  0  0   0  0  0  0  0     0
VecNormalize         688 1.0 3.9230e+00 1.3 8.53e+07 1.0 0.0e+00 0.0e+00 6.9e+02  0  0  0  0 21   0  0  0  0 31  1392
MatMult              791 1.0 3.5969e+01 1.0 3.92e+09 1.0 4.0e+05 4.1e+03 0.0e+00  3  4 25  9  0   4  6 33 13  0  6820
MatMultAdd           168 1.0 6.1936e-01 1.0 4.75e+07 1.0 3.2e+04 1.0e+03 0.0e+00  0  0  2  0  0   0  0  3  0  0  4912
MatMultTranspose     225 1.0 1.3783e+00 1.6 6.53e+07 1.0 4.3e+04 1.0e+03 0.0e+00  0  0  3  0  0   0  0  4  0  0  3032
MatSolve             931 1.0 3.2830e+01 1.0 4.47e+09 1.0 0.0e+00 0.0e+00 0.0e+00  3  5  0  0  0   4  7  0  0  0  8710
MatLUFactorSym         5 1.0 2.4514e+00 1.0 0.00e+00 0.0 0.0e+00 0.0e+00 5.0e+00  0  0  0  0  0   0  0  0  0  0     0
MatLUFactorNum        32 1.0 6.1120e+02 1.0 5.74e+10 1.0 0.0e+00 0.0e+00 0.0e+00 50 62  0  0  0  72 84  0  0  0  6015
MatCholFctrSym         4 1.0 8.3201e-03 1.0 0.00e+00 0.0 0.0e+00 0.0e+00 0.0e+00  0  0  0  0  0   0  0  0  0  0     0
MatCholFctrNum        53 1.0 1.8257e+01 1.0 2.00e+09 1.0 0.0e+00 0.0e+00 0.0e+00  2  2  0  0  0   2  3  0  0  0  7016
MatICCFactorSym        6 1.0 4.4953e-01 1.0 0.00e+00 0.0 0.0e+00 0.0e+00 0.0e+00  0  0  0  0  0   0  0  0  0  0     0
MatAssemblyBegin     126 1.0 1.6200e+00 3.4 0.00e+00 0.0 4.9e+04 8.0e+04 2.4e+02  0  0  3 20  7   0  0  4 30 11     0
MatAssemblyEnd       126 1.0 1.5535e+00 1.4 0.00e+00 0.0 1.1e+04 2.6e+03 8.8e+01  0  0  1  0  3   0  0  1  0  4     0
MatGetRowIJ           38 1.0 2.7842e-02 1.0 0.00e+00 0.0 0.0e+00 0.0e+00 0.0e+00  0  0  0  0  0   0  0  0  0  0     0
MatGetOrdering        38 1.0 2.0469e-01 1.0 0.00e+00 0.0 0.0e+00 0.0e+00 8.6e+01  0  0  0  0  3   0  0  0  0  4     0
MatZeroEntries        85 1.0 1.0321e-01 1.1 0.00e+00 0.0 0.0e+00 0.0e+00 0.0e+00  0  0  0  0  0   0  0  0  0  0     0
MatGetRedundant       32 1.0 1.8627e+00 1.1 0.00e+00 0.0 1.7e+05 3.8e+04 1.0e+01  0  0 10 33  0   0  0 14 51  0     0
SNESSolve              5 1.0 8.4500e+02 1.0 6.83e+10 1.0 1.2e+06 1.1e+04 1.9e+03 70 74 73 66 58  99100 98100 88  5166
SNESLineSearch        32 1.0 3.9087e+01 1.0 2.20e+08 1.0 5.0e+04 3.9e+03 1.3e+02  3  0  3  1  4   5  0  4  2  6   355
SNESFunctionEval      38 1.0 4.5533e+01 1.0 0.00e+00 0.0 3.9e+04 3.7e+03 1.0e+01  4  0  2  1  0   5  0  3  1  0     0
SNESJacobianEval      32 1.0 8.7935e+01 1.0 1.50e+07 1.0 1.0e+05 3.9e+04 2.3e+02  7  0  6 21  7  10  0  8 31 10    11
KSPGMRESOrthog       419 1.0 1.1526e+00 1.6 1.18e+08 1.0 0.0e+00 0.0e+00 4.2e+02  0  0  0  0 13   0  0  0  0 19  6525
KSPSetup             202 1.0 2.8892e-02 1.0 0.00e+00 0.0 0.0e+00 0.0e+00 0.0e+00  0  0  0  0  0   0  0  0  0  0     0
KSPSolve              32 1.0 7.0893e+02 1.0 6.80e+10 1.0 1.0e+06 8.3e+03 1.5e+03 58 74 64 44 46  83100 85 67 69  6136
PCSetUp               85 1.0 6.3445e+02 1.0 5.94e+10 1.0 2.1e+05 3.1e+04 1.6e+02 52 65 13 34  5  75 87 17 51  8  5997
PCSetUpOnBlocks      336 1.0 1.8781e+01 1.0 2.00e+09 1.0 0.0e+00 0.0e+00 7.0e+01  2  2  0  0  2   2  3  0  0  3  6820
PCApply               83 1.0 8.7006e+01 1.0 9.84e+09 1.0 7.8e+05 2.3e+03 1.3e+03  7 11 48  9 39  10 14 64 14 58  7192

--- Event Stage 2: Fine-1 solve

VecDot                 4 1.0 8.2190e-03 5.6 4.10e+05 1.0 0.0e+00 0.0e+00 4.0e+00  0  0  0  0  0   0  0  0  0  1  3189
VecMDot               77 1.0 8.7530e-02 4.0 5.14e+06 1.0 0.0e+00 0.0e+00 7.7e+01  0  0  0  0  2   0  0  0  0 23  3762
VecNorm              188 1.0 7.8525e-01 2.3 8.82e+06 1.0 0.0e+00 0.0e+00 1.9e+02  0  0  0  0  6   1  0  0  0 56   719
VecScale             147 1.0 4.2830e-02 1.0 3.35e+06 1.0 0.0e+00 0.0e+00 0.0e+00  0  0  0  0  0   0  0  0  0  0  5010
VecCopy               82 1.0 1.0717e-02 1.0 0.00e+00 0.0 0.0e+00 0.0e+00 0.0e+00  0  0  0  0  0   0  0  0  0  0     0
VecSet               835 1.0 2.1668e-02 1.1 0.00e+00 0.0 0.0e+00 0.0e+00 0.0e+00  0  0  0  0  0   0  0  0  0  0     0
VecAXPY              103 1.0 4.3625e-02 1.0 4.29e+06 1.0 0.0e+00 0.0e+00 0.0e+00  0  0  0  0  0   0  0  0  0  0  6290
VecAYPX               33 1.0 1.2947e-02 1.0 6.46e+05 1.0 0.0e+00 0.0e+00 0.0e+00  0  0  0  0  0   0  0  0  0  0  3195
VecWAXPY               4 1.0 4.9734e-03 1.1 2.05e+05 1.0 0.0e+00 0.0e+00 0.0e+00  0  0  0  0  0   0  0  0  0  0  2635
VecMAXPY             147 1.0 7.8004e-02 1.0 8.86e+06 1.0 0.0e+00 0.0e+00 0.0e+00  0  0  0  0  0   0  0  0  0  0  7267
VecPointwiseMult      12 1.0 7.1025e-04 1.1 3.07e+04 1.0 0.0e+00 0.0e+00 0.0e+00  0  0  0  0  0   0  0  0  0  0  2768
VecScatterBegin      273 1.0 4.0124e-02 1.0 0.00e+00 0.0 1.5e+05 2.3e+03 0.0e+00  0  0  9  2  0   0  0 85 20  0     0
VecScatterEnd        273 1.0 2.6388e-01 5.9 0.00e+00 0.0 0.0e+00 0.0e+00 0.0e+00  0  0  0  0  0   0  0  0  0  0     0
VecReduceArith         2 1.0 7.2501e-03 1.1 2.05e+05 1.0 0.0e+00 0.0e+00 0.0e+00  0  0  0  0  0   0  0  0  0  0  1808
VecReduceComm          1 1.0 3.7100e-03105.9 0.00e+00 0.0 0.0e+00 0.0e+00 1.0e+00  0  0  0  0  0   0  0  0  0  0     0
VecNormalize         132 1.0 6.8382e-01 2.9 7.76e+06 1.0 0.0e+00 0.0e+00 1.3e+02  0  0  0  0  4   1  0  0  0 40   726
MatMult              147 1.0 3.1887e+00 1.0 3.58e+08 1.1 7.5e+04 3.3e+03 0.0e+00  0  0  5  1  0   3  4 43 14  0  6938
MatMultAdd            33 1.0 6.0991e-02 1.1 4.30e+06 1.0 6.3e+03 7.8e+02 0.0e+00  0  0  0  0  0   0  0  4  0  0  4508
MatMultTranspose      45 1.0 1.8019e-01 2.2 5.86e+06 1.0 8.6e+03 7.8e+02 0.0e+00  0  0  1  0  0   0  0  5  0  0  2081
MatSolve             176 1.0 2.9585e+00 1.0 4.25e+08 1.0 0.0e+00 0.0e+00 0.0e+00  0  0  0  0  0   3  5  0  0  0  9185
MatLUFactorNum         4 1.0 7.6540e+01 1.0 7.18e+09 1.0 0.0e+00 0.0e+00 0.0e+00  6  8  0  0  0  76 87  0  0  0  6004
MatCholFctrNum        12 1.0 2.0176e+00 1.0 2.23e+08 1.0 0.0e+00 0.0e+00 0.0e+00  0  0  0  0  0   2  3  0  0  0  7089
MatAssemblyBegin      20 1.0 1.9867e-01 3.3 0.00e+00 0.0 9.2e+03 7.2e+04 4.4e+01  0  0  1  3  1   0  0  5 38 13     0
MatAssemblyEnd        20 1.0 1.9247e-01 1.9 0.00e+00 0.0 0.0e+00 0.0e+00 0.0e+00  0  0  0  0  0   0  0  0  0  0     0
MatGetRowIJ            8 1.0 4.0054e-05 1.1 0.00e+00 0.0 0.0e+00 0.0e+00 0.0e+00  0  0  0  0  0   0  0  0  0  0     0
MatGetOrdering         8 1.0 6.5522e-03 1.0 0.00e+00 0.0 0.0e+00 0.0e+00 1.6e+01  0  0  0  0  0   0  0  0  0  5     0
MatZeroEntries        16 1.0 1.1199e-02 1.1 0.00e+00 0.0 0.0e+00 0.0e+00 0.0e+00  0  0  0  0  0   0  0  0  0  0     0
MatGetRedundant        4 1.0 2.3279e-01 1.1 0.00e+00 0.0 1.6e+04 4.7e+04 0.0e+00  0  0  1  4  0   0  0  9 43  0     0
SNESSolve              1 1.0 9.9846e+01 1.0 8.23e+09 1.0 1.7e+05 1.0e+04 3.3e+02  8  9 11  9 10 100100100100100  5267
SNESLineSearch         4 1.0 4.1148e+00 1.0 2.35e+07 1.1 6.1e+03 5.5e+03 1.6e+01  0  0  0  0  0   4  0  4  2  5   355
SNESFunctionEval       5 1.0 4.8371e+00 1.0 0.00e+00 0.0 5.1e+03 5.0e+03 0.0e+00  0  0  0  0  0   5  0  3  1  0     0
SNESJacobianEval       4 1.0 9.3355e+00 1.0 1.59e+06 1.0 2.0e+04 3.5e+04 4.4e+01  1  0  1  4  1   9  0 11 39 13    11
KSPGMRESOrthog        77 1.0 1.3497e-01 1.9 1.03e+07 1.0 0.0e+00 0.0e+00 7.7e+01  0  0  0  0  2   0  0  0  0 23  4879
KSPSetup              36 1.0 1.6379e-04 1.1 0.00e+00 0.0 0.0e+00 0.0e+00 0.0e+00  0  0  0  0  0   0  0  0  0  0     0
KSPSolve               4 1.0 8.5404e+01 1.0 8.20e+09 1.0 1.5e+05 7.1e+03 2.7e+02  7  9  9  5  8  86100 84 59 81  6139
PCSetUp               16 1.0 7.8793e+01 1.0 7.40e+09 1.0 1.6e+04 4.7e+04 1.6e+01  6  8  1  4  0  79 90  9 43  5  6014
PCSetUpOnBlocks       66 1.0 2.0255e+00 1.0 2.23e+08 1.0 0.0e+00 0.0e+00 1.6e+01  0  0  0  0  0   2  3  0  0  5  7061
PCApply               11 1.0 8.4464e+00 1.1 9.54e+08 1.0 1.2e+05 2.0e+03 2.5e+02  1  1  8  1  8   8 11 72 14 74  7154

--- Event Stage 3: Fine-only solve

VecDot                 4 1.0 3.9364e-02 3.2 3.21e+06 1.0 0.0e+00 0.0e+00 4.0e+00  0  0  0  0  0   0  0  0  0  1  5221
VecMDot              117 1.0 5.0115e-01 2.7 4.96e+07 1.0 0.0e+00 0.0e+00 1.2e+02  0  0  0  0  4   0  0  0  0 24  6337
VecNorm              285 1.0 3.3894e+00 1.2 7.99e+07 1.0 0.0e+00 0.0e+00 2.8e+02  0  0  0  0  9   1  1  0  0 58  1509
VecScale             225 1.0 3.8407e-01 1.0 3.08e+07 1.0 0.0e+00 0.0e+00 0.0e+00  0  0  0  0  0   0  0  0  0  0  5124
VecCopy              120 1.0 8.4796e-02 1.0 0.00e+00 0.0 0.0e+00 0.0e+00 0.0e+00  0  0  0  0  0   0  0  0  0  0     0
VecSet              1271 1.0 1.5718e-01 1.0 0.00e+00 0.0 0.0e+00 0.0e+00 0.0e+00  0  0  0  0  0   0  0  0  0  0     0
VecAXPY              160 1.0 3.9291e-01 1.0 3.91e+07 1.0 0.0e+00 0.0e+00 0.0e+00  0  0  0  0  0   0  0  0  0  0  6370
VecAYPX               52 1.0 1.0824e-01 1.0 5.98e+06 1.0 0.0e+00 0.0e+00 0.0e+00  0  0  0  0  0   0  0  0  0  0  3537
VecWAXPY               4 1.0 3.4996e-02 1.0 1.61e+06 1.0 0.0e+00 0.0e+00 0.0e+00  0  0  0  0  0   0  0  0  0  0  2936
VecMAXPY             225 1.0 6.5844e-01 1.0 8.40e+07 1.0 0.0e+00 0.0e+00 0.0e+00  0  0  0  0  0   0  1  0  0  0  8163
VecPointwiseMult      16 1.0 4.9620e-03 1.2 2.36e+05 1.0 0.0e+00 0.0e+00 0.0e+00  0  0  0  0  0   0  0  0  0  0  3038
VecScatterBegin      401 1.0 1.6291e-01 1.0 0.00e+00 0.0 2.1e+05 6.8e+03 0.0e+00  0  0 13  7  0   0  0 88 29  0     0
VecScatterEnd        401 1.0 1.2074e+0011.2 0.00e+00 0.0 0.0e+00 0.0e+00 0.0e+00  0  0  0  0  0   0  0  0  0  0     0
VecReduceArith         2 1.0 5.7167e-02 1.1 1.61e+06 1.0 0.0e+00 0.0e+00 0.0e+00  0  0  0  0  0   0  0  0  0  0  1798
VecReduceComm          1 1.0 2.1422e-02595.0 0.00e+00 0.0 0.0e+00 0.0e+00 1.0e+00  0  0  0  0  0   0  0  0  0  0     0
VecNormalize         208 1.0 2.5360e+00 1.3 7.18e+07 1.0 0.0e+00 0.0e+00 2.1e+02  0  0  0  0  6   1  0  0  0 42  1812
MatMult              225 1.0 3.0347e+01 1.0 3.29e+09 1.0 1.2e+05 9.9e+03 0.0e+00  2  4  7  6  0  11 21 49 24  0  6824
MatMultAdd            52 1.0 5.0362e-01 1.0 4.01e+07 1.0 1.0e+04 2.2e+03 0.0e+00  0  0  1  0  0   0  0  4  0  0  5091
MatMultTranspose      68 1.0 1.0910e+00 1.6 5.24e+07 1.0 1.3e+04 2.2e+03 0.0e+00  0  0  1  0  0   0  0  6  1  0  3073
MatSolve             273 1.0 2.4945e+01 1.0 3.20e+09 1.0 0.0e+00 0.0e+00 0.0e+00  2  3  0  0  0   9 21  0  0  0  8204
MatLUFactorNum         4 1.0 7.6530e+01 1.0 7.18e+09 1.0 0.0e+00 0.0e+00 0.0e+00  6  8  0  0  0  29 46  0  0  0  6005
MatCholFctrNum        16 1.0 1.3899e+01 1.0 1.50e+09 1.0 0.0e+00 0.0e+00 0.0e+00  1  2  0  0  0   5 10  0  0  0  6909
MatAssemblyBegin      24 1.0 1.0966e+00 4.4 0.00e+00 0.0 1.2e+04 2.3e+05 5.6e+01  0  0  1 14  2   0  0  5 55 11     0
MatAssemblyEnd        24 1.0 7.6250e-01 1.9 0.00e+00 0.0 0.0e+00 0.0e+00 0.0e+00  0  0  0  0  0   0  0  0  0  0     0
MatGetRowIJ           12 1.0 6.0081e-05 1.1 0.00e+00 0.0 0.0e+00 0.0e+00 0.0e+00  0  0  0  0  0   0  0  0  0  0     0
MatGetOrdering        12 1.0 4.7766e-02 1.0 0.00e+00 0.0 0.0e+00 0.0e+00 2.4e+01  0  0  0  0  1   0  0  0  0  5     0
MatZeroEntries        20 1.0 8.5771e-02 1.0 0.00e+00 0.0 0.0e+00 0.0e+00 0.0e+00  0  0  0  0  0   0  0  0  0  0     0
MatGetRedundant        4 1.0 2.3293e-01 1.1 0.00e+00 0.0 1.6e+04 4.7e+04 0.0e+00  0  0  1  4  0   0  0  7 16  0     0
SNESSolve              1 1.0 2.6420e+02 1.0 1.56e+10 1.0 2.3e+05 2.1e+04 4.9e+02 22 17 14 25 15 100100100100100  3756
SNESLineSearch         4 1.0 3.2848e+01 1.0 1.85e+08 1.0 6.1e+03 2.1e+04 1.6e+01  3  0  0  1  0  12  1  3  3  3   355
SNESFunctionEval       5 1.0 3.8584e+01 1.0 0.00e+00 0.0 5.1e+03 1.9e+04 0.0e+00  3  0  0  1  0  15  0  2  2  0     0
SNESJacobianEval       4 1.0 7.3684e+01 1.0 1.26e+07 1.0 2.5e+04 1.1e+05 5.6e+01  6  0  2 14  2  28  0 11 57 11    11
KSPGMRESOrthog       117 1.0 8.8608e-01 1.6 9.92e+07 1.0 0.0e+00 0.0e+00 1.2e+02  0  0  0  0  4   0  1  0  0 24  7168
KSPSetup              44 1.0 1.9717e-04 1.1 0.00e+00 0.0 0.0e+00 0.0e+00 0.0e+00  0  0  0  0  0   0  0  0  0  0     0
KSPSolve               4 1.0 1.4977e+02 1.0 1.54e+10 1.0 2.0e+05 9.6e+03 4.1e+02 12 17 12 10 13  57 99 86 40 84  6540
PCSetUp               20 1.0 9.0707e+01 1.0 8.68e+09 1.0 1.6e+04 4.7e+04 2.4e+01  7  9  1  4  1  34 56  7 16  5  6125
PCSetUpOnBlocks      104 1.0 1.3949e+01 1.0 1.50e+09 1.0 0.0e+00 0.0e+00 2.4e+01  1  2  0  0  1   5 10  0  0  5  6885
PCApply               13 1.0 6.7503e+01 1.0 7.54e+09 1.0 1.8e+05 5.7e+03 3.9e+02  6  8 11  5 12  25 48 77 21 79  7103
------------------------------------------------------------------------------------------------------------------------

Memory usage is given in bytes:

Object Type          Creations   Destructions     Memory  Descendants' Mem.
Reports information only for process 0.

--- Event Stage 0: Main Stage

           Container     0              5         1500     0
 Toy Hydrostatic Ice     0              1          500     0
   Distributed array     0             10      2075624     0
                 Vec     0            316    179696104     0
         Vec Scatter     0             47        28388     0
           Index Set     0             25      1555540     0
   IS L to G Mapping     0             20      3070512     0
              Matrix     0             59    461268092     0
                SNES     0              5         3740     0
       Krylov Solver     0             35       275224     0
      Preconditioner     0             35        18044     0
              Viewer     0              1          400     0

--- Event Stage 1: Full solve

           Container     5              0            0     0
 Toy Hydrostatic Ice     1              0            0     0
   Distributed array    10              0            0     0
                 Vec   396             80      8001072     0
         Vec Scatter    47              0            0     0
           Index Set   185            160     10588316     0
   IS L to G Mapping    20              0            0     0
              Matrix    59              0            0     0
                SNES     5              0            0     0
       Krylov Solver    35              0            0     0
      Preconditioner    35              0            0     0
              Viewer     1              0            0     0

--- Event Stage 2: Fine-1 solve

                 Vec     4              4         7472     0
           Index Set    16             16       931648     0

--- Event Stage 3: Fine-only solve

                 Vec     4              4         7472     0
           Index Set    24             24      7357152     0
========================================================================================================================
Average time to get PetscTime(): 3.48091e-06
Average time for MPI_Barrier(): 2.38419e-06
Average time for zero size MPI_Send(): 1.10306e-05
#PETSc Option Table entries:
-M 32
-P 4
-dmmg_form_function_ghost 1
-dmmg_grid_sequence 1
-ksp_converged_reason
-ksp_monitor
-ksp_rtol 1e-2
-log_summary
-mg_levels_1_sub_pc_type cholesky
-pc_mg_type multiplicative
-repeat_fine_solve 1
-snes_converged_reason
-snes_monitor
-thi_L 80e3
-thi_friction_m 0.3
-thi_hom z
-thi_nlevels 5
#End of PETSc Option Table entries
Compiled without FORTRAN kernels
Compiled with full precision matrices (default)
sizeof(short) 2 sizeof(int) 4 sizeof(long) 4 sizeof(void*) 4 sizeof(PetscScalar) 8
Configure run at: Mon Sep 13 22:38:37 2010
Configure options: --with-x=0 --with-is-color-value-type=short --with-debugging=1 --with-fortran-kernels=1 --with-mpi-dir=/bgsys/drivers/ppcfloor/comm --with-batch=1 --known-mpi-shared-libraries=1 --known-memcmp-ok --known-sizeof-char=1 --known-sizeof-void-p=4 --known-sizeof-short=2 --known-sizeof-int=4 --known-sizeof-long=4 --known-sizeof-size_t=4 --known-sizeof-long-long=8 --known-sizeof-float=4 --known-sizeof-double=8 --known-bits-per-byte=8 --known-sizeof-MPI_Comm=4 --known-sizeof-MPI_Fint=4 --known-mpi-long-double=1 --known-level1-dcache-assoc=0 --known-level1-dcache-linesize=32 --known-level1-dcache-size=32768 --download-c-blas-lapack=yes --with-shared=0 --prefix=/opt/share/ksl/petsc/dev-aug30/ppc450d-bgp_xlc_ref --with-clanguage=c --cflags= --CXXFLAGS= LIBS=" " --CC=/bgsys/drivers/ppcfloor/comm/xl/bin/mpixlc_r --CXX=/bgsys/drivers/ppcfloor/comm/xl/bin/mpixlcxx_r --with-fortran=0 --with-debugging=0 --with-fortran-kernels=0 PETSC_ARCH=bgp-xlc-ref
-----------------------------------------
Libraries compiled on Mon Sep 13 22:38:37 2010 on fen1 
Machine characteristics: Linux-2.6.16.60-0.66.1-ppc64-ppc64-with-SuSE-10-ppc
Using PETSc directory: /scratch/aron/sandbox/process/installs/builddir_ppc64/petsc-dev-aug30-bgp_xlc_ref/petsc-dev-16784
Using PETSc arch: bgp-xlc-ref
-----------------------------------------

Using C compiler: /bgsys/drivers/ppcfloor/comm/xl/bin/mpixlc_r  -O  ${COPTFLAGS} ${CFLAGS}
-----------------------------------------

Using include paths: -I/scratch/aron/sandbox/process/installs/builddir_ppc64/petsc-dev-aug30-bgp_xlc_ref/petsc-dev-16784/bgp-xlc-ref/include -I/scratch/aron/sandbox/process/installs/builddir_ppc64/petsc-dev-aug30-bgp_xlc_ref/petsc-dev-16784/include -I/bgsys/drivers/ppcfloor/comm/include
-----------------------------------------

Using C linker: /bgsys/drivers/ppcfloor/comm/xl/bin/mpixlc_r
Using libraries: -Wl,-rpath,/scratch/aron/sandbox/process/installs/builddir_ppc64/petsc-dev-aug30-bgp_xlc_ref/petsc-dev-16784/bgp-xlc-ref/lib -L/scratch/aron/sandbox/process/installs/builddir_ppc64/petsc-dev-aug30-bgp_xlc_ref/petsc-dev-16784/bgp-xlc-ref/lib -lpetscts -lpetscsnes -lpetscksp -lpetscdm -lpetscmat -lpetscvec -lpetscsys -Wl,-rpath,/scratch/aron/sandbox/process/installs/builddir_ppc64/petsc-dev-aug30-bgp_xlc_ref/petsc-dev-16784/bgp-xlc-ref/lib -L/scratch/aron/sandbox/process/installs/builddir_ppc64/petsc-dev-aug30-bgp_xlc_ref/petsc-dev-16784/bgp-xlc-ref/lib -lf2clapack -lf2cblas -lnsl -lrt -ldl 
-----------------------------------------

