Level 0 domain size (m)    8e+04 x    8e+04 x    1e+03, num elements  32 x  32 x   4 (    4096), size (m) 2500 x 2500 x 333.333
Level 1 domain size (m)    8e+04 x    8e+04 x    1e+03, num elements  64 x  64 x   7 (   28672), size (m) 1250 x 1250 x 166.667
    0 SNES Function norm 9.474957067903e+02 
Linear solve converged due to CONVERGED_ITS iterations 1
    1 SNES Function norm 8.805826102181e+02 
Linear solve converged due to CONVERGED_ITS iterations 1
    2 SNES Function norm 7.345585944548e+02 
Linear solve converged due to CONVERGED_ITS iterations 1
    3 SNES Function norm 5.330294830563e+02 
Linear solve converged due to CONVERGED_ITS iterations 1
    4 SNES Function norm 2.881865829915e+02 
Linear solve converged due to CONVERGED_ITS iterations 1
    5 SNES Function norm 7.699210085814e+01 
Linear solve converged due to CONVERGED_ITS iterations 1
    6 SNES Function norm 4.571010551253e+00 
Linear solve converged due to CONVERGED_ITS iterations 1
    7 SNES Function norm 1.481750413339e-02 
Linear solve converged due to CONVERGED_ITS iterations 1
    8 SNES Function norm 1.634425526260e-07 
Nonlinear solve converged due to CONVERGED_FNORM_RELATIVE
  0 SNES Function norm 3.441216820259e+02 
    0 KSP Residual norm 3.441216820259e+02 
    1 KSP Residual norm 2.281335432998e+00 
Linear solve converged due to CONVERGED_RTOL iterations 1
  1 SNES Function norm 2.566446105565e+01 
    0 KSP Residual norm 2.566446105565e+01 
    1 KSP Residual norm 1.368572179154e+00 
    2 KSP Residual norm 1.253859954076e-01 
Linear solve converged due to CONVERGED_RTOL iterations 2
  2 SNES Function norm 6.200347497320e+00 
    0 KSP Residual norm 6.200347497320e+00 
    1 KSP Residual norm 1.824724402078e-01 
    2 KSP Residual norm 1.572651220817e-02 
Linear solve converged due to CONVERGED_RTOL iterations 2
  3 SNES Function norm 3.373222894833e+00 
    0 KSP Residual norm 3.373222894833e+00 
    1 KSP Residual norm 7.132139746510e-02 
    2 KSP Residual norm 7.200372094770e-03 
Linear solve converged due to CONVERGED_RTOL iterations 2
  4 SNES Function norm 1.404789862316e+00 
    0 KSP Residual norm 1.404789862316e+00 
    1 KSP Residual norm 2.709492886839e-02 
    2 KSP Residual norm 4.139685170390e-03 
Linear solve converged due to CONVERGED_RTOL iterations 2
  5 SNES Function norm 2.010478473685e-01 
    0 KSP Residual norm 2.010478473685e-01 
