Level 0 domain size (m)    8e+04 x    8e+04 x    1e+03, num elements  32 x  32 x   4 (    4096), size (m) 2500 x 2500 x 333.333
Level 1 domain size (m)    8e+04 x    8e+04 x    1e+03, num elements  64 x  64 x   7 (   28672), size (m) 1250 x 1250 x 166.667
Level 2 domain size (m)    8e+04 x    8e+04 x    1e+03, num elements 128 x 128 x  13 (  212992), size (m) 625 x 625 x 83.3333
Level 3 domain size (m)    8e+04 x    8e+04 x    1e+03, num elements 256 x 256 x  25 ( 1638400), size (m) 312.5 x 312.5 x 41.6667
Level 4 domain size (m)    8e+04 x    8e+04 x    1e+03, num elements 512 x 512 x  49 (12845056), size (m) 156.25 x 156.25 x 20.8333
          0 SNES Function norm 9.474596290571e+02 
          Linear solve converged due to CONVERGED_ITS iterations 1
          1 SNES Function norm 8.805475362802e+02 
          Linear solve converged due to CONVERGED_ITS iterations 1
          2 SNES Function norm 7.345272111140e+02 
          Linear solve converged due to CONVERGED_ITS iterations 1
          3 SNES Function norm 5.330047728653e+02 
          Linear solve converged due to CONVERGED_ITS iterations 1
          4 SNES Function norm 2.881706248925e+02 
          Linear solve converged due to CONVERGED_ITS iterations 1
          5 SNES Function norm 7.698623113159e+01 
          Linear solve converged due to CONVERGED_ITS iterations 1
          6 SNES Function norm 4.570472560971e+00 
          Linear solve converged due to CONVERGED_ITS iterations 1
          7 SNES Function norm 1.481459616155e-02 
          Linear solve converged due to CONVERGED_ITS iterations 1
          8 SNES Function norm 1.633851835061e-07 
Nonlinear solve converged due to CONVERGED_FNORM_RELATIVE
        0 SNES Function norm 3.441085991449e+02 
          0 KSP Residual norm 3.441085991449e+02 
          1 KSP Residual norm 4.972577994833e+00 
          2 KSP Residual norm 2.745633109979e-01 
        Linear solve converged due to CONVERGED_RTOL iterations 2
        1 SNES Function norm 2.522312312741e+01 
          0 KSP Residual norm 2.522312312741e+01 
          1 KSP Residual norm 2.245305688395e+00 
          2 KSP Residual norm 2.942821267022e-01 
          3 KSP Residual norm 6.562194139027e-02 
        Linear solve converged due to CONVERGED_RTOL iterations 3
        2 SNES Function norm 6.238728280515e+00 
          0 KSP Residual norm 6.238728280515e+00 
          1 KSP Residual norm 5.336984090854e-01 
          2 KSP Residual norm 8.432461171475e-02 
          3 KSP Residual norm 1.774864310780e-02 
        Linear solve converged due to CONVERGED_RTOL iterations 3
        3 SNES Function norm 3.519760211517e+00 
          0 KSP Residual norm 3.519760211517e+00 
          1 KSP Residual norm 2.635211068713e-01 
          2 KSP Residual norm 4.676354995265e-02 
          3 KSP Residual norm 1.042432537942e-02 
        Linear solve converged due to CONVERGED_RTOL iterations 3
        4 SNES Function norm 1.728976946737e+00 
          0 KSP Residual norm 1.728976946737e+00 
          1 KSP Residual norm 1.720662548610e-01 
          2 KSP Residual norm 3.968310977775e-02 
          3 KSP Residual norm 7.711092160501e-03 
        Linear solve converged due to CONVERGED_RTOL iterations 3
        5 SNES Function norm 2.597600516195e-01 
          0 KSP Residual norm 2.597600516195e-01 
          1 KSP Residual norm 2.233234200857e-02 
          2 KSP Residual norm 3.718987450719e-03 
          3 KSP Residual norm 8.489155973863e-04 
        Linear solve converged due to CONVERGED_RTOL iterations 3
        6 SNES Function norm 1.277336217458e-02 
          0 KSP Residual norm 1.277336217458e-02 
          1 KSP Residual norm 9.250463317475e-04 
          2 KSP Residual norm 1.505456223189e-04 
          3 KSP Residual norm 4.070131878830e-05 
        Linear solve converged due to CONVERGED_RTOL iterations 3
        7 SNES Function norm 5.553132229765e-05 
          0 KSP Residual norm 5.553132229765e-05 
          1 KSP Residual norm 1.297416081307e-05 
          2 KSP Residual norm 3.773120449232e-06 
          3 KSP Residual norm 4.516917778061e-07 
        Linear solve converged due to CONVERGED_RTOL iterations 3
        8 SNES Function norm 4.517094775091e-07 
Nonlinear solve converged due to CONVERGED_FNORM_RELATIVE
      0 SNES Function norm 1.243688991027e+02 
        0 KSP Residual norm 1.243688991027e+02 
        1 KSP Residual norm 2.411552095282e+00 
        2 KSP Residual norm 1.026110774196e-01 
      Linear solve converged due to CONVERGED_RTOL iterations 2
      1 SNES Function norm 2.738983108327e+00 
        0 KSP Residual norm 2.738983108327e+00 
        1 KSP Residual norm 3.346554329368e-01 
        2 KSP Residual norm 3.983043941522e-02 
        3 KSP Residual norm 1.047991968346e-02 
      Linear solve converged due to CONVERGED_RTOL iterations 3
      2 SNES Function norm 5.769295719990e-01 
        0 KSP Residual norm 5.769295719990e-01 
        1 KSP Residual norm 3.600339445188e-02 
        2 KSP Residual norm 5.097886365219e-03 
      Linear solve converged due to CONVERGED_RTOL iterations 2
      3 SNES Function norm 3.688578223023e-01 
        0 KSP Residual norm 3.688578223023e-01 
        1 KSP Residual norm 2.332296400327e-02 
        2 KSP Residual norm 2.563409418651e-03 
      Linear solve converged due to CONVERGED_RTOL iterations 2
      4 SNES Function norm 2.387627222025e-02 
        0 KSP Residual norm 2.387627222025e-02 
        1 KSP Residual norm 2.616858638757e-03 
        2 KSP Residual norm 4.959078077428e-04 
        3 KSP Residual norm 1.282440907512e-04 
      Linear solve converged due to CONVERGED_RTOL iterations 3
      5 SNES Function norm 5.705436919195e-04 
        0 KSP Residual norm 5.705436919195e-04 
        1 KSP Residual norm 7.462702945005e-05 
        2 KSP Residual norm 2.325306417747e-05 
        3 KSP Residual norm 9.061750239816e-06 
        4 KSP Residual norm 3.407979566764e-06 
      Linear solve converged due to CONVERGED_RTOL iterations 4
      6 SNES Function norm 3.418651383362e-06 
        0 KSP Residual norm 3.418651383362e-06 
        1 KSP Residual norm 1.518725923897e-06 
        2 KSP Residual norm 5.425292361914e-07 
        3 KSP Residual norm 1.651137271505e-07 
        4 KSP Residual norm 4.209369322047e-08 
        5 KSP Residual norm 6.576920825250e-09 
      Linear solve converged due to CONVERGED_RTOL iterations 5
      7 SNES Function norm 6.577243396138e-09 
Nonlinear solve converged due to CONVERGED_FNORM_RELATIVE
    0 SNES Function norm 4.444650384985e+01 
      0 KSP Residual norm 4.444650384985e+01 
      1 KSP Residual norm 6.468476385226e-01 
      2 KSP Residual norm 3.376323575533e-02 
    Linear solve converged due to CONVERGED_RTOL iterations 2
    1 SNES Function norm 2.859055887866e-01 
      0 KSP Residual norm 2.859055887866e-01 
      1 KSP Residual norm 4.456357764148e-02 
      2 KSP Residual norm 8.132266964312e-03 
      3 KSP Residual norm 1.576139474566e-03 
    Linear solve converged due to CONVERGED_RTOL iterations 3
    2 SNES Function norm 2.238093530928e-02 
      0 KSP Residual norm 2.238093530928e-02 
      1 KSP Residual norm 2.215728098870e-03 
      2 KSP Residual norm 4.291135041735e-04 
      3 KSP Residual norm 1.597998231840e-04 
    Linear solve converged due to CONVERGED_RTOL iterations 3
    3 SNES Function norm 9.734954202259e-04 
      0 KSP Residual norm 9.734954202259e-04 
      1 KSP Residual norm 1.083959831171e-04 
      2 KSP Residual norm 5.429609204253e-05 
      3 KSP Residual norm 1.628155954610e-05 
      4 KSP Residual norm 4.767551151732e-06 
    Linear solve converged due to CONVERGED_RTOL iterations 4
    4 SNES Function norm 5.504178401510e-06 
      0 KSP Residual norm 5.504178401510e-06 
      1 KSP Residual norm 2.507334172953e-06 
      2 KSP Residual norm 6.458692331790e-07 
      3 KSP Residual norm 2.689389474613e-07 
      4 KSP Residual norm 8.049377416722e-08 
      5 KSP Residual norm 2.366384746391e-08 
    Linear solve converged due to CONVERGED_RTOL iterations 5
    5 SNES Function norm 2.366291460228e-08 
Nonlinear solve converged due to CONVERGED_FNORM_RELATIVE
  0 SNES Function norm 1.579782061802e+01 
    0 KSP Residual norm 1.579782061802e+01 
    1 KSP Residual norm 1.538804137626e-01 
  Linear solve converged due to CONVERGED_RTOL iterations 1
  1 SNES Function norm 1.577263087694e-01 
    0 KSP Residual norm 1.577263087694e-01 
    1 KSP Residual norm 1.461125959847e-02 
    2 KSP Residual norm 2.633869581844e-03 
    3 KSP Residual norm 6.778535521132e-04 
  Linear solve converged due to CONVERGED_RTOL iterations 3
  2 SNES Function norm 1.589010048005e-03 
    0 KSP Residual norm 1.589010048005e-03 
    1 KSP Residual norm 3.068604985295e-04 
    2 KSP Residual norm 1.220805151441e-04 
    3 KSP Residual norm 4.335830990248e-05 
    4 KSP Residual norm 1.682223198471e-05 
    5 KSP Residual norm 7.003591697609e-06 
  Linear solve converged due to CONVERGED_RTOL iterations 5
  3 SNES Function norm 1.721270251514e-05 
    0 KSP Residual norm 1.721270251514e-05 
    1 KSP Residual norm 4.281637692065e-06 
    2 KSP Residual norm 2.076184205128e-06 
    3 KSP Residual norm 7.249013599032e-07 
    4 KSP Residual norm 2.802600869781e-07 
    5 KSP Residual norm 9.886797135508e-08 
  Linear solve converged due to CONVERGED_RTOL iterations 5
  4 SNES Function norm 9.879587844845e-08 
Nonlinear solve converged due to CONVERGED_FNORM_RELATIVE
Solution statistics after solve: Full
CONVERGED_FNORM_RELATIVE: Number of Newton iterations = 4, total linear iterations = 14
|X|_2 305445   u in [6.21653, 195.718]   v in [-4.65746, 5.18352]   c in [6.21658, 195.719] 
Surface statistics: u in [8.285075e+00, 1.957184e+02] mean 7.832711e+01
Global eta range   [2.65316e+10, 9.2273e+12], converged range [2.65453e+10, 7.13292e+12]
Global beta2 range [5.65063e+09, 2.08892e+13], converged range [5.65076e+09, 6.30984e+09]

    0 SNES Function norm 2.066296950773e+01 
      0 KSP Residual norm 2.066296950773e+01 
      1 KSP Residual norm 2.973824830067e-01 
      2 KSP Residual norm 9.288967154011e-03 
    Linear solve converged due to CONVERGED_RTOL iterations 2
    1 SNES Function norm 1.226314770051e+00 
      0 KSP Residual norm 1.226314770051e+00 
      1 KSP Residual norm 2.050074457041e-02 
      2 KSP Residual norm 8.447113991590e-04 
    Linear solve converged due to CONVERGED_RTOL iterations 2
    2 SNES Function norm 5.015346875622e-03 
      0 KSP Residual norm 5.015346875622e-03 
      1 KSP Residual norm 2.167901534960e-04 
      2 KSP Residual norm 6.204425907723e-05 
      3 KSP Residual norm 1.808597429593e-05 
    Linear solve converged due to CONVERGED_RTOL iterations 3
    3 SNES Function norm 1.809773460891e-05 
      0 KSP Residual norm 1.809773460891e-05 
      1 KSP Residual norm 7.322611768499e-06 
      2 KSP Residual norm 2.133612625522e-06 
      3 KSP Residual norm 6.125298319459e-07 
      4 KSP Residual norm 2.199941109994e-07 
      5 KSP Residual norm 7.143702675633e-08 
    Linear solve converged due to CONVERGED_RTOL iterations 5
    4 SNES Function norm 7.141656694349e-08 
Nonlinear solve converged due to CONVERGED_FNORM_RELATIVE
Solution statistics after solve: Fine-1
CONVERGED_FNORM_RELATIVE: Number of Newton iterations = 4, total linear iterations = 12
|X|_2 108839   u in [6.21654, 195.662]   v in [-4.65582, 5.18166]   c in [6.2166, 195.662] 
Surface statistics: u in [8.284169e+00, 1.956618e+02] mean 7.830605e+01
Global eta range   [2.65316e+10, 9.2273e+12], converged range [2.71115e+10, 4.92188e+12]
Global beta2 range [5.59393e+09, 2.08892e+13], converged range [5.65105e+09, 6.29578e+09]

  0 SNES Function norm 1.579782061802e+01 
    0 KSP Residual norm 1.579782061802e+01 
    1 KSP Residual norm 1.538804137009e-01 
  Linear solve converged due to CONVERGED_RTOL iterations 1
  1 SNES Function norm 1.577263086956e-01 
    0 KSP Residual norm 1.577263086956e-01 
    1 KSP Residual norm 1.461125965581e-02 
    2 KSP Residual norm 2.633869473539e-03 
    3 KSP Residual norm 6.778535367148e-04 
  Linear solve converged due to CONVERGED_RTOL iterations 3
  2 SNES Function norm 1.589010151868e-03 
    0 KSP Residual norm 1.589010151868e-03 
    1 KSP Residual norm 3.068604602360e-04 
    2 KSP Residual norm 1.220805332492e-04 
    3 KSP Residual norm 4.335831643163e-05 
    4 KSP Residual norm 1.682222924055e-05 
    5 KSP Residual norm 7.003589737619e-06 
  Linear solve converged due to CONVERGED_RTOL iterations 5
  3 SNES Function norm 1.721270129035e-05 
    0 KSP Residual norm 1.721270129035e-05 
    1 KSP Residual norm 4.281636342806e-06 
    2 KSP Residual norm 2.076183689612e-06 
    3 KSP Residual norm 7.249011152336e-07 
    4 KSP Residual norm 2.802599607726e-07 
    5 KSP Residual norm 9.886789596565e-08 
  Linear solve converged due to CONVERGED_RTOL iterations 5
  4 SNES Function norm 9.879578427972e-08 
Nonlinear solve converged due to CONVERGED_FNORM_RELATIVE
Solution statistics after solve: Fine
CONVERGED_FNORM_RELATIVE: Number of Newton iterations = 4, total linear iterations = 14
|X|_2 305445   u in [6.21653, 195.718]   v in [-4.65746, 5.18352]   c in [6.21658, 195.719] 
Surface statistics: u in [8.285075e+00, 1.957184e+02] mean 7.832711e+01
Global eta range   [2.65316e+10, 9.2273e+12], converged range [2.65453e+10, 7.13292e+12]
Global beta2 range [5.59393e+09, 2.08892e+13], converged range [5.65076e+09, 6.30984e+09]

************************************************************************************************************************
***             WIDEN YOUR WINDOW TO 120 CHARACTERS.  Use 'enscript -r -fCourier9' to print this document            ***
************************************************************************************************************************

---------------------------------------------- PETSc Performance Summary: ----------------------------------------------

./ex48 on a bgp-xlc-h named ionode77 with 512 processors, by Unknown Thu Dec  9 17:25:15 2010
Using Petsc Development HG revision: 179fe3d1768f57c49fa44a3a47095b573a99716c  HG Date: Wed Dec 08 11:34:50 2010 -0600

                         Max       Max/Min        Avg      Total 
Time (sec):           1.658e+02      1.00002   1.658e+02
Objects:              8.510e+02      1.00000   8.510e+02
Flops:                2.596e+09      1.03330   2.564e+09  1.313e+12
Flops/sec:            1.565e+07      1.03330   1.546e+07  7.916e+09
MPI Messages:         1.989e+06      1.87454   1.402e+06  7.176e+08
MPI Message Lengths:  2.900e+09      4.93267   7.964e+02  5.715e+11
MPI Reductions:       3.972e+03      1.00000

Flop counting convention: 1 flop = 1 real number operation of type (multiply/divide/add/subtract)
                            e.g., VecAXPY() for real vectors of length N --> 2N flops
                            and VecAXPY() for complex vectors of length N --> 8N flops

Summary of Stages:   ----- Time ------  ----- Flops -----  --- Messages ---  -- Message Lengths --  -- Reductions --
                        Avg     %Total     Avg     %Total   counts   %Total     Avg         %Total   counts   %Total 
 0:      Main Stage: 1.0973e-01   0.1%  3.2204e+08   0.0%  2.839e+04   0.0%  1.092e-02        0.0%  1.500e+01   0.4% 
 1:      Full solve: 1.1925e+02  71.9%  7.0159e+11  53.5%  5.731e+08  79.9%  6.249e+02       78.5%  2.498e+03  62.9% 
 2:    Fine-1 solve: 1.4246e+01   8.6%  6.5983e+10   5.0%  7.198e+07  10.0%  7.918e+01        9.9%  3.930e+02   9.9% 
 3: Fine-only solve: 3.2206e+01  19.4%  5.4469e+11  41.5%  7.245e+07  10.1%  9.230e+01       11.6%  5.630e+02  14.2% 

------------------------------------------------------------------------------------------------------------------------
See the 'Profiling' chapter of the users' manual for details on interpreting output.
Phase summary info:
   Count: number of times phase was executed
   Time and Flops: Max - maximum over all processors
                   Ratio - ratio of maximum to minimum over all processors
   Mess: number of messages sent
   Avg. len: average message length
   Reduct: number of global reductions
   Global: entire computation
   Stage: stages of a computation. Set stages with PetscLogStagePush() and PetscLogStagePop().
      %T - percent time in this phase         %F - percent flops in this phase
      %M - percent messages in this phase     %L - percent message lengths in this phase
      %R - percent reductions in this phase
   Total Mflop/s: 10e-6 * (sum of flops over all processors)/(max time over all processors)
------------------------------------------------------------------------------------------------------------------------
Event                Count      Time (sec)     Flops                             --- Global ---  --- Stage ---   Total
                   Max Ratio  Max     Ratio   Max  Ratio  Mess   Avg len Reduct  %T %F %M %L %R  %T %F %M %L %R Mflop/s
------------------------------------------------------------------------------------------------------------------------

--- Event Stage 0: Main Stage

VecSet                 2 1.0 2.4319e-05 1.1 0.00e+00 0.0 0.0e+00 0.0e+00 0.0e+00  0  0  0  0  0   0  0  0  0  0     0
VecPointwiseMult       1 1.0 9.7990e-05 1.2 6.40e+03 1.0 0.0e+00 0.0e+00 0.0e+00  0  0  0  0  0   0  1  0  0  0 33440
VecScatterBegin        2 1.0 1.1015e-04 1.1 0.00e+00 0.0 3.1e+03 2.5e+03 0.0e+00  0  0  0  0  0   0  0 11 98  0     0
VecScatterEnd          2 1.0 9.8896e-04 6.3 0.00e+00 0.0 0.0e+00 0.0e+00 0.0e+00  0  0  0  0  0   0  0  0  0  0     0
MatMult                1 1.0 3.9232e-03 1.1 2.86e+05 1.0 1.5e+03 2.5e+03 0.0e+00  0  0  0  0  0   3 46  5 49  0 37352
MatMultTranspose       1 1.0 4.9081e-03 1.1 3.36e+05 1.0 1.5e+03 2.5e+03 0.0e+00  0  0  0  0  0   4 53  5 49  0 35091

--- Event Stage 1: Full solve

PetscBarrier          32 1.0 1.8375e-03 1.9 0.00e+00 0.0 0.0e+00 0.0e+00 0.0e+00  0  0  0  0  0   0  0  0  0  0     0
VecDot                32 1.0 1.6132e-02 7.0 4.79e+05 1.0 0.0e+00 0.0e+00 3.2e+01  0  0  0  0  1   0  0  0  0  1 15205
VecMDot              502 1.0 2.4872e-01 3.3 8.12e+06 1.0 0.0e+00 0.0e+00 5.0e+02  0  0  0  0 13   0  1  0  0 20 16724
VecNorm             1198 1.0 3.0812e-01 2.6 1.26e+07 1.0 0.0e+00 0.0e+00 1.2e+03  0  0  0  0 30   0  1  0  0 48 20988
VecScale             953 1.0 2.8999e-02 1.0 4.88e+06 1.0 0.0e+00 0.0e+00 0.0e+00  0  0  0  0  0   0  0  0  0  0 86223
VecCopy              547 1.0 1.6999e-02 1.0 0.00e+00 0.0 0.0e+00 0.0e+00 0.0e+00  0  0  0  0  0   0  0  0  0  0     0
VecSet              4580 1.0 5.0516e-02 1.1 0.00e+00 0.0 0.0e+00 0.0e+00 0.0e+00  0  0  0  0  0   0  0  0  0  0     0
VecAXPY              623 1.0 2.7145e-02 1.1 6.20e+06 1.0 0.0e+00 0.0e+00 0.0e+00  0  0  0  0  0   0  0  0  0  0 116880
VecAYPX              172 1.0 1.3746e-02 1.1 9.53e+05 1.0 0.0e+00 0.0e+00 0.0e+00  0  0  0  0  0   0  0  0  0  0 35480
VecWAXPY              33 1.0 4.0538e-03 1.2 2.40e+05 1.0 0.0e+00 0.0e+00 0.0e+00  0  0  0  0  0   0  0  0  0  0 30284
VecMAXPY             953 1.0 4.9805e-02 1.0 1.36e+07 1.0 0.0e+00 0.0e+00 0.0e+00  0  1  0  0  0   0  1  0  0  0 139807
VecPointwiseMult      53 1.0 8.4686e-04 1.1 3.53e+04 1.0 0.0e+00 0.0e+00 0.0e+00  0  0  0  0  0   0  0  0  0  0 21320
VecScatterBegin     1444 1.0 1.1478e-01 1.0 0.00e+00 0.0 4.9e+06 1.3e+03 0.0e+00  0  0  1  1  0   0  0  1  1  0     0
VecScatterEnd       1444 1.0 6.4780e-01 5.7 0.00e+00 0.0 0.0e+00 0.0e+00 0.0e+00  0  0  0  0  0   0  0  0  0  0     0
VecReduceArith        10 1.0 7.8487e-04 1.0 2.30e+05 1.0 0.0e+00 0.0e+00 0.0e+00  0  0  0  0  0   0  0  0  0  0 150124
VecReduceComm          5 1.0 6.0797e-04 2.8 0.00e+00 0.0 0.0e+00 0.0e+00 5.0e+00  0  0  0  0  0   0  0  0  0  0     0
VecNormalize         854 1.0 2.7573e-01 2.2 1.14e+07 1.0 0.0e+00 0.0e+00 8.5e+02  0  0  0  0 22   0  1  0  0 34 21240
MatMult           102770 1.2 5.3391e+00 1.0 5.62e+08 1.1 3.6e+06 1.5e+03 0.0e+00  3 21  1  1  0   4 39  1  1  0 51253
MatMultAdd        102060 1.2 1.2265e+00 1.2 1.20e+08 1.2 2.6e+05 4.1e+02 0.0e+00  1  5  0  0  0   1  8  0  0  0 48187
MatMultTranspose     229 1.0 3.7274e-01 2.7 8.59e+06 1.0 3.5e+05 4.2e+02 0.0e+00  0  0  0  0  0   0  1  0  0  0 11797
MatSolve             860 1.0 3.2456e+00 1.0 4.62e+08 1.0 0.0e+00 0.0e+00 0.0e+00  2 18  0  0  0   3 34  0  0  0 72853
MatCholFctrSym         4 1.0 3.8028e-04 1.0 0.00e+00 0.0 0.0e+00 0.0e+00 0.0e+00  0  0  0  0  0   0  0  0  0  0     0
MatCholFctrNum        53 1.0 1.6634e+00 1.0 2.02e+08 1.0 0.0e+00 0.0e+00 0.0e+00  1  8  0  0  0   1 15  0  0  0 62288
MatICCFactorSym        6 1.0 4.9541e-02 1.0 0.00e+00 0.0 0.0e+00 0.0e+00 0.0e+00  0  0  0  0  0   0  0  0  0  0     0
MatAssemblyBegin      94 1.0 5.8109e-01 2.1 0.00e+00 0.0 3.9e+05 2.9e+04 2.4e+02  0  0  0  2  6   0  0  0  3 10     0
MatAssemblyEnd        94 1.0 6.5287e-01 1.5 0.00e+00 0.0 9.0e+04 1.0e+03 8.8e+01  0  0  0  0  2   0  0  0  0  4     0
MatGetRowIJ           33 1.0 1.6236e-04 1.1 0.00e+00 0.0 0.0e+00 0.0e+00 0.0e+00  0  0  0  0  0   0  0  0  0  0     0
MatGetOrdering        33 1.0 9.3317e-03 1.0 0.00e+00 0.0 0.0e+00 0.0e+00 6.6e+01  0  0  0  0  2   0  0  0  0  3     0
MatZeroEntries        85 1.0 1.4161e-02 1.2 0.00e+00 0.0 0.0e+00 0.0e+00 0.0e+00  0  0  0  0  0   0  0  0  0  0     0
SNESSolve              5 1.0 1.1839e+02 1.0 1.38e+09 1.0 5.7e+08 7.8e+02 2.2e+03 71 53 80 78 56  99100100100 89  5923
SNESLineSearch        32 1.0 3.1953e+00 1.0 2.82e+07 1.1 4.0e+05 1.5e+03 1.3e+02  2  1  0  0  3   3  2  0  0  5  4288
SNESFunctionEval      38 1.0 3.6193e+00 1.0 0.00e+00 0.0 3.1e+05 1.4e+03 1.0e+01  2  0  0  0  0   3  0  0  0  0     0
SNESJacobianEval      32 1.0 1.1008e+01 1.0 1.87e+06 1.0 8.2e+05 1.4e+04 2.3e+02  7  0  0  2  6   9  0  0  3  9    87
KSPGMRESOrthog       502 1.0 2.8786e-01 2.5 1.62e+07 1.0 0.0e+00 0.0e+00 5.0e+02  0  1  0  0 13   0  1  0  0 20 28900
KSPSetup             170 1.0 1.1001e-02 1.0 0.00e+00 0.0 0.0e+00 0.0e+00 4.0e+01  0  0  0  0  1   0  0  0  0  2     0
KSPSolve              32 1.0 1.0349e+02 1.0 1.35e+09 1.0 5.7e+08 7.6e+02 1.8e+03 62 52 80 76 45  87 98100 97 72  6631
PCSetUp               85 1.0 9.4738e+01 1.0 3.47e+08 1.1 5.7e+08 7.6e+02 7.0e+01 57 13 79 75  2  79 25 99 95  3  1843
PCSetUpOnBlocks      344 1.0 1.7296e+00 1.0 2.02e+08 1.0 0.0e+00 0.0e+00 7.0e+01  1  8  0  0  2   1 15  0  0  3 59904
PCApply               83 1.0 9.6327e+00 1.0 1.13e+09 1.0 4.3e+06 1.6e+03 1.5e+03  6 43  1  1 39   8 80  1  2 61 58564

--- Event Stage 2: Fine-1 solve

PetscBarrier           4 1.0 2.3627e-04 2.6 0.00e+00 0.0 0.0e+00 0.0e+00 0.0e+00  0  0  0  0  0   0  0  0  0  0     0
VecDot                 4 1.0 2.6789e-0310.2 5.12e+04 1.0 0.0e+00 0.0e+00 4.0e+00  0  0  0  0  0   0  0  0  0  1  9785
VecMDot               96 1.0 3.7125e-02 3.6 6.98e+05 1.0 0.0e+00 0.0e+00 9.6e+01  0  0  0  0  2   0  1  0  0 24  9632
VecNorm              228 1.0 4.5027e-02 2.7 1.19e+06 1.0 0.0e+00 0.0e+00 2.3e+02  0  0  0  0  6   0  1  0  0 58 13523
VecScale             184 1.0 3.5481e-03 1.0 4.55e+05 1.0 0.0e+00 0.0e+00 0.0e+00  0  0  0  0  0   0  0  0  0  0 65700
VecCopy              100 1.0 2.0094e-03 1.0 0.00e+00 0.0 0.0e+00 0.0e+00 0.0e+00  0  0  0  0  0   0  0  0  0  0     0
VecSet               918 1.0 7.4346e-03 1.1 0.00e+00 0.0 0.0e+00 0.0e+00 0.0e+00  0  0  0  0  0   0  0  0  0  0     0
VecAXPY              124 1.0 3.0451e-03 1.1 5.80e+05 1.0 0.0e+00 0.0e+00 0.0e+00  0  0  0  0  0   0  0  0  0  0 97580
VecAYPX               36 1.0 1.4131e-03 1.1 8.81e+04 1.0 0.0e+00 0.0e+00 0.0e+00  0  0  0  0  0   0  0  0  0  0 31931
VecWAXPY               4 1.0 4.4322e-04 1.2 2.56e+04 1.0 0.0e+00 0.0e+00 0.0e+00  0  0  0  0  0   0  0  0  0  0 29573
VecMAXPY             184 1.0 5.5671e-03 1.2 1.20e+06 1.0 0.0e+00 0.0e+00 0.0e+00  0  0  0  0  0   0  1  0  0  0 110822
VecPointwiseMult      12 1.0 1.3852e-04 1.1 3.84e+03 1.0 0.0e+00 0.0e+00 0.0e+00  0  0  0  0  0   0  0  0  0  0 14193
VecScatterBegin      282 1.0 2.0325e-02 1.0 0.00e+00 0.0 9.4e+05 1.1e+03 0.0e+00  0  0  0  0  0   0  0  1  2  0     0
VecScatterEnd        282 1.0 1.0529e-01 4.9 0.00e+00 0.0 0.0e+00 0.0e+00 0.0e+00  0  0  0  0  0   0  0  0  0  0     0
VecReduceArith         2 1.0 1.0109e-04 1.1 2.56e+04 1.0 0.0e+00 0.0e+00 0.0e+00  0  0  0  0  0   0  0  0  0  0 129649
VecReduceComm          1 1.0 5.2714e-0416.0 0.00e+00 0.0 0.0e+00 0.0e+00 1.0e+00  0  0  0  0  0   0  0  0  0  0     0
VecNormalize         168 1.0 4.2970e-02 2.4 1.06e+06 1.0 0.0e+00 0.0e+00 1.7e+02  0  0  0  0  4   0  1  0  0 43 12615
MatMult            12908 1.2 5.3901e-01 1.1 5.38e+07 1.2 7.0e+05 1.2e+03 0.0e+00  0  2  0  0  0   4 38  1  2  0 47073
MatMultAdd         12772 1.2 1.5224e-01 1.2 1.49e+07 1.2 5.5e+04 3.1e+02 0.0e+00  0  1  0  0  0   1 11  0  0  0 47819
MatMultTranspose      48 1.0 5.8532e-02 3.8 7.81e+05 1.0 7.4e+04 3.1e+02 0.0e+00  0  0  0  0  0   0  1  0  0  0  6832
MatSolve             180 1.0 2.7277e-01 1.0 4.00e+07 1.0 0.0e+00 0.0e+00 0.0e+00  0  2  0  0  0   2 31  0  0  0 75152
MatCholFctrNum        12 1.0 1.6276e-01 1.0 1.99e+07 1.0 0.0e+00 0.0e+00 0.0e+00  0  1  0  0  0   1 15  0  0  0 62699
MatAssemblyBegin      16 1.0 8.8906e-02 2.0 0.00e+00 0.0 7.4e+04 2.7e+04 4.4e+01  0  0  0  0  1   1  0  0  3 11     0
MatAssemblyEnd        16 1.0 7.3436e-02 2.3 0.00e+00 0.0 0.0e+00 0.0e+00 0.0e+00  0  0  0  0  0   0  0  0  0  0     0
MatGetRowIJ            8 1.0 4.1008e-05 1.2 0.00e+00 0.0 0.0e+00 0.0e+00 0.0e+00  0  0  0  0  0   0  0  0  0  0     0
MatGetOrdering         8 1.0 1.3645e-03 1.0 0.00e+00 0.0 0.0e+00 0.0e+00 1.6e+01  0  0  0  0  0   0  0  0  0  4     0
MatZeroEntries        16 1.0 1.6243e-03 1.3 0.00e+00 0.0 0.0e+00 0.0e+00 0.0e+00  0  0  0  0  0   0  0  0  0  0     0
SNESSolve              1 1.0 1.4246e+01 1.0 1.31e+08 1.1 7.2e+07 7.9e+02 3.9e+02  9  5 10 10 10 100100100100100  4632
SNESLineSearch         4 1.0 3.3806e-01 1.0 3.05e+06 1.2 4.9e+04 2.2e+03 1.6e+01  0  0  0  0  0   2  2  0  0  4  4243
SNESFunctionEval       5 1.0 3.8555e-01 1.0 0.00e+00 0.0 4.1e+04 2.0e+03 0.0e+00  0  0  0  0  0   3  0  0  0  0     0
SNESJacobianEval       4 1.0 1.1911e+00 1.0 1.99e+05 1.0 1.6e+05 1.3e+04 4.4e+01  1  0  0  0  1   8  0  0  4 11    86
KSPGMRESOrthog        96 1.0 4.1500e-02 2.7 1.40e+06 1.0 0.0e+00 0.0e+00 9.6e+01  0  0  0  0  2   0  1  0  0 24 17234
KSPSetup              32 1.0 1.3828e-04 1.1 0.00e+00 0.0 0.0e+00 0.0e+00 0.0e+00  0  0  0  0  0   0  0  0  0  0     0
KSPSolve               4 1.0 1.2641e+01 1.0 1.28e+08 1.0 7.2e+07 7.6e+02 3.3e+02  8  5 10 10  8  89 98100 96 83  5095
PCSetUp               16 1.0 1.1780e+01 1.0 3.81e+07 1.1 7.1e+07 7.6e+02 1.6e+01  7  1 10  9  0  83 29 98 94  4  1620
PCSetUpOnBlocks       72 1.0 1.6552e-01 1.0 1.99e+07 1.0 0.0e+00 0.0e+00 1.6e+01  0  1  0  0  0   1 15  0  0  4 61654
PCApply               12 1.0 9.4802e-01 1.0 1.03e+08 1.1 8.4e+05 1.2e+03 3.0e+02  1  4  0  0  8   7 77  1  2 77 53749

--- Event Stage 3: Fine-only solve

PetscBarrier           4 1.0 2.2197e-04 2.2 0.00e+00 0.0 0.0e+00 0.0e+00 0.0e+00  0  0  0  0  0   0  0  0  0  0     0
VecDot                 4 1.0 1.0553e-02 9.3 4.01e+05 1.0 0.0e+00 0.0e+00 4.0e+00  0  0  0  0  0   0  0  0  0  1 19475
VecMDot              140 1.0 1.4787e-01 5.3 6.93e+06 1.0 0.0e+00 0.0e+00 1.4e+02  0  0  0  0  4   0  1  0  0 25 24010
VecNorm              334 1.0 1.4280e-01 2.7 1.07e+07 1.0 0.0e+00 0.0e+00 3.3e+02  0  0  0  0  8   0  1  0  0 59 38232
VecScale             270 1.0 1.9899e-02 1.0 4.12e+06 1.0 0.0e+00 0.0e+00 0.0e+00  0  0  0  0  0   0  0  0  0  0 106131
VecCopy              142 1.0 1.2463e-02 1.0 0.00e+00 0.0 0.0e+00 0.0e+00 0.0e+00  0  0  0  0  0   0  0  0  0  0     0
VecSet              1378 1.0 2.9392e-02 1.1 0.00e+00 0.0 0.0e+00 0.0e+00 0.0e+00  0  0  0  0  0   0  0  0  0  0     0
VecAXPY              186 1.0 2.0765e-02 1.1 5.23e+06 1.0 0.0e+00 0.0e+00 0.0e+00  0  0  0  0  0   0  0  0  0  0 129044
VecAYPX               56 1.0 1.1050e-02 1.1 8.05e+05 1.0 0.0e+00 0.0e+00 0.0e+00  0  0  0  0  0   0  0  0  0  0 37313
VecWAXPY               4 1.0 3.2244e-03 1.2 2.01e+05 1.0 0.0e+00 0.0e+00 0.0e+00  0  0  0  0  0   0  0  0  0  0 31870
VecMAXPY             270 1.0 3.8930e-02 1.0 1.16e+07 1.0 0.0e+00 0.0e+00 0.0e+00  0  0  0  0  0   0  1  0  0  0 152049
VecPointwiseMult      16 1.0 5.2929e-04 1.2 2.94e+04 1.0 0.0e+00 0.0e+00 0.0e+00  0  0  0  0  0   0  0  0  0  0 28478
VecScatterBegin      414 1.0 4.9932e-02 1.0 0.00e+00 0.0 1.4e+06 3.2e+03 0.0e+00  0  0  0  1  0   0  0  2  7  0     0
VecScatterEnd        414 1.0 4.7232e-01 9.1 0.00e+00 0.0 0.0e+00 0.0e+00 0.0e+00  0  0  0  0  0   0  0  0  0  0     0
VecReduceArith         2 1.0 6.1536e-04 1.0 2.01e+05 1.0 0.0e+00 0.0e+00 0.0e+00  0  0  0  0  0   0  0  0  0  0 166991
VecReduceComm          1 1.0 5.5790e-0417.0 0.00e+00 0.0 0.0e+00 0.0e+00 1.0e+00  0  0  0  0  0   0  0  0  0  0     0
VecNormalize         252 1.0 1.4329e-01 2.7 9.66e+06 1.0 0.0e+00 0.0e+00 2.5e+02  0  0  0  0  6   0  1  0  0 45 34534
MatMult            12992 1.2 3.7970e+00 1.1 4.55e+08 1.1 1.0e+06 3.6e+03 0.0e+00  2 17  0  1  0  11 41  1  6  0 58343
MatMultAdd         12792 1.2 2.1144e-01 1.1 1.97e+07 1.2 8.6e+04 8.6e+02 0.0e+00  0  1  0  0  0   1  2  0  0  0 46071
MatMultTranspose      72 1.0 2.8252e-01 2.9 6.93e+06 1.0 1.1e+05 8.6e+02 0.0e+00  0  0  0  0  0   0  1  0  0  0 12565
MatSolve             280 1.0 2.7877e+00 1.0 3.94e+08 1.0 0.0e+00 0.0e+00 0.0e+00  2 15  0  0  0   9 37  0  0  0 72420
MatCholFctrNum        16 1.0 1.4107e+00 1.0 1.71e+08 1.0 0.0e+00 0.0e+00 0.0e+00  1  7  0  0  0   4 16  0  0  0 61896
MatAssemblyBegin      20 1.0 3.9986e-01 2.2 0.00e+00 0.0 9.2e+04 8.6e+04 5.6e+01  0  0  0  1  1   1  0  0 12 10     0
MatAssemblyEnd        20 1.0 3.0116e-01 2.3 0.00e+00 0.0 0.0e+00 0.0e+00 0.0e+00  0  0  0  0  0   0  0  0  0  0     0
MatGetRowIJ           12 1.0 6.0797e-05 1.2 0.00e+00 0.0 0.0e+00 0.0e+00 0.0e+00  0  0  0  0  0   0  0  0  0  0     0
MatGetOrdering        12 1.0 6.4592e-03 1.0 0.00e+00 0.0 0.0e+00 0.0e+00 2.4e+01  0  0  0  0  1   0  0  0  0  4     0
MatZeroEntries        20 1.0 1.1352e-02 1.1 0.00e+00 0.0 0.0e+00 0.0e+00 0.0e+00  0  0  0  0  0   0  0  0  0  0     0
SNESSolve              1 1.0 3.2206e+01 1.0 1.08e+09 1.0 7.2e+07 9.1e+02 5.6e+02 19 41 10 12 14 100100100100100 16913
SNESLineSearch         4 1.0 2.6537e+00 1.0 2.35e+07 1.1 4.9e+04 8.2e+03 1.6e+01  2  1  0  0  0   8  2  0  1  3  4352
SNESFunctionEval       5 1.0 3.0609e+00 1.0 0.00e+00 0.0 4.1e+04 7.4e+03 0.0e+00  2  0  0  0  0  10  0  0  0  0     0
SNESJacobianEval       4 1.0 9.1435e+00 1.0 1.57e+06 1.0 2.0e+05 4.1e+04 5.6e+01  6  0  0  1  1  28  0  0 12 10    88
KSPGMRESOrthog       140 1.0 1.7478e-01 3.2 1.39e+07 1.0 0.0e+00 0.0e+00 1.4e+02  0  1  0  0  4   1  1  0  0 25 40627
KSPSetup              40 1.0 1.7166e-04 1.1 0.00e+00 0.0 0.0e+00 0.0e+00 0.0e+00  0  0  0  0  0   0  0  0  0  0     0
KSPSolve               4 1.0 1.9794e+01 1.0 1.06e+09 1.0 7.2e+07 8.0e+02 4.9e+02 12 41 10 10 12  61 98100 87 86 26879
PCSetUp               20 1.0 1.3019e+01 1.0 1.89e+08 1.0 7.1e+07 7.6e+02 2.4e+01  8  7 10  9  1  40 18 98 81  4  7389
PCSetUpOnBlocks      112 1.0 1.4192e+00 1.0 1.71e+08 1.0 0.0e+00 0.0e+00 2.4e+01  1  7  0  0  1   4 16  0  0  4 61525
PCApply               14 1.0 7.5310e+00 1.0 9.55e+08 1.0 1.3e+06 2.8e+03 4.6e+02  5 37  0  1 12  23 88  2  5 81 63697
------------------------------------------------------------------------------------------------------------------------

Memory usage is given in bytes:

Object Type          Creations   Destructions     Memory  Descendants' Mem.
Reports information only for process 0.

--- Event Stage 0: Main Stage

 Toy Hydrostatic Ice     0              1          508     0
   Distributed array     0             10       319608     0
                 Vec     0            331     23012420     0
         Vec Scatter     0             37        22940     0
           Index Set     0             10       136040     0
   IS L to G Mapping     0             20         6320     0
              Matrix     0             49     24831684     0
                SNES     0              5         3780     0
       Krylov Solver     0             30       340024     0
      Preconditioner     0             30        15804     0
              Viewer     0              1          408     0

--- Event Stage 1: Full solve

 Toy Hydrostatic Ice     1              0            0     0
   Distributed array    10              0            0     0
                 Vec   464             52      1032480     0
         Vec Scatter    37              0            0     0
           Index Set   140            130       630252     0
   IS L to G Mapping    20              0            0     0
              Matrix    49              0            0     0
                SNES     5              0            0     0
       Krylov Solver    30              0            0     0
      Preconditioner    30              0            0     0
              Viewer     1              0            0     0

--- Event Stage 2: Fine-1 solve

                 Vec    12              0            0     0
           Index Set    16             16        64576     0

--- Event Stage 3: Fine-only solve

                 Vec    12              0            0     0
           Index Set    24             24       469344     0
========================================================================================================================
Average time to get PetscTime(): 3.50475e-06
Average time for MPI_Barrier(): 2.00272e-06
Average time for zero size MPI_Send(): 1.11153e-05
#PETSc Option Table entries:
-M 32
-P 4
-dmmg_form_function_ghost 1
-dmmg_grid_sequence 1
-ksp_converged_reason
-ksp_monitor
-ksp_rtol 1e-2
-log_summary
-mg_coarse_pc_type tfs
-mg_levels_0_pc_type tfs
-mg_levels_1_sub_pc_type cholesky
-pc_mg_type multiplicative
-repeat_fine_solve 1
-snes_converged_reason
-snes_monitor
-thi_L 80e3
-thi_friction_m 0.3
-thi_hom z
-thi_nlevels 5
#End of PETSc Option Table entries
Compiled with FORTRAN kernels
Compiled with full precision matrices (default)
sizeof(short) 2 sizeof(int) 4 sizeof(long) 4 sizeof(void*) 4 sizeof(PetscScalar) 8
Configure run at: Thu Dec  9 16:16:25 2010
Configure options: --with-x=0 --with-is-color-value-type=short --with-debugging=1 --with-fortran-kernels=1 --with-mpi-dir=/bgsys/drivers/ppcfloor/comm --with-batch=1 --known-mpi-shared-libraries=1 --known-memcmp-ok --known-sizeof-char=1 --known-sizeof-void-p=4 --known-sizeof-short=2 --known-sizeof-int=4 --known-sizeof-long=4 --known-sizeof-size_t=4 --known-sizeof-long-long=8 --known-sizeof-float=4 --known-sizeof-double=8 --known-bits-per-byte=8 --known-sizeof-MPI_Comm=4 --known-sizeof-MPI_Fint=4 --known-mpi-long-double=1 --known-level1-dcache-assoc=0 --known-level1-dcache-linesize=32 --known-level1-dcache-size=32768 --download-hypre=1 --with-shared=0 --prefix=/opt/share/ksl/petsc/dev-dec9-hypre/ppc450d-bgp_xlc_hypre_fast --with-clanguage=c --COPTFLAGS="     -O3 -qhot" --CXXOPTFLAGS="     -O3 -qhot" --FOPTFLAGS="     -O3 -qhot" --LIBS=" -L/bgsys/ibm_essl/sles10/prod/opt/ibmmath/lib -L/opt/ibmcmp/xlsmp/bg/1.7/lib -L/opt/ibmcmp/xlmass/bg/4.4/bglib -L/opt/ibmcmp/xlf/bg/11.1/bglib -L/bgsys/ibm_essl/sles10/prod/opt/ibmmath/lib -L/opt/ibmcmp/xlsmp/bg/1.7/lib -L/opt/ibmcmp/xlmass/bg/4.4/bglib -L/opt/ibmcmp/xlf/bg/11.1/bglib   -lesslbg  -lxlf90_r -lxlopt -lxlsmp -lxl -lxlfmath  -lesslbg  -lxlf90_r -lxlopt -lxlsmp -lxl -lxlfmath -O3" --CC=/bgsys/drivers/ppcfloor/comm/xl/bin/mpixlc_r --CXX=/bgsys/drivers/ppcfloor/comm/xl/bin/mpixlcxx_r --FC=/bgsys/drivers/ppcfloor/comm/xl/bin/mpixlf90_r --with-debugging=0 PETSC_ARCH=bgp-xlc-hypre-fast
-----------------------------------------
Libraries compiled on Thu Dec  9 16:16:25 2010 on fen1 
Machine characteristics: Linux-2.6.16.60-0.66.1-ppc64-ppc64-with-SuSE-10-ppc
Using PETSc directory: /tmp/aron/builddir_ppc64/petsc-dev-dec9-hypre-bgp_xlc_hypre_fast/petsc-dev
Using PETSc arch: bgp-xlc-hypre-fast
-----------------------------------------

Using C compiler: /bgsys/drivers/ppcfloor/comm/xl/bin/mpixlc_r  -O3 -qhot  ${COPTFLAGS} ${CFLAGS}
Using Fortran compiler: /bgsys/drivers/ppcfloor/comm/xl/bin/mpixlf90_r  -O3 -qhot   ${FOPTFLAGS} ${FFLAGS} 
-----------------------------------------

Using include paths: -I/tmp/aron/builddir_ppc64/petsc-dev-dec9-hypre-bgp_xlc_hypre_fast/petsc-dev/bgp-xlc-hypre-fast/include -I/tmp/aron/builddir_ppc64/petsc-dev-dec9-hypre-bgp_xlc_hypre_fast/petsc-dev/include -I/tmp/aron/builddir_ppc64/petsc-dev-dec9-hypre-bgp_xlc_hypre_fast/petsc-dev/include -I/tmp/aron/builddir_ppc64/petsc-dev-dec9-hypre-bgp_xlc_hypre_fast/petsc-dev/bgp-xlc-hypre-fast/include -I/bgsys/drivers/ppcfloor/comm/include
-----------------------------------------

Using C linker: /bgsys/drivers/ppcfloor/comm/xl/bin/mpixlc_r
Using Fortran linker: /bgsys/drivers/ppcfloor/comm/xl/bin/mpixlf90_r
Using libraries: -Wl,-rpath,/tmp/aron/builddir_ppc64/petsc-dev-dec9-hypre-bgp_xlc_hypre_fast/petsc-dev/bgp-xlc-hypre-fast/lib -L/tmp/aron/builddir_ppc64/petsc-dev-dec9-hypre-bgp_xlc_hypre_fast/petsc-dev/bgp-xlc-hypre-fast/lib -lpetscts -lpetscsnes -lpetscksp -lpetscdm -lpetscmat -lpetscvec -lpetscsys -Wl,-rpath,/tmp/aron/builddir_ppc64/petsc-dev-dec9-hypre-bgp_xlc_hypre_fast/petsc-dev/bgp-xlc-hypre-fast/lib -L/tmp/aron/builddir_ppc64/petsc-dev-dec9-hypre-bgp_xlc_hypre_fast/petsc-dev/bgp-xlc-hypre-fast/lib -lHYPRE -Wl,-rpath,/opt/ibmcmp/lib/bg/bglib -Wl,-rpath,/bgsys/drivers/V1R4M2_200_2010-100508P/ppc/comm/sys/lib -Wl,-rpath,/bgsys/drivers/V1R4M2_200_2010-100508P/ppc/runtime/SPI -lcxxmpich.cnk -libmc++ -lstdc++ -L/bgsys/ibm_essl/sles10/prod/opt/ibmmath/lib -L/opt/ibmcmp/xlsmp/bg/1.7/lib -L/opt/ibmcmp/xlmass/bg/4.4/bglib -L/opt/ibmcmp/xlf/bg/11.1/bglib -L/bgsys/drivers/V1R4M2_200_2010-100508P/ppc/comm/xl/lib -L/bgsys/drivers/V1R4M2_200_2010-100508P/ppc/comm/sys/lib -L/bgsys/drivers/V1R4M2_200_2010-100508P/ppc/runtime/SPI -L/opt/ibmcmp/xlsmp/bg/1.7/bglib -L/opt/ibmcmp/vac/bg/9.0/bglib -L/opt/ibmcmp/vacpp/bg/9.0/bglib -L/bgsys/drivers/ppcfloor/gnu-linux/lib/gcc/powerpc-bgp-linux/4.1.2 -L/bgsys/drivers/ppcfloor/gnu-linux/powerpc-bgp-linux/lib -ldl -lesslbg -lxlf90_r -lxlopt -lxlsmp -lxl -lxlfmath -lpmpich.cnk -lmpich.cnk -lopa -ldcmf.cnk -ldcmfcoll.cnk -lpthread -lSPI.cna -lrt -lgcc_eh -lxlomp_ser -lm -lcxxmpich.cnk -libmc++ -lstdc++ -lcxxmpich.cnk -libmc++ -lstdc++ -ldl -lesslbg -lxlf90_r -lxlopt -lxlsmp -lxl -lxlfmath -lpmpich.cnk -lmpich.cnk -lopa -ldcmf.cnk -ldcmfcoll.cnk -lpthread -lSPI.cna -lrt -lgcc_eh -ldl -lesslbg -lxlf90_r -lxlopt -lxlsmp -lxl -lxlfmath -lesslbg -lxlf90_r -lxlopt -lxlsmp -lxl -lxlfmath -O3 
-----------------------------------------

