Level 0 domain size (m)    8e+04 x    8e+04 x    1e+03, num elements  64 x  64 x   2 (    8192), size (m) 1250 x 1250 x 1000
Level 1 domain size (m)    8e+04 x    8e+04 x    1e+03, num elements 256 x 256 x   2 (  131072), size (m) 312.5 x 312.5 x 1000
Level 2 domain size (m)    8e+04 x    8e+04 x    1e+03, num elements 512 x 512 x   5 ( 1310720), size (m) 156.25 x 156.25 x 250
Level 3 domain size (m)    8e+04 x    8e+04 x    1e+03, num elements 1024 x 1024 x  65 (68157440), size (m) 78.125 x 78.125 x 15.625
        0 SNES Function norm 6.359302782812e+02 
        Linear solve converged due to CONVERGED_ITS iterations 1
        1 SNES Function norm 5.884337451579e+02 
        Linear solve converged due to CONVERGED_ITS iterations 1
        2 SNES Function norm 4.998820011792e+02 
        Linear solve converged due to CONVERGED_ITS iterations 1
        3 SNES Function norm 3.467368167958e+02 
        Linear solve converged due to CONVERGED_ITS iterations 1
        4 SNES Function norm 1.571634051548e+02 
        Linear solve converged due to CONVERGED_ITS iterations 1
        5 SNES Function norm 2.997865480918e+01 
        Linear solve converged due to CONVERGED_ITS iterations 1
        6 SNES Function norm 3.065749384020e+00 
        Linear solve converged due to CONVERGED_ITS iterations 1
        7 SNES Function norm 2.636835195101e-01 
        Linear solve converged due to CONVERGED_ITS iterations 1
        8 SNES Function norm 2.218191016731e-02 
        Linear solve converged due to CONVERGED_ITS iterations 1
        9 SNES Function norm 2.025163441048e-03 
        Linear solve converged due to CONVERGED_ITS iterations 1
       10 SNES Function norm 1.756282543789e-04 
        Linear solve converged due to CONVERGED_ITS iterations 1
       11 SNES Function norm 1.690133369204e-05 
        Linear solve converged due to CONVERGED_ITS iterations 1
       12 SNES Function norm 1.439644749324e-06 
Nonlinear solve converged due to CONVERGED_FNORM_RELATIVE
      0 SNES Function norm 1.110426006561e+01 
        0 KSP Residual norm 1.110426006561e+01 
        1 KSP Residual norm 8.205989317443e-01 
        2 KSP Residual norm 1.598912529951e-01 
        3 KSP Residual norm 2.204247209830e-02 
      Linear solve converged due to CONVERGED_RTOL iterations 3
      1 SNES Function norm 1.289503294127e-01 
        0 KSP Residual norm 1.289503294127e-01 
        1 KSP Residual norm 1.531253399439e-02 
        2 KSP Residual norm 3.526968851218e-03 
        3 KSP Residual norm 7.779657519169e-04 
      Linear solve converged due to CONVERGED_RTOL iterations 3
      2 SNES Function norm 9.408672585557e-04 
        0 KSP Residual norm 9.408672585557e-04 
        1 KSP Residual norm 3.109655698134e-04 
        2 KSP Residual norm 7.921048225677e-05 
        3 KSP Residual norm 2.194765811047e-05 
        4 KSP Residual norm 6.141737560478e-06 
      Linear solve converged due to CONVERGED_RTOL iterations 4
      3 SNES Function norm 6.141502370930e-06 
        0 KSP Residual norm 6.141502370930e-06 
        1 KSP Residual norm 2.252410852556e-06 
        2 KSP Residual norm 5.793917133185e-07 
        3 KSP Residual norm 1.674894903931e-07 
        4 KSP Residual norm 5.299460856511e-08 
      Linear solve converged due to CONVERGED_RTOL iterations 4
      4 SNES Function norm 5.299464043366e-08 
Nonlinear solve converged due to CONVERGED_FNORM_RELATIVE
    0 SNES Function norm 7.513610746219e+01 
      0 KSP Residual norm 7.513610746219e+01 
      1 KSP Residual norm 4.126424690385e+01 
      2 KSP Residual norm 1.207915273469e+01 
      3 KSP Residual norm 3.793749047968e+00 
      4 KSP Residual norm 1.165494519376e+00 
      5 KSP Residual norm 3.312092612294e-01 
    Linear solve converged due to CONVERGED_RTOL iterations 5
    1 SNES Function norm 3.793047684022e+01 
      0 KSP Residual norm 3.793047684022e+01 
      1 KSP Residual norm 2.120327333017e+01 
      2 KSP Residual norm 9.154909107905e+00 
      3 KSP Residual norm 4.344332260105e+00 
      4 KSP Residual norm 2.127269043285e+00 
      5 KSP Residual norm 9.643802891060e-01 
      6 KSP Residual norm 4.575615780607e-01 
      7 KSP Residual norm 2.000666578615e-01 
    Linear solve converged due to CONVERGED_RTOL iterations 7
    2 SNES Function norm 9.570001104397e+00 
      0 KSP Residual norm 9.570001104397e+00 
      1 KSP Residual norm 6.788787635943e+00 
      2 KSP Residual norm 4.708274693205e+00 
      3 KSP Residual norm 2.055996742524e+00 
      4 KSP Residual norm 1.261413115925e+00 
      5 KSP Residual norm 7.163810617001e-01 
      6 KSP Residual norm 4.356605942083e-01 
      7 KSP Residual norm 2.260451310285e-01 
      8 KSP Residual norm 1.239771719406e-01 
      9 KSP Residual norm 6.958091378659e-02 
    Linear solve converged due to CONVERGED_RTOL iterations 9
    3 SNES Function norm 4.916565028862e+00 
      0 KSP Residual norm 4.916565028862e+00 
      1 KSP Residual norm 3.040637145366e+00 
      2 KSP Residual norm 1.190860675870e+00 
      3 KSP Residual norm 6.894577789654e-01 
      4 KSP Residual norm 3.598539867520e-01 
      5 KSP Residual norm 1.812917335807e-01 
      6 KSP Residual norm 1.002817262264e-01 
      7 KSP Residual norm 5.811903155171e-02 
      8 KSP Residual norm 3.027336435370e-02 
    Linear solve converged due to CONVERGED_RTOL iterations 8
    4 SNES Function norm 3.326054472762e+00 
      0 KSP Residual norm 3.326054472762e+00 
      1 KSP Residual norm 2.343821881494e+00 
      2 KSP Residual norm 9.835025078301e-01 
      3 KSP Residual norm 5.729125534421e-01 
      4 KSP Residual norm 2.779373348112e-01 
      5 KSP Residual norm 1.676439152042e-01 
      6 KSP Residual norm 9.217519147325e-02 
      7 KSP Residual norm 5.499100681645e-02 
      8 KSP Residual norm 1.854811474113e-02 
    Linear solve converged due to CONVERGED_RTOL iterations 8
    5 SNES Function norm 2.227211933574e+00 
      0 KSP Residual norm 2.227211933574e+00 
      1 KSP Residual norm 1.536450769115e+00 
      2 KSP Residual norm 6.613617945744e-01 
      3 KSP Residual norm 3.884054311514e-01 
      4 KSP Residual norm 1.774892265795e-01 
      5 KSP Residual norm 1.011435178290e-01 
      6 KSP Residual norm 5.375452563770e-02 
      7 KSP Residual norm 3.351968027758e-02 
      8 KSP Residual norm 1.573698885815e-02 
    Linear solve converged due to CONVERGED_RTOL iterations 8
    6 SNES Function norm 1.496675709126e+00 
      0 KSP Residual norm 1.496675709126e+00 
      1 KSP Residual norm 9.779095677698e-01 
      2 KSP Residual norm 4.239785129848e-01 
      3 KSP Residual norm 2.512117866459e-01 
      4 KSP Residual norm 1.220794797466e-01 
      5 KSP Residual norm 6.697739982725e-02 
      6 KSP Residual norm 3.362645698871e-02 
      7 KSP Residual norm 2.052124812968e-02 
      8 KSP Residual norm 1.330908856617e-02 
    Linear solve converged due to CONVERGED_RTOL iterations 8
    7 SNES Function norm 8.865066202298e-01 
      0 KSP Residual norm 8.865066202298e-01 
      1 KSP Residual norm 5.672946396418e-01 
      2 KSP Residual norm 2.917121700397e-01 
      3 KSP Residual norm 1.536569371438e-01 
      4 KSP Residual norm 8.977663053147e-02 
      5 KSP Residual norm 4.889865198489e-02 
      6 KSP Residual norm 2.672780298714e-02 
      7 KSP Residual norm 1.290717308592e-02 
      8 KSP Residual norm 8.201031807951e-03 
    Linear solve converged due to CONVERGED_RTOL iterations 8
    8 SNES Function norm 4.913120591676e-01 
      0 KSP Residual norm 4.913120591676e-01 
      1 KSP Residual norm 3.383800663984e-01 
      2 KSP Residual norm 2.034254270102e-01 
      3 KSP Residual norm 1.540463990717e-01 
      4 KSP Residual norm 1.093932293858e-01 
      5 KSP Residual norm 7.933148329185e-02 
      6 KSP Residual norm 5.048737377908e-02 
      7 KSP Residual norm 2.811207960658e-02 
      8 KSP Residual norm 1.844896350212e-02 
      9 KSP Residual norm 1.197407332720e-02 
     10 KSP Residual norm 1.026426878690e-02 
     11 KSP Residual norm 8.779969361566e-03 
     12 KSP Residual norm 7.653673222553e-03 
     13 KSP Residual norm 5.314143629926e-03 
     14 KSP Residual norm 2.908327501579e-03 
    Linear solve converged due to CONVERGED_RTOL iterations 14
    9 SNES Function norm 1.052089674761e-01 
      0 KSP Residual norm 1.052089674761e-01 
      1 KSP Residual norm 9.145398195051e-02 
      2 KSP Residual norm 6.712441527300e-02 
      3 KSP Residual norm 5.343654789512e-02 
      4 KSP Residual norm 3.829926426070e-02 
      5 KSP Residual norm 2.428284221466e-02 
      6 KSP Residual norm 1.396551737291e-02 
      7 KSP Residual norm 8.584728274795e-03 
      8 KSP Residual norm 6.378705121841e-03 
      9 KSP Residual norm 5.792037922061e-03 
     10 KSP Residual norm 4.614393974515e-03 
     11 KSP Residual norm 2.971027729761e-03 
     12 KSP Residual norm 2.801182453910e-03 
     13 KSP Residual norm 2.619388576465e-03 
     14 KSP Residual norm 2.220625643307e-03 
     15 KSP Residual norm 1.674650912719e-03 
     16 KSP Residual norm 9.629799053960e-04 
    Linear solve converged due to CONVERGED_RTOL iterations 16
   10 SNES Function norm 1.691588601623e-02 
      0 KSP Residual norm 1.691588601623e-02 
      1 KSP Residual norm 1.182605117736e-02 
      2 KSP Residual norm 7.093963342183e-03 
      3 KSP Residual norm 4.052500410530e-03 
      4 KSP Residual norm 3.198273807229e-03 
      5 KSP Residual norm 2.508104418403e-03 
      6 KSP Residual norm 1.664267189548e-03 
      7 KSP Residual norm 8.370068944751e-04 
      8 KSP Residual norm 4.594807902649e-04 
      9 KSP Residual norm 3.888529637670e-04 
     10 KSP Residual norm 3.578842375771e-04 
     11 KSP Residual norm 2.540999588061e-04 
     12 KSP Residual norm 1.429078656511e-04 
    Linear solve converged due to CONVERGED_RTOL iterations 12
   11 SNES Function norm 5.701800164336e-04 
      0 KSP Residual norm 5.701800164336e-04 
      1 KSP Residual norm 3.715055187686e-04 
      2 KSP Residual norm 2.479483784321e-04 
      3 KSP Residual norm 1.204621337610e-04 
      4 KSP Residual norm 1.146900457167e-04 
      5 KSP Residual norm 1.142561591828e-04 
      6 KSP Residual norm 9.605764965910e-05 
      7 KSP Residual norm 5.165304430571e-05 
      8 KSP Residual norm 2.394279823044e-05 
      9 KSP Residual norm 1.160031661185e-05 
     10 KSP Residual norm 6.033857407764e-06 
     11 KSP Residual norm 4.836336326272e-06 
    Linear solve converged due to CONVERGED_RTOL iterations 11
   12 SNES Function norm 4.860934672572e-06 
      0 KSP Residual norm 4.860934672572e-06 
      1 KSP Residual norm 4.848688353515e-06 
      2 KSP Residual norm 4.809355833932e-06 
      3 KSP Residual norm 4.225133340500e-06 
      4 KSP Residual norm 3.333489420977e-06 
      5 KSP Residual norm 2.421874145842e-06 
      6 KSP Residual norm 1.383766762751e-06 
      7 KSP Residual norm 9.938656298678e-07 
      8 KSP Residual norm 6.963591838913e-07 
      9 KSP Residual norm 2.968183488338e-07 
     10 KSP Residual norm 1.666129461108e-07 
     11 KSP Residual norm 9.857103795507e-08 
     12 KSP Residual norm 6.233501196401e-08 
     13 KSP Residual norm 5.362364558350e-08 
     14 KSP Residual norm 3.762938574750e-08 
    Linear solve converged due to CONVERGED_RTOL iterations 14
   13 SNES Function norm 3.762921136657e-08 
Nonlinear solve converged due to CONVERGED_FNORM_RELATIVE
  0 SNES Function norm 2.498215188449e+01 
    0 KSP Residual norm 2.498215188449e+01 
    1 KSP Residual norm 4.449255334416e+00 
    2 KSP Residual norm 1.578026312608e+00 
    3 KSP Residual norm 7.132018018087e-01 
    4 KSP Residual norm 4.338585832781e-01 
    5 KSP Residual norm 2.411485650203e-01 
  Linear solve converged due to CONVERGED_RTOL iterations 5
  1 SNES Function norm 3.742773574323e+00 
    0 KSP Residual norm 3.742773574323e+00 
    1 KSP Residual norm 9.103976942088e-01 
    2 KSP Residual norm 4.132520234230e-01 
    3 KSP Residual norm 2.556099759092e-01 
    4 KSP Residual norm 1.850631097991e-01 
    5 KSP Residual norm 1.347139892334e-01 
    6 KSP Residual norm 9.725563147799e-02 
    7 KSP Residual norm 7.382096092395e-02 
    8 KSP Residual norm 4.730173358954e-02 
    9 KSP Residual norm 2.636957225209e-02 
  Linear solve converged due to CONVERGED_RTOL iterations 9
  2 SNES Function norm 9.583548545496e-01 
    0 KSP Residual norm 9.583548545496e-01 
    1 KSP Residual norm 2.524149565948e-01 
    2 KSP Residual norm 1.199213678290e-01 
    3 KSP Residual norm 6.501107921194e-02 
    4 KSP Residual norm 3.802968583992e-02 
    5 KSP Residual norm 2.161750505043e-02 
    6 KSP Residual norm 1.259640902463e-02 
    7 KSP Residual norm 7.512588738712e-03 
  Linear solve converged due to CONVERGED_RTOL iterations 7
  3 SNES Function norm 7.150072724032e-01 
    0 KSP Residual norm 7.150072724032e-01 
    1 KSP Residual norm 2.037358293974e-01 
    2 KSP Residual norm 1.088032706939e-01 
    3 KSP Residual norm 6.974215812468e-02 
    4 KSP Residual norm 3.756467929641e-02 
    5 KSP Residual norm 2.014202933685e-02 
    6 KSP Residual norm 1.240954292851e-02 
    7 KSP Residual norm 7.084605442689e-03 
  Linear solve converged due to CONVERGED_RTOL iterations 7
  4 SNES Function norm 4.545513226673e-01 
    0 KSP Residual norm 4.545513226673e-01 
    1 KSP Residual norm 8.476372437819e-02 
    2 KSP Residual norm 5.079117797377e-02 
    3 KSP Residual norm 3.456149246385e-02 
    4 KSP Residual norm 2.058428998983e-02 
    5 KSP Residual norm 1.465747955009e-02 
    6 KSP Residual norm 9.118308786299e-03 
    7 KSP Residual norm 5.265829830999e-03 
    8 KSP Residual norm 3.083978053957e-03 
  Linear solve converged due to CONVERGED_RTOL iterations 8
  5 SNES Function norm 2.438645148877e-01 
    0 KSP Residual norm 2.438645148877e-01 
    1 KSP Residual norm 5.394799007025e-02 
    2 KSP Residual norm 2.678075654427e-02 
    3 KSP Residual norm 1.146873465798e-02 
    4 KSP Residual norm 7.269637571141e-03 
    5 KSP Residual norm 4.599692116016e-03 
    6 KSP Residual norm 3.600008882807e-03 
    7 KSP Residual norm 2.653975054333e-03 
    8 KSP Residual norm 1.583955822241e-03 
  Linear solve converged due to CONVERGED_RTOL iterations 8
  6 SNES Function norm 1.730627175879e-01 
    0 KSP Residual norm 1.730627175879e-01 
    1 KSP Residual norm 2.351212607344e-02 
    2 KSP Residual norm 1.341942548923e-02 
    3 KSP Residual norm 7.806225109378e-03 
    4 KSP Residual norm 5.251777040003e-03 
    5 KSP Residual norm 3.191624159110e-03 
    6 KSP Residual norm 1.925959127967e-03 
    7 KSP Residual norm 1.298850890716e-03 
  Linear solve converged due to CONVERGED_RTOL iterations 7
  7 SNES Function norm 8.324889955849e-02 
    0 KSP Residual norm 8.324889955849e-02 
    1 KSP Residual norm 2.059210014777e-02 
    2 KSP Residual norm 7.999377369255e-03 
    3 KSP Residual norm 5.416503373472e-03 
    4 KSP Residual norm 3.535457162417e-03 
    5 KSP Residual norm 1.518785746098e-03 
    6 KSP Residual norm 9.531110561757e-04 
    7 KSP Residual norm 6.992700226006e-04 
  Linear solve converged due to CONVERGED_RTOL iterations 7
  8 SNES Function norm 5.024710409078e-02 
    0 KSP Residual norm 5.024710409078e-02 
    1 KSP Residual norm 5.007654365434e-03 
    2 KSP Residual norm 2.824962698861e-03 
    3 KSP Residual norm 2.146463025961e-03 
    4 KSP Residual norm 1.368405318186e-03 
    5 KSP Residual norm 6.647250966219e-04 
    6 KSP Residual norm 4.079867422873e-04 
  Linear solve converged due to CONVERGED_RTOL iterations 6
  9 SNES Function norm 1.585345893527e-02 
    0 KSP Residual norm 1.585345893527e-02 
    1 KSP Residual norm 3.204134174543e-03 
    2 KSP Residual norm 1.459519242591e-03 
    3 KSP Residual norm 9.897150770123e-04 
    4 KSP Residual norm 6.365804614611e-04 
    5 KSP Residual norm 3.025353734675e-04 
    6 KSP Residual norm 1.852058696551e-04 
    7 KSP Residual norm 1.355606676143e-04 
  Linear solve converged due to CONVERGED_RTOL iterations 7
 10 SNES Function norm 4.237482602704e-03 
    0 KSP Residual norm 4.237482602704e-03 
    1 KSP Residual norm 8.271079263368e-04 
    2 KSP Residual norm 3.060316382276e-04 
    3 KSP Residual norm 1.985605423244e-04 
    4 KSP Residual norm 1.361514060279e-04 
    5 KSP Residual norm 1.133882046421e-04 
    6 KSP Residual norm 1.001967098120e-04 
    7 KSP Residual norm 7.656079194454e-05 
    8 KSP Residual norm 4.641459884829e-05 
    9 KSP Residual norm 2.913139096023e-05 
  Linear solve converged due to CONVERGED_RTOL iterations 9
 11 SNES Function norm 1.565345156957e-03 
    0 KSP Residual norm 1.565345156957e-03 
    1 KSP Residual norm 2.225265984522e-04 
    2 KSP Residual norm 1.420244779959e-04 
    3 KSP Residual norm 6.283445717557e-05 
    4 KSP Residual norm 2.691360974551e-05 
    5 KSP Residual norm 1.643038256616e-05 
    6 KSP Residual norm 1.129698391717e-05 
  Linear solve converged due to CONVERGED_RTOL iterations 6
 12 SNES Function norm 4.330385826888e-05 
Nonlinear solve converged due to CONVERGED_PNORM_RELATIVE
Solution statistics after solve: Full
CONVERGED_PNORM_RELATIVE: Number of Newton iterations = 12, total linear iterations = 86
|X|_2 703981   u in [6.21641, 195.728]   v in [-4.6577, 5.18382]   c in [6.21646, 195.729] 
Surface statistics: u in [8.285158e+00, 1.957282e+02] mean 7.833047e+01
Global eta range   [2.64064e+10, 9.2273e+12], converged range [2.64066e+10, 8.65621e+12]
Global beta2 range [5.65052e+09, 2.09468e+13], converged range [5.6507e+09, 6.31695e+09]

    0 SNES Function norm 2.925523964619e+01 
      0 KSP Residual norm 2.925523964619e+01 
      1 KSP Residual norm 1.138227610666e+01 
      2 KSP Residual norm 5.885710672852e+00 
      3 KSP Residual norm 1.789036003155e+00 
      4 KSP Residual norm 1.113644762509e+00 
      5 KSP Residual norm 6.302324675132e-01 
      6 KSP Residual norm 3.121551071768e-01 
      7 KSP Residual norm 1.647128775619e-01 
    Linear solve converged due to CONVERGED_RTOL iterations 7
    1 SNES Function norm 3.710333559923e+00 
      0 KSP Residual norm 3.710333559923e+00 
      1 KSP Residual norm 3.215832008659e+00 
      2 KSP Residual norm 2.906565949313e+00 
      3 KSP Residual norm 2.382277266275e+00 
      4 KSP Residual norm 1.912720649880e+00 
      5 KSP Residual norm 1.522733524243e+00 
      6 KSP Residual norm 1.428738840270e+00 
      7 KSP Residual norm 1.428384812873e+00 
      8 KSP Residual norm 1.423453509068e+00 
      9 KSP Residual norm 1.340068942533e+00 
     10 KSP Residual norm 1.229421322825e+00 
     11 KSP Residual norm 1.212972309132e+00 
     12 KSP Residual norm 1.131574206566e+00 
     13 KSP Residual norm 1.104449714570e+00 
     14 KSP Residual norm 1.090799000009e+00 
     15 KSP Residual norm 9.792659127516e-01 
     16 KSP Residual norm 7.701456450875e-01 
     17 KSP Residual norm 4.497201591985e-01 
     18 KSP Residual norm 3.386497152363e-01 
     19 KSP Residual norm 2.615709768642e-01 
     20 KSP Residual norm 1.836959735165e-01 
     21 KSP Residual norm 1.293978188884e-01 
     22 KSP Residual norm 1.259004554506e-01 
     23 KSP Residual norm 1.026273125005e-01 
     24 KSP Residual norm 1.005359219268e-01 
     25 KSP Residual norm 9.969650660376e-02 
     26 KSP Residual norm 8.756366369269e-02 
     27 KSP Residual norm 6.046420644357e-02 
     28 KSP Residual norm 4.855953796399e-02 
     29 KSP Residual norm 3.821718092852e-02 
     30 KSP Residual norm 2.324068060022e-02 
    Linear solve converged due to CONVERGED_RTOL iterations 30
    2 SNES Function norm 5.027163059698e-01 
      0 KSP Residual norm 5.027163059698e-01 
      1 KSP Residual norm 4.303843161479e-01 
      2 KSP Residual norm 3.663498001353e-01 
      3 KSP Residual norm 3.534451296214e-01 
      4 KSP Residual norm 3.515847220508e-01 
      5 KSP Residual norm 3.374001486088e-01 
      6 KSP Residual norm 3.293741246410e-01 
      7 KSP Residual norm 3.221333452074e-01 
      8 KSP Residual norm 2.970583778156e-01 
      9 KSP Residual norm 2.443857358766e-01 
     10 KSP Residual norm 1.594260163609e-01 
     11 KSP Residual norm 1.092351987781e-01 
     12 KSP Residual norm 6.664823935288e-02 
     13 KSP Residual norm 4.521210863413e-02 
     14 KSP Residual norm 3.693570963543e-02 
     15 KSP Residual norm 3.162048120909e-02 
     16 KSP Residual norm 2.738600277896e-02 
     17 KSP Residual norm 1.920432286271e-02 
     18 KSP Residual norm 1.209954940459e-02 
     19 KSP Residual norm 8.234659807726e-03 
     20 KSP Residual norm 4.738503055708e-03 
    Linear solve converged due to CONVERGED_RTOL iterations 20
    3 SNES Function norm 1.397150240344e-01 
      0 KSP Residual norm 1.397150240344e-01 
      1 KSP Residual norm 1.043089124923e-01 
      2 KSP Residual norm 5.280205205326e-02 
      3 KSP Residual norm 2.648195353754e-02 
      4 KSP Residual norm 1.542586118644e-02 
      5 KSP Residual norm 1.189741811478e-02 
      6 KSP Residual norm 8.452524075840e-03 
      7 KSP Residual norm 6.471504650624e-03 
      8 KSP Residual norm 4.983492553243e-03 
      9 KSP Residual norm 2.626081336847e-03 
     10 KSP Residual norm 1.631156769584e-03 
     11 KSP Residual norm 9.744701822326e-04 
    Linear solve converged due to CONVERGED_RTOL iterations 11
    4 SNES Function norm 1.653931970714e-02 
      0 KSP Residual norm 1.653931970714e-02 
      1 KSP Residual norm 1.180591291493e-02 
      2 KSP Residual norm 5.723134990696e-03 
      3 KSP Residual norm 2.786934425437e-03 
      4 KSP Residual norm 2.006349025368e-03 
      5 KSP Residual norm 1.381820483803e-03 
      6 KSP Residual norm 9.784654835336e-04 
      7 KSP Residual norm 6.468557016664e-04 
      8 KSP Residual norm 4.225706791847e-04 
      9 KSP Residual norm 2.739248990863e-04 
     10 KSP Residual norm 2.331592708724e-04 
     11 KSP Residual norm 1.668762375457e-04 
     12 KSP Residual norm 1.502346590717e-04 
    Linear solve converged due to CONVERGED_RTOL iterations 12
    5 SNES Function norm 4.119388270941e-04 
      0 KSP Residual norm 4.119388270941e-04 
      1 KSP Residual norm 3.599618906626e-04 
      2 KSP Residual norm 2.059918765186e-04 
      3 KSP Residual norm 1.271392540847e-04 
      4 KSP Residual norm 9.380559500730e-05 
      5 KSP Residual norm 8.929565709126e-05 
      6 KSP Residual norm 8.358828378857e-05 
      7 KSP Residual norm 7.919432502350e-05 
      8 KSP Residual norm 4.837952837937e-05 
      9 KSP Residual norm 2.898140228226e-05 
     10 KSP Residual norm 1.385233899455e-05 
     11 KSP Residual norm 7.316790513416e-06 
     12 KSP Residual norm 4.127672505770e-06 
     13 KSP Residual norm 2.917554443209e-06 
    Linear solve converged due to CONVERGED_RTOL iterations 13
    6 SNES Function norm 2.938863737530e-06 
      0 KSP Residual norm 2.938863737530e-06 
      1 KSP Residual norm 2.922737741828e-06 
      2 KSP Residual norm 2.895420802004e-06 
      3 KSP Residual norm 2.653004743829e-06 
      4 KSP Residual norm 1.719528626941e-06 
      5 KSP Residual norm 8.282513003370e-07 
      6 KSP Residual norm 4.066262770462e-07 
      7 KSP Residual norm 2.284223772234e-07 
      8 KSP Residual norm 1.153224153889e-07 
      9 KSP Residual norm 7.895298616781e-08 
     10 KSP Residual norm 4.778010206187e-08 
     11 KSP Residual norm 3.678616339516e-08 
     12 KSP Residual norm 2.348910510241e-08 
    Linear solve converged due to CONVERGED_RTOL iterations 12
    7 SNES Function norm 2.348860230445e-08 
Nonlinear solve converged due to CONVERGED_FNORM_RELATIVE
Solution statistics after solve: Fine-1
CONVERGED_FNORM_RELATIVE: Number of Newton iterations = 7, total linear iterations = 105
|X|_2 94539.3   u in [6.20214, 193.692]   v in [-4.58318, 5.09037]   c in [6.20219, 193.693] 
Surface statistics: u in [8.206427e+00, 1.936925e+02] mean 7.745218e+01
Global eta range   [2.64064e+10, 9.2273e+12], converged range [3.39359e+10, 1.44486e+12]
Global beta2 range [5.15201e+09, 2.09468e+13], converged range [5.65557e+09, 6.3143e+09]

  0 SNES Function norm 2.498215188452e+01 
    0 KSP Residual norm 2.498215188452e+01 
    1 KSP Residual norm 4.449255335101e+00 
    2 KSP Residual norm 1.578026321040e+00 
    3 KSP Residual norm 7.132018041924e-01 
    4 KSP Residual norm 4.338585843953e-01 
    5 KSP Residual norm 2.411485669559e-01 
  Linear solve converged due to CONVERGED_RTOL iterations 5
  1 SNES Function norm 3.742773575133e+00 
    0 KSP Residual norm 3.742773575133e+00 
    1 KSP Residual norm 9.103976941549e-01 
    2 KSP Residual norm 4.132520181611e-01 
    3 KSP Residual norm 2.556099745308e-01 
    4 KSP Residual norm 1.850631116420e-01 
    5 KSP Residual norm 1.347139924534e-01 
    6 KSP Residual norm 9.725563573061e-02 
    7 KSP Residual norm 7.382096433524e-02 
    8 KSP Residual norm 4.730173622951e-02 
    9 KSP Residual norm 2.636957291482e-02 
  Linear solve converged due to CONVERGED_RTOL iterations 9
  2 SNES Function norm 9.583548545870e-01 
    0 KSP Residual norm 9.583548545870e-01 
    1 KSP Residual norm 2.524149566767e-01 
    2 KSP Residual norm 1.199213681157e-01 
    3 KSP Residual norm 6.501107898977e-02 
    4 KSP Residual norm 3.802968622905e-02 
    5 KSP Residual norm 2.161750498620e-02 
    6 KSP Residual norm 1.259640902427e-02 
    7 KSP Residual norm 7.512588661539e-03 
  Linear solve converged due to CONVERGED_RTOL iterations 7
  3 SNES Function norm 7.150072692689e-01 
    0 KSP Residual norm 7.150072692689e-01 
    1 KSP Residual norm 2.037358297455e-01 
    2 KSP Residual norm 1.088032712074e-01 
    3 KSP Residual norm 6.974215792090e-02 
    4 KSP Residual norm 3.756467941095e-02 
    5 KSP Residual norm 2.014202911788e-02 
    6 KSP Residual norm 1.240954279393e-02 
    7 KSP Residual norm 7.084605216069e-03 
  Linear solve converged due to CONVERGED_RTOL iterations 7
  4 SNES Function norm 4.545513200047e-01 
    0 KSP Residual norm 4.545513200047e-01 
    1 KSP Residual norm 8.476372414150e-02 
    2 KSP Residual norm 5.079117788246e-02 
    3 KSP Residual norm 3.456149259267e-02 
    4 KSP Residual norm 2.058429016040e-02 
    5 KSP Residual norm 1.465747960393e-02 
    6 KSP Residual norm 9.118308660610e-03 
    7 KSP Residual norm 5.265829731448e-03 
    8 KSP Residual norm 3.083978076791e-03 
  Linear solve converged due to CONVERGED_RTOL iterations 8
  5 SNES Function norm 2.438645134039e-01 
    0 KSP Residual norm 2.438645134039e-01 
    1 KSP Residual norm 5.394799110084e-02 
    2 KSP Residual norm 2.678075678707e-02 
    3 KSP Residual norm 1.146873485332e-02 
    4 KSP Residual norm 7.269637712668e-03 
    5 KSP Residual norm 4.599692169371e-03 
    6 KSP Residual norm 3.600008858131e-03 
    7 KSP Residual norm 2.653975053930e-03 
    8 KSP Residual norm 1.583955860281e-03 
  Linear solve converged due to CONVERGED_RTOL iterations 8
  6 SNES Function norm 1.730627164703e-01 
    0 KSP Residual norm 1.730627164703e-01 
    1 KSP Residual norm 2.351212651801e-02 
    2 KSP Residual norm 1.341942544031e-02 
    3 KSP Residual norm 7.806225303240e-03 
    4 KSP Residual norm 5.251777216143e-03 
    5 KSP Residual norm 3.191624430823e-03 
    6 KSP Residual norm 1.925959374142e-03 
    7 KSP Residual norm 1.298851013636e-03 
  Linear solve converged due to CONVERGED_RTOL iterations 7
  7 SNES Function norm 8.324889897056e-02 
    0 KSP Residual norm 8.324889897056e-02 
    1 KSP Residual norm 2.059210017516e-02 
    2 KSP Residual norm 7.999377389649e-03 
    3 KSP Residual norm 5.416503432014e-03 
    4 KSP Residual norm 3.535457185232e-03 
    5 KSP Residual norm 1.518785727776e-03 
    6 KSP Residual norm 9.531110671421e-04 
    7 KSP Residual norm 6.992700281685e-04 
  Linear solve converged due to CONVERGED_RTOL iterations 7
  8 SNES Function norm 5.024710375197e-02 
    0 KSP Residual norm 5.024710375197e-02 
    1 KSP Residual norm 5.007654491861e-03 
    2 KSP Residual norm 2.824962768043e-03 
    3 KSP Residual norm 2.146463084748e-03 
    4 KSP Residual norm 1.368405353832e-03 
    5 KSP Residual norm 6.647251003324e-04 
    6 KSP Residual norm 4.079867080668e-04 
  Linear solve converged due to CONVERGED_RTOL iterations 6
  9 SNES Function norm 1.585345887920e-02 
    0 KSP Residual norm 1.585345887920e-02 
    1 KSP Residual norm 3.204134274157e-03 
    2 KSP Residual norm 1.459519257757e-03 
    3 KSP Residual norm 9.897150714899e-04 
    4 KSP Residual norm 6.365804638498e-04 
    5 KSP Residual norm 3.025353699161e-04 
    6 KSP Residual norm 1.852058559423e-04 
    7 KSP Residual norm 1.355606643954e-04 
  Linear solve converged due to CONVERGED_RTOL iterations 7
 10 SNES Function norm 4.237482611211e-03 
    0 KSP Residual norm 4.237482611211e-03 
    1 KSP Residual norm 8.271079087349e-04 
    2 KSP Residual norm 3.060316231079e-04 
    3 KSP Residual norm 1.985605417401e-04 
    4 KSP Residual norm 1.361514075339e-04 
    5 KSP Residual norm 1.133882077001e-04 
    6 KSP Residual norm 1.001967135982e-04 
    7 KSP Residual norm 7.656079713335e-05 
    8 KSP Residual norm 4.641459911226e-05 
    9 KSP Residual norm 2.913138804621e-05 
  Linear solve converged due to CONVERGED_RTOL iterations 9
 11 SNES Function norm 1.565345190839e-03 
    0 KSP Residual norm 1.565345190839e-03 
    1 KSP Residual norm 2.225265952658e-04 
    2 KSP Residual norm 1.420244874114e-04 
    3 KSP Residual norm 6.283445712033e-05 
    4 KSP Residual norm 2.691361160954e-05 
    5 KSP Residual norm 1.643038197665e-05 
    6 KSP Residual norm 1.129698188643e-05 
  Linear solve converged due to CONVERGED_RTOL iterations 6
 12 SNES Function norm 4.330385766640e-05 
Nonlinear solve converged due to CONVERGED_PNORM_RELATIVE
Solution statistics after solve: Fine
CONVERGED_PNORM_RELATIVE: Number of Newton iterations = 12, total linear iterations = 86
|X|_2 703981   u in [6.21641, 195.728]   v in [-4.6577, 5.18382]   c in [6.21646, 195.729] 
Surface statistics: u in [8.285158e+00, 1.957282e+02] mean 7.833047e+01
Global eta range   [2.64064e+10, 9.2273e+12], converged range [2.64066e+10, 8.65621e+12]
Global beta2 range [5.15201e+09, 2.09468e+13], converged range [5.6507e+09, 6.31695e+09]

************************************************************************************************************************
***             WIDEN YOUR WINDOW TO 120 CHARACTERS.  Use 'enscript -r -fCourier9' to print this document            ***
************************************************************************************************************************

---------------------------------------------- PETSc Performance Summary: ----------------------------------------------

./ex48 on a bgp-xlc-h named ionode94 with 512 processors, by Unknown Thu Dec  9 19:44:26 2010
Using Petsc Development HG revision: 179fe3d1768f57c49fa44a3a47095b573a99716c  HG Date: Wed Dec 08 11:34:50 2010 -0600

                         Max       Max/Min        Avg      Total 
Time (sec):           8.963e+02      1.00000   8.963e+02
Objects:              6.490e+02      1.00000   6.490e+02
Flops:                5.996e+10      1.02156   5.933e+10  3.038e+13
Flops/sec:            6.690e+07      1.02156   6.619e+07  3.389e+10
MPI Messages:         5.462e+04      1.09187   5.004e+04  2.562e+07
MPI Message Lengths:  4.158e+08      1.00056   8.307e+03  2.128e+11
MPI Reductions:       1.075e+04      1.00000

Flop counting convention: 1 flop = 1 real number operation of type (multiply/divide/add/subtract)
                            e.g., VecAXPY() for real vectors of length N --> 2N flops
                            and VecAXPY() for complex vectors of length N --> 8N flops

Summary of Stages:   ----- Time ------  ----- Flops -----  --- Messages ---  -- Message Lengths --  -- Reductions --
                        Avg     %Total     Avg     %Total   counts   %Total     Avg         %Total   counts   %Total 
 0:      Main Stage: 1.6328e-01   0.0%  2.2256e+09   0.0%  1.227e+04   0.0%  1.189e-01        0.0%  1.500e+01   0.1% 
 1:      Full solve: 4.5453e+02  50.7%  1.5234e+13  50.2%  1.398e+07  54.6%  4.193e+03       50.5%  5.808e+03  54.0% 
 2:    Fine-1 solve: 1.1682e+01   1.3%  3.3478e+11   1.1%  5.244e+06  20.5%  1.460e+02        1.8%  2.119e+03  19.7% 
 3: Fine-only solve: 4.2989e+02  48.0%  1.4805e+13  48.7%  6.386e+06  24.9%  3.968e+03       47.8%  2.481e+03  23.1% 

------------------------------------------------------------------------------------------------------------------------
See the 'Profiling' chapter of the users' manual for details on interpreting output.
Phase summary info:
   Count: number of times phase was executed
   Time and Flops: Max - maximum over all processors
                   Ratio - ratio of maximum to minimum over all processors
   Mess: number of messages sent
   Avg. len: average message length
   Reduct: number of global reductions
   Global: entire computation
   Stage: stages of a computation. Set stages with PetscLogStagePush() and PetscLogStagePop().
      %T - percent time in this phase         %F - percent flops in this phase
      %M - percent messages in this phase     %L - percent message lengths in this phase
      %R - percent reductions in this phase
   Total Mflop/s: 10e-6 * (sum of flops over all processors)/(max time over all processors)
------------------------------------------------------------------------------------------------------------------------
Event                Count      Time (sec)     Flops                             --- Global ---  --- Stage ---   Total
                   Max Ratio  Max     Ratio   Max  Ratio  Mess   Avg len Reduct  %T %F %M %L %R  %T %F %M %L %R Mflop/s
------------------------------------------------------------------------------------------------------------------------

--- Event Stage 0: Main Stage

VecSet                 2 1.0 2.8133e-05 1.5 0.00e+00 0.0 0.0e+00 0.0e+00 0.0e+00  0  0  0  0  0   0  0  0  0  0     0
VecPointwiseMult       1 1.0 8.1062e-05 1.2 5.12e+03 1.0 0.0e+00 0.0e+00 0.0e+00  0  0  0  0  0   0  0  0  0  0 32339
VecScatterBegin        2 1.0 9.7990e-05 1.1 0.00e+00 0.0 3.1e+03 9.8e+02 0.0e+00  0  0  0  0  0   0  0 25 99  0     0
VecScatterEnd          2 1.0 7.8297e-04 6.1 0.00e+00 0.0 0.0e+00 0.0e+00 0.0e+00  0  0  0  0  0   0  0  0  0  0     0
MatMult                1 1.0 1.9411e-02 1.0 2.04e+06 1.0 1.5e+03 9.8e+02 0.0e+00  0  0  0  0  0  12 47 13 49  0 53750
MatMultTranspose       1 1.0 2.6873e-02 1.0 2.30e+06 1.0 1.5e+03 9.8e+02 0.0e+00  0  0  0  0  0  16 53 13 49  0 43897

--- Event Stage 1: Full solve

VecDot                41 1.0 8.7769e-02 5.1 6.53e+06 1.0 0.0e+00 0.0e+00 4.1e+01  0  0  0  0  0   0  0  0  0  1 38079
VecMDot             1524 1.0 2.4006e+00 3.2 2.95e+08 1.0 0.0e+00 0.0e+00 1.5e+03  0  0  0  0 14   0  1  0  0 26 63004
VecNorm             3479 1.0 2.4584e+00 1.9 3.10e+08 1.0 0.0e+00 0.0e+00 3.5e+03  0  1  0  0 32   0  1  0  0 60 64562
VecScale            2849 1.0 5.9165e-01 1.1 1.23e+08 1.0 0.0e+00 0.0e+00 0.0e+00  0  0  0  0  0   0  0  0  0  0 106680
VecCopy             1448 1.0 5.0795e-01 1.2 0.00e+00 0.0 0.0e+00 0.0e+00 0.0e+00  0  0  0  0  0   0  0  0  0  0     0
VecSet             13904 1.0 9.8059e-01 1.1 0.00e+00 0.0 0.0e+00 0.0e+00 0.0e+00  0  0  0  0  0   0  0  0  0  0     0
VecAXPY             1853 1.0 7.5377e-01 1.1 1.51e+08 1.0 0.0e+00 0.0e+00 0.0e+00  0  0  0  0  0   0  1  0  0  0 102700
VecAYPX              528 1.0 2.8419e-01 1.0 2.41e+07 1.0 0.0e+00 0.0e+00 0.0e+00  0  0  0  0  0   0  0  0  0  0 43435
VecWAXPY              49 1.0 5.6353e-02 1.0 5.43e+06 1.0 0.0e+00 0.0e+00 0.0e+00  0  0  0  0  0   0  0  0  0  0 49378
VecMAXPY            2849 1.0 1.6555e+00 1.0 4.39e+08 1.0 0.0e+00 0.0e+00 0.0e+00  0  1  0  0  0   0  1  0  0  0 135760
VecPointwiseMult      66 1.0 1.5166e-03 1.2 7.52e+04 1.0 0.0e+00 0.0e+00 0.0e+00  0  0  0  0  0   0  0  0  0  0 25377
VecScatterBegin     3962 1.0 6.3882e-01 1.1 0.00e+00 0.0 1.3e+07 4.1e+03 0.0e+00  0  0 52 26  0   0  0 95 52  0     0
VecScatterEnd       3962 1.0 5.1797e+00 8.0 0.00e+00 0.0 0.0e+00 0.0e+00 0.0e+00  0  0  0  0  0   0  0  0  0  0     0
VecReduceArith         8 1.0 3.3531e-03 1.0 1.09e+06 1.0 0.0e+00 0.0e+00 0.0e+00  0  0  0  0  0   0  0  0  0  0 166071
VecReduceComm          4 1.0 1.8401e-0310.5 0.00e+00 0.0 0.0e+00 0.0e+00 4.0e+00  0  0  0  0  0   0  0  0  0  0     0
VecNormalize        2592 1.0 2.3877e+00 1.9 2.89e+08 1.0 0.0e+00 0.0e+00 2.6e+03  0  0  0  0 24   0  1  0  0 45 62048
MatMult             2624 1.0 1.1567e+02 1.0 1.32e+10 1.1 1.1e+07 4.8e+03 0.0e+00 13 22 42 24  0  25 43 77 48  0 57213
MatMultAdd           528 1.0 2.0320e+00 1.0 2.07e+08 1.0 8.1e+05 2.6e+02 0.0e+00  0  0  3  0  0   0  1  6  0  0 52094
MatMultTranspose     597 1.0 3.6837e+00 1.3 2.38e+08 1.0 9.2e+05 2.7e+02 0.0e+00  0  0  4  0  0   1  1  7  0  0 33046
MatSolve            2640 1.0 9.9662e+01 1.0 1.24e+10 1.0 0.0e+00 0.0e+00 0.0e+00 11 21  0  0  0  22 42  0  0  0 63511
MatCholFctrSym         3 1.0 1.6313e-03 1.3 0.00e+00 0.0 0.0e+00 0.0e+00 0.0e+00  0  0  0  0  0   0  0  0  0  0     0
MatCholFctrNum        66 1.0 2.1976e+01 1.0 2.66e+09 1.0 0.0e+00 0.0e+00 0.0e+00  2  4  0  0  0   5  9  0  0  0 62020
MatICCFactorSym        3 1.0 2.3363e-01 1.0 0.00e+00 0.0 0.0e+00 0.0e+00 0.0e+00  0  0  0  0  0   0  0  0  0  0     0
MatConvert            41 1.0 1.3876e-02 1.3 0.00e+00 0.0 0.0e+00 0.0e+00 0.0e+00  0  0  0  0  0   0  0  0  0  0     0
MatAssemblyBegin     114 1.0 2.9857e+00 2.4 0.00e+00 0.0 4.9e+05 1.1e+05 3.0e+02  0  0  2 24  3   0  0  4 48  5     0
MatAssemblyEnd       114 1.0 2.9757e+00 1.4 0.00e+00 0.0 7.0e+04 2.6e+03 6.8e+01  0  0  0  0  1   1  0  0  0  1     0
MatGetRowIJ          122 1.0 7.2527e-04 1.1 0.00e+00 0.0 0.0e+00 0.0e+00 0.0e+00  0  0  0  0  0   0  0  0  0  0     0
MatGetOrdering        40 1.0 8.1933e-02 1.0 0.00e+00 0.0 0.0e+00 0.0e+00 8.0e+01  0  0  0  0  1   0  0  0  0  1     0
MatZeroEntries       107 1.0 2.7127e-01 1.1 0.00e+00 0.0 0.0e+00 0.0e+00 0.0e+00  0  0  0  0  0   0  0  0  0  0     0
SNESSolve              4 1.0 4.5046e+02 1.0 3.01e+10 1.0 1.4e+07 7.8e+03 5.6e+03 50 50 54 50 52  99100 99100 96 33814
SNESLineSearch        41 1.0 5.6552e+01 1.0 3.82e+08 1.0 5.7e+05 6.9e+03 1.7e+02  6  1  2  2  2  12  1  4  4  3  3386
SNESFunctionEval      53 1.0 5.6380e+01 1.0 0.00e+00 0.0 4.3e+05 6.4e+03 8.0e+00  6  0  2  1  0  12  0  3  3  0     0
SNESJacobianEval      41 1.0 1.2978e+02 1.0 2.87e+07 1.0 1.0e+06 5.1e+04 2.9e+02 14  0  4 25  3  29  0  7 49  5   113
KSPGMRESOrthog      1524 1.0 3.3587e+00 2.0 5.91e+08 1.0 0.0e+00 0.0e+00 1.5e+03  0  1  0  0 14   1  2  0  0 26 90064
KSPSetup             214 1.0 3.2225e-02 1.0 0.00e+00 0.0 0.0e+00 0.0e+00 3.0e+01  0  0  0  0  0   0  0  0  0  1     0
KSPSolve              41 1.0 2.6073e+02 1.0 2.96e+10 1.0 1.2e+07 4.1e+03 5.1e+03 29 49 48 24 47  57 99 87 47 87 57615
PCSetUp              107 1.0 3.0572e+01 1.0 2.66e+09 1.0 0.0e+00 0.0e+00 8.3e+01  3  4  0  0  1   7  9  0  0  1 44581
PCSetUpOnBlocks     1056 1.0 2.2304e+01 1.0 2.66e+09 1.0 0.0e+00 0.0e+00 8.3e+01  2  4  0  0  1   5  9  0  0  1 61109
PCApply              240 1.0 2.2868e+02 1.0 2.66e+10 1.0 1.1e+07 3.6e+03 4.5e+03 26 44 44 19 42  50 89 81 38 78 58966

--- Event Stage 2: Fine-1 solve

VecDot                 7 1.0 2.1100e-03 4.8 7.17e+04 1.0 0.0e+00 0.0e+00 7.0e+00  0  0  0  0  0   0  0  0  0  0 17392
VecMDot              630 1.0 1.4342e-01 2.5 1.28e+07 1.0 0.0e+00 0.0e+00 6.3e+02  0  0  0  0  6   1  2  0  0 30 45605
VecNorm             1386 1.0 1.7557e-01 2.5 7.22e+06 1.0 0.0e+00 0.0e+00 1.4e+03  0  0  0  0 13   1  1  0  0 65 21047
VecScale            1162 1.0 2.3263e-02 1.1 2.95e+06 1.0 0.0e+00 0.0e+00 0.0e+00  0  0  0  0  0   0  0  0  0  0 64830
VecCopy              553 1.0 1.0682e-02 1.1 0.00e+00 0.0 0.0e+00 0.0e+00 0.0e+00  0  0  0  0  0   0  0  0  0  0     0
VecSet              5539 1.0 4.7685e-02 1.1 0.00e+00 0.0 0.0e+00 0.0e+00 0.0e+00  0  0  0  0  0   0  0  0  0  0     0
VecAXPY              742 1.0 2.0281e-02 1.2 3.63e+06 1.0 0.0e+00 0.0e+00 0.0e+00  0  0  0  0  0   0  1  0  0  0 91552
VecAYPX              210 1.0 9.3937e-03 1.1 5.91e+05 1.0 0.0e+00 0.0e+00 0.0e+00  0  0  0  0  0   0  0  0  0  0 32232
VecWAXPY               7 1.0 6.3682e-04 1.2 3.58e+04 1.0 0.0e+00 0.0e+00 0.0e+00  0  0  0  0  0   0  0  0  0  0 28815
VecMAXPY            1162 1.0 6.0344e-02 1.2 1.62e+07 1.0 0.0e+00 0.0e+00 0.0e+00  0  0  0  0  0   0  2  0  0  0 137650
VecPointwiseMult      14 1.0 1.4806e-04 1.2 3.81e+03 1.0 0.0e+00 0.0e+00 0.0e+00  0  0  0  0  0   0  0  0  0  0 13168
VecScatterBegin     1528 1.0 9.5572e-02 1.1 0.00e+00 0.0 5.1e+06 5.3e+02 0.0e+00  0  0 20  1  0   1  0 98 73  0     0
VecScatterEnd       1528 1.0 1.9827e-01 2.0 0.00e+00 0.0 0.0e+00 0.0e+00 0.0e+00  0  0  0  0  0   1  0  0  0  0     0
VecReduceArith         2 1.0 8.5115e-05 1.1 2.05e+04 1.0 0.0e+00 0.0e+00 0.0e+00  0  0  0  0  0   0  0  0  0  0 123183
VecReduceComm          1 1.0 5.6601e-0415.3 0.00e+00 0.0 0.0e+00 0.0e+00 1.0e+00  0  0  0  0  0   0  0  0  0  0     0
VecNormalize        1050 1.0 1.7798e-01 2.2 7.12e+06 1.0 0.0e+00 0.0e+00 1.0e+03  0  0  0  0 10   1  1  0  0 50 20472
MatMult             1057 1.0 2.3431e+00 1.1 2.78e+08 1.1 4.3e+06 5.9e+02 0.0e+00  0  0 17  1  0  19 40 83 68  0 57863
MatMultAdd           210 1.0 6.4931e-02 1.0 4.20e+06 1.0 3.2e+05 1.3e+02 0.0e+00  0  0  1  0  0   1  1  6  1  0 33118
MatMultTranspose     224 1.0 1.0181e-01 1.3 4.48e+06 1.0 3.4e+05 1.3e+02 0.0e+00  0  0  1  0  0   1  1  7  1  0 22531
MatSolve            1050 1.0 2.0213e+00 1.0 3.00e+08 1.0 0.0e+00 0.0e+00 0.0e+00  0  1  0  0  0  17 46  0  0  0 75874
MatCholFctrNum        14 1.0 2.6420e-01 1.0 3.73e+07 1.0 0.0e+00 0.0e+00 0.0e+00  0  0  0  0  0   2  6  0  0  0 72256
MatConvert             7 1.0 2.3749e-03 1.3 0.00e+00 0.0 0.0e+00 0.0e+00 0.0e+00  0  0  0  0  0   0  0  0  0  0     0
MatAssemblyBegin      21 1.0 5.7351e-02 2.0 0.00e+00 0.0 9.7e+04 1.1e+04 5.6e+01  0  0  0  0  1   0  0  2 27  3     0
MatAssemblyEnd        21 1.0 3.9728e-02 1.8 0.00e+00 0.0 0.0e+00 0.0e+00 0.0e+00  0  0  0  0  0   0  0  0  0  0     0
MatGetRowIJ           21 1.0 1.2732e-04 1.1 0.00e+00 0.0 0.0e+00 0.0e+00 0.0e+00  0  0  0  0  0   0  0  0  0  0     0
MatGetOrdering         7 1.0 1.4911e-03 1.1 0.00e+00 0.0 0.0e+00 0.0e+00 1.4e+01  0  0  0  0  0   0  0  0  0  1     0
MatZeroEntries        21 1.0 2.5599e-03 1.2 0.00e+00 0.0 0.0e+00 0.0e+00 0.0e+00  0  0  0  0  0   0  0  0  0  0     0
SNESSolve              1 1.0 1.1682e+01 1.0 6.67e+08 1.0 5.2e+06 7.1e+02 2.1e+03  1  1 20  2 20 100100100100100 28657
SNESLineSearch         7 1.0 4.0567e-01 1.0 3.73e+06 1.1 8.6e+04 8.3e+02 2.8e+01  0  0  0  0  0   3  1  2  2  1  4508
SNESFunctionEval       8 1.0 4.1995e-01 1.0 0.00e+00 0.0 6.6e+04 7.5e+02 0.0e+00  0  0  0  0  0   4  0  1  1  0     0
SNESJacobianEval       7 1.0 1.2551e+00 1.0 2.84e+05 1.0 2.0e+05 5.1e+03 5.6e+01  0  0  1  0  1  11  0  4 28  3   116
KSPGMRESOrthog       630 1.0 1.9618e-01 1.8 2.56e+07 1.0 0.0e+00 0.0e+00 6.3e+02  0  0  0  0  6   2  4  0  0 30 66684
KSPSetup              42 1.0 1.7977e-04 1.1 0.00e+00 0.0 0.0e+00 0.0e+00 0.0e+00  0  0  0  0  0   0  0  0  0  0     0
KSPSolve               7 1.0 9.9698e+00 1.0 6.63e+08 1.0 4.9e+06 5.3e+02 2.0e+03  1  1 19  1 19  85 99 94 70 96 33376
PCSetUp               21 1.0 1.8246e+00 1.0 3.73e+07 1.0 0.0e+00 0.0e+00 1.4e+01  0  0  0  0  0  16  6  0  0  1 10463
PCSetUpOnBlocks      420 1.0 2.6898e-01 1.0 3.73e+07 1.0 0.0e+00 0.0e+00 1.4e+01  0  0  0  0  0   2  6  0  0  1 70971
PCApply              105 1.0 7.8971e+00 1.0 5.88e+08 1.0 4.5e+06 4.8e+02 1.8e+03  1  1 18  1 17  68 88 86 58 85 37412

--- Event Stage 3: Fine-only solve

VecDot                12 1.0 8.3283e-02 5.2 6.39e+06 1.0 0.0e+00 0.0e+00 1.2e+01  0  0  0  0  0   0  0  0  0  0 39282
VecMDot              688 1.0 2.2436e+00 3.3 2.85e+08 1.0 0.0e+00 0.0e+00 6.9e+02  0  0  0  0  6   0  1  0  0 28 64967
VecNorm             1588 1.0 2.1863e+00 1.9 3.01e+08 1.0 0.0e+00 0.0e+00 1.6e+03  0  1  0  0 15   0  1  0  0 64 70469
VecScale            1302 1.0 5.6264e-01 1.1 1.20e+08 1.0 0.0e+00 0.0e+00 0.0e+00  0  0  0  0  0   0  0  0  0  0 108855
VecCopy              650 1.0 4.9463e-01 1.2 0.00e+00 0.0 0.0e+00 0.0e+00 0.0e+00  0  0  0  0  0   0  0  0  0  0     0
VecSet              6530 1.0 9.1930e-01 1.1 0.00e+00 0.0 0.0e+00 0.0e+00 0.0e+00  0  0  0  0  0   0  0  0  0  0     0
VecAXPY              872 1.0 7.2886e-01 1.1 1.47e+08 1.0 0.0e+00 0.0e+00 0.0e+00  0  0  0  0  0   0  1  0  0  0 103039
VecAYPX              258 1.0 2.7281e-01 1.0 2.34e+07 1.0 0.0e+00 0.0e+00 0.0e+00  0  0  0  0  0   0  0  0  0  0 43880
VecWAXPY              16 1.0 5.4740e-02 1.0 5.32e+06 1.0 0.0e+00 0.0e+00 0.0e+00  0  0  0  0  0   0  0  0  0  0 49804
VecMAXPY            1302 1.0 1.6003e+00 1.0 4.24e+08 1.0 0.0e+00 0.0e+00 0.0e+00  0  1  0  0  0   0  1  0  0  0 135661
VecPointwiseMult      36 1.0 1.2224e-03 1.2 6.80e+04 1.0 0.0e+00 0.0e+00 0.0e+00  0  0  0  0  0   0  0  0  0  0 28469
VecScatterBegin     1850 1.0 5.0777e-01 1.1 0.00e+00 0.0 6.2e+06 8.4e+03 0.0e+00  0  0 24 24  0   0  0 97 51  0     0
VecScatterEnd       1850 1.0 4.9702e+00 9.8 0.00e+00 0.0 0.0e+00 0.0e+00 0.0e+00  0  0  0  0  0   0  0  0  0  0     0
VecReduceArith         2 1.0 3.2558e-03 1.0 1.06e+06 1.0 0.0e+00 0.0e+00 0.0e+00  0  0  0  0  0   0  0  0  0  0 167471
VecReduceComm          1 1.0 1.6961e-0347.1 0.00e+00 0.0 0.0e+00 0.0e+00 1.0e+00  0  0  0  0  0   0  0  0  0  0     0
VecNormalize        1204 1.0 2.1362e+00 1.8 2.81e+08 1.0 0.0e+00 0.0e+00 1.2e+03  0  0  0  0 11   0  1  0  0 49 67252
MatMult             1216 1.0 1.1274e+02 1.0 1.29e+10 1.0 5.0e+06 9.6e+03 0.0e+00 12 21 19 22  0  26 44 78 47  0 57205
MatMultAdd           258 1.0 1.9517e+00 1.0 2.02e+08 1.0 4.0e+05 4.1e+02 0.0e+00  0  0  2  0  0   0  1  6  0  0 52883
MatMultTranspose     294 1.0 3.6114e+00 1.4 2.30e+08 1.0 4.5e+05 4.1e+02 0.0e+00  0  0  2  0  0   1  1  7  0  0 32567
MatSolve            1290 1.0 9.7147e+01 1.0 1.20e+10 1.0 0.0e+00 0.0e+00 0.0e+00 11 20  0  0  0  23 41  0  0  0 63184
MatCholFctrNum        36 1.0 2.1408e+01 1.0 2.58e+09 1.0 0.0e+00 0.0e+00 0.0e+00  2  4  0  0  0   5  9  0  0  0 61797
MatConvert            12 1.0 4.0660e-03 1.3 0.00e+00 0.0 0.0e+00 0.0e+00 0.0e+00  0  0  0  0  0   0  0  0  0  0     0
MatAssemblyBegin      48 1.0 2.7020e+00 2.4 0.00e+00 0.0 2.2e+05 2.3e+05 1.3e+02  0  0  1 23  1   0  0  3 49  5     0
MatAssemblyEnd        48 1.0 1.9587e+00 1.7 0.00e+00 0.0 0.0e+00 0.0e+00 0.0e+00  0  0  0  0  0   0  0  0  0  0     0
MatGetRowIJ           48 1.0 2.8062e-04 1.1 0.00e+00 0.0 0.0e+00 0.0e+00 0.0e+00  0  0  0  0  0   0  0  0  0  0     0
MatGetOrdering        24 1.0 7.8658e-02 1.0 0.00e+00 0.0 0.0e+00 0.0e+00 4.8e+01  0  0  0  0  0   0  0  0  0  2     0
MatZeroEntries        48 1.0 2.6644e-01 1.1 0.00e+00 0.0 0.0e+00 0.0e+00 0.0e+00  0  0  0  0  0   0  0  0  0  0     0
SNESSolve              1 1.0 4.2989e+02 1.0 2.92e+10 1.0 6.4e+06 1.6e+04 2.5e+03 48 49 25 48 23 100100100100100 34438
SNESLineSearch        12 1.0 5.5625e+01 1.0 3.75e+08 1.0 1.8e+05 2.1e+04 5.2e+01  6  1  1  2  0  13  1  3  4  2  3379
SNESFunctionEval      17 1.0 5.5480e+01 1.0 0.00e+00 0.0 1.4e+05 1.9e+04 0.0e+00  6  0  1  1  0  13  0  2  3  0     0
SNESJacobianEval      12 1.0 1.2736e+02 1.0 2.82e+07 1.0 4.7e+05 1.1e+05 1.3e+02 14  0  2 24  1  30  0  7 50  5   113
KSPGMRESOrthog       688 1.0 3.1460e+00 2.0 5.69e+08 1.0 0.0e+00 0.0e+00 6.9e+02  0  1  0  0  6   1  2  0  0 28 92664
KSPSetup              96 1.0 4.1008e-04 1.1 0.00e+00 0.0 0.0e+00 0.0e+00 0.0e+00  0  0  0  0  0   0  0  0  0  0     0
KSPSolve              12 1.0 2.4357e+02 1.0 2.88e+10 1.0 5.7e+06 8.2e+03 2.3e+03 27 48 22 22 21  57 99 90 46 92 59935
PCSetUp               48 1.0 2.4152e+01 1.0 2.58e+09 1.0 0.0e+00 0.0e+00 4.8e+01  3  4  0  0  0   6  9  0  0  2 54775
PCSetUpOnBlocks      516 1.0 2.1492e+01 1.0 2.58e+09 1.0 0.0e+00 0.0e+00 4.8e+01  2  4  0  0  0   5  9  0  0  2 61555
PCApply               86 1.0 2.1782e+02 1.0 2.58e+10 1.0 5.4e+06 7.1e+03 2.1e+03 24 43 21 18 20  51 88 84 37 85 60150
------------------------------------------------------------------------------------------------------------------------

Memory usage is given in bytes:

Object Type          Creations   Destructions     Memory  Descendants' Mem.
Reports information only for process 0.

--- Event Stage 0: Main Stage

 Toy Hydrostatic Ice     0              1          508     0
   Distributed array     0              8      1251408     0
                 Vec     0            267    105551124     0
         Vec Scatter     0             29        17980     0
           Index Set     0              6       558552     0
   IS L to G Mapping     0             16         5056     0
              Matrix     0             36    114096412     0
                SNES     0              4         3024     0
       Krylov Solver     0             20       232448     0
      Preconditioner     0             20        11352     0
              Viewer     0              1          408     0

--- Event Stage 1: Full solve

 Toy Hydrostatic Ice     1              0            0     0
   Distributed array     8              0            0     0
                 Vec   296             47      4442276     0
         Vec Scatter    29              0            0     0
           Index Set   138            132      6469500     0
   IS L to G Mapping    16              0            0     0
              Matrix    36              0            0     0
                SNES     4              0            0     0
       Krylov Solver    20              0            0     0
      Preconditioner    20              0            0     0
              Viewer     1              0            0     0

--- Event Stage 2: Fine-1 solve

                 Vec    18              0            0     0
           Index Set    14             14        77560     0

--- Event Stage 3: Fine-only solve

           Index Set    48             48      6532800     0
========================================================================================================================
Average time to get PetscTime(): 3.60012e-06
Average time for MPI_Barrier(): 3.62396e-06
Average time for zero size MPI_Send(): 1.15507e-05
#PETSc Option Table entries:
-M 64
-P 2
-da_refine_hierarchy_x 1,4,16
-da_refine_hierarchy_y 4,2,2
-da_refine_hierarchy_z 4,2,2
-dmmg_form_function_ghost 1
-dmmg_grid_sequence 1
-ksp_converged_reason
-ksp_monitor
-ksp_rtol 1e-2
-log_summary
-mg_coarse_pc_type hypre
-mg_levels_0_pc_type hypre
-mg_levels_1_sub_pc_type cholesky
-pc_mg_type multiplicative
-repeat_fine_solve 1
-snes_converged_reason
-snes_monitor
-thi_L 80e3
-thi_friction_m 0.3
-thi_hom z
-thi_nlevels 4
#End of PETSc Option Table entries
Compiled with FORTRAN kernels
Compiled with full precision matrices (default)
sizeof(short) 2 sizeof(int) 4 sizeof(long) 4 sizeof(void*) 4 sizeof(PetscScalar) 8
Configure run at: Thu Dec  9 16:16:25 2010
Configure options: --with-x=0 --with-is-color-value-type=short --with-debugging=1 --with-fortran-kernels=1 --with-mpi-dir=/bgsys/drivers/ppcfloor/comm --with-batch=1 --known-mpi-shared-libraries=1 --known-memcmp-ok --known-sizeof-char=1 --known-sizeof-void-p=4 --known-sizeof-short=2 --known-sizeof-int=4 --known-sizeof-long=4 --known-sizeof-size_t=4 --known-sizeof-long-long=8 --known-sizeof-float=4 --known-sizeof-double=8 --known-bits-per-byte=8 --known-sizeof-MPI_Comm=4 --known-sizeof-MPI_Fint=4 --known-mpi-long-double=1 --known-level1-dcache-assoc=0 --known-level1-dcache-linesize=32 --known-level1-dcache-size=32768 --download-hypre=1 --with-shared=0 --prefix=/opt/share/ksl/petsc/dev-dec9-hypre/ppc450d-bgp_xlc_hypre_fast --with-clanguage=c --COPTFLAGS="     -O3 -qhot" --CXXOPTFLAGS="     -O3 -qhot" --FOPTFLAGS="     -O3 -qhot" --LIBS=" -L/bgsys/ibm_essl/sles10/prod/opt/ibmmath/lib -L/opt/ibmcmp/xlsmp/bg/1.7/lib -L/opt/ibmcmp/xlmass/bg/4.4/bglib -L/opt/ibmcmp/xlf/bg/11.1/bglib -L/bgsys/ibm_essl/sles10/prod/opt/ibmmath/lib -L/opt/ibmcmp/xlsmp/bg/1.7/lib -L/opt/ibmcmp/xlmass/bg/4.4/bglib -L/opt/ibmcmp/xlf/bg/11.1/bglib   -lesslbg  -lxlf90_r -lxlopt -lxlsmp -lxl -lxlfmath  -lesslbg  -lxlf90_r -lxlopt -lxlsmp -lxl -lxlfmath -O3" --CC=/bgsys/drivers/ppcfloor/comm/xl/bin/mpixlc_r --CXX=/bgsys/drivers/ppcfloor/comm/xl/bin/mpixlcxx_r --FC=/bgsys/drivers/ppcfloor/comm/xl/bin/mpixlf90_r --with-debugging=0 PETSC_ARCH=bgp-xlc-hypre-fast
-----------------------------------------
Libraries compiled on Thu Dec  9 16:16:25 2010 on fen1 
Machine characteristics: Linux-2.6.16.60-0.66.1-ppc64-ppc64-with-SuSE-10-ppc
Using PETSc directory: /tmp/aron/builddir_ppc64/petsc-dev-dec9-hypre-bgp_xlc_hypre_fast/petsc-dev
Using PETSc arch: bgp-xlc-hypre-fast
-----------------------------------------

Using C compiler: /bgsys/drivers/ppcfloor/comm/xl/bin/mpixlc_r  -O3 -qhot  ${COPTFLAGS} ${CFLAGS}
Using Fortran compiler: /bgsys/drivers/ppcfloor/comm/xl/bin/mpixlf90_r  -O3 -qhot   ${FOPTFLAGS} ${FFLAGS} 
-----------------------------------------

Using include paths: -I/tmp/aron/builddir_ppc64/petsc-dev-dec9-hypre-bgp_xlc_hypre_fast/petsc-dev/bgp-xlc-hypre-fast/include -I/tmp/aron/builddir_ppc64/petsc-dev-dec9-hypre-bgp_xlc_hypre_fast/petsc-dev/include -I/tmp/aron/builddir_ppc64/petsc-dev-dec9-hypre-bgp_xlc_hypre_fast/petsc-dev/include -I/tmp/aron/builddir_ppc64/petsc-dev-dec9-hypre-bgp_xlc_hypre_fast/petsc-dev/bgp-xlc-hypre-fast/include -I/bgsys/drivers/ppcfloor/comm/include
-----------------------------------------

Using C linker: /bgsys/drivers/ppcfloor/comm/xl/bin/mpixlc_r
Using Fortran linker: /bgsys/drivers/ppcfloor/comm/xl/bin/mpixlf90_r
Using libraries: -Wl,-rpath,/tmp/aron/builddir_ppc64/petsc-dev-dec9-hypre-bgp_xlc_hypre_fast/petsc-dev/bgp-xlc-hypre-fast/lib -L/tmp/aron/builddir_ppc64/petsc-dev-dec9-hypre-bgp_xlc_hypre_fast/petsc-dev/bgp-xlc-hypre-fast/lib -lpetscts -lpetscsnes -lpetscksp -lpetscdm -lpetscmat -lpetscvec -lpetscsys -Wl,-rpath,/tmp/aron/builddir_ppc64/petsc-dev-dec9-hypre-bgp_xlc_hypre_fast/petsc-dev/bgp-xlc-hypre-fast/lib -L/tmp/aron/builddir_ppc64/petsc-dev-dec9-hypre-bgp_xlc_hypre_fast/petsc-dev/bgp-xlc-hypre-fast/lib -lHYPRE -Wl,-rpath,/opt/ibmcmp/lib/bg/bglib -Wl,-rpath,/bgsys/drivers/V1R4M2_200_2010-100508P/ppc/comm/sys/lib -Wl,-rpath,/bgsys/drivers/V1R4M2_200_2010-100508P/ppc/runtime/SPI -lcxxmpich.cnk -libmc++ -lstdc++ -L/bgsys/ibm_essl/sles10/prod/opt/ibmmath/lib -L/opt/ibmcmp/xlsmp/bg/1.7/lib -L/opt/ibmcmp/xlmass/bg/4.4/bglib -L/opt/ibmcmp/xlf/bg/11.1/bglib -L/bgsys/drivers/V1R4M2_200_2010-100508P/ppc/comm/xl/lib -L/bgsys/drivers/V1R4M2_200_2010-100508P/ppc/comm/sys/lib -L/bgsys/drivers/V1R4M2_200_2010-100508P/ppc/runtime/SPI -L/opt/ibmcmp/xlsmp/bg/1.7/bglib -L/opt/ibmcmp/vac/bg/9.0/bglib -L/opt/ibmcmp/vacpp/bg/9.0/bglib -L/bgsys/drivers/ppcfloor/gnu-linux/lib/gcc/powerpc-bgp-linux/4.1.2 -L/bgsys/drivers/ppcfloor/gnu-linux/powerpc-bgp-linux/lib -ldl -lesslbg -lxlf90_r -lxlopt -lxlsmp -lxl -lxlfmath -lpmpich.cnk -lmpich.cnk -lopa -ldcmf.cnk -ldcmfcoll.cnk -lpthread -lSPI.cna -lrt -lgcc_eh -lxlomp_ser -lm -lcxxmpich.cnk -libmc++ -lstdc++ -lcxxmpich.cnk -libmc++ -lstdc++ -ldl -lesslbg -lxlf90_r -lxlopt -lxlsmp -lxl -lxlfmath -lpmpich.cnk -lmpich.cnk -lopa -ldcmf.cnk -ldcmfcoll.cnk -lpthread -lSPI.cna -lrt -lgcc_eh -ldl -lesslbg -lxlf90_r -lxlopt -lxlsmp -lxl -lxlfmath -lesslbg -lxlf90_r -lxlopt -lxlsmp -lxl -lxlfmath -O3 
-----------------------------------------

