Level 0 domain size (m)    8e+04 x    8e+04 x    1e+03, num elements  64 x  64 x   2 (    8192), size (m) 1250 x 1250 x 1000
Level 1 domain size (m)    8e+04 x    8e+04 x    1e+03, num elements 256 x 256 x   2 (  131072), size (m) 312.5 x 312.5 x 1000
Level 2 domain size (m)    8e+04 x    8e+04 x    1e+03, num elements 512 x 512 x   5 ( 1310720), size (m) 156.25 x 156.25 x 250
Level 3 domain size (m)    8e+04 x    8e+04 x    1e+03, num elements 1024 x 1024 x  65 (68157440), size (m) 78.125 x 78.125 x 15.625
        0 SNES Function norm 6.359302782812e+02 
        Linear solve converged due to CONVERGED_ITS iterations 1
        1 SNES Function norm 5.875908080329e+02 
        Linear solve converged due to CONVERGED_ITS iterations 1
        2 SNES Function norm 4.975123684849e+02 
        Linear solve converged due to CONVERGED_ITS iterations 1
        3 SNES Function norm 3.451872778589e+02 
        Linear solve converged due to CONVERGED_ITS iterations 1
        4 SNES Function norm 1.564896699428e+02 
        Linear solve converged due to CONVERGED_ITS iterations 1
        5 SNES Function norm 3.003232242079e+01 
        Linear solve converged due to CONVERGED_ITS iterations 1
        6 SNES Function norm 3.458460693289e+00 
        Linear solve converged due to CONVERGED_ITS iterations 1
        7 SNES Function norm 3.210660969136e-01 
        Linear solve converged due to CONVERGED_ITS iterations 1
        8 SNES Function norm 2.868355855959e-02 
        Linear solve converged due to CONVERGED_ITS iterations 1
        9 SNES Function norm 3.834012419684e-03 
        Linear solve converged due to CONVERGED_ITS iterations 1
       10 SNES Function norm 8.131789226082e-04 
        Linear solve converged due to CONVERGED_ITS iterations 1
       11 SNES Function norm 2.046138927214e-04 
        Linear solve converged due to CONVERGED_ITS iterations 1
       12 SNES Function norm 4.600523266211e-05 
        Linear solve converged due to CONVERGED_ITS iterations 1
       13 SNES Function norm 1.134711570305e-05 
Nonlinear solve converged due to CONVERGED_PNORM_RELATIVE
      0 SNES Function norm 1.110426006020e+01 
        0 KSP Residual norm 1.110426006020e+01 
        1 KSP Residual norm 1.055594225769e+00 
        2 KSP Residual norm 1.587760327846e-01 
        3 KSP Residual norm 3.102186842632e-02 
      Linear solve converged due to CONVERGED_RTOL iterations 3
      1 SNES Function norm 1.320495828916e-01 
        0 KSP Residual norm 1.320495828916e-01 
        1 KSP Residual norm 1.825524358489e-02 
        2 KSP Residual norm 5.560202590741e-03 
        3 KSP Residual norm 1.725413280523e-03 
        4 KSP Residual norm 4.953863350508e-04 
      Linear solve converged due to CONVERGED_RTOL iterations 4
      2 SNES Function norm 7.843531470067e-04 
        0 KSP Residual norm 7.843531470067e-04 
        1 KSP Residual norm 2.334487706656e-04 
        2 KSP Residual norm 9.209204327974e-05 
        3 KSP Residual norm 2.534622329044e-05 
        4 KSP Residual norm 6.262909175491e-06 
      Linear solve converged due to CONVERGED_RTOL iterations 4
      3 SNES Function norm 6.261540822563e-06 
        0 KSP Residual norm 6.261540822563e-06 
        1 KSP Residual norm 2.320647783647e-06 
        2 KSP Residual norm 7.216282074759e-07 
        3 KSP Residual norm 2.603097156404e-07 
        4 KSP Residual norm 6.329569191964e-08 
        5 KSP Residual norm 1.786101108209e-08 
      Linear solve converged due to CONVERGED_RTOL iterations 5
      4 SNES Function norm 1.786104822246e-08 
Nonlinear solve converged due to CONVERGED_FNORM_RELATIVE
    0 SNES Function norm 7.513610746219e+01 
      0 KSP Residual norm 7.513610746219e+01 
      1 KSP Residual norm 5.520968654688e+01 
      2 KSP Residual norm 2.153174426491e+01 
      3 KSP Residual norm 8.633695134827e+00 
      4 KSP Residual norm 2.580936285101e+00 
      5 KSP Residual norm 1.232045014657e+00 
      6 KSP Residual norm 2.973443018667e-01 
    Linear solve converged due to CONVERGED_RTOL iterations 6
    1 SNES Function norm 3.792995960835e+01 
      0 KSP Residual norm 3.792995960835e+01 
      1 KSP Residual norm 2.689370345507e+01 
      2 KSP Residual norm 1.134472596148e+01 
      3 KSP Residual norm 7.860756145601e+00 
      4 KSP Residual norm 2.852372408961e+00 
      5 KSP Residual norm 1.506054330926e+00 
      6 KSP Residual norm 7.232312992525e-01 
      7 KSP Residual norm 3.689833659323e-01 
    Linear solve converged due to CONVERGED_RTOL iterations 7
    2 SNES Function norm 9.545441724721e+00 
      0 KSP Residual norm 9.545441724721e+00 
      1 KSP Residual norm 7.114019181153e+00 
      2 KSP Residual norm 5.373852267572e+00 
      3 KSP Residual norm 2.710968223164e+00 
      4 KSP Residual norm 2.100267171186e+00 
      5 KSP Residual norm 1.459108312146e+00 
      6 KSP Residual norm 8.241583776417e-01 
      7 KSP Residual norm 4.912897686003e-01 
      8 KSP Residual norm 3.159634244828e-01 
      9 KSP Residual norm 1.717117777145e-01 
     10 KSP Residual norm 1.040323694890e-01 
     11 KSP Residual norm 6.078122653250e-02 
    Linear solve converged due to CONVERGED_RTOL iterations 11
    3 SNES Function norm 4.851690855270e+00 
      0 KSP Residual norm 4.851690855270e+00 
      1 KSP Residual norm 2.810924727597e+00 
      2 KSP Residual norm 1.370042661679e+00 
      3 KSP Residual norm 9.282417668503e-01 
      4 KSP Residual norm 5.165841667518e-01 
      5 KSP Residual norm 2.941667780794e-01 
      6 KSP Residual norm 1.954033555213e-01 
      7 KSP Residual norm 1.214500006884e-01 
      8 KSP Residual norm 6.508700775809e-02 
      9 KSP Residual norm 3.508198084974e-02 
    Linear solve converged due to CONVERGED_RTOL iterations 9
    4 SNES Function norm 3.278326705521e+00 
      0 KSP Residual norm 3.278326705521e+00 
      1 KSP Residual norm 2.355263198059e+00 
      2 KSP Residual norm 1.307311453481e+00 
      3 KSP Residual norm 7.239430988313e-01 
      4 KSP Residual norm 3.872927151965e-01 
      5 KSP Residual norm 2.916215872292e-01 
      6 KSP Residual norm 1.924919977461e-01 
      7 KSP Residual norm 9.770540314469e-02 
      8 KSP Residual norm 5.529619976502e-02 
      9 KSP Residual norm 3.033245198376e-02 
    Linear solve converged due to CONVERGED_RTOL iterations 9
    5 SNES Function norm 2.196037883377e+00 
      0 KSP Residual norm 2.196037883377e+00 
      1 KSP Residual norm 1.584320279696e+00 
      2 KSP Residual norm 8.480850181178e-01 
      3 KSP Residual norm 4.856811871860e-01 
      4 KSP Residual norm 2.314369167205e-01 
      5 KSP Residual norm 1.387343841921e-01 
      6 KSP Residual norm 9.458259884422e-02 
      7 KSP Residual norm 6.669664909517e-02 
      8 KSP Residual norm 3.408334646140e-02 
      9 KSP Residual norm 1.986533816438e-02 
    Linear solve converged due to CONVERGED_RTOL iterations 9
    6 SNES Function norm 1.479052391902e+00 
      0 KSP Residual norm 1.479052391902e+00 
      1 KSP Residual norm 1.038697612943e+00 
      2 KSP Residual norm 5.441428309766e-01 
      3 KSP Residual norm 3.275192503818e-01 
      4 KSP Residual norm 1.679569853423e-01 
      5 KSP Residual norm 8.139289096955e-02 
      6 KSP Residual norm 5.046597045677e-02 
      7 KSP Residual norm 3.575966188745e-02 
      8 KSP Residual norm 2.268135592486e-02 
      9 KSP Residual norm 1.285001923042e-02 
    Linear solve converged due to CONVERGED_RTOL iterations 9
    7 SNES Function norm 8.941567137453e-01 
      0 KSP Residual norm 8.941567137453e-01 
      1 KSP Residual norm 6.238527218645e-01 
      2 KSP Residual norm 3.650160723062e-01 
      3 KSP Residual norm 2.308830295174e-01 
      4 KSP Residual norm 1.445920169703e-01 
      5 KSP Residual norm 7.817571366879e-02 
      6 KSP Residual norm 4.240179211620e-02 
      7 KSP Residual norm 2.634500420176e-02 
      8 KSP Residual norm 1.695636185786e-02 
      9 KSP Residual norm 1.059164556511e-02 
     10 KSP Residual norm 7.574355498095e-03 
    Linear solve converged due to CONVERGED_RTOL iterations 10
    8 SNES Function norm 5.652680070212e-01 
      0 KSP Residual norm 5.652680070212e-01 
      1 KSP Residual norm 4.276506908714e-01 
      2 KSP Residual norm 2.973815380824e-01 
      3 KSP Residual norm 2.706097009589e-01 
      4 KSP Residual norm 2.314751505925e-01 
      5 KSP Residual norm 1.471786683381e-01 
      6 KSP Residual norm 8.185105054957e-02 
      7 KSP Residual norm 4.642843843751e-02 
      8 KSP Residual norm 3.364289231805e-02 
      9 KSP Residual norm 2.650168373304e-02 
     10 KSP Residual norm 2.175043697933e-02 
     11 KSP Residual norm 1.584097321269e-02 
     12 KSP Residual norm 1.158565279342e-02 
     13 KSP Residual norm 1.066760630775e-02 
     14 KSP Residual norm 1.063223477982e-02 
     15 KSP Residual norm 1.057603654556e-02 
     16 KSP Residual norm 9.969779469453e-03 
     17 KSP Residual norm 9.140947272107e-03 
     18 KSP Residual norm 8.015332657271e-03 
     19 KSP Residual norm 6.048603108391e-03 
     20 KSP Residual norm 3.836201655174e-03 
    Linear solve converged due to CONVERGED_RTOL iterations 20
    9 SNES Function norm 1.594161354126e-01 
      0 KSP Residual norm 1.594161354126e-01 
      1 KSP Residual norm 1.341378992540e-01 
      2 KSP Residual norm 1.114625715091e-01 
      3 KSP Residual norm 8.856349782182e-02 
      4 KSP Residual norm 5.673140555110e-02 
      5 KSP Residual norm 3.534079243996e-02 
      6 KSP Residual norm 2.546976106742e-02 
      7 KSP Residual norm 2.029332588035e-02 
      8 KSP Residual norm 1.611030627257e-02 
      9 KSP Residual norm 1.425771602891e-02 
     10 KSP Residual norm 1.318690206728e-02 
     11 KSP Residual norm 9.816025142611e-03 
     12 KSP Residual norm 6.865545702890e-03 
     13 KSP Residual norm 4.058879230484e-03 
     14 KSP Residual norm 2.509594129208e-03 
     15 KSP Residual norm 2.012924733798e-03 
     16 KSP Residual norm 1.664946919450e-03 
     17 KSP Residual norm 1.563702889057e-03 
    Linear solve converged due to CONVERGED_RTOL iterations 17
   10 SNES Function norm 3.656342005681e-02 
      0 KSP Residual norm 3.656342005681e-02 
      1 KSP Residual norm 2.829767522879e-02 
      2 KSP Residual norm 1.834706191147e-02 
      3 KSP Residual norm 1.288702814108e-02 
      4 KSP Residual norm 8.013759478189e-03 
      5 KSP Residual norm 4.849167533682e-03 
      6 KSP Residual norm 3.224703165846e-03 
      7 KSP Residual norm 2.385508244340e-03 
      8 KSP Residual norm 2.094827415587e-03 
      9 KSP Residual norm 1.976350040370e-03 
     10 KSP Residual norm 1.554060658660e-03 
     11 KSP Residual norm 9.038746572178e-04 
     12 KSP Residual norm 4.778191134627e-04 
     13 KSP Residual norm 2.921622823501e-04 
    Linear solve converged due to CONVERGED_RTOL iterations 13
   11 SNES Function norm 2.880019944492e-03 
      0 KSP Residual norm 2.880019944492e-03 
      1 KSP Residual norm 2.058958088689e-03 
      2 KSP Residual norm 1.277497165347e-03 
      3 KSP Residual norm 8.890732702329e-04 
      4 KSP Residual norm 4.908225193633e-04 
      5 KSP Residual norm 2.905119841842e-04 
      6 KSP Residual norm 1.700733774122e-04 
      7 KSP Residual norm 1.463160448349e-04 
      8 KSP Residual norm 1.396807010896e-04 
      9 KSP Residual norm 1.289757171570e-04 
     10 KSP Residual norm 9.683938084044e-05 
     11 KSP Residual norm 4.863308200294e-05 
     12 KSP Residual norm 2.718586373133e-05 
    Linear solve converged due to CONVERGED_RTOL iterations 12
   12 SNES Function norm 3.269151265158e-05 
      0 KSP Residual norm 3.269151265158e-05 
      1 KSP Residual norm 2.992608493478e-05 
      2 KSP Residual norm 2.382639568052e-05 
      3 KSP Residual norm 1.589036887275e-05 
      4 KSP Residual norm 1.432476752498e-05 
      5 KSP Residual norm 1.400993141010e-05 
      6 KSP Residual norm 1.353897981922e-05 
      7 KSP Residual norm 1.351983101254e-05 
      8 KSP Residual norm 1.336639942136e-05 
      9 KSP Residual norm 1.290499090827e-05 
     10 KSP Residual norm 1.260000986606e-05 
     11 KSP Residual norm 1.237311600860e-05 
     12 KSP Residual norm 1.072075157984e-05 
     13 KSP Residual norm 7.902471049793e-06 
     14 KSP Residual norm 5.190232099386e-06 
     15 KSP Residual norm 2.561777839657e-06 
     16 KSP Residual norm 1.395040660823e-06 
     17 KSP Residual norm 1.290856353379e-06 
     18 KSP Residual norm 1.186289977994e-06 
     19 KSP Residual norm 9.444966658443e-07 
     20 KSP Residual norm 5.526080751761e-07 
     21 KSP Residual norm 2.841223895332e-07 
    Linear solve converged due to CONVERGED_RTOL iterations 21
   13 SNES Function norm 2.841383276802e-07 
Nonlinear solve converged due to CONVERGED_FNORM_RELATIVE
  0 SNES Function norm 2.498215188513e+01 
    0 KSP Residual norm 2.498215188513e+01 
    1 KSP Residual norm 5.027670912798e+00 
    2 KSP Residual norm 2.150540777934e+00 
    3 KSP Residual norm 1.027478901714e+00 
    4 KSP Residual norm 5.658280593422e-01 
    5 KSP Residual norm 3.145337040366e-01 
    6 KSP Residual norm 1.955619620703e-01 
  Linear solve converged due to CONVERGED_RTOL iterations 6
  1 SNES Function norm 3.789046623274e+00 
    0 KSP Residual norm 3.789046623274e+00 
    1 KSP Residual norm 1.091781610335e+00 
    2 KSP Residual norm 4.606103658597e-01 
    3 KSP Residual norm 2.976560613168e-01 
    4 KSP Residual norm 2.048788236119e-01 
    5 KSP Residual norm 1.598021443444e-01 
    6 KSP Residual norm 1.075188945750e-01 
    7 KSP Residual norm 7.766183750275e-02 
    8 KSP Residual norm 5.416738424925e-02 
    9 KSP Residual norm 3.620257969134e-02 
  Linear solve converged due to CONVERGED_RTOL iterations 9
  2 SNES Function norm 9.753492202046e-01 
    0 KSP Residual norm 9.753492202046e-01 
    1 KSP Residual norm 2.279217043070e-01 
    2 KSP Residual norm 1.234155892939e-01 
    3 KSP Residual norm 7.693183104687e-02 
    4 KSP Residual norm 4.675573901714e-02 
    5 KSP Residual norm 2.861302092867e-02 
    6 KSP Residual norm 1.818653200609e-02 
    7 KSP Residual norm 1.192276448408e-02 
    8 KSP Residual norm 8.207878972033e-03 
  Linear solve converged due to CONVERGED_RTOL iterations 8
  3 SNES Function norm 6.743418699027e-01 
    0 KSP Residual norm 6.743418699027e-01 
    1 KSP Residual norm 1.369814783295e-01 
    2 KSP Residual norm 6.436889098374e-02 
    3 KSP Residual norm 4.154698159269e-02 
    4 KSP Residual norm 2.239968039298e-02 
    5 KSP Residual norm 1.198121192167e-02 
    6 KSP Residual norm 7.071181640063e-03 
    7 KSP Residual norm 4.401572632773e-03 
  Linear solve converged due to CONVERGED_RTOL iterations 7
  4 SNES Function norm 4.280784870112e-01 
    0 KSP Residual norm 4.280784870112e-01 
    1 KSP Residual norm 5.211411054779e-02 
    2 KSP Residual norm 3.510679942887e-02 
    3 KSP Residual norm 2.004671379458e-02 
    4 KSP Residual norm 1.523382135489e-02 
    5 KSP Residual norm 7.887658112500e-03 
    6 KSP Residual norm 5.293220971155e-03 
    7 KSP Residual norm 3.759581067258e-03 
  Linear solve converged due to CONVERGED_RTOL iterations 7
  5 SNES Function norm 2.365154519716e-01 
    0 KSP Residual norm 2.365154519716e-01 
    1 KSP Residual norm 5.548225428275e-02 
    2 KSP Residual norm 2.865271393068e-02 
    3 KSP Residual norm 1.295193359722e-02 
    4 KSP Residual norm 8.166139235376e-03 
    5 KSP Residual norm 4.488429375129e-03 
    6 KSP Residual norm 3.487611476530e-03 
    7 KSP Residual norm 2.692872885049e-03 
    8 KSP Residual norm 2.026872217828e-03 
  Linear solve converged due to CONVERGED_RTOL iterations 8
  6 SNES Function norm 1.754861383779e-01 
    0 KSP Residual norm 1.754861383779e-01 
    1 KSP Residual norm 1.464425303767e-02 
    2 KSP Residual norm 7.833410670837e-03 
    3 KSP Residual norm 5.743556551609e-03 
    4 KSP Residual norm 4.166627397329e-03 
    5 KSP Residual norm 2.116162608404e-03 
    6 KSP Residual norm 1.319349877031e-03 
  Linear solve converged due to CONVERGED_RTOL iterations 6
  7 SNES Function norm 7.515444849372e-02 
    0 KSP Residual norm 7.515444849372e-02 
    1 KSP Residual norm 9.235677904695e-03 
    2 KSP Residual norm 4.478782431608e-03 
    3 KSP Residual norm 2.812006626343e-03 
    4 KSP Residual norm 1.750355882053e-03 
    5 KSP Residual norm 1.117280436303e-03 
    6 KSP Residual norm 9.123003616961e-04 
    7 KSP Residual norm 7.758838294665e-04 
    8 KSP Residual norm 6.728813201789e-04 
  Linear solve converged due to CONVERGED_RTOL iterations 8
  8 SNES Function norm 3.776874751355e-02 
    0 KSP Residual norm 3.776874751355e-02 
    1 KSP Residual norm 3.543352740143e-03 
    2 KSP Residual norm 1.882949592395e-03 
    3 KSP Residual norm 1.434963127015e-03 
    4 KSP Residual norm 9.639968651213e-04 
    5 KSP Residual norm 4.624217740469e-04 
    6 KSP Residual norm 3.655461177161e-04 
  Linear solve converged due to CONVERGED_RTOL iterations 6
  9 SNES Function norm 1.410915919298e-02 
    0 KSP Residual norm 1.410915919298e-02 
    1 KSP Residual norm 2.149938673582e-03 
    2 KSP Residual norm 1.042871431073e-03 
    3 KSP Residual norm 7.364334598513e-04 
    4 KSP Residual norm 4.652791289987e-04 
    5 KSP Residual norm 2.715992770336e-04 
    6 KSP Residual norm 2.124203563291e-04 
    7 KSP Residual norm 1.704039404121e-04 
    8 KSP Residual norm 1.319024475796e-04 
  Linear solve converged due to CONVERGED_RTOL iterations 8
 10 SNES Function norm 5.364033626973e-03 
    0 KSP Residual norm 5.364033626973e-03 
    1 KSP Residual norm 7.407173008513e-04 
    2 KSP Residual norm 3.608374168821e-04 
    3 KSP Residual norm 2.304536816640e-04 
    4 KSP Residual norm 1.470515657293e-04 
    5 KSP Residual norm 9.306527382575e-05 
    6 KSP Residual norm 7.609982110199e-05 
    7 KSP Residual norm 5.552153203991e-05 
    8 KSP Residual norm 3.595936735510e-05 
  Linear solve converged due to CONVERGED_RTOL iterations 8
 11 SNES Function norm 4.480314606077e-03 
    0 KSP Residual norm 4.480314606077e-03 
    1 KSP Residual norm 5.215987609331e-04 
    2 KSP Residual norm 4.008408870054e-04 
    3 KSP Residual norm 1.980066929026e-04 
    4 KSP Residual norm 9.868931172979e-05 
    5 KSP Residual norm 6.283042476562e-05 
    6 KSP Residual norm 3.679180645783e-05 
  Linear solve converged due to CONVERGED_RTOL iterations 6
 12 SNES Function norm 1.609860477927e-03 
    0 KSP Residual norm 1.609860477927e-03 
    1 KSP Residual norm 2.732290176699e-04 
    2 KSP Residual norm 1.878204657979e-04 
    3 KSP Residual norm 1.125784775269e-04 
    4 KSP Residual norm 7.073025132468e-05 
    5 KSP Residual norm 3.480697659028e-05 
    6 KSP Residual norm 1.678471798806e-05 
    7 KSP Residual norm 1.077543983905e-05 
  Linear solve converged due to CONVERGED_RTOL iterations 7
 13 SNES Function norm 5.512647476147e-04 
Nonlinear solve converged due to CONVERGED_PNORM_RELATIVE
Solution statistics after solve: Full
CONVERGED_PNORM_RELATIVE: Number of Newton iterations = 13, total linear iterations = 94
|X|_2 703981   u in [6.21641, 195.728]   v in [-4.6577, 5.18382]   c in [6.21646, 195.729] 
Surface statistics: u in [8.285158e+00, 1.957282e+02] mean 7.833047e+01
Global eta range   [2.64064e+10, 9.2273e+12], converged range [2.64066e+10, 8.65625e+12]
Global beta2 range [5.65024e+09, 2.06716e+13], converged range [5.6507e+09, 5.79865e+09]

    0 SNES Function norm 2.925523970781e+01 
      0 KSP Residual norm 2.925523970781e+01 
      1 KSP Residual norm 1.551715288352e+01 
      2 KSP Residual norm 6.969165647373e+00 
      3 KSP Residual norm 3.281427190866e+00 
      4 KSP Residual norm 1.870407444330e+00 
      5 KSP Residual norm 1.128986527590e+00 
      6 KSP Residual norm 7.043584313942e-01 
      7 KSP Residual norm 3.467209973511e-01 
      8 KSP Residual norm 2.309021894529e-01 
    Linear solve converged due to CONVERGED_RTOL iterations 8
    1 SNES Function norm 3.706460184794e+00 
      0 KSP Residual norm 3.706460184794e+00 
      1 KSP Residual norm 3.360804376362e+00 
      2 KSP Residual norm 2.928006152895e+00 
      3 KSP Residual norm 2.115355988560e+00 
      4 KSP Residual norm 1.913923578876e+00 
      5 KSP Residual norm 1.911480543440e+00 
      6 KSP Residual norm 1.852977221356e+00 
      7 KSP Residual norm 1.789126527598e+00 
      8 KSP Residual norm 1.787917315154e+00 
      9 KSP Residual norm 1.761508168861e+00 
     10 KSP Residual norm 1.732209164440e+00 
     11 KSP Residual norm 1.732138186142e+00 
     12 KSP Residual norm 1.729748925154e+00 
     13 KSP Residual norm 1.722031992426e+00 
     14 KSP Residual norm 1.721418406595e+00 
     15 KSP Residual norm 1.721413135912e+00 
     16 KSP Residual norm 1.720197147987e+00 
     17 KSP Residual norm 1.718906976940e+00 
     18 KSP Residual norm 1.713446606938e+00 
     19 KSP Residual norm 1.711116964018e+00 
     20 KSP Residual norm 1.698958723908e+00 
     21 KSP Residual norm 1.616454343152e+00 
     22 KSP Residual norm 1.311666878524e+00 
     23 KSP Residual norm 9.704523827560e-01 
     24 KSP Residual norm 7.380956326496e-01 
     25 KSP Residual norm 5.189495328037e-01 
     26 KSP Residual norm 3.656519363975e-01 
     27 KSP Residual norm 2.897767526411e-01 
     28 KSP Residual norm 2.037852307407e-01 
     29 KSP Residual norm 1.458484089542e-01 
     30 KSP Residual norm 1.281575710305e-01 
     31 KSP Residual norm 1.251340478261e-01 
     32 KSP Residual norm 1.164909029779e-01 
     33 KSP Residual norm 1.066440299827e-01 
     34 KSP Residual norm 9.271602571983e-02 
     35 KSP Residual norm 7.336209076010e-02 
     36 KSP Residual norm 7.292657330875e-02 
     37 KSP Residual norm 7.290804028502e-02 
     38 KSP Residual norm 7.280609555974e-02 
     39 KSP Residual norm 6.712016687563e-02 
     40 KSP Residual norm 5.480403886698e-02 
     41 KSP Residual norm 4.166892594668e-02 
     42 KSP Residual norm 3.122881960154e-02 
    Linear solve converged due to CONVERGED_RTOL iterations 42
    2 SNES Function norm 4.770097753882e-01 
      0 KSP Residual norm 4.770097753882e-01 
      1 KSP Residual norm 4.155836102855e-01 
      2 KSP Residual norm 3.240368501704e-01 
      3 KSP Residual norm 3.143484357329e-01 
      4 KSP Residual norm 3.000450295805e-01 
      5 KSP Residual norm 2.738047988157e-01 
      6 KSP Residual norm 2.472233119269e-01 
      7 KSP Residual norm 2.234816433470e-01 
      8 KSP Residual norm 2.224980671084e-01 
      9 KSP Residual norm 2.204216635066e-01 
     10 KSP Residual norm 2.201711383151e-01 
     11 KSP Residual norm 2.199165025607e-01 
     12 KSP Residual norm 2.184704183540e-01 
     13 KSP Residual norm 2.154487140894e-01 
     14 KSP Residual norm 2.049872280383e-01 
     15 KSP Residual norm 1.876266836417e-01 
     16 KSP Residual norm 1.796753476328e-01 
     17 KSP Residual norm 1.794533336364e-01 
     18 KSP Residual norm 1.779187795325e-01 
     19 KSP Residual norm 1.766367632843e-01 
     20 KSP Residual norm 1.721063363558e-01 
     21 KSP Residual norm 1.704218111207e-01 
     22 KSP Residual norm 1.639777657886e-01 
     23 KSP Residual norm 1.634942883660e-01 
     24 KSP Residual norm 1.634119044735e-01 
     25 KSP Residual norm 1.594709877105e-01 
     26 KSP Residual norm 1.532150507293e-01 
     27 KSP Residual norm 1.407564699863e-01 
     28 KSP Residual norm 1.111296097131e-01 
     29 KSP Residual norm 6.407385159736e-02 
     30 KSP Residual norm 4.985210068301e-02 
     31 KSP Residual norm 4.388917291556e-02 
     32 KSP Residual norm 2.590157876874e-02 
     33 KSP Residual norm 1.884267286349e-02 
     34 KSP Residual norm 1.701977091853e-02 
     35 KSP Residual norm 1.697377329087e-02 
     36 KSP Residual norm 1.696811030181e-02 
     37 KSP Residual norm 1.680073017816e-02 
     38 KSP Residual norm 1.659423204394e-02 
     39 KSP Residual norm 1.553053103455e-02 
     40 KSP Residual norm 1.344831209560e-02 
     41 KSP Residual norm 1.168433635511e-02 
     42 KSP Residual norm 8.141121285650e-03 
     43 KSP Residual norm 4.652923678717e-03 
    Linear solve converged due to CONVERGED_RTOL iterations 43
    3 SNES Function norm 9.703175705147e-02 
      0 KSP Residual norm 9.703175705147e-02 
      1 KSP Residual norm 7.592594643441e-02 
      2 KSP Residual norm 4.543390060623e-02 
      3 KSP Residual norm 2.826481647312e-02 
      4 KSP Residual norm 1.732456489977e-02 
      5 KSP Residual norm 1.169681399790e-02 
      6 KSP Residual norm 7.945935496594e-03 
      7 KSP Residual norm 5.712797549906e-03 
      8 KSP Residual norm 4.445857067123e-03 
      9 KSP Residual norm 3.963287861474e-03 
     10 KSP Residual norm 3.396646019949e-03 
     11 KSP Residual norm 2.220116427716e-03 
     12 KSP Residual norm 1.305914001960e-03 
     13 KSP Residual norm 7.972964137517e-04 
    Linear solve converged due to CONVERGED_RTOL iterations 13
    4 SNES Function norm 1.048320088415e-02 
      0 KSP Residual norm 1.048320088415e-02 
      1 KSP Residual norm 7.218659560867e-03 
      2 KSP Residual norm 4.383339700027e-03 
      3 KSP Residual norm 2.797729643384e-03 
      4 KSP Residual norm 1.718744867992e-03 
      5 KSP Residual norm 1.164599002420e-03 
      6 KSP Residual norm 7.369202546871e-04 
      7 KSP Residual norm 4.723758639439e-04 
      8 KSP Residual norm 4.482040684215e-04 
      9 KSP Residual norm 4.309433708986e-04 
     10 KSP Residual norm 3.552629544990e-04 
     11 KSP Residual norm 1.960269013879e-04 
     12 KSP Residual norm 1.144920003763e-04 
     13 KSP Residual norm 8.496480235324e-05 
    Linear solve converged due to CONVERGED_RTOL iterations 13
    5 SNES Function norm 1.742987969379e-04 
      0 KSP Residual norm 1.742987969379e-04 
      1 KSP Residual norm 1.287394051080e-04 
      2 KSP Residual norm 9.476940437214e-05 
      3 KSP Residual norm 6.055392493702e-05 
      4 KSP Residual norm 6.032340190602e-05 
      5 KSP Residual norm 5.983125127126e-05 
      6 KSP Residual norm 5.945026483436e-05 
      7 KSP Residual norm 5.300628474222e-05 
      8 KSP Residual norm 4.418091076301e-05 
      9 KSP Residual norm 2.874334300818e-05 
     10 KSP Residual norm 1.720774472322e-05 
     11 KSP Residual norm 1.489360543390e-05 
     12 KSP Residual norm 1.036878287542e-05 
     13 KSP Residual norm 6.485874042438e-06 
     14 KSP Residual norm 3.370336898562e-06 
     15 KSP Residual norm 1.824015445175e-06 
     16 KSP Residual norm 1.716117476573e-06 
    Linear solve converged due to CONVERGED_RTOL iterations 16
    6 SNES Function norm 1.719047407175e-06 
      0 KSP Residual norm 1.719047407175e-06 
      1 KSP Residual norm 1.667078448293e-06 
      2 KSP Residual norm 1.508879817881e-06 
      3 KSP Residual norm 1.472603250944e-06 
      4 KSP Residual norm 1.323265086653e-06 
      5 KSP Residual norm 1.019722889016e-06 
      6 KSP Residual norm 1.005819213877e-06 
      7 KSP Residual norm 9.956545204525e-07 
      8 KSP Residual norm 8.967533774299e-07 
      9 KSP Residual norm 7.635689240558e-07 
     10 KSP Residual norm 6.026916081426e-07 
     11 KSP Residual norm 4.728678080130e-07 
     12 KSP Residual norm 3.907209338451e-07 
     13 KSP Residual norm 2.678692041737e-07 
     14 KSP Residual norm 1.911336958920e-07 
     15 KSP Residual norm 1.654823415157e-07 
     16 KSP Residual norm 1.332344545303e-07 
     17 KSP Residual norm 8.790134842769e-08 
     18 KSP Residual norm 5.166470731875e-08 
     19 KSP Residual norm 2.490263572780e-08 
     20 KSP Residual norm 1.367978544006e-08 
    Linear solve converged due to CONVERGED_RTOL iterations 20
    7 SNES Function norm 1.367986104265e-08 
Nonlinear solve converged due to CONVERGED_FNORM_RELATIVE
Solution statistics after solve: Fine-1
CONVERGED_FNORM_RELATIVE: Number of Newton iterations = 7, total linear iterations = 155
|X|_2 94539.3   u in [6.20214, 193.692]   v in [-4.58318, 5.09037]   c in [6.20219, 193.693] 
Surface statistics: u in [8.206427e+00, 1.936925e+02] mean 7.745218e+01
Global eta range   [2.64064e+10, 9.2273e+12], converged range [3.39359e+10, 1.44486e+12]
Global beta2 range [5.15201e+09, 2.06716e+13], converged range [5.65557e+09, 5.80023e+09]

  0 SNES Function norm 2.498215188440e+01 
    0 KSP Residual norm 2.498215188440e+01 
    1 KSP Residual norm 5.027670913433e+00 
    2 KSP Residual norm 2.150540814551e+00 
    3 KSP Residual norm 1.027478949326e+00 
    4 KSP Residual norm 5.658282477407e-01 
    5 KSP Residual norm 3.145337857964e-01 
    6 KSP Residual norm 1.955620054839e-01 
  Linear solve converged due to CONVERGED_RTOL iterations 6
  1 SNES Function norm 3.789046651363e+00 
    0 KSP Residual norm 3.789046651363e+00 
    1 KSP Residual norm 1.091781619692e+00 
    2 KSP Residual norm 4.606103385198e-01 
    3 KSP Residual norm 2.976560473882e-01 
    4 KSP Residual norm 2.048788143356e-01 
    5 KSP Residual norm 1.598021308186e-01 
    6 KSP Residual norm 1.075188927738e-01 
    7 KSP Residual norm 7.766183694644e-02 
    8 KSP Residual norm 5.416738351397e-02 
    9 KSP Residual norm 3.620257648314e-02 
  Linear solve converged due to CONVERGED_RTOL iterations 9
  2 SNES Function norm 9.753492213263e-01 
    0 KSP Residual norm 9.753492213263e-01 
    1 KSP Residual norm 2.279217623515e-01 
    2 KSP Residual norm 1.234156010168e-01 
    3 KSP Residual norm 7.693181480068e-02 
    4 KSP Residual norm 4.675573243845e-02 
    5 KSP Residual norm 2.861301508762e-02 
    6 KSP Residual norm 1.818652585601e-02 
    7 KSP Residual norm 1.192275842740e-02 
    8 KSP Residual norm 8.207875932538e-03 
  Linear solve converged due to CONVERGED_RTOL iterations 8
  3 SNES Function norm 6.743418887924e-01 
    0 KSP Residual norm 6.743418887924e-01 
    1 KSP Residual norm 1.369814940455e-01 
    2 KSP Residual norm 6.436888315567e-02 
    3 KSP Residual norm 4.154697099390e-02 
    4 KSP Residual norm 2.239967420509e-02 
    5 KSP Residual norm 1.198120685000e-02 
    6 KSP Residual norm 7.071177531881e-03 
    7 KSP Residual norm 4.401570816056e-03 
  Linear solve converged due to CONVERGED_RTOL iterations 7
  4 SNES Function norm 4.280785001710e-01 
    0 KSP Residual norm 4.280785001710e-01 
    1 KSP Residual norm 5.211412919735e-02 
    2 KSP Residual norm 3.510680103043e-02 
    3 KSP Residual norm 2.004671533257e-02 
    4 KSP Residual norm 1.523382126844e-02 
    5 KSP Residual norm 7.887660293033e-03 
    6 KSP Residual norm 5.293221911932e-03 
    7 KSP Residual norm 3.759582770755e-03 
  Linear solve converged due to CONVERGED_RTOL iterations 7
  5 SNES Function norm 2.365154650678e-01 
    0 KSP Residual norm 2.365154650678e-01 
    1 KSP Residual norm 5.548227034846e-02 
    2 KSP Residual norm 2.865271771637e-02 
    3 KSP Residual norm 1.295193507057e-02 
    4 KSP Residual norm 8.166139384322e-03 
    5 KSP Residual norm 4.488429177435e-03 
    6 KSP Residual norm 3.487611180304e-03 
    7 KSP Residual norm 2.692873088639e-03 
    8 KSP Residual norm 2.026872488835e-03 
  Linear solve converged due to CONVERGED_RTOL iterations 8
  6 SNES Function norm 1.754861511588e-01 
    0 KSP Residual norm 1.754861511588e-01 
    1 KSP Residual norm 1.464425587657e-02 
    2 KSP Residual norm 7.833412274526e-03 
    3 KSP Residual norm 5.743558487962e-03 
    4 KSP Residual norm 4.166628386400e-03 
    5 KSP Residual norm 2.116162800322e-03 
    6 KSP Residual norm 1.319349846321e-03 
  Linear solve converged due to CONVERGED_RTOL iterations 6
  7 SNES Function norm 7.515445796437e-02 
    0 KSP Residual norm 7.515445796437e-02 
    1 KSP Residual norm 9.235681515351e-03 
    2 KSP Residual norm 4.478784119021e-03 
    3 KSP Residual norm 2.812008809934e-03 
    4 KSP Residual norm 1.750358811943e-03 
    5 KSP Residual norm 1.117280717995e-03 
    6 KSP Residual norm 9.123004523567e-04 
    7 KSP Residual norm 7.758839841911e-04 
    8 KSP Residual norm 6.728811092066e-04 
  Linear solve converged due to CONVERGED_RTOL iterations 8
  8 SNES Function norm 3.776875276492e-02 
    0 KSP Residual norm 3.776875276492e-02 
    1 KSP Residual norm 3.543353187540e-03 
    2 KSP Residual norm 1.882950265462e-03 
    3 KSP Residual norm 1.434963639914e-03 
    4 KSP Residual norm 9.639966416192e-04 
    5 KSP Residual norm 4.624220652471e-04 
    6 KSP Residual norm 3.655461813172e-04 
  Linear solve converged due to CONVERGED_RTOL iterations 6
  9 SNES Function norm 1.410916143349e-02 
    0 KSP Residual norm 1.410916143349e-02 
    1 KSP Residual norm 2.149939342009e-03 
    2 KSP Residual norm 1.042871733150e-03 
    3 KSP Residual norm 7.364335763661e-04 
    4 KSP Residual norm 4.652792117246e-04 
    5 KSP Residual norm 2.715991867470e-04 
    6 KSP Residual norm 2.124201809909e-04 
    7 KSP Residual norm 1.704037022966e-04 
    8 KSP Residual norm 1.319024129363e-04 
  Linear solve converged due to CONVERGED_RTOL iterations 8
 10 SNES Function norm 5.364035723027e-03 
    0 KSP Residual norm 5.364035723027e-03 
    1 KSP Residual norm 7.407171950474e-04 
    2 KSP Residual norm 3.608369733128e-04 
    3 KSP Residual norm 2.304535631205e-04 
    4 KSP Residual norm 1.470515072579e-04 
    5 KSP Residual norm 9.306555414215e-05 
    6 KSP Residual norm 7.610005190320e-05 
    7 KSP Residual norm 5.552163188031e-05 
    8 KSP Residual norm 3.595939937106e-05 
  Linear solve converged due to CONVERGED_RTOL iterations 8
 11 SNES Function norm 4.480317596516e-03 
    0 KSP Residual norm 4.480317596516e-03 
    1 KSP Residual norm 5.215994319742e-04 
    2 KSP Residual norm 4.008416729623e-04 
    3 KSP Residual norm 1.980072500377e-04 
    4 KSP Residual norm 9.868967152677e-05 
    5 KSP Residual norm 6.283060832554e-05 
    6 KSP Residual norm 3.679186930109e-05 
  Linear solve converged due to CONVERGED_RTOL iterations 6
 12 SNES Function norm 1.609862869692e-03 
    0 KSP Residual norm 1.609862869692e-03 
    1 KSP Residual norm 2.732293685623e-04 
    2 KSP Residual norm 1.878207984579e-04 
    3 KSP Residual norm 1.125786609100e-04 
    4 KSP Residual norm 7.073037831363e-05 
    5 KSP Residual norm 3.480701455566e-05 
    6 KSP Residual norm 1.678472873608e-05 
    7 KSP Residual norm 1.077544621328e-05 
  Linear solve converged due to CONVERGED_RTOL iterations 7
 13 SNES Function norm 5.512670696891e-04 
Nonlinear solve converged due to CONVERGED_PNORM_RELATIVE
Solution statistics after solve: Fine
CONVERGED_PNORM_RELATIVE: Number of Newton iterations = 13, total linear iterations = 94
|X|_2 703981   u in [6.21641, 195.728]   v in [-4.6577, 5.18382]   c in [6.21646, 195.729] 
Surface statistics: u in [8.285158e+00, 1.957282e+02] mean 7.833047e+01
Global eta range   [2.64064e+10, 9.2273e+12], converged range [2.64066e+10, 8.65625e+12]
Global beta2 range [5.15201e+09, 2.06716e+13], converged range [5.6507e+09, 5.79865e+09]

************************************************************************************************************************
***             WIDEN YOUR WINDOW TO 120 CHARACTERS.  Use 'enscript -r -fCourier9' to print this document            ***
************************************************************************************************************************

---------------------------------------------- PETSc Performance Summary: ----------------------------------------------

./ex48 on a bgp-xlc-h named ionode77 with 2048 processors, by Unknown Thu Dec  9 19:34:11 2010
Using Petsc Development HG revision: 179fe3d1768f57c49fa44a3a47095b573a99716c  HG Date: Wed Dec 08 11:34:50 2010 -0600

                         Max       Max/Min        Avg      Total 
Time (sec):           2.808e+02      1.00006   2.808e+02
Objects:              6.570e+02      1.00000   6.570e+02
Flops:                1.622e+10      1.04462   1.587e+10  3.250e+13
Flops/sec:            5.775e+07      1.04462   5.652e+07  1.158e+11
MPI Messages:         7.780e+04      1.31021   5.939e+04  1.216e+08
MPI Message Lengths:  2.292e+08      1.00080   3.857e+03  4.692e+11
MPI Reductions:       1.266e+04      1.00000

Flop counting convention: 1 flop = 1 real number operation of type (multiply/divide/add/subtract)
                            e.g., VecAXPY() for real vectors of length N --> 2N flops
                            and VecAXPY() for complex vectors of length N --> 8N flops

Summary of Stages:   ----- Time ------  ----- Flops -----  --- Messages ---  -- Message Lengths --  -- Reductions --
                        Avg     %Total     Avg     %Total   counts   %Total     Avg         %Total   counts   %Total 
 0:      Main Stage: 3.4025e-01   0.1%  2.2256e+09   0.0%  4.913e+04   0.0%  5.172e-02        0.0%  1.500e+01   0.1% 
 1:      Full solve: 1.4473e+02  51.5%  1.6253e+13  50.0%  6.328e+07  52.0%  1.940e+03       50.3%  6.545e+03  51.7% 
 2:    Fine-1 solve: 1.1095e+01   4.0%  4.3864e+11   1.3%  3.043e+07  25.0%  8.491e+01        2.2%  3.071e+03  24.2% 
 3: Fine-only solve: 1.2460e+02  44.4%  1.5806e+13  48.6%  2.788e+07  22.9%  1.832e+03       47.5%  2.709e+03  21.4% 

------------------------------------------------------------------------------------------------------------------------
See the 'Profiling' chapter of the users' manual for details on interpreting output.
Phase summary info:
   Count: number of times phase was executed
   Time and Flops: Max - maximum over all processors
                   Ratio - ratio of maximum to minimum over all processors
   Mess: number of messages sent
   Avg. len: average message length
   Reduct: number of global reductions
   Global: entire computation
   Stage: stages of a computation. Set stages with PetscLogStagePush() and PetscLogStagePop().
      %T - percent time in this phase         %F - percent flops in this phase
      %M - percent messages in this phase     %L - percent message lengths in this phase
      %R - percent reductions in this phase
   Total Mflop/s: 10e-6 * (sum of flops over all processors)/(max time over all processors)
------------------------------------------------------------------------------------------------------------------------
Event                Count      Time (sec)     Flops                             --- Global ---  --- Stage ---   Total
                   Max Ratio  Max     Ratio   Max  Ratio  Mess   Avg len Reduct  %T %F %M %L %R  %T %F %M %L %R Mflop/s
------------------------------------------------------------------------------------------------------------------------

--- Event Stage 0: Main Stage

VecSet                 2 1.0 1.7166e-05 1.3 0.00e+00 0.0 0.0e+00 0.0e+00 0.0e+00  0  0  0  0  0   0  0  0  0  0     0
VecPointwiseMult       1 1.0 2.7180e-05 1.2 1.28e+03 1.0 0.0e+00 0.0e+00 0.0e+00  0  0  0  0  0   0  0  0  0  0 96448
VecScatterBegin        2 1.0 1.0085e-04 1.1 0.00e+00 0.0 1.2e+04 5.0e+02 0.0e+00  0  0  0  0  0   0  0 25 98  0     0
VecScatterEnd          2 1.0 1.5059e-0312.9 0.00e+00 0.0 0.0e+00 0.0e+00 0.0e+00  0  0  0  0  0   0  0  0  0  0     0
MatMult                1 1.0 5.6121e-03 1.2 5.09e+05 1.0 6.1e+03 5.0e+02 0.0e+00  0  0  0  0  0   1 47 13 49  0 185907
MatMultTranspose       1 1.0 7.4689e-03 1.1 5.76e+05 1.0 6.1e+03 5.0e+02 0.0e+00  0  0  0  0  0   2 53 13 49  0 157941

--- Event Stage 1: Full solve

VecDot                43 1.0 4.8879e-02 8.3 1.77e+06 1.0 0.0e+00 0.0e+00 4.3e+01  0  0  0  0  0   0  0  0  0  1 73954
VecMDot             1747 1.0 1.3021e+00 4.6 8.16e+07 1.0 0.0e+00 0.0e+00 1.7e+03  0  1  0  0 14   1  1  0  0 27 128346
VecNorm             3972 1.0 1.5460e+00 2.5 8.48e+07 1.0 0.0e+00 0.0e+00 4.0e+03  0  1  0  0 31   1  1  0  0 61 112366
VecScale            3261 1.0 1.6703e-01 1.0 3.38e+07 1.0 0.0e+00 0.0e+00 0.0e+00  0  0  0  0  0   0  0  0  0  0 414021
VecCopy             1643 1.0 1.1579e-01 1.2 0.00e+00 0.0 0.0e+00 0.0e+00 0.0e+00  0  0  0  0  0   0  0  0  0  0     0
VecSet             15877 1.0 3.3342e-01 1.2 0.00e+00 0.0 0.0e+00 0.0e+00 0.0e+00  0  0  0  0  0   0  0  0  0  0     0
VecAXPY             2118 1.0 1.3902e-01 1.1 4.14e+07 1.0 0.0e+00 0.0e+00 0.0e+00  0  0  0  0  0   0  1  0  0  0 610024
VecAYPX              604 1.0 9.7529e-02 1.2 6.61e+06 1.0 0.0e+00 0.0e+00 0.0e+00  0  0  0  0  0   0  0  0  0  0 138729
VecWAXPY              51 1.0 1.8524e-02 1.2 1.43e+06 1.0 0.0e+00 0.0e+00 0.0e+00  0  0  0  0  0   0  0  0  0  0 157574
VecMAXPY            3261 1.0 4.5477e-01 1.3 1.21e+08 1.0 0.0e+00 0.0e+00 0.0e+00  0  1  0  0  0   0  2  0  0  0 544669
VecPointwiseMult      69 1.0 7.5531e-04 1.1 2.02e+04 1.0 0.0e+00 0.0e+00 0.0e+00  0  0  0  0  0   0  0  0  0  0 54793
VecScatterBegin     4503 1.0 4.0440e-01 1.0 0.00e+00 0.0 6.1e+07 2.0e+03 0.0e+00  0  0 50 26  0   0  0 96 53  0     0
VecScatterEnd       4503 1.0 2.8207e+00 6.4 0.00e+00 0.0 0.0e+00 0.0e+00 0.0e+00  0  0  0  0  0   0  0  0  0  0     0
VecReduceArith         8 1.0 8.9502e-04 1.0 2.72e+05 1.0 0.0e+00 0.0e+00 0.0e+00  0  0  0  0  0   0  0  0  0  0 622155
VecReduceComm          4 1.0 1.0519e-03 6.1 0.00e+00 0.0 0.0e+00 0.0e+00 4.0e+00  0  0  0  0  0   0  0  0  0  0     0
VecNormalize        2968 1.0 1.3138e+00 2.9 7.93e+07 1.0 0.0e+00 0.0e+00 3.0e+03  0  0  0  0 23   1  1  0  0 45 123598
MatMult             3001 1.0 3.2634e+01 1.1 3.68e+09 1.1 4.9e+07 2.3e+03 0.0e+00 11 22 40 24  0  22 44 78 49  0 220314
MatMultAdd           604 1.0 6.0195e-01 1.0 5.66e+07 1.0 3.7e+06 1.3e+02 0.0e+00  0  0  3  0  0   0  1  6  0  0 192658
MatMultTranspose     676 1.0 1.3220e+00 1.6 6.50e+07 1.0 4.2e+06 1.4e+02 0.0e+00  0  0  3  0  0   1  1  7  0  0 100638
MatSolve            3020 1.0 2.5957e+01 1.0 3.25e+09 1.0 0.0e+00 0.0e+00 0.0e+00  9 21  0  0  0  18 41  0  0  0 256792
MatCholFctrSym         3 1.0 2.8324e-04 1.0 0.00e+00 0.0 0.0e+00 0.0e+00 0.0e+00  0  0  0  0  0   0  0  0  0  0     0
MatCholFctrNum        69 1.0 5.7241e+00 1.0 6.75e+08 1.0 0.0e+00 0.0e+00 0.0e+00  2  4  0  0  0   4  9  0  0  0 241671
MatICCFactorSym        3 1.0 5.5948e-02 1.0 0.00e+00 0.0 0.0e+00 0.0e+00 0.0e+00  0  0  0  0  0   0  0  0  0  0     0
MatConvert            43 1.0 6.6800e-03 1.2 0.00e+00 0.0 0.0e+00 0.0e+00 0.0e+00  0  0  0  0  0   0  0  0  0  0     0
MatAssemblyBegin     119 1.0 2.8250e+00 1.5 0.00e+00 0.0 2.1e+06 5.4e+04 3.1e+02  1  0  2 24  2   2  0  3 47  5     0
MatAssemblyEnd       119 1.0 1.9689e+00 1.4 0.00e+00 0.0 2.8e+05 1.3e+03 6.8e+01  1  0  0  0  1   1  0  0  0  1     0
MatGetRowIJ          128 1.0 7.5722e-04 1.1 0.00e+00 0.0 0.0e+00 0.0e+00 0.0e+00  0  0  0  0  0   0  0  0  0  0     0
MatGetOrdering        42 1.0 2.5487e-02 1.0 0.00e+00 0.0 0.0e+00 0.0e+00 8.4e+01  0  0  0  0  1   0  0  0  0  1     0
MatZeroEntries       112 1.0 7.5185e-02 1.1 0.00e+00 0.0 0.0e+00 0.0e+00 0.0e+00  0  0  0  0  0   0  0  0  0  0     0
SNESSolve              4 1.0 1.4302e+02 1.0 8.11e+09 1.0 6.3e+07 3.8e+03 6.3e+03 51 50 52 50 50  99100 99100 97 113626
SNESLineSearch        43 1.0 1.5116e+01 1.0 1.05e+08 1.1 2.4e+06 3.6e+03 1.8e+02  5  1  2  2  1  10  1  4  4  3 13592
SNESFunctionEval      55 1.0 1.4930e+01 1.0 0.00e+00 0.0 1.8e+06 3.3e+03 8.0e+00  5  0  1  1  0  10  0  3  3  0     0
SNESJacobianEval      43 1.0 3.7077e+01 1.0 7.77e+06 1.0 4.3e+06 2.6e+04 3.0e+02 13  0  4 24  2  26  0  7 48  5   429
KSPGMRESOrthog      1747 1.0 1.5737e+00 2.9 1.63e+08 1.0 0.0e+00 0.0e+00 1.7e+03  1  1  0  0 14   1  2  0  0 27 212399
KSPSetup             224 1.0 2.1040e-02 1.0 0.00e+00 0.0 0.0e+00 0.0e+00 3.0e+01  0  0  0  0  0   0  0  0  0  0     0
KSPSolve              43 1.0 8.9988e+01 1.0 7.99e+09 1.0 5.6e+07 2.0e+03 5.8e+03 32 49 46 24 46  62 99 88 48 88 178078
PCSetUp              112 1.0 1.7354e+01 1.0 6.75e+08 1.0 0.0e+00 0.0e+00 8.7e+01  6  4  0  0  1  12  9  0  0  1 79715
PCSetUpOnBlocks     1208 1.0 5.8182e+00 1.0 6.75e+08 1.0 0.0e+00 0.0e+00 8.7e+01  2  4  0  0  1   4  9  0  0  1 237761
PCApply              276 1.0 7.1497e+01 1.0 7.14e+09 1.0 5.2e+07 1.8e+03 5.1e+03 25 44 42 20 41  49 88 81 39 79 200691

--- Event Stage 2: Fine-1 solve

VecDot                 7 1.0 1.2851e-03 4.3 1.79e+04 1.0 0.0e+00 0.0e+00 7.0e+00  0  0  0  0  0   0  0  0  0  0 28548
VecMDot              930 1.0 1.1617e-01 2.6 5.13e+06 1.0 0.0e+00 0.0e+00 9.3e+02  0  0  0  0  7   1  2  0  0 30 90443
VecNorm             2038 1.0 2.1723e-01 3.0 2.64e+06 1.0 0.0e+00 0.0e+00 2.0e+03  0  0  0  0 16   2  1  0  0 66 24918
VecScale            1714 1.0 1.8282e-02 1.1 1.09e+06 1.0 0.0e+00 0.0e+00 0.0e+00  0  0  0  0  0   0  1  0  0  0 121584
VecCopy              803 1.0 6.9132e-03 1.1 0.00e+00 0.0 0.0e+00 0.0e+00 0.0e+00  0  0  0  0  0   0  0  0  0  0     0
VecSet              8147 1.0 4.8429e-02 1.1 0.00e+00 0.0 0.0e+00 0.0e+00 0.0e+00  0  0  0  0  0   0  0  0  0  0     0
VecAXPY             1094 1.0 1.2343e-02 1.1 1.33e+06 1.0 0.0e+00 0.0e+00 0.0e+00  0  0  0  0  0   0  1  0  0  0 221507
VecAYPX              310 1.0 5.1651e-03 1.2 2.18e+05 1.0 0.0e+00 0.0e+00 0.0e+00  0  0  0  0  0   0  0  0  0  0 86534
VecWAXPY               9 1.0 2.8801e-04 1.3 1.15e+04 1.0 0.0e+00 0.0e+00 0.0e+00  0  0  0  0  0   0  0  0  0  0 81917
VecMAXPY            1714 1.0 3.0618e-02 1.1 6.40e+06 1.0 0.0e+00 0.0e+00 0.0e+00  0  0  0  0  0   0  3  0  0  0 428420
VecPointwiseMult      14 1.0 1.0228e-04 1.2 9.52e+02 1.0 0.0e+00 0.0e+00 0.0e+00  0  0  0  0  0   0  0  0  0  0 19062
VecScatterBegin     2230 1.0 1.2668e-01 1.0 0.00e+00 0.0 3.0e+07 2.8e+02 0.0e+00  0  0 25  2  0   1  0 99 81  0     0
VecScatterEnd       2230 1.0 1.8897e-01 1.6 0.00e+00 0.0 0.0e+00 0.0e+00 0.0e+00  0  0  0  0  0   1  0  0  0  0     0
VecReduceArith         2 1.0 3.8147e-05 1.2 5.12e+03 1.0 0.0e+00 0.0e+00 0.0e+00  0  0  0  0  0   0  0  0  0  0 274771
VecReduceComm          1 1.0 7.8797e-0421.3 0.00e+00 0.0 0.0e+00 0.0e+00 1.0e+00  0  0  0  0  0   0  0  0  0  0     0
VecNormalize        1550 1.0 2.1937e-01 2.5 2.63e+06 1.0 0.0e+00 0.0e+00 1.6e+03  0  0  0  0 12   2  1  0  0 50 24519
MatMult             1559 1.0 1.1026e+00 1.1 1.06e+08 1.2 2.6e+07 3.1e+02 0.0e+00  0  1 21  2  0   9 45 84 76  0 178303
MatMultAdd           310 1.0 4.3979e-02 1.0 1.55e+06 1.0 1.9e+06 6.8e+01 0.0e+00  0  0  2  0  0   0  1  6  1  0 72180
MatMultTranspose     324 1.0 6.6628e-02 1.3 1.62e+06 1.0 2.0e+06 6.8e+01 0.0e+00  0  0  2  0  0   0  1  7  1  0 49795
MatSolve            1550 1.0 6.3494e-01 1.0 9.22e+07 1.0 0.0e+00 0.0e+00 0.0e+00  0  1  0  0  0   6 43  0  0  0 297412
MatCholFctrNum        14 1.0 4.5603e-02 1.0 5.94e+06 1.0 0.0e+00 0.0e+00 0.0e+00  0  0  0  0  0   0  3  0  0  0 266970
MatConvert             7 1.0 1.1032e-03 1.3 0.00e+00 0.0 0.0e+00 0.0e+00 0.0e+00  0  0  0  0  0   0  0  0  0  0     0
MatAssemblyBegin      21 1.0 5.8481e-02 1.2 0.00e+00 0.0 3.9e+05 5.2e+03 5.6e+01  0  0  0  0  0   0  0  1 19  2     0
MatAssemblyEnd        21 1.0 2.0932e-02 1.6 0.00e+00 0.0 0.0e+00 0.0e+00 0.0e+00  0  0  0  0  0   0  0  0  0  0     0
MatGetRowIJ           21 1.0 1.3065e-04 1.2 0.00e+00 0.0 0.0e+00 0.0e+00 0.0e+00  0  0  0  0  0   0  0  0  0  0     0
MatGetOrdering         7 1.0 9.5797e-04 1.1 0.00e+00 0.0 0.0e+00 0.0e+00 1.4e+01  0  0  0  0  0   0  0  0  0  0     0
MatZeroEntries        21 1.0 8.0109e-04 1.3 0.00e+00 0.0 0.0e+00 0.0e+00 0.0e+00  0  0  0  0  0   0  0  0  0  0     0
SNESSolve              1 1.0 1.1095e+01 1.0 2.24e+08 1.1 3.0e+07 3.4e+02 3.1e+03  4  1 25  2 24 100100100100100 39534
SNESLineSearch         7 1.0 1.1211e-01 1.1 9.57e+05 1.2 3.4e+05 4.3e+02 2.8e+01  0  0  0  0  0   1  0  1  1  1 16083
SNESFunctionEval       8 1.0 1.0794e-01 1.0 0.00e+00 0.0 2.6e+05 3.9e+02 0.0e+00  0  0  0  0  0   1  0  1  1  0     0
SNESJacobianEval       7 1.0 3.6839e-01 1.0 7.10e+04 1.0 8.2e+05 2.5e+03 5.6e+01  0  0  1  0  0   3  0  3 20  2   394
KSPGMRESOrthog       930 1.0 1.5406e-01 1.9 1.03e+07 1.0 0.0e+00 0.0e+00 9.3e+02  0  0  0  0  7   1  5  0  0 30 136429
KSPSetup              42 1.0 1.8954e-04 1.2 0.00e+00 0.0 0.0e+00 0.0e+00 0.0e+00  0  0  0  0  0   0  0  0  0  0     0
KSPSolve               7 1.0 1.0605e+01 1.0 2.23e+08 1.1 2.9e+07 2.8e+02 3.0e+03  4  1 24  2 24  96100 96 78 97 41175
PCSetUp               21 1.0 2.0645e+00 1.0 5.94e+06 1.0 0.0e+00 0.0e+00 1.4e+01  1  0  0  0  0  19  3  0  0  0  5897
PCSetUpOnBlocks      620 1.0 5.0750e-02 1.0 5.94e+06 1.0 0.0e+00 0.0e+00 1.4e+01  0  0  0  0  0   0  3  0  0  0 239895
PCApply              155 1.0 8.3369e+00 1.0 1.93e+08 1.1 2.7e+07 2.5e+02 2.6e+03  3  1 22  1 21  75 87 88 65 86 45574

--- Event Stage 3: Fine-only solve

VecDot                13 1.0 4.6650e-02 9.9 1.73e+06 1.0 0.0e+00 0.0e+00 1.3e+01  0  0  0  0  0   0  0  0  0  0 75973
VecMDot              752 1.0 1.1893e+00 4.9 7.79e+07 1.0 0.0e+00 0.0e+00 7.5e+02  0  0  0  0  6   1  1  0  0 28 134093
VecNorm             1735 1.0 1.2758e+00 2.5 8.21e+07 1.0 0.0e+00 0.0e+00 1.7e+03  0  1  0  0 14   1  1  0  0 64 131846
VecScale            1423 1.0 1.4805e-01 1.0 3.27e+07 1.0 0.0e+00 0.0e+00 0.0e+00  0  0  0  0  0   0  0  0  0  0 452052
VecCopy              710 1.0 1.0723e-01 1.2 0.00e+00 0.0 0.0e+00 0.0e+00 0.0e+00  0  0  0  0  0   0  0  0  0  0     0
VecSet              7135 1.0 2.8249e-01 1.2 0.00e+00 0.0 0.0e+00 0.0e+00 0.0e+00  0  0  0  0  0   0  0  0  0  0     0
VecAXPY              953 1.0 1.2710e-01 1.1 4.01e+07 1.0 0.0e+00 0.0e+00 0.0e+00  0  0  0  0  0   0  1  0  0  0 645616
VecAYPX              282 1.0 9.2539e-02 1.3 6.39e+06 1.0 0.0e+00 0.0e+00 0.0e+00  0  0  0  0  0   0  0  0  0  0 141397
VecWAXPY              17 1.0 1.7966e-02 1.2 1.40e+06 1.0 0.0e+00 0.0e+00 0.0e+00  0  0  0  0  0   0  0  0  0  0 159337
VecMAXPY            1423 1.0 4.3417e-01 1.3 1.16e+08 1.0 0.0e+00 0.0e+00 0.0e+00  0  1  0  0  0   0  2  0  0  0 546909
VecPointwiseMult      39 1.0 5.4336e-04 1.2 1.84e+04 1.0 0.0e+00 0.0e+00 0.0e+00  0  0  0  0  0   0  0  0  0  0 69383
VecScatterBegin     2020 1.0 2.6510e-01 1.0 0.00e+00 0.0 2.7e+07 4.3e+03 0.0e+00  0  0 22 25  0   0  0 97 52  0     0
VecScatterEnd       2020 1.0 2.6746e+00 8.6 0.00e+00 0.0 0.0e+00 0.0e+00 0.0e+00  0  0  0  0  0   0  0  0  0  0     0
VecReduceArith         2 1.0 8.2421e-04 1.0 2.66e+05 1.0 0.0e+00 0.0e+00 0.0e+00  0  0  0  0  0   0  0  0  0  0 661547
VecReduceComm          1 1.0 7.1788e-0420.5 0.00e+00 0.0 0.0e+00 0.0e+00 1.0e+00  0  0  0  0  0   0  0  0  0  0     0
VecNormalize        1316 1.0 1.0805e+00 3.1 7.67e+07 1.0 0.0e+00 0.0e+00 1.3e+03  0  0  0  0 10   1  1  0  0 49 145322
MatMult             1329 1.0 3.1510e+01 1.1 3.58e+09 1.1 2.2e+07 4.9e+03 0.0e+00 11 22 18 23  0  24 44 78 48  0 221904
MatMultAdd           282 1.0 5.5732e-01 1.0 5.51e+07 1.0 1.7e+06 2.1e+02 0.0e+00  0  0  1  0  0   0  1  6  0  0 202417
MatMultTranspose     321 1.0 1.2652e+00 1.7 6.27e+07 1.0 2.0e+06 2.1e+02 0.0e+00  0  0  2  0  0   1  1  7  0  0 101499
MatSolve            1410 1.0 2.5333e+01 1.0 3.16e+09 1.0 0.0e+00 0.0e+00 0.0e+00  9 20  0  0  0  20 41  0  0  0 255666
MatCholFctrNum        39 1.0 5.6334e+00 1.0 6.64e+08 1.0 0.0e+00 0.0e+00 0.0e+00  2  4  0  0  0   4  9  0  0  0 241341
MatConvert            13 1.0 2.0649e-03 1.3 0.00e+00 0.0 0.0e+00 0.0e+00 0.0e+00  0  0  0  0  0   0  0  0  0  0     0
MatAssemblyBegin      52 1.0 2.6464e+00 1.6 0.00e+00 0.0 9.6e+05 1.1e+05 1.4e+02  1  0  1 23  1   2  0  3 48  5     0
MatAssemblyEnd        52 1.0 1.0310e+00 2.0 0.00e+00 0.0 0.0e+00 0.0e+00 0.0e+00  0  0  0  0  0   1  0  0  0  0     0
MatGetRowIJ           52 1.0 3.0184e-04 1.2 0.00e+00 0.0 0.0e+00 0.0e+00 0.0e+00  0  0  0  0  0   0  0  0  0  0     0
MatGetOrdering        26 1.0 2.3441e-02 1.0 0.00e+00 0.0 0.0e+00 0.0e+00 5.2e+01  0  0  0  0  0   0  0  0  0  2     0
MatZeroEntries        52 1.0 7.3381e-02 1.1 0.00e+00 0.0 0.0e+00 0.0e+00 0.0e+00  0  0  0  0  0   0  0  0  0  0     0
SNESSolve              1 1.0 1.2460e+02 1.0 7.88e+09 1.0 2.8e+07 8.0e+03 2.7e+03 44 49 23 48 21 100100100100100 126855
SNESLineSearch        13 1.0 1.4841e+01 1.0 1.03e+08 1.1 7.7e+05 1.1e+04 5.6e+01  5  1  1  2  0  12  1  3  4  2 13609
SNESFunctionEval      18 1.0 1.4697e+01 1.0 0.00e+00 0.0 5.9e+05 9.8e+03 0.0e+00  5  0  0  1  0  12  0  2  3  0     0
SNESJacobianEval      13 1.0 3.6330e+01 1.0 7.64e+06 1.0 2.1e+06 5.3e+04 1.4e+02 13  0  2 23  1  29  0  7 49  5   430
KSPGMRESOrthog       752 1.0 1.4382e+00 3.1 1.56e+08 1.0 0.0e+00 0.0e+00 7.5e+02  0  1  0  0  6   1  2  0  0 28 221777
KSPSetup             104 1.0 4.6730e-04 1.1 0.00e+00 0.0 0.0e+00 0.0e+00 0.0e+00  0  0  0  0  0   0  0  0  0  0     0
KSPSolve              13 1.0 7.2595e+01 1.0 7.77e+09 1.0 2.5e+07 4.2e+03 2.5e+03 26 48 21 22 20  58 99 90 47 92 214671
PCSetUp               52 1.0 9.5314e+00 1.0 6.64e+08 1.0 0.0e+00 0.0e+00 5.2e+01  3  4  0  0  0   8  9  0  0  2 142642
PCSetUpOnBlocks      564 1.0 5.6632e+00 1.0 6.64e+08 1.0 0.0e+00 0.0e+00 5.2e+01  2  4  0  0  0   4  9  0  0  2 240073
PCApply               94 1.0 6.2096e+01 1.0 6.94e+09 1.0 2.3e+07 3.6e+03 2.3e+03 22 43 19 18 18  50 88 84 38 85 224783
------------------------------------------------------------------------------------------------------------------------

Memory usage is given in bytes:

Object Type          Creations   Destructions     Memory  Descendants' Mem.
Reports information only for process 0.

--- Event Stage 0: Main Stage

 Toy Hydrostatic Ice     0              1          508     0
   Distributed array     0              8       357024     0
                 Vec     0            267     26842020     0
         Vec Scatter     0             29        17980     0
           Index Set     0              6       141528     0
   IS L to G Mapping     0             16         5056     0
              Matrix     0             36     28873972     0
                SNES     0              4         3024     0
       Krylov Solver     0             20       232448     0
      Preconditioner     0             20        11352     0
              Viewer     0              1          408     0

--- Event Stage 1: Full solve

 Toy Hydrostatic Ice     1              0            0     0
   Distributed array     8              0            0     0
                 Vec   296             47      1140644     0
         Vec Scatter    29              0            0     0
           Index Set   142            136      1879988     0
   IS L to G Mapping    16              0            0     0
              Matrix    36              0            0     0
                SNES     4              0            0     0
       Krylov Solver    20              0            0     0
      Preconditioner    20              0            0     0
              Viewer     1              0            0     0

--- Event Stage 2: Fine-1 solve

                 Vec    18              0            0     0
           Index Set    14             14        23800     0

--- Event Stage 3: Fine-only solve

           Index Set    52             52      1785680     0
========================================================================================================================
Average time to get PetscTime(): 3.60012e-06
Average time for MPI_Barrier(): 3.43323e-06
Average time for zero size MPI_Send(): 1.22661e-05
#PETSc Option Table entries:
-M 64
-P 2
-da_refine_hierarchy_x 1,4,16
-da_refine_hierarchy_y 4,2,2
-da_refine_hierarchy_z 4,2,2
-dmmg_form_function_ghost 1
-dmmg_grid_sequence 1
-ksp_converged_reason
-ksp_monitor
-ksp_rtol 1e-2
-log_summary
-mg_coarse_pc_type hypre
-mg_levels_0_pc_type hypre
-mg_levels_1_sub_pc_type cholesky
-pc_mg_type multiplicative
-repeat_fine_solve 1
-snes_converged_reason
-snes_monitor
-thi_L 80e3
-thi_friction_m 0.3
-thi_hom z
-thi_nlevels 4
#End of PETSc Option Table entries
Compiled with FORTRAN kernels
Compiled with full precision matrices (default)
sizeof(short) 2 sizeof(int) 4 sizeof(long) 4 sizeof(void*) 4 sizeof(PetscScalar) 8
Configure run at: Thu Dec  9 16:16:25 2010
Configure options: --with-x=0 --with-is-color-value-type=short --with-debugging=1 --with-fortran-kernels=1 --with-mpi-dir=/bgsys/drivers/ppcfloor/comm --with-batch=1 --known-mpi-shared-libraries=1 --known-memcmp-ok --known-sizeof-char=1 --known-sizeof-void-p=4 --known-sizeof-short=2 --known-sizeof-int=4 --known-sizeof-long=4 --known-sizeof-size_t=4 --known-sizeof-long-long=8 --known-sizeof-float=4 --known-sizeof-double=8 --known-bits-per-byte=8 --known-sizeof-MPI_Comm=4 --known-sizeof-MPI_Fint=4 --known-mpi-long-double=1 --known-level1-dcache-assoc=0 --known-level1-dcache-linesize=32 --known-level1-dcache-size=32768 --download-hypre=1 --with-shared=0 --prefix=/opt/share/ksl/petsc/dev-dec9-hypre/ppc450d-bgp_xlc_hypre_fast --with-clanguage=c --COPTFLAGS="     -O3 -qhot" --CXXOPTFLAGS="     -O3 -qhot" --FOPTFLAGS="     -O3 -qhot" --LIBS=" -L/bgsys/ibm_essl/sles10/prod/opt/ibmmath/lib -L/opt/ibmcmp/xlsmp/bg/1.7/lib -L/opt/ibmcmp/xlmass/bg/4.4/bglib -L/opt/ibmcmp/xlf/bg/11.1/bglib -L/bgsys/ibm_essl/sles10/prod/opt/ibmmath/lib -L/opt/ibmcmp/xlsmp/bg/1.7/lib -L/opt/ibmcmp/xlmass/bg/4.4/bglib -L/opt/ibmcmp/xlf/bg/11.1/bglib   -lesslbg  -lxlf90_r -lxlopt -lxlsmp -lxl -lxlfmath  -lesslbg  -lxlf90_r -lxlopt -lxlsmp -lxl -lxlfmath -O3" --CC=/bgsys/drivers/ppcfloor/comm/xl/bin/mpixlc_r --CXX=/bgsys/drivers/ppcfloor/comm/xl/bin/mpixlcxx_r --FC=/bgsys/drivers/ppcfloor/comm/xl/bin/mpixlf90_r --with-debugging=0 PETSC_ARCH=bgp-xlc-hypre-fast
-----------------------------------------
Libraries compiled on Thu Dec  9 16:16:25 2010 on fen1 
Machine characteristics: Linux-2.6.16.60-0.66.1-ppc64-ppc64-with-SuSE-10-ppc
Using PETSc directory: /tmp/aron/builddir_ppc64/petsc-dev-dec9-hypre-bgp_xlc_hypre_fast/petsc-dev
Using PETSc arch: bgp-xlc-hypre-fast
-----------------------------------------

Using C compiler: /bgsys/drivers/ppcfloor/comm/xl/bin/mpixlc_r  -O3 -qhot  ${COPTFLAGS} ${CFLAGS}
Using Fortran compiler: /bgsys/drivers/ppcfloor/comm/xl/bin/mpixlf90_r  -O3 -qhot   ${FOPTFLAGS} ${FFLAGS} 
-----------------------------------------

Using include paths: -I/tmp/aron/builddir_ppc64/petsc-dev-dec9-hypre-bgp_xlc_hypre_fast/petsc-dev/bgp-xlc-hypre-fast/include -I/tmp/aron/builddir_ppc64/petsc-dev-dec9-hypre-bgp_xlc_hypre_fast/petsc-dev/include -I/tmp/aron/builddir_ppc64/petsc-dev-dec9-hypre-bgp_xlc_hypre_fast/petsc-dev/include -I/tmp/aron/builddir_ppc64/petsc-dev-dec9-hypre-bgp_xlc_hypre_fast/petsc-dev/bgp-xlc-hypre-fast/include -I/bgsys/drivers/ppcfloor/comm/include
-----------------------------------------

Using C linker: /bgsys/drivers/ppcfloor/comm/xl/bin/mpixlc_r
Using Fortran linker: /bgsys/drivers/ppcfloor/comm/xl/bin/mpixlf90_r
Using libraries: -Wl,-rpath,/tmp/aron/builddir_ppc64/petsc-dev-dec9-hypre-bgp_xlc_hypre_fast/petsc-dev/bgp-xlc-hypre-fast/lib -L/tmp/aron/builddir_ppc64/petsc-dev-dec9-hypre-bgp_xlc_hypre_fast/petsc-dev/bgp-xlc-hypre-fast/lib -lpetscts -lpetscsnes -lpetscksp -lpetscdm -lpetscmat -lpetscvec -lpetscsys -Wl,-rpath,/tmp/aron/builddir_ppc64/petsc-dev-dec9-hypre-bgp_xlc_hypre_fast/petsc-dev/bgp-xlc-hypre-fast/lib -L/tmp/aron/builddir_ppc64/petsc-dev-dec9-hypre-bgp_xlc_hypre_fast/petsc-dev/bgp-xlc-hypre-fast/lib -lHYPRE -Wl,-rpath,/opt/ibmcmp/lib/bg/bglib -Wl,-rpath,/bgsys/drivers/V1R4M2_200_2010-100508P/ppc/comm/sys/lib -Wl,-rpath,/bgsys/drivers/V1R4M2_200_2010-100508P/ppc/runtime/SPI -lcxxmpich.cnk -libmc++ -lstdc++ -L/bgsys/ibm_essl/sles10/prod/opt/ibmmath/lib -L/opt/ibmcmp/xlsmp/bg/1.7/lib -L/opt/ibmcmp/xlmass/bg/4.4/bglib -L/opt/ibmcmp/xlf/bg/11.1/bglib -L/bgsys/drivers/V1R4M2_200_2010-100508P/ppc/comm/xl/lib -L/bgsys/drivers/V1R4M2_200_2010-100508P/ppc/comm/sys/lib -L/bgsys/drivers/V1R4M2_200_2010-100508P/ppc/runtime/SPI -L/opt/ibmcmp/xlsmp/bg/1.7/bglib -L/opt/ibmcmp/vac/bg/9.0/bglib -L/opt/ibmcmp/vacpp/bg/9.0/bglib -L/bgsys/drivers/ppcfloor/gnu-linux/lib/gcc/powerpc-bgp-linux/4.1.2 -L/bgsys/drivers/ppcfloor/gnu-linux/powerpc-bgp-linux/lib -ldl -lesslbg -lxlf90_r -lxlopt -lxlsmp -lxl -lxlfmath -lpmpich.cnk -lmpich.cnk -lopa -ldcmf.cnk -ldcmfcoll.cnk -lpthread -lSPI.cna -lrt -lgcc_eh -lxlomp_ser -lm -lcxxmpich.cnk -libmc++ -lstdc++ -lcxxmpich.cnk -libmc++ -lstdc++ -ldl -lesslbg -lxlf90_r -lxlopt -lxlsmp -lxl -lxlfmath -lpmpich.cnk -lmpich.cnk -lopa -ldcmf.cnk -ldcmfcoll.cnk -lpthread -lSPI.cna -lrt -lgcc_eh -ldl -lesslbg -lxlf90_r -lxlopt -lxlsmp -lxl -lxlfmath -lesslbg -lxlf90_r -lxlopt -lxlsmp -lxl -lxlfmath -O3 
-----------------------------------------

