Level 0 domain size (m)    8e+04 x    8e+04 x    1e+03, num elements  32 x  32 x   4 (    4096), size (m) 2500 x 2500 x 333.333
Level 1 domain size (m)    8e+04 x    8e+04 x    1e+03, num elements  64 x  64 x   7 (   28672), size (m) 1250 x 1250 x 166.667
Level 2 domain size (m)    8e+04 x    8e+04 x    1e+03, num elements 128 x 128 x  13 (  212992), size (m) 625 x 625 x 83.3333
Level 3 domain size (m)    8e+04 x    8e+04 x    1e+03, num elements 256 x 256 x  25 ( 1638400), size (m) 312.5 x 312.5 x 41.6667
Level 4 domain size (m)    8e+04 x    8e+04 x    1e+03, num elements 512 x 512 x  49 (12845056), size (m) 156.25 x 156.25 x 20.8333
          0 SNES Function norm 9.474596290571e+02 
          Linear solve converged due to CONVERGED_ITS iterations 1
          1 SNES Function norm 8.805475362802e+02 
          Linear solve converged due to CONVERGED_ITS iterations 1
          2 SNES Function norm 7.345272111140e+02 
          Linear solve converged due to CONVERGED_ITS iterations 1
          3 SNES Function norm 5.330047728653e+02 
          Linear solve converged due to CONVERGED_ITS iterations 1
          4 SNES Function norm 2.881706248925e+02 
          Linear solve converged due to CONVERGED_ITS iterations 1
          5 SNES Function norm 7.698623113159e+01 
          Linear solve converged due to CONVERGED_ITS iterations 1
          6 SNES Function norm 4.570472560971e+00 
          Linear solve converged due to CONVERGED_ITS iterations 1
          7 SNES Function norm 1.481459616156e-02 
          Linear solve converged due to CONVERGED_ITS iterations 1
          8 SNES Function norm 1.633851569272e-07 
Nonlinear solve converged due to CONVERGED_FNORM_RELATIVE
        0 SNES Function norm 3.441085991449e+02 
          0 KSP Residual norm 3.441085991449e+02 
          1 KSP Residual norm 6.160512104409e+00 
          2 KSP Residual norm 2.668910093093e-01 
        Linear solve converged due to CONVERGED_RTOL iterations 2
        1 SNES Function norm 2.523318318978e+01 
          0 KSP Residual norm 2.523318318978e+01 
          1 KSP Residual norm 1.819472779164e+00 
          2 KSP Residual norm 2.254266350109e-01 
        Linear solve converged due to CONVERGED_RTOL iterations 2
        2 SNES Function norm 6.140523973114e+00 
          0 KSP Residual norm 6.140523973114e+00 
          1 KSP Residual norm 4.237898016290e-01 
          2 KSP Residual norm 6.870093921688e-02 
          3 KSP Residual norm 9.687167462520e-03 
        Linear solve converged due to CONVERGED_RTOL iterations 3
        3 SNES Function norm 3.413609038240e+00 
          0 KSP Residual norm 3.413609038240e+00 
          1 KSP Residual norm 2.113750784729e-01 
          2 KSP Residual norm 4.077128458576e-02 
          3 KSP Residual norm 6.805017735845e-03 
        Linear solve converged due to CONVERGED_RTOL iterations 3
        4 SNES Function norm 1.561118886695e+00 
          0 KSP Residual norm 1.561118886695e+00 
          1 KSP Residual norm 1.319622921697e-01 
          2 KSP Residual norm 3.161336333959e-02 
          3 KSP Residual norm 5.810486647519e-03 
        Linear solve converged due to CONVERGED_RTOL iterations 3
        5 SNES Function norm 2.263357983673e-01 
          0 KSP Residual norm 2.263357983673e-01 
          1 KSP Residual norm 1.509492311435e-02 
          2 KSP Residual norm 2.940673718433e-03 
          3 KSP Residual norm 5.611518170837e-04 
        Linear solve converged due to CONVERGED_RTOL iterations 3
        6 SNES Function norm 9.976653169027e-03 
          0 KSP Residual norm 9.976653169027e-03 
          1 KSP Residual norm 6.113055752133e-04 
          2 KSP Residual norm 1.043461856201e-04 
          3 KSP Residual norm 2.140035603809e-05 
        Linear solve converged due to CONVERGED_RTOL iterations 3
        7 SNES Function norm 3.105134952026e-05 
          0 KSP Residual norm 3.105134952026e-05 
          1 KSP Residual norm 6.128463890607e-06 
          2 KSP Residual norm 1.900237013210e-06 
          3 KSP Residual norm 2.959963183422e-07 
        Linear solve converged due to CONVERGED_RTOL iterations 3
        8 SNES Function norm 2.959814723032e-07 
Nonlinear solve converged due to CONVERGED_FNORM_RELATIVE
      0 SNES Function norm 1.243688991029e+02 
        0 KSP Residual norm 1.243688991029e+02 
        1 KSP Residual norm 2.189281390433e+00 
        2 KSP Residual norm 1.069297014809e-01 
      Linear solve converged due to CONVERGED_RTOL iterations 2
      1 SNES Function norm 2.736390205177e+00 
        0 KSP Residual norm 2.736390205177e+00 
        1 KSP Residual norm 3.273115749112e-01 
        2 KSP Residual norm 4.828580740494e-02 
        3 KSP Residual norm 1.327116445176e-02 
      Linear solve converged due to CONVERGED_RTOL iterations 3
      2 SNES Function norm 5.763690589349e-01 
        0 KSP Residual norm 5.763690589349e-01 
        1 KSP Residual norm 3.987895590044e-02 
        2 KSP Residual norm 5.834216419690e-03 
        3 KSP Residual norm 1.334323438176e-03 
      Linear solve converged due to CONVERGED_RTOL iterations 3
      3 SNES Function norm 3.650360726021e-01 
        0 KSP Residual norm 3.650360726021e-01 
        1 KSP Residual norm 2.373308495850e-02 
        2 KSP Residual norm 2.593539657906e-03 
      Linear solve converged due to CONVERGED_RTOL iterations 2
      4 SNES Function norm 2.399268086405e-02 
        0 KSP Residual norm 2.399268086405e-02 
        1 KSP Residual norm 2.483931566729e-03 
        2 KSP Residual norm 4.471087255611e-04 
        3 KSP Residual norm 1.177702223805e-04 
      Linear solve converged due to CONVERGED_RTOL iterations 3
      5 SNES Function norm 5.532937441214e-04 
        0 KSP Residual norm 5.532937441214e-04 
        1 KSP Residual norm 6.781881384229e-05 
        2 KSP Residual norm 1.887149703962e-05 
        3 KSP Residual norm 7.100671861488e-06 
        4 KSP Residual norm 2.983180780901e-06 
      Linear solve converged due to CONVERGED_RTOL iterations 4
      6 SNES Function norm 2.996091775443e-06 
        0 KSP Residual norm 2.996091775443e-06 
        1 KSP Residual norm 1.450715330715e-06 
        2 KSP Residual norm 4.982371869554e-07 
        3 KSP Residual norm 1.390978401222e-07 
        4 KSP Residual norm 4.261158205681e-08 
        5 KSP Residual norm 7.152223475709e-09 
      Linear solve converged due to CONVERGED_RTOL iterations 5
      7 SNES Function norm 7.151754053793e-09 
Nonlinear solve converged due to CONVERGED_FNORM_RELATIVE
    0 SNES Function norm 4.444650384985e+01 
      0 KSP Residual norm 4.444650384985e+01 
      1 KSP Residual norm 5.292338183915e-01 
      2 KSP Residual norm 3.382346405830e-02 
    Linear solve converged due to CONVERGED_RTOL iterations 2
    1 SNES Function norm 2.856960695106e-01 
      0 KSP Residual norm 2.856960695106e-01 
      1 KSP Residual norm 4.744339865887e-02 
      2 KSP Residual norm 8.445081735665e-03 
      3 KSP Residual norm 1.646288616780e-03 
    Linear solve converged due to CONVERGED_RTOL iterations 3
    2 SNES Function norm 2.232218610618e-02 
      0 KSP Residual norm 2.232218610618e-02 
      1 KSP Residual norm 2.329124267553e-03 
      2 KSP Residual norm 4.320580512423e-04 
      3 KSP Residual norm 1.671471881271e-04 
    Linear solve converged due to CONVERGED_RTOL iterations 3
    3 SNES Function norm 9.694043210385e-04 
      0 KSP Residual norm 9.694043210385e-04 
      1 KSP Residual norm 1.113545750120e-04 
      2 KSP Residual norm 5.696871140658e-05 
      3 KSP Residual norm 1.748374036322e-05 
      4 KSP Residual norm 5.160764238308e-06 
    Linear solve converged due to CONVERGED_RTOL iterations 4
    4 SNES Function norm 5.840731474913e-06 
      0 KSP Residual norm 5.840731474913e-06 
      1 KSP Residual norm 2.650164697860e-06 
      2 KSP Residual norm 7.283429810509e-07 
      3 KSP Residual norm 3.076203251869e-07 
      4 KSP Residual norm 9.401210339845e-08 
      5 KSP Residual norm 3.085654262589e-08 
    Linear solve converged due to CONVERGED_RTOL iterations 5
    5 SNES Function norm 3.085565883989e-08 
Nonlinear solve converged due to CONVERGED_FNORM_RELATIVE
  0 SNES Function norm 1.579782061801e+01 
    0 KSP Residual norm 1.579782061801e+01 
    1 KSP Residual norm 1.310102332997e-01 
  Linear solve converged due to CONVERGED_RTOL iterations 1
  1 SNES Function norm 1.356998045410e-01 
    0 KSP Residual norm 1.356998045410e-01 
    1 KSP Residual norm 1.412918291030e-02 
    2 KSP Residual norm 2.619726619765e-03 
    3 KSP Residual norm 6.775428619594e-04 
  Linear solve converged due to CONVERGED_RTOL iterations 3
  2 SNES Function norm 1.662610795724e-03 
    0 KSP Residual norm 1.662610795724e-03 
    1 KSP Residual norm 3.113648195823e-04 
    2 KSP Residual norm 1.272465548981e-04 
    3 KSP Residual norm 4.435742413991e-05 
    4 KSP Residual norm 1.764799661668e-05 
    5 KSP Residual norm 7.174584677184e-06 
  Linear solve converged due to CONVERGED_RTOL iterations 5
  3 SNES Function norm 1.888990028456e-05 
    0 KSP Residual norm 1.888990028456e-05 
    1 KSP Residual norm 4.456680220585e-06 
    2 KSP Residual norm 2.190633787323e-06 
    3 KSP Residual norm 7.562940021956e-07 
    4 KSP Residual norm 2.958527880310e-07 
    5 KSP Residual norm 1.063827573680e-07 
  Linear solve converged due to CONVERGED_RTOL iterations 5
  4 SNES Function norm 1.063187684091e-07 
Nonlinear solve converged due to CONVERGED_FNORM_RELATIVE
Solution statistics after solve: Full
CONVERGED_FNORM_RELATIVE: Number of Newton iterations = 4, total linear iterations = 14
|X|_2 305445   u in [6.21653, 195.718]   v in [-4.65746, 5.18352]   c in [6.21658, 195.719] 
Surface statistics: u in [8.285075e+00, 1.957184e+02] mean 7.832711e+01
Global eta range   [2.65314e+10, 9.2273e+12], converged range [2.65453e+10, 7.13292e+12]
Global beta2 range [5.6506e+09, 2.12481e+13], converged range [5.65076e+09, 7.0617e+09]

    0 SNES Function norm 2.066296950774e+01 
      0 KSP Residual norm 2.066296950774e+01 
      1 KSP Residual norm 2.434010361429e-01 
      2 KSP Residual norm 7.650097685502e-03 
    Linear solve converged due to CONVERGED_RTOL iterations 2
    1 SNES Function norm 1.226234026926e+00 
      0 KSP Residual norm 1.226234026926e+00 
      1 KSP Residual norm 1.765376851062e-02 
      2 KSP Residual norm 9.700759546972e-04 
    Linear solve converged due to CONVERGED_RTOL iterations 2
    2 SNES Function norm 5.041663459561e-03 
      0 KSP Residual norm 5.041663459561e-03 
      1 KSP Residual norm 2.288515056390e-04 
      2 KSP Residual norm 6.758420237736e-05 
      3 KSP Residual norm 2.065154749608e-05 
    Linear solve converged due to CONVERGED_RTOL iterations 3
    3 SNES Function norm 2.063942251368e-05 
      0 KSP Residual norm 2.063942251368e-05 
      1 KSP Residual norm 8.421362181419e-06 
      2 KSP Residual norm 2.522415816394e-06 
      3 KSP Residual norm 7.709481727718e-07 
      4 KSP Residual norm 2.802233125658e-07 
      5 KSP Residual norm 9.545233323015e-08 
    Linear solve converged due to CONVERGED_RTOL iterations 5
    4 SNES Function norm 9.544779269009e-08 
Nonlinear solve converged due to CONVERGED_FNORM_RELATIVE
Solution statistics after solve: Fine-1
CONVERGED_FNORM_RELATIVE: Number of Newton iterations = 4, total linear iterations = 12
|X|_2 108839   u in [6.21654, 195.662]   v in [-4.65582, 5.18166]   c in [6.2166, 195.662] 
Surface statistics: u in [8.284169e+00, 1.956618e+02] mean 7.830605e+01
Global eta range   [2.65314e+10, 9.2273e+12], converged range [2.71115e+10, 4.92188e+12]
Global beta2 range [5.59393e+09, 2.12481e+13], converged range [5.65105e+09, 7.03987e+09]

  0 SNES Function norm 1.579782061793e+01 
    0 KSP Residual norm 1.579782061793e+01 
    1 KSP Residual norm 1.310102331825e-01 
  Linear solve converged due to CONVERGED_RTOL iterations 1
  1 SNES Function norm 1.356998043958e-01 
    0 KSP Residual norm 1.356998043958e-01 
    1 KSP Residual norm 1.412918288596e-02 
    2 KSP Residual norm 2.619726471412e-03 
    3 KSP Residual norm 6.775428685224e-04 
  Linear solve converged due to CONVERGED_RTOL iterations 3
  2 SNES Function norm 1.662610690766e-03 
    0 KSP Residual norm 1.662610690766e-03 
    1 KSP Residual norm 3.113647646833e-04 
    2 KSP Residual norm 1.272465760915e-04 
    3 KSP Residual norm 4.435743007383e-05 
    4 KSP Residual norm 1.764799194599e-05 
    5 KSP Residual norm 7.174581856384e-06 
  Linear solve converged due to CONVERGED_RTOL iterations 5
  3 SNES Function norm 1.888989190852e-05 
    0 KSP Residual norm 1.888989190852e-05 
    1 KSP Residual norm 4.456677970601e-06 
    2 KSP Residual norm 2.190632637213e-06 
    3 KSP Residual norm 7.562936854240e-07 
    4 KSP Residual norm 2.958526265537e-07 
    5 KSP Residual norm 1.063826459837e-07 
  Linear solve converged due to CONVERGED_RTOL iterations 5
  4 SNES Function norm 1.063185665588e-07 
Nonlinear solve converged due to CONVERGED_FNORM_RELATIVE
Solution statistics after solve: Fine
CONVERGED_FNORM_RELATIVE: Number of Newton iterations = 4, total linear iterations = 14
|X|_2 305445   u in [6.21653, 195.718]   v in [-4.65746, 5.18352]   c in [6.21658, 195.719] 
Surface statistics: u in [8.285075e+00, 1.957184e+02] mean 7.832711e+01
Global eta range   [2.65314e+10, 9.2273e+12], converged range [2.65453e+10, 7.13292e+12]
Global beta2 range [5.59393e+09, 2.12481e+13], converged range [5.65076e+09, 7.0617e+09]

************************************************************************************************************************
***             WIDEN YOUR WINDOW TO 120 CHARACTERS.  Use 'enscript -r -fCourier9' to print this document            ***
************************************************************************************************************************

---------------------------------------------- PETSc Performance Summary: ----------------------------------------------

./ex48 on a bgp-xlc-h named ionode65 with 256 processors, by Unknown Thu Dec  9 17:28:29 2010
Using Petsc Development HG revision: 179fe3d1768f57c49fa44a3a47095b573a99716c  HG Date: Wed Dec 08 11:34:50 2010 -0600

                         Max       Max/Min        Avg      Total 
Time (sec):           1.869e+02      1.00001   1.869e+02
Objects:              8.510e+02      1.00000   8.510e+02
Flops:                5.263e+09      1.02624   5.194e+09  1.330e+12
Flops/sec:            2.816e+07      1.02624   2.779e+07  7.114e+09
MPI Messages:         1.405e+06      1.77673   9.427e+05  2.413e+08
MPI Message Lengths:  1.979e+09      3.74896   8.799e+02  2.123e+11
MPI Reductions:       3.979e+03      1.00000

Flop counting convention: 1 flop = 1 real number operation of type (multiply/divide/add/subtract)
                            e.g., VecAXPY() for real vectors of length N --> 2N flops
                            and VecAXPY() for complex vectors of length N --> 8N flops

Summary of Stages:   ----- Time ------  ----- Flops -----  --- Messages ---  -- Message Lengths --  -- Reductions --
                        Avg     %Total     Avg     %Total   counts   %Total     Avg         %Total   counts   %Total 
 0:      Main Stage: 8.3901e-02   0.0%  3.2204e+08   0.0%  1.354e+04   0.0%  2.131e-02        0.0%  1.500e+01   0.4% 
 1:      Full solve: 1.2304e+02  65.8%  7.0866e+11  53.3%  1.926e+08  79.8%  6.799e+02       77.3%  2.505e+03  63.0% 
 2:    Fine-1 solve: 1.4027e+01   7.5%  6.7312e+10   5.1%  2.424e+07  10.0%  8.705e+01        9.9%  3.930e+02   9.9% 
 3: Fine-only solve: 4.9756e+01  26.6%  5.5333e+11  41.6%  2.447e+07  10.1%  1.130e+02       12.8%  5.630e+02  14.1% 

------------------------------------------------------------------------------------------------------------------------
See the 'Profiling' chapter of the users' manual for details on interpreting output.
Phase summary info:
   Count: number of times phase was executed
   Time and Flops: Max - maximum over all processors
                   Ratio - ratio of maximum to minimum over all processors
   Mess: number of messages sent
   Avg. len: average message length
   Reduct: number of global reductions
   Global: entire computation
   Stage: stages of a computation. Set stages with PetscLogStagePush() and PetscLogStagePop().
      %T - percent time in this phase         %F - percent flops in this phase
      %M - percent messages in this phase     %L - percent message lengths in this phase
      %R - percent reductions in this phase
   Total Mflop/s: 10e-6 * (sum of flops over all processors)/(max time over all processors)
------------------------------------------------------------------------------------------------------------------------
Event                Count      Time (sec)     Flops                             --- Global ---  --- Stage ---   Total
                   Max Ratio  Max     Ratio   Max  Ratio  Mess   Avg len Reduct  %T %F %M %L %R  %T %F %M %L %R Mflop/s
------------------------------------------------------------------------------------------------------------------------

--- Event Stage 0: Main Stage

VecSet                 2 1.0 3.6240e-05 1.1 0.00e+00 0.0 0.0e+00 0.0e+00 0.0e+00  0  0  0  0  0   0  0  0  0  0     0
VecPointwiseMult       1 1.0 1.8907e-04 1.3 1.28e+04 1.0 0.0e+00 0.0e+00 0.0e+00  0  0  0  0  0   0  1  0  0  0 17332
VecScatterBegin        2 1.0 1.2088e-04 1.1 0.00e+00 0.0 1.5e+03 3.3e+03 0.0e+00  0  0  0  0  0   0  0 11 99  0     0
VecScatterEnd          2 1.0 1.0219e-03 5.7 0.00e+00 0.0 0.0e+00 0.0e+00 0.0e+00  0  0  0  0  0   0  0  0  0  0     0
MatMult                1 1.0 7.3121e-03 1.1 5.72e+05 1.0 7.7e+02 3.3e+03 0.0e+00  0  0  0  0  0   8 46  6 49  0 20041
MatMultTranspose       1 1.0 9.1488e-03 1.0 6.73e+05 1.0 7.7e+02 3.3e+03 0.0e+00  0  0  0  0  0  10 53  6 49  0 18825

--- Event Stage 1: Full solve

PetscBarrier          32 1.0 1.5254e-03 2.1 0.00e+00 0.0 0.0e+00 0.0e+00 0.0e+00  0  0  0  0  0   0  0  0  0  0     0
VecDot                32 1.0 2.1867e-02 6.3 9.58e+05 1.0 0.0e+00 0.0e+00 3.2e+01  0  0  0  0  1   0  0  0  0  1 11218
VecMDot              504 1.0 2.9208e-01 4.7 1.63e+07 1.0 0.0e+00 0.0e+00 5.0e+02  0  0  0  0 13   0  1  0  0 20 14255
VecNorm             1203 1.0 3.6301e-01 2.9 2.53e+07 1.0 0.0e+00 0.0e+00 1.2e+03  0  0  0  0 30   0  1  0  0 48 17828
VecScale             957 1.0 4.8896e-02 1.0 9.78e+06 1.0 0.0e+00 0.0e+00 0.0e+00  0  0  0  0  0   0  0  0  0  0 51179
VecCopy              549 1.0 2.9395e-02 1.0 0.00e+00 0.0 0.0e+00 0.0e+00 0.0e+00  0  0  0  0  0   0  0  0  0  0     0
VecSet              4602 1.0 7.4772e-02 1.1 0.00e+00 0.0 0.0e+00 0.0e+00 0.0e+00  0  0  0  0  0   0  0  0  0  0     0
VecAXPY              626 1.0 4.0791e-02 1.1 1.24e+07 1.0 0.0e+00 0.0e+00 0.0e+00  0  0  0  0  0   0  0  0  0  0 77841
VecAYPX              173 1.0 2.3771e-02 1.0 1.91e+06 1.0 0.0e+00 0.0e+00 0.0e+00  0  0  0  0  0   0  0  0  0  0 20534
VecWAXPY              33 1.0 6.9141e-03 1.0 4.80e+05 1.0 0.0e+00 0.0e+00 0.0e+00  0  0  0  0  0   0  0  0  0  0 17756
VecMAXPY             957 1.0 8.0321e-02 1.0 2.72e+07 1.0 0.0e+00 0.0e+00 0.0e+00  0  1  0  0  0   0  1  0  0  0 86770
VecPointwiseMult      53 1.0 1.3530e-03 1.2 7.05e+04 1.0 0.0e+00 0.0e+00 0.0e+00  0  0  0  0  0   0  0  0  0  0 13344
VecScatterBegin     1450 1.0 1.3485e-01 1.0 0.00e+00 0.0 2.4e+06 1.7e+03 0.0e+00  0  0  1  2  0   0  0  1  3  0     0
VecScatterEnd       1450 1.0 8.5934e-01 6.6 0.00e+00 0.0 0.0e+00 0.0e+00 0.0e+00  0  0  0  0  0   0  0  0  0  0     0
VecReduceArith        10 1.0 1.4634e-03 1.0 4.60e+05 1.0 0.0e+00 0.0e+00 0.0e+00  0  0  0  0  0   0  0  0  0  0 80518
VecReduceComm          5 1.0 4.8280e-04 1.7 0.00e+00 0.0 0.0e+00 0.0e+00 5.0e+00  0  0  0  0  0   0  0  0  0  0     0
VecNormalize         858 1.0 3.3177e-01 2.5 2.29e+07 1.0 0.0e+00 0.0e+00 8.6e+02  0  0  0  0 22   0  1  0  0 34 17667
MatMult            89974 1.1 9.7955e+00 1.0 1.16e+09 1.1 1.8e+06 2.0e+03 0.0e+00  5 22  1  2  0   8 41  1  2  0 29365
MatMultAdd         89261 1.1 1.4629e+00 1.1 1.55e+08 1.1 1.3e+05 5.4e+02 0.0e+00  1  3  0  0  0   1  5  0  0  0 26029
MatMultTranspose     230 1.0 5.3595e-01 2.2 1.72e+07 1.0 1.8e+05 5.4e+02 0.0e+00  0  0  0  0  0   0  1  0  0  0  8210
MatSolve             865 1.0 6.7843e+00 1.0 9.56e+08 1.0 0.0e+00 0.0e+00 0.0e+00  4 18  0  0  0   6 35  0  0  0 36074
MatCholFctrSym         4 1.0 7.7248e-04 1.0 0.00e+00 0.0 0.0e+00 0.0e+00 0.0e+00  0  0  0  0  0   0  0  0  0  0     0
MatCholFctrNum        53 1.0 3.4926e+00 1.0 4.27e+08 1.0 0.0e+00 0.0e+00 0.0e+00  2  8  0  0  0   3 15  0  0  0 31324
MatICCFactorSym        6 1.0 1.0179e-01 1.0 0.00e+00 0.0 0.0e+00 0.0e+00 0.0e+00  0  0  0  0  0   0  0  0  0  0     0
MatAssemblyBegin      94 1.0 7.1124e-01 2.6 0.00e+00 0.0 2.0e+05 3.9e+04 2.4e+02  0  0  0  4  6   0  0  0  5 10     0
MatAssemblyEnd        94 1.0 7.9743e-01 1.5 0.00e+00 0.0 4.5e+04 1.3e+03 8.8e+01  0  0  0  0  2   0  0  0  0  4     0
MatGetRowIJ           33 1.0 1.6594e-04 1.1 0.00e+00 0.0 0.0e+00 0.0e+00 0.0e+00  0  0  0  0  0   0  0  0  0  0     0
MatGetOrdering        33 1.0 1.5621e-02 1.0 0.00e+00 0.0 0.0e+00 0.0e+00 6.6e+01  0  0  0  0  2   0  0  0  0  3     0
MatZeroEntries        85 1.0 2.6951e-02 1.1 0.00e+00 0.0 0.0e+00 0.0e+00 0.0e+00  0  0  0  0  0   0  0  0  0  0     0
SNESSolve              5 1.0 1.2155e+02 1.0 2.80e+09 1.0 1.9e+08 8.5e+02 2.2e+03 65 53 80 77 56  99100100100 89  5827
SNESLineSearch        32 1.0 6.3304e+00 1.0 5.58e+07 1.1 2.0e+05 2.0e+03 1.3e+02  3  1  0  0  3   5  2  0  0  5  2177
SNESFunctionEval      38 1.0 7.2238e+00 1.0 0.00e+00 0.0 1.6e+05 1.9e+03 1.0e+01  4  0  0  0  0   6  0  0  0  0     0
SNESJacobianEval      32 1.0 2.1414e+01 1.0 3.74e+06 1.0 4.1e+05 1.9e+04 2.3e+02 11  0  0  4  6  17  0  0  5  9    45
KSPGMRESOrthog       504 1.0 3.4894e-01 3.0 3.25e+07 1.0 0.0e+00 0.0e+00 5.0e+02  0  1  0  0 13   0  1  0  0 20 23864
KSPSetup             170 1.0 1.3687e-02 1.0 0.00e+00 0.0 0.0e+00 0.0e+00 4.0e+01  0  0  0  0  1   0  0  0  0  2     0
KSPSolve              32 1.0 9.2406e+01 1.0 2.74e+09 1.0 1.9e+08 8.1e+02 1.8e+03 49 52 80 73 45  75 98100 95 72  7502
PCSetUp               85 1.0 7.5910e+01 1.0 6.81e+08 1.0 1.9e+08 8.0e+02 7.0e+01 41 13 79 71  2  62 24 98 92  3  2258
PCSetUpOnBlocks      346 1.0 3.6174e+00 1.0 4.27e+08 1.0 0.0e+00 0.0e+00 7.0e+01  2  8  0  0  2   3 15  0  0  3 30244
PCApply               83 1.0 1.8512e+01 1.0 2.30e+09 1.0 2.1e+06 1.8e+03 1.5e+03 10 44  1  2 39  15 82  1  2 61 31323

--- Event Stage 2: Fine-1 solve

PetscBarrier           4 1.0 2.0123e-04 2.1 0.00e+00 0.0 0.0e+00 0.0e+00 0.0e+00  0  0  0  0  0   0  0  0  0  0     0
VecDot                 4 1.0 3.5422e-03 9.2 1.02e+05 1.0 0.0e+00 0.0e+00 4.0e+00  0  0  0  0  0   0  0  0  0  1  7400
VecMDot               96 1.0 4.2509e-02 5.7 1.40e+06 1.0 0.0e+00 0.0e+00 9.6e+01  0  0  0  0  2   0  1  0  0 24  8412
VecNorm              228 1.0 4.9878e-02 3.1 2.38e+06 1.0 0.0e+00 0.0e+00 2.3e+02  0  0  0  0  6   0  1  0  0 58 12208
VecScale             184 1.0 5.4600e-03 1.0 9.11e+05 1.0 0.0e+00 0.0e+00 0.0e+00  0  0  0  0  0   0  0  0  0  0 42694
VecCopy              100 1.0 3.3371e-03 1.0 0.00e+00 0.0 0.0e+00 0.0e+00 0.0e+00  0  0  0  0  0   0  0  0  0  0     0
VecSet               918 1.0 9.8376e-03 1.1 0.00e+00 0.0 0.0e+00 0.0e+00 0.0e+00  0  0  0  0  0   0  0  0  0  0     0
VecAXPY              124 1.0 5.4324e-03 1.2 1.16e+06 1.0 0.0e+00 0.0e+00 0.0e+00  0  0  0  0  0   0  0  0  0  0 54698
VecAYPX               36 1.0 2.6374e-03 1.1 1.76e+05 1.0 0.0e+00 0.0e+00 0.0e+00  0  0  0  0  0   0  0  0  0  0 17108
VecWAXPY               4 1.0 8.4925e-04 1.2 5.12e+04 1.0 0.0e+00 0.0e+00 0.0e+00  0  0  0  0  0   0  0  0  0  0 15434
VecMAXPY             184 1.0 9.4550e-03 1.1 2.41e+06 1.0 0.0e+00 0.0e+00 0.0e+00  0  0  0  0  0   0  1  0  0  0 65252
VecPointwiseMult      12 1.0 1.9264e-04 1.1 7.68e+03 1.0 0.0e+00 0.0e+00 0.0e+00  0  0  0  0  0   0  0  0  0  0 10206
VecScatterBegin      282 1.0 2.2726e-02 1.0 0.00e+00 0.0 4.7e+05 1.4e+03 0.0e+00  0  0  0  0  0   0  0  2  3  0     0
VecScatterEnd        282 1.0 1.4285e-01 5.9 0.00e+00 0.0 0.0e+00 0.0e+00 0.0e+00  0  0  0  0  0   0  0  0  0  0     0
VecReduceArith         2 1.0 1.7524e-04 1.0 5.12e+04 1.0 0.0e+00 0.0e+00 0.0e+00  0  0  0  0  0   0  0  0  0  0 74794
VecReduceComm          1 1.0 5.2381e-0415.8 0.00e+00 0.0 0.0e+00 0.0e+00 1.0e+00  0  0  0  0  0   0  0  0  0  0     0
VecNormalize         168 1.0 4.7609e-02 2.7 2.12e+06 1.0 0.0e+00 0.0e+00 1.7e+02  0  0  0  0  4   0  1  0  0 43 11385
MatMult            11308 1.1 9.4918e-01 1.1 1.12e+08 1.1 3.5e+05 1.6e+03 0.0e+00  0  2  0  0  0   6 40  1  3  0 28595
MatMultAdd         11172 1.1 1.8058e-01 1.1 1.90e+07 1.1 2.8e+04 4.1e+02 0.0e+00  0  0  0  0  0   1  7  0  0  0 25758
MatMultTranspose      48 1.0 8.2223e-02 3.2 1.56e+06 1.0 3.7e+04 4.1e+02 0.0e+00  0  0  0  0  0   0  1  0  0  0  4864
MatSolve             180 1.0 5.7487e-01 1.0 8.48e+07 1.0 0.0e+00 0.0e+00 0.0e+00  0  2  0  0  0   4 32  0  0  0 37776
MatCholFctrNum        12 1.0 3.5649e-01 1.0 4.37e+07 1.0 0.0e+00 0.0e+00 0.0e+00  0  1  0  0  0   3 17  0  0  0 31349
MatAssemblyBegin      16 1.0 1.0512e-01 2.1 0.00e+00 0.0 3.7e+04 3.6e+04 4.4e+01  0  0  0  1  1   1  0  0  6 11     0
MatAssemblyEnd        16 1.0 9.7549e-02 2.2 0.00e+00 0.0 0.0e+00 0.0e+00 0.0e+00  0  0  0  0  0   0  0  0  0  0     0
MatGetRowIJ            8 1.0 4.1962e-05 1.2 0.00e+00 0.0 0.0e+00 0.0e+00 0.0e+00  0  0  0  0  0   0  0  0  0  0     0
MatGetOrdering         8 1.0 2.0270e-03 1.0 0.00e+00 0.0 0.0e+00 0.0e+00 1.6e+01  0  0  0  0  0   0  0  0  0  4     0
MatZeroEntries        16 1.0 3.0060e-03 1.2 0.00e+00 0.0 0.0e+00 0.0e+00 0.0e+00  0  0  0  0  0   0  0  0  0  0     0
SNESSolve              1 1.0 1.4027e+01 1.0 2.68e+08 1.0 2.4e+07 8.7e+02 3.9e+02  8  5 10 10 10 100100100100100  4799
SNESLineSearch         4 1.0 6.6833e-01 1.0 5.99e+06 1.1 2.5e+04 2.8e+03 1.6e+01  0  0  0  0  0   5  2  0  0  4  2167
SNESFunctionEval       5 1.0 7.6816e-01 1.0 0.00e+00 0.0 2.0e+04 2.6e+03 0.0e+00  0  0  0  0  0   5  0  0  0  0     0
SNESJacobianEval       4 1.0 2.2974e+00 1.0 3.98e+05 1.0 7.9e+04 1.7e+04 4.4e+01  1  0  0  1  1  16  0  0  6 11    44
KSPGMRESOrthog        96 1.0 4.9811e-02 3.4 2.79e+06 1.0 0.0e+00 0.0e+00 9.6e+01  0  0  0  0  2   0  1  0  0 24 14359
KSPSetup              32 1.0 1.3638e-04 1.1 0.00e+00 0.0 0.0e+00 0.0e+00 0.0e+00  0  0  0  0  0   0  0  0  0  0     0
KSPSolve               4 1.0 1.0908e+01 1.0 2.62e+08 1.0 2.4e+07 8.1e+02 3.3e+02  6  5 10  9  8  78 98100 93 83  6025
PCSetUp               16 1.0 9.3744e+00 1.0 7.54e+07 1.0 2.4e+07 8.0e+02 1.6e+01  5  1 10  9  0  67 28 98 90  4  2018
PCSetUpOnBlocks       72 1.0 3.5993e-01 1.0 4.37e+07 1.0 0.0e+00 0.0e+00 1.6e+01  0  1  0  0  0   3 17  0  0  4 31050
PCApply               12 1.0 1.7490e+00 1.0 2.14e+08 1.1 4.2e+05 1.4e+03 3.0e+02  1  4  0  0  8  12 79  2  3 77 30508

--- Event Stage 3: Fine-only solve

PetscBarrier           4 1.0 2.0742e-04 2.0 0.00e+00 0.0 0.0e+00 0.0e+00 0.0e+00  0  0  0  0  0   0  0  0  0  0     0
VecDot                 4 1.0 1.4866e-02 7.1 8.03e+05 1.0 0.0e+00 0.0e+00 4.0e+00  0  0  0  0  0   0  0  0  0  1 13825
VecMDot              140 1.0 2.0006e-01 5.2 1.39e+07 1.0 0.0e+00 0.0e+00 1.4e+02  0  0  0  0  4   0  1  0  0 25 17747
VecNorm              334 1.0 2.0167e-01 2.6 2.13e+07 1.0 0.0e+00 0.0e+00 3.3e+02  0  0  0  0  8   0  1  0  0 59 27071
VecScale             270 1.0 3.6643e-02 1.0 8.25e+06 1.0 0.0e+00 0.0e+00 0.0e+00  0  0  0  0  0   0  0  0  0  0 57633
VecCopy              142 1.0 2.2736e-02 1.0 0.00e+00 0.0 0.0e+00 0.0e+00 0.0e+00  0  0  0  0  0   0  0  0  0  0     0
VecSet              1378 1.0 4.9409e-02 1.1 0.00e+00 0.0 0.0e+00 0.0e+00 0.0e+00  0  0  0  0  0   0  0  0  0  0     0
VecAXPY              186 1.0 3.0916e-02 1.0 1.05e+07 1.0 0.0e+00 0.0e+00 0.0e+00  0  0  0  0  0   0  0  0  0  0 86671
VecAYPX               56 1.0 1.9041e-02 1.0 1.61e+06 1.0 0.0e+00 0.0e+00 0.0e+00  0  0  0  0  0   0  0  0  0  0 21653
VecWAXPY               4 1.0 5.4684e-03 1.0 4.01e+05 1.0 0.0e+00 0.0e+00 0.0e+00  0  0  0  0  0   0  0  0  0  0 18792
VecMAXPY             270 1.0 6.3093e-02 1.0 2.31e+07 1.0 0.0e+00 0.0e+00 0.0e+00  0  0  0  0  0   0  1  0  0  0 93818
VecPointwiseMult      16 1.0 9.4986e-04 1.2 5.89e+04 1.0 0.0e+00 0.0e+00 0.0e+00  0  0  0  0  0   0  0  0  0  0 15869
VecScatterBegin      414 1.0 6.6851e-02 1.0 0.00e+00 0.0 6.8e+05 4.3e+03 0.0e+00  0  0  0  1  0   0  0  3 11  0     0
VecScatterEnd        414 1.0 6.4273e-0110.3 0.00e+00 0.0 0.0e+00 0.0e+00 0.0e+00  0  0  0  0  0   0  0  0  0  0     0
VecReduceArith         2 1.0 1.2062e-03 1.0 4.01e+05 1.0 0.0e+00 0.0e+00 0.0e+00  0  0  0  0  0   0  0  0  0  0 85196
VecReduceComm          1 1.0 4.9782e-0414.6 0.00e+00 0.0 0.0e+00 0.0e+00 1.0e+00  0  0  0  0  0   0  0  0  0  0     0
VecNormalize         252 1.0 2.0286e-01 2.5 1.93e+07 1.0 0.0e+00 0.0e+00 2.5e+02  0  0  0  0  6   0  1  0  0 45 24393
MatMult            11392 1.1 7.3679e+00 1.0 9.06e+08 1.1 5.2e+05 4.8e+03 0.0e+00  4 17  0  1  0  14 41  2  9  0 30445
MatMultAdd         11192 1.1 2.9367e-01 1.0 2.86e+07 1.1 4.3e+04 1.1e+03 0.0e+00  0  1  0  0  0   1  1  0  0  0 24220
MatMultTranspose      72 1.0 4.3354e-01 2.3 1.39e+07 1.0 5.5e+04 1.1e+03 0.0e+00  0  0  0  0  0   0  1  0  0  0  8188
MatSolve             280 1.0 5.7984e+00 1.0 8.09e+08 1.0 0.0e+00 0.0e+00 0.0e+00  3 16  0  0  0  12 37  0  0  0 35737
MatCholFctrNum        16 1.0 2.9200e+00 1.0 3.53e+08 1.0 0.0e+00 0.0e+00 0.0e+00  2  7  0  0  0   6 16  0  0  0 30984
MatAssemblyBegin      20 1.0 5.1028e-01 3.0 0.00e+00 0.0 4.6e+04 1.2e+05 5.6e+01  0  0  0  3  1   1  0  0 19 10     0
MatAssemblyEnd        20 1.0 4.1049e-01 2.2 0.00e+00 0.0 0.0e+00 0.0e+00 0.0e+00  0  0  0  0  0   0  0  0  0  0     0
MatGetRowIJ           12 1.0 6.1989e-05 1.2 0.00e+00 0.0 0.0e+00 0.0e+00 0.0e+00  0  0  0  0  0   0  0  0  0  0     0
MatGetOrdering        12 1.0 1.1811e-02 1.0 0.00e+00 0.0 0.0e+00 0.0e+00 2.4e+01  0  0  0  0  1   0  0  0  0  4     0
MatZeroEntries        20 1.0 2.2033e-02 1.1 0.00e+00 0.0 0.0e+00 0.0e+00 0.0e+00  0  0  0  0  0   0  0  0  0  0     0
SNESSolve              1 1.0 4.9756e+01 1.0 2.19e+09 1.0 2.4e+07 1.1e+03 5.6e+02 27 42 10 13 14 100100100100100 11121
SNESLineSearch         4 1.0 5.2937e+00 1.0 4.67e+07 1.1 2.5e+04 1.1e+04 1.6e+01  3  1  0  0  0  11  2  0  1  3  2192
SNESFunctionEval       5 1.0 6.1185e+00 1.0 0.00e+00 0.0 2.0e+04 9.7e+03 0.0e+00  3  0  0  0  0  12  0  0  1  0     0
SNESJacobianEval       4 1.0 1.7898e+01 1.0 3.14e+06 1.0 9.9e+04 5.5e+04 5.6e+01 10  0  0  3  1  36  0  0 20 10    45
KSPGMRESOrthog       140 1.0 2.3971e-01 3.1 2.77e+07 1.0 0.0e+00 0.0e+00 1.4e+02  0  1  0  0  4   0  1  0  0 25 29623
KSPSetup              40 1.0 1.6904e-04 1.1 0.00e+00 0.0 0.0e+00 0.0e+00 0.0e+00  0  0  0  0  0   0  0  0  0  0     0
KSPSolve               4 1.0 2.5334e+01 1.0 2.14e+09 1.0 2.4e+07 8.8e+02 4.9e+02 14 41 10 10 12  51 98 99 79 86 21340
PCSetUp               20 1.0 1.1947e+01 1.0 3.85e+08 1.0 2.4e+07 8.0e+02 2.4e+01  6  7 10  9  1  24 18 97 69  4  8222
PCSetUpOnBlocks      112 1.0 2.9340e+00 1.0 3.53e+08 1.0 0.0e+00 0.0e+00 2.4e+01  2  7  0  0  1   6 16  0  0  4 30837
PCApply               14 1.0 1.5026e+01 1.0 1.94e+09 1.0 6.2e+05 3.6e+03 4.6e+02  8 37  0  1 12  30 88  3  8 81 32558
------------------------------------------------------------------------------------------------------------------------

Memory usage is given in bytes:

Object Type          Creations   Destructions     Memory  Descendants' Mem.
Reports information only for process 0.

--- Event Stage 0: Main Stage

 Toy Hydrostatic Ice     0              1          508     0
   Distributed array     0             10       575544     0
                 Vec     0            331     45357972     0
         Vec Scatter     0             37        22940     0
           Index Set     0             10       267880     0
   IS L to G Mapping     0             20         6320     0
              Matrix     0             49     49236004     0
                SNES     0              5         3780     0
       Krylov Solver     0             30       340024     0
      Preconditioner     0             30        15804     0
              Viewer     0              1          408     0

--- Event Stage 1: Full solve

 Toy Hydrostatic Ice     1              0            0     0
   Distributed array    10              0            0     0
                 Vec   464             52      2020640     0
         Vec Scatter    37              0            0     0
           Index Set   140            130      1094020     0
   IS L to G Mapping    20              0            0     0
              Matrix    49              0            0     0
                SNES     5              0            0     0
       Krylov Solver    30              0            0     0
      Preconditioner    30              0            0     0
              Viewer     1              0            0     0

--- Event Stage 2: Fine-1 solve

                 Vec    12              0            0     0
           Index Set    16             16       122432     0

--- Event Stage 3: Fine-only solve

                 Vec    12              0            0     0
           Index Set    24             24       928608     0
========================================================================================================================
Average time to get PetscTime(): 3.50475e-06
Average time for MPI_Barrier(): 2.00272e-06
Average time for zero size MPI_Send(): 1.12029e-05
#PETSc Option Table entries:
-M 32
-P 4
-dmmg_form_function_ghost 1
-dmmg_grid_sequence 1
-ksp_converged_reason
-ksp_monitor
-ksp_rtol 1e-2
-log_summary
-mg_coarse_pc_type tfs
-mg_levels_0_pc_type tfs
-mg_levels_1_sub_pc_type cholesky
-pc_mg_type multiplicative
-repeat_fine_solve 1
-snes_converged_reason
-snes_monitor
-thi_L 80e3
-thi_friction_m 0.3
-thi_hom z
-thi_nlevels 5
#End of PETSc Option Table entries
Compiled with FORTRAN kernels
Compiled with full precision matrices (default)
sizeof(short) 2 sizeof(int) 4 sizeof(long) 4 sizeof(void*) 4 sizeof(PetscScalar) 8
Configure run at: Thu Dec  9 16:16:25 2010
Configure options: --with-x=0 --with-is-color-value-type=short --with-debugging=1 --with-fortran-kernels=1 --with-mpi-dir=/bgsys/drivers/ppcfloor/comm --with-batch=1 --known-mpi-shared-libraries=1 --known-memcmp-ok --known-sizeof-char=1 --known-sizeof-void-p=4 --known-sizeof-short=2 --known-sizeof-int=4 --known-sizeof-long=4 --known-sizeof-size_t=4 --known-sizeof-long-long=8 --known-sizeof-float=4 --known-sizeof-double=8 --known-bits-per-byte=8 --known-sizeof-MPI_Comm=4 --known-sizeof-MPI_Fint=4 --known-mpi-long-double=1 --known-level1-dcache-assoc=0 --known-level1-dcache-linesize=32 --known-level1-dcache-size=32768 --download-hypre=1 --with-shared=0 --prefix=/opt/share/ksl/petsc/dev-dec9-hypre/ppc450d-bgp_xlc_hypre_fast --with-clanguage=c --COPTFLAGS="     -O3 -qhot" --CXXOPTFLAGS="     -O3 -qhot" --FOPTFLAGS="     -O3 -qhot" --LIBS=" -L/bgsys/ibm_essl/sles10/prod/opt/ibmmath/lib -L/opt/ibmcmp/xlsmp/bg/1.7/lib -L/opt/ibmcmp/xlmass/bg/4.4/bglib -L/opt/ibmcmp/xlf/bg/11.1/bglib -L/bgsys/ibm_essl/sles10/prod/opt/ibmmath/lib -L/opt/ibmcmp/xlsmp/bg/1.7/lib -L/opt/ibmcmp/xlmass/bg/4.4/bglib -L/opt/ibmcmp/xlf/bg/11.1/bglib   -lesslbg  -lxlf90_r -lxlopt -lxlsmp -lxl -lxlfmath  -lesslbg  -lxlf90_r -lxlopt -lxlsmp -lxl -lxlfmath -O3" --CC=/bgsys/drivers/ppcfloor/comm/xl/bin/mpixlc_r --CXX=/bgsys/drivers/ppcfloor/comm/xl/bin/mpixlcxx_r --FC=/bgsys/drivers/ppcfloor/comm/xl/bin/mpixlf90_r --with-debugging=0 PETSC_ARCH=bgp-xlc-hypre-fast
-----------------------------------------
Libraries compiled on Thu Dec  9 16:16:25 2010 on fen1 
Machine characteristics: Linux-2.6.16.60-0.66.1-ppc64-ppc64-with-SuSE-10-ppc
Using PETSc directory: /tmp/aron/builddir_ppc64/petsc-dev-dec9-hypre-bgp_xlc_hypre_fast/petsc-dev
Using PETSc arch: bgp-xlc-hypre-fast
-----------------------------------------

Using C compiler: /bgsys/drivers/ppcfloor/comm/xl/bin/mpixlc_r  -O3 -qhot  ${COPTFLAGS} ${CFLAGS}
Using Fortran compiler: /bgsys/drivers/ppcfloor/comm/xl/bin/mpixlf90_r  -O3 -qhot   ${FOPTFLAGS} ${FFLAGS} 
-----------------------------------------

Using include paths: -I/tmp/aron/builddir_ppc64/petsc-dev-dec9-hypre-bgp_xlc_hypre_fast/petsc-dev/bgp-xlc-hypre-fast/include -I/tmp/aron/builddir_ppc64/petsc-dev-dec9-hypre-bgp_xlc_hypre_fast/petsc-dev/include -I/tmp/aron/builddir_ppc64/petsc-dev-dec9-hypre-bgp_xlc_hypre_fast/petsc-dev/include -I/tmp/aron/builddir_ppc64/petsc-dev-dec9-hypre-bgp_xlc_hypre_fast/petsc-dev/bgp-xlc-hypre-fast/include -I/bgsys/drivers/ppcfloor/comm/include
-----------------------------------------

Using C linker: /bgsys/drivers/ppcfloor/comm/xl/bin/mpixlc_r
Using Fortran linker: /bgsys/drivers/ppcfloor/comm/xl/bin/mpixlf90_r
Using libraries: -Wl,-rpath,/tmp/aron/builddir_ppc64/petsc-dev-dec9-hypre-bgp_xlc_hypre_fast/petsc-dev/bgp-xlc-hypre-fast/lib -L/tmp/aron/builddir_ppc64/petsc-dev-dec9-hypre-bgp_xlc_hypre_fast/petsc-dev/bgp-xlc-hypre-fast/lib -lpetscts -lpetscsnes -lpetscksp -lpetscdm -lpetscmat -lpetscvec -lpetscsys -Wl,-rpath,/tmp/aron/builddir_ppc64/petsc-dev-dec9-hypre-bgp_xlc_hypre_fast/petsc-dev/bgp-xlc-hypre-fast/lib -L/tmp/aron/builddir_ppc64/petsc-dev-dec9-hypre-bgp_xlc_hypre_fast/petsc-dev/bgp-xlc-hypre-fast/lib -lHYPRE -Wl,-rpath,/opt/ibmcmp/lib/bg/bglib -Wl,-rpath,/bgsys/drivers/V1R4M2_200_2010-100508P/ppc/comm/sys/lib -Wl,-rpath,/bgsys/drivers/V1R4M2_200_2010-100508P/ppc/runtime/SPI -lcxxmpich.cnk -libmc++ -lstdc++ -L/bgsys/ibm_essl/sles10/prod/opt/ibmmath/lib -L/opt/ibmcmp/xlsmp/bg/1.7/lib -L/opt/ibmcmp/xlmass/bg/4.4/bglib -L/opt/ibmcmp/xlf/bg/11.1/bglib -L/bgsys/drivers/V1R4M2_200_2010-100508P/ppc/comm/xl/lib -L/bgsys/drivers/V1R4M2_200_2010-100508P/ppc/comm/sys/lib -L/bgsys/drivers/V1R4M2_200_2010-100508P/ppc/runtime/SPI -L/opt/ibmcmp/xlsmp/bg/1.7/bglib -L/opt/ibmcmp/vac/bg/9.0/bglib -L/opt/ibmcmp/vacpp/bg/9.0/bglib -L/bgsys/drivers/ppcfloor/gnu-linux/lib/gcc/powerpc-bgp-linux/4.1.2 -L/bgsys/drivers/ppcfloor/gnu-linux/powerpc-bgp-linux/lib -ldl -lesslbg -lxlf90_r -lxlopt -lxlsmp -lxl -lxlfmath -lpmpich.cnk -lmpich.cnk -lopa -ldcmf.cnk -ldcmfcoll.cnk -lpthread -lSPI.cna -lrt -lgcc_eh -lxlomp_ser -lm -lcxxmpich.cnk -libmc++ -lstdc++ -lcxxmpich.cnk -libmc++ -lstdc++ -ldl -lesslbg -lxlf90_r -lxlopt -lxlsmp -lxl -lxlfmath -lpmpich.cnk -lmpich.cnk -lopa -ldcmf.cnk -ldcmfcoll.cnk -lpthread -lSPI.cna -lrt -lgcc_eh -ldl -lesslbg -lxlf90_r -lxlopt -lxlsmp -lxl -lxlfmath -lesslbg -lxlf90_r -lxlopt -lxlsmp -lxl -lxlfmath -O3 
-----------------------------------------

