Level 0 domain size (m)    8e+04 x    8e+04 x    1e+03, num elements  32 x  32 x   4 (    4096), size (m) 2500 x 2500 x 333.333
Level 1 domain size (m)    8e+04 x    8e+04 x    1e+03, num elements  64 x  64 x   7 (   28672), size (m) 1250 x 1250 x 166.667
Level 2 domain size (m)    8e+04 x    8e+04 x    1e+03, num elements 128 x 128 x  13 (  212992), size (m) 625 x 625 x 83.3333
Level 3 domain size (m)    8e+04 x    8e+04 x    1e+03, num elements 256 x 256 x  25 ( 1638400), size (m) 312.5 x 312.5 x 41.6667
Level 4 domain size (m)    8e+04 x    8e+04 x    1e+03, num elements 512 x 512 x  49 (12845056), size (m) 156.25 x 156.25 x 20.8333
          0 SNES Function norm 9.474596290571e+02 
          Linear solve converged due to CONVERGED_ITS iterations 1
          1 SNES Function norm 8.805475362802e+02 
          Linear solve converged due to CONVERGED_ITS iterations 1
          2 SNES Function norm 7.345272111140e+02 
          Linear solve converged due to CONVERGED_ITS iterations 1
          3 SNES Function norm 5.330047728653e+02 
          Linear solve converged due to CONVERGED_ITS iterations 1
          4 SNES Function norm 2.881706248925e+02 
          Linear solve converged due to CONVERGED_ITS iterations 1
          5 SNES Function norm 7.698623113159e+01 
          Linear solve converged due to CONVERGED_ITS iterations 1
          6 SNES Function norm 4.570472560971e+00 
          Linear solve converged due to CONVERGED_ITS iterations 1
          7 SNES Function norm 1.481459616155e-02 
          Linear solve converged due to CONVERGED_ITS iterations 1
          8 SNES Function norm 1.633851865856e-07 
Nonlinear solve converged due to CONVERGED_FNORM_RELATIVE
        0 SNES Function norm 3.441085991449e+02 
          0 KSP Residual norm 3.441085991449e+02 
          1 KSP Residual norm 3.251171518634e+00 
        Linear solve converged due to CONVERGED_RTOL iterations 1
        1 SNES Function norm 2.485677630998e+01 
          0 KSP Residual norm 2.485677630998e+01 
          1 KSP Residual norm 2.313461871215e+00 
          2 KSP Residual norm 3.307236346572e-01 
          3 KSP Residual norm 8.149468299576e-02 
        Linear solve converged due to CONVERGED_RTOL iterations 3
        2 SNES Function norm 5.861711301808e+00 
          0 KSP Residual norm 5.861711301808e+00 
          1 KSP Residual norm 5.796174024193e-01 
          2 KSP Residual norm 1.054536070043e-01 
          3 KSP Residual norm 2.053397457645e-02 
        Linear solve converged due to CONVERGED_RTOL iterations 3
        3 SNES Function norm 3.122094450254e+00 
          0 KSP Residual norm 3.122094450254e+00 
          1 KSP Residual norm 2.683267629989e-01 
          2 KSP Residual norm 5.679771008943e-02 
          3 KSP Residual norm 1.122924065429e-02 
        Linear solve converged due to CONVERGED_RTOL iterations 3
        4 SNES Function norm 1.156030349656e+00 
          0 KSP Residual norm 1.156030349656e+00 
          1 KSP Residual norm 9.795278589791e-02 
          2 KSP Residual norm 2.396296138206e-02 
          3 KSP Residual norm 4.717519801619e-03 
        Linear solve converged due to CONVERGED_RTOL iterations 3
        5 SNES Function norm 1.540287525612e-01 
          0 KSP Residual norm 1.540287525612e-01 
          1 KSP Residual norm 1.254760606486e-02 
          2 KSP Residual norm 2.805896027439e-03 
          3 KSP Residual norm 7.941988763032e-04 
        Linear solve converged due to CONVERGED_RTOL iterations 3
        6 SNES Function norm 5.305813763321e-03 
          0 KSP Residual norm 5.305813763321e-03 
          1 KSP Residual norm 4.673794476025e-04 
          2 KSP Residual norm 8.975160420002e-05 
          3 KSP Residual norm 2.480453928222e-05 
        Linear solve converged due to CONVERGED_RTOL iterations 3
        7 SNES Function norm 2.478400190908e-05 
          0 KSP Residual norm 2.478400190908e-05 
          1 KSP Residual norm 7.572574031013e-06 
          2 KSP Residual norm 1.861967871301e-06 
          3 KSP Residual norm 2.613361067577e-07 
          4 KSP Residual norm 7.832333760848e-08 
        Linear solve converged due to CONVERGED_RTOL iterations 4
        8 SNES Function norm 7.832313028444e-08 
Nonlinear solve converged due to CONVERGED_FNORM_RELATIVE
      0 SNES Function norm 1.243688991022e+02 
        0 KSP Residual norm 1.243688991022e+02 
        1 KSP Residual norm 2.441575656558e+00 
        2 KSP Residual norm 1.229157490730e-01 
      Linear solve converged due to CONVERGED_RTOL iterations 2
      1 SNES Function norm 2.739174535456e+00 
        0 KSP Residual norm 2.739174535456e+00 
        1 KSP Residual norm 3.318125997535e-01 
        2 KSP Residual norm 3.653506807541e-02 
        3 KSP Residual norm 1.017064058643e-02 
      Linear solve converged due to CONVERGED_RTOL iterations 3
      2 SNES Function norm 5.768644877511e-01 
        0 KSP Residual norm 5.768644877511e-01 
        1 KSP Residual norm 3.572465591615e-02 
        2 KSP Residual norm 5.268287475689e-03 
      Linear solve converged due to CONVERGED_RTOL iterations 2
      3 SNES Function norm 3.700603642357e-01 
        0 KSP Residual norm 3.700603642357e-01 
        1 KSP Residual norm 2.287562853989e-02 
        2 KSP Residual norm 2.621474527985e-03 
      Linear solve converged due to CONVERGED_RTOL iterations 2
      4 SNES Function norm 2.499101728079e-02 
        0 KSP Residual norm 2.499101728079e-02 
        1 KSP Residual norm 2.817787231821e-03 
        2 KSP Residual norm 5.538534284077e-04 
        3 KSP Residual norm 1.571683041223e-04 
      Linear solve converged due to CONVERGED_RTOL iterations 3
      5 SNES Function norm 6.051079302513e-04 
        0 KSP Residual norm 6.051079302513e-04 
        1 KSP Residual norm 8.934017169601e-05 
        2 KSP Residual norm 3.501418731639e-05 
        3 KSP Residual norm 1.397562091881e-05 
        4 KSP Residual norm 4.708660173727e-06 
      Linear solve converged due to CONVERGED_RTOL iterations 4
      6 SNES Function norm 4.717104603361e-06 
        0 KSP Residual norm 4.717104603361e-06 
        1 KSP Residual norm 1.785334816587e-06 
        2 KSP Residual norm 5.690031864094e-07 
        3 KSP Residual norm 1.948221868178e-07 
        4 KSP Residual norm 6.222702303397e-08 
        5 KSP Residual norm 8.410921752527e-09 
      Linear solve converged due to CONVERGED_RTOL iterations 5
      7 SNES Function norm 8.411276680165e-09 
Nonlinear solve converged due to CONVERGED_FNORM_RELATIVE
    0 SNES Function norm 4.444650384985e+01 
      0 KSP Residual norm 4.444650384985e+01 
      1 KSP Residual norm 7.743642660628e-01 
      2 KSP Residual norm 4.048130698936e-02 
    Linear solve converged due to CONVERGED_RTOL iterations 2
    1 SNES Function norm 2.870681782772e-01 
      0 KSP Residual norm 2.870681782772e-01 
      1 KSP Residual norm 4.444268200725e-02 
      2 KSP Residual norm 8.200467078841e-03 
      3 KSP Residual norm 1.717866137399e-03 
    Linear solve converged due to CONVERGED_RTOL iterations 3
    2 SNES Function norm 2.247944232484e-02 
      0 KSP Residual norm 2.247944232484e-02 
      1 KSP Residual norm 2.136025206968e-03 
      2 KSP Residual norm 5.223166643207e-04 
      3 KSP Residual norm 1.954278707877e-04 
    Linear solve converged due to CONVERGED_RTOL iterations 3
    3 SNES Function norm 9.942090216822e-04 
      0 KSP Residual norm 9.942090216822e-04 
      1 KSP Residual norm 1.198211328290e-04 
      2 KSP Residual norm 6.385390246979e-05 
      3 KSP Residual norm 1.612175483660e-05 
      4 KSP Residual norm 4.670268785738e-06 
    Linear solve converged due to CONVERGED_RTOL iterations 4
    4 SNES Function norm 5.455948116551e-06 
      0 KSP Residual norm 5.455948116551e-06 
      1 KSP Residual norm 2.429118550418e-06 
      2 KSP Residual norm 7.281424799135e-07 
      3 KSP Residual norm 3.062722870451e-07 
      4 KSP Residual norm 1.163235118693e-07 
      5 KSP Residual norm 4.397857014843e-08 
    Linear solve converged due to CONVERGED_RTOL iterations 5
    5 SNES Function norm 4.397688643419e-08 
Nonlinear solve converged due to CONVERGED_FNORM_RELATIVE
  0 SNES Function norm 1.579782061803e+01 
    0 KSP Residual norm 1.579782061803e+01 
    1 KSP Residual norm 1.890543438026e-01 
    2 KSP Residual norm 1.280512818236e-02 
  Linear solve converged due to CONVERGED_RTOL iterations 2
  1 SNES Function norm 3.615434248994e-02 
    0 KSP Residual norm 3.615434248994e-02 
    1 KSP Residual norm 7.396065936908e-03 
    2 KSP Residual norm 1.180822413900e-03 
    3 KSP Residual norm 3.959123090777e-04 
    4 KSP Residual norm 1.345857650964e-04 
  Linear solve converged due to CONVERGED_RTOL iterations 4
  2 SNES Function norm 1.670176829772e-03 
    0 KSP Residual norm 1.670176829772e-03 
    1 KSP Residual norm 1.440307896146e-04 
    2 KSP Residual norm 5.428656251878e-05 
    3 KSP Residual norm 2.159612615791e-05 
    4 KSP Residual norm 6.771915038810e-06 
  Linear solve converged due to CONVERGED_RTOL iterations 4
  3 SNES Function norm 3.449507746741e-05 
    0 KSP Residual norm 3.449507746741e-05 
    1 KSP Residual norm 4.045410910094e-06 
    2 KSP Residual norm 2.165883562609e-06 
    3 KSP Residual norm 6.988297974269e-07 
    4 KSP Residual norm 3.199649207710e-07 
  Linear solve converged due to CONVERGED_RTOL iterations 4
  4 SNES Function norm 3.209255457578e-07 
Nonlinear solve converged due to CONVERGED_PNORM_RELATIVE
Solution statistics after solve: Full
CONVERGED_PNORM_RELATIVE: Number of Newton iterations = 4, total linear iterations = 14
|X|_2 305445   u in [6.21653, 195.718]   v in [-4.65746, 5.18352]   c in [6.21658, 195.719] 
Surface statistics: u in [8.285075e+00, 1.957184e+02] mean 7.832711e+01
Global eta range   [2.65453e+10, 9.2273e+12], converged range [2.65453e+10, 7.13292e+12]
Global beta2 range [5.65076e+09, 2.07279e+13], converged range [5.65076e+09, 5.94082e+09]

    0 SNES Function norm 2.066296950772e+01 
      0 KSP Residual norm 2.066296950772e+01 
      1 KSP Residual norm 3.396530078872e-01 
      2 KSP Residual norm 1.088990771371e-02 
    Linear solve converged due to CONVERGED_RTOL iterations 2
    1 SNES Function norm 1.226344326144e+00 
      0 KSP Residual norm 1.226344326144e+00 
      1 KSP Residual norm 2.298281415067e-02 
      2 KSP Residual norm 9.652039667034e-04 
    Linear solve converged due to CONVERGED_RTOL iterations 2
    2 SNES Function norm 5.037109488709e-03 
      0 KSP Residual norm 5.037109488709e-03 
      1 KSP Residual norm 2.545828401199e-04 
      2 KSP Residual norm 6.782308543071e-05 
      3 KSP Residual norm 2.001919175303e-05 
    Linear solve converged due to CONVERGED_RTOL iterations 3
    3 SNES Function norm 2.003165482600e-05 
      0 KSP Residual norm 2.003165482600e-05 
      1 KSP Residual norm 8.227456130962e-06 
      2 KSP Residual norm 2.608581453982e-06 
      3 KSP Residual norm 8.214952564426e-07 
      4 KSP Residual norm 3.192783198301e-07 
      5 KSP Residual norm 1.026698910983e-07 
    Linear solve converged due to CONVERGED_RTOL iterations 5
    4 SNES Function norm 1.026354351772e-07 
Nonlinear solve converged due to CONVERGED_FNORM_RELATIVE
Solution statistics after solve: Fine-1
CONVERGED_FNORM_RELATIVE: Number of Newton iterations = 4, total linear iterations = 12
|X|_2 108839   u in [6.21654, 195.662]   v in [-4.65582, 5.18166]   c in [6.2166, 195.662] 
Surface statistics: u in [8.284169e+00, 1.956618e+02] mean 7.830605e+01
Global eta range   [2.65453e+10, 9.2273e+12], converged range [2.71115e+10, 4.92188e+12]
Global beta2 range [5.59393e+09, 2.07279e+13], converged range [5.65105e+09, 5.93247e+09]

  0 SNES Function norm 1.579782061817e+01 
    0 KSP Residual norm 1.579782061817e+01 
    1 KSP Residual norm 1.890543437846e-01 
    2 KSP Residual norm 1.280512796759e-02 
  Linear solve converged due to CONVERGED_RTOL iterations 2
  1 SNES Function norm 3.615434447202e-02 
    0 KSP Residual norm 3.615434447202e-02 
    1 KSP Residual norm 7.396065552602e-03 
    2 KSP Residual norm 1.180822062417e-03 
    3 KSP Residual norm 3.959120891051e-04 
    4 KSP Residual norm 1.345857023448e-04 
  Linear solve converged due to CONVERGED_RTOL iterations 4
  2 SNES Function norm 1.670176604095e-03 
    0 KSP Residual norm 1.670176604095e-03 
    1 KSP Residual norm 1.440307925748e-04 
    2 KSP Residual norm 5.428657323181e-05 
    3 KSP Residual norm 2.159613993657e-05 
    4 KSP Residual norm 6.771911863914e-06 
  Linear solve converged due to CONVERGED_RTOL iterations 4
  3 SNES Function norm 3.449502820460e-05 
    0 KSP Residual norm 3.449502820460e-05 
    1 KSP Residual norm 4.045404712468e-06 
    2 KSP Residual norm 2.165880799057e-06 
    3 KSP Residual norm 6.988293394308e-07 
    4 KSP Residual norm 3.199641769860e-07 
  Linear solve converged due to CONVERGED_RTOL iterations 4
  4 SNES Function norm 3.209247686872e-07 
Nonlinear solve converged due to CONVERGED_PNORM_RELATIVE
Solution statistics after solve: Fine
CONVERGED_PNORM_RELATIVE: Number of Newton iterations = 4, total linear iterations = 14
|X|_2 305445   u in [6.21653, 195.718]   v in [-4.65746, 5.18352]   c in [6.21658, 195.719] 
Surface statistics: u in [8.285075e+00, 1.957184e+02] mean 7.832711e+01
Global eta range   [2.65453e+10, 9.2273e+12], converged range [2.65453e+10, 7.13292e+12]
Global beta2 range [5.59393e+09, 2.07279e+13], converged range [5.65076e+09, 5.94082e+09]

************************************************************************************************************************
***             WIDEN YOUR WINDOW TO 120 CHARACTERS.  Use 'enscript -r -fCourier9' to print this document            ***
************************************************************************************************************************

---------------------------------------------- PETSc Performance Summary: ----------------------------------------------

./ex48 on a bgp-xlc-h named ionode73 with 1024 processors, by Unknown Thu Dec  9 17:27:55 2010
Using Petsc Development HG revision: 179fe3d1768f57c49fa44a3a47095b573a99716c  HG Date: Wed Dec 08 11:34:50 2010 -0600

                         Max       Max/Min        Avg      Total 
Time (sec):           1.461e+02      1.00006   1.461e+02
Objects:              8.510e+02      1.00000   8.510e+02
Flops:                1.278e+09      1.04986   1.253e+09  1.283e+12
Flops/sec:            8.747e+06      1.04986   8.573e+06  8.779e+09
MPI Messages:         2.697e+06      1.78684   1.969e+06  2.016e+09
MPI Message Lengths:  3.529e+09      4.85888   6.498e+02  1.310e+12
MPI Reductions:       3.972e+03      1.00000

Flop counting convention: 1 flop = 1 real number operation of type (multiply/divide/add/subtract)
                            e.g., VecAXPY() for real vectors of length N --> 2N flops
                            and VecAXPY() for complex vectors of length N --> 8N flops

Summary of Stages:   ----- Time ------  ----- Flops -----  --- Messages ---  -- Message Lengths --  -- Reductions --
                        Avg     %Total     Avg     %Total   counts   %Total     Avg         %Total   counts   %Total 
 0:      Main Stage: 1.9293e-01   0.1%  3.2204e+08   0.0%  5.936e+04   0.0%  5.346e-03        0.0%  1.500e+01   0.4% 
 1:      Full solve: 1.0998e+02  75.3%  6.8484e+11  53.4%  1.611e+09  79.9%  5.140e+02       79.1%  2.498e+03  62.9% 
 2:    Fine-1 solve: 1.3428e+01   9.2%  6.3448e+10   4.9%  2.021e+08  10.0%  6.478e+01       10.0%  3.930e+02   9.9% 
 3: Fine-only solve: 2.2525e+01  15.4%  5.3416e+11  41.6%  2.030e+08  10.1%  7.104e+01       10.9%  5.630e+02  14.2% 

------------------------------------------------------------------------------------------------------------------------
See the 'Profiling' chapter of the users' manual for details on interpreting output.
Phase summary info:
   Count: number of times phase was executed
   Time and Flops: Max - maximum over all processors
                   Ratio - ratio of maximum to minimum over all processors
   Mess: number of messages sent
   Avg. len: average message length
   Reduct: number of global reductions
   Global: entire computation
   Stage: stages of a computation. Set stages with PetscLogStagePush() and PetscLogStagePop().
      %T - percent time in this phase         %F - percent flops in this phase
      %M - percent messages in this phase     %L - percent message lengths in this phase
      %R - percent reductions in this phase
   Total Mflop/s: 10e-6 * (sum of flops over all processors)/(max time over all processors)
------------------------------------------------------------------------------------------------------------------------
Event                Count      Time (sec)     Flops                             --- Global ---  --- Stage ---   Total
                   Max Ratio  Max     Ratio   Max  Ratio  Mess   Avg len Reduct  %T %F %M %L %R  %T %F %M %L %R Mflop/s
------------------------------------------------------------------------------------------------------------------------

--- Event Stage 0: Main Stage

VecSet                 2 1.0 1.9312e-05 1.2 0.00e+00 0.0 0.0e+00 0.0e+00 0.0e+00  0  0  0  0  0   0  0  0  0  0     0
VecPointwiseMult       1 1.0 5.3167e-05 1.2 3.20e+03 1.0 0.0e+00 0.0e+00 0.0e+00  0  0  0  0  0   0  1  0  0  0 61632
VecScatterBegin        2 1.0 1.0085e-04 1.1 0.00e+00 0.0 6.1e+03 1.7e+03 0.0e+00  0  0  0  0  0   0  0 10 97  0     0
VecScatterEnd          2 1.0 1.5621e-0311.0 0.00e+00 0.0 0.0e+00 0.0e+00 0.0e+00  0  0  0  0  0   0  0  0  0  0     0
MatMult                1 1.0 2.5001e-03 1.4 1.43e+05 1.0 3.1e+03 1.7e+03 0.0e+00  0  0  0  0  0   1 46  5 48  0 58614
MatMultTranspose       1 1.0 3.0289e-03 1.3 1.68e+05 1.0 3.1e+03 1.7e+03 0.0e+00  0  0  0  0  0   1 53  5 48  0 56862

--- Event Stage 1: Full solve

PetscBarrier          32 1.0 2.1632e-03 1.9 0.00e+00 0.0 0.0e+00 0.0e+00 0.0e+00  0  0  0  0  0   0  0  0  0  0     0
VecDot                32 1.0 1.0409e-02 6.2 2.40e+05 1.0 0.0e+00 0.0e+00 3.2e+01  0  0  0  0  1   0  0  0  0  1 23564
VecMDot              502 1.0 1.5530e-01 3.1 3.86e+06 1.0 0.0e+00 0.0e+00 5.0e+02  0  0  0  0 13   0  1  0  0 20 25460
VecNorm             1198 1.0 2.7379e-01 3.2 6.32e+06 1.0 0.0e+00 0.0e+00 1.2e+03  0  1  0  0 30   0  1  0  0 48 23620
VecScale             953 1.0 1.8256e-02 1.0 2.44e+06 1.0 0.0e+00 0.0e+00 0.0e+00  0  0  0  0  0   0  0  0  0  0 136957
VecCopy              547 1.0 1.0134e-02 1.0 0.00e+00 0.0 0.0e+00 0.0e+00 0.0e+00  0  0  0  0  0   0  0  0  0  0     0
VecSet              4580 1.0 3.7317e-02 1.1 0.00e+00 0.0 0.0e+00 0.0e+00 0.0e+00  0  0  0  0  0   0  0  0  0  0     0
VecAXPY              623 1.0 1.6372e-02 1.1 3.10e+06 1.0 0.0e+00 0.0e+00 0.0e+00  0  0  0  0  0   0  0  0  0  0 193791
VecAYPX              172 1.0 7.5181e-03 1.1 4.76e+05 1.0 0.0e+00 0.0e+00 0.0e+00  0  0  0  0  0   0  0  0  0  0 64870
VecWAXPY              33 1.0 2.1474e-03 1.2 1.20e+05 1.0 0.0e+00 0.0e+00 0.0e+00  0  0  0  0  0   0  0  0  0  0 57168
VecMAXPY             953 1.0 2.8881e-02 1.2 6.60e+06 1.0 0.0e+00 0.0e+00 0.0e+00  0  1  0  0  0   0  1  0  0  0 233991
VecPointwiseMult      53 1.0 5.8770e-04 1.1 1.76e+04 1.0 0.0e+00 0.0e+00 0.0e+00  0  0  0  0  0   0  0  0  0  0 30722
VecScatterBegin     1444 1.0 9.6965e-02 1.0 0.00e+00 0.0 9.8e+06 9.2e+02 0.0e+00  0  0  0  1  0   0  0  1  1  0     0
VecScatterEnd       1444 1.0 3.8524e-01 4.1 0.00e+00 0.0 0.0e+00 0.0e+00 0.0e+00  0  0  0  0  0   0  0  0  0  0     0
VecReduceArith        10 1.0 4.4036e-04 1.0 1.15e+05 1.0 0.0e+00 0.0e+00 0.0e+00  0  0  0  0  0   0  0  0  0  0 267562
VecReduceComm          5 1.0 6.3324e-04 3.1 0.00e+00 0.0 0.0e+00 0.0e+00 5.0e+00  0  0  0  0  0   0  0  0  0  0     0
VecNormalize         854 1.0 2.1630e-01 2.3 5.72e+06 1.0 0.0e+00 0.0e+00 8.5e+02  0  0  0  0 22   0  1  0  0 34 27076
MatMult           102770 1.2 3.1929e+00 1.1 2.78e+08 1.2 7.2e+06 1.1e+03 0.0e+00  2 21  0  1  0   3 39  0  1  0 82668
MatMultAdd        102060 1.2 9.2506e-01 1.2 6.84e+07 1.2 5.3e+05 2.9e+02 0.0e+00  1  5  0  0  0   1 10  0  0  0 72511
MatMultTranspose     229 1.0 2.1326e-01 2.7 4.29e+06 1.0 7.0e+05 2.9e+02 0.0e+00  0  0  0  0  0   0  1  0  0  0 20619
MatSolve             860 1.0 1.5504e+00 1.0 2.23e+08 1.0 0.0e+00 0.0e+00 0.0e+00  1 18  0  0  0   1 33  0  0  0 147253
MatCholFctrSym         4 1.0 2.1625e-04 1.0 0.00e+00 0.0 0.0e+00 0.0e+00 0.0e+00  0  0  0  0  0   0  0  0  0  0     0
MatCholFctrNum        53 1.0 7.9319e-01 1.0 9.49e+07 1.0 0.0e+00 0.0e+00 0.0e+00  1  8  0  0  0   1 14  0  0  0 122479
MatICCFactorSym        6 1.0 2.3700e-02 1.0 0.00e+00 0.0 0.0e+00 0.0e+00 0.0e+00  0  0  0  0  0   0  0  0  0  0     0
MatAssemblyBegin      94 1.0 5.4232e-01 1.8 0.00e+00 0.0 7.8e+05 1.9e+04 2.4e+02  0  0  0  1  6   0  0  0  1 10     0
MatAssemblyEnd        94 1.0 4.7136e-01 1.3 0.00e+00 0.0 1.8e+05 6.9e+02 8.8e+01  0  0  0  0  2   0  0  0  0  4     0
MatGetRowIJ           33 1.0 1.6212e-04 1.1 0.00e+00 0.0 0.0e+00 0.0e+00 0.0e+00  0  0  0  0  0   0  0  0  0  0     0
MatGetOrdering        33 1.0 6.4790e-03 1.1 0.00e+00 0.0 0.0e+00 0.0e+00 6.6e+01  0  0  0  0  2   0  0  0  0  3     0
MatZeroEntries        85 1.0 7.5684e-03 1.2 0.00e+00 0.0 0.0e+00 0.0e+00 0.0e+00  0  0  0  0  0   0  0  0  0  0     0
SNESSolve              5 1.0 1.0944e+02 1.0 6.79e+08 1.0 1.6e+09 6.4e+02 2.2e+03 75 53 80 79 56 100100100100 89  6255
SNESLineSearch        32 1.0 1.6419e+00 1.0 1.42e+07 1.2 8.0e+05 1.1e+03 1.3e+02  1  1  0  0  3   1  2  0  0  5  8298
SNESFunctionEval      38 1.0 1.8172e+00 1.0 0.00e+00 0.0 6.2e+05 1.0e+03 1.0e+01  1  0  0  0  0   2  0  0  0  0     0
SNESJacobianEval      32 1.0 5.7470e+00 1.0 9.35e+05 1.0 1.6e+06 9.5e+03 2.3e+02  4  0  0  1  6   5  0  0  2  9   167
KSPGMRESOrthog       502 1.0 1.7827e-01 2.4 7.72e+06 1.0 0.0e+00 0.0e+00 5.0e+02  0  1  0  0 13   0  1  0  0 20 44360
KSPSetup             170 1.0 9.4757e-03 1.0 0.00e+00 0.0 0.0e+00 0.0e+00 4.0e+01  0  0  0  0  1   0  0  0  0  2     0
KSPSolve              32 1.0 1.0171e+02 1.0 6.64e+08 1.0 1.6e+09 6.3e+02 1.8e+03 70 52 80 78 45  92 98100 98 72  6583
PCSetUp               85 1.0 9.6826e+01 1.0 1.67e+08 1.1 1.6e+09 6.3e+02 7.0e+01 66 13 79 77  2  88 25 99 97  3  1737
PCSetUpOnBlocks      344 1.0 8.3092e-01 1.0 9.49e+07 1.0 0.0e+00 0.0e+00 7.0e+01  1  8  0  0  2   1 14  0  0  3 116917
PCApply               83 1.0 5.2300e+00 1.0 5.52e+08 1.1 8.7e+06 1.2e+03 1.5e+03  4 43  0  1 39   5 80  1  1 61 104805

--- Event Stage 2: Fine-1 solve

PetscBarrier           4 1.0 2.3723e-04 2.8 0.00e+00 0.0 0.0e+00 0.0e+00 0.0e+00  0  0  0  0  0   0  0  0  0  0     0
VecDot                 4 1.0 1.6987e-03 8.3 2.56e+04 1.0 0.0e+00 0.0e+00 4.0e+00  0  0  0  0  0   0  0  0  0  1 15429
VecMDot               96 1.0 2.3956e-02 3.2 3.49e+05 1.0 0.0e+00 0.0e+00 9.6e+01  0  0  0  0  2   0  1  0  0 24 14924
VecNorm              228 1.0 3.6981e-02 3.0 5.95e+05 1.0 0.0e+00 0.0e+00 2.3e+02  0  0  0  0  6   0  1  0  0 58 16465
VecScale             184 1.0 2.3634e-03 1.0 2.28e+05 1.0 0.0e+00 0.0e+00 0.0e+00  0  0  0  0  0   0  0  0  0  0 98632
VecCopy              100 1.0 1.2918e-03 1.1 0.00e+00 0.0 0.0e+00 0.0e+00 0.0e+00  0  0  0  0  0   0  0  0  0  0     0
VecSet               918 1.0 6.1560e-03 1.1 0.00e+00 0.0 0.0e+00 0.0e+00 0.0e+00  0  0  0  0  0   0  0  0  0  0     0
VecAXPY              124 1.0 1.9073e-03 1.2 2.90e+05 1.0 0.0e+00 0.0e+00 0.0e+00  0  0  0  0  0   0  0  0  0  0 155787
VecAYPX               36 1.0 8.4686e-04 1.2 4.41e+04 1.0 0.0e+00 0.0e+00 0.0e+00  0  0  0  0  0   0  0  0  0  0 53281
VecWAXPY               4 1.0 2.4033e-04 1.2 1.28e+04 1.0 0.0e+00 0.0e+00 0.0e+00  0  0  0  0  0   0  0  0  0  0 54539
VecMAXPY             184 1.0 3.2208e-03 1.1 6.02e+05 1.0 0.0e+00 0.0e+00 0.0e+00  0  0  0  0  0   0  1  0  0  0 191554
VecPointwiseMult      12 1.0 1.0514e-04 1.2 1.92e+03 1.0 0.0e+00 0.0e+00 0.0e+00  0  0  0  0  0   0  0  0  0  0 18699
VecScatterBegin      282 1.0 1.7761e-02 1.0 0.00e+00 0.0 1.9e+06 7.7e+02 0.0e+00  0  0  0  0  0   0  0  1  1  0     0
VecScatterEnd        282 1.0 6.3928e-02 3.6 0.00e+00 0.0 0.0e+00 0.0e+00 0.0e+00  0  0  0  0  0   0  0  0  0  0     0
VecReduceArith         2 1.0 6.1035e-05 1.1 1.28e+04 1.0 0.0e+00 0.0e+00 0.0e+00  0  0  0  0  0   0  0  0  0  0 214715
VecReduceComm          1 1.0 7.9489e-0423.5 0.00e+00 0.0 0.0e+00 0.0e+00 1.0e+00  0  0  0  0  0   0  0  0  0  0     0
VecNormalize         168 1.0 3.2708e-02 2.3 5.29e+05 1.0 0.0e+00 0.0e+00 1.7e+02  0  0  0  0  4   0  1  0  0 43 16573
MatMult            12908 1.2 3.4029e-01 1.1 2.66e+07 1.3 1.4e+06 8.7e+02 0.0e+00  0  2  0  0  0   2 38  1  1  0 70884
MatMultAdd         12772 1.2 1.1580e-01 1.2 8.44e+06 1.2 1.1e+05 2.2e+02 0.0e+00  0  1  0  0  0   1 13  0  0  0 71473
MatMultTranspose      48 1.0 3.5999e-02 3.6 3.91e+05 1.0 1.5e+05 2.2e+02 0.0e+00  0  0  0  0  0   0  1  0  0  0 11109
MatSolve             180 1.0 1.2941e-01 1.0 1.88e+07 1.0 0.0e+00 0.0e+00 0.0e+00  0  2  0  0  0   1 30  0  0  0 149054
MatCholFctrNum        12 1.0 7.4264e-02 1.0 8.92e+06 1.0 0.0e+00 0.0e+00 0.0e+00  0  1  0  0  0   1 14  0  0  0 123004
MatAssemblyBegin      16 1.0 7.7722e-02 1.6 0.00e+00 0.0 1.5e+05 1.7e+04 4.4e+01  0  0  0  0  1   0  0  0  2 11     0
MatAssemblyEnd        16 1.0 4.7275e-02 2.1 0.00e+00 0.0 0.0e+00 0.0e+00 0.0e+00  0  0  0  0  0   0  0  0  0  0     0
MatGetRowIJ            8 1.0 4.0054e-05 1.2 0.00e+00 0.0 0.0e+00 0.0e+00 0.0e+00  0  0  0  0  0   0  0  0  0  0     0
MatGetOrdering         8 1.0 1.0612e-03 1.0 0.00e+00 0.0 0.0e+00 0.0e+00 1.6e+01  0  0  0  0  0   0  0  0  0  4     0
MatZeroEntries        16 1.0 8.9526e-04 1.3 0.00e+00 0.0 0.0e+00 0.0e+00 0.0e+00  0  0  0  0  0   0  0  0  0  0     0
SNESSolve              1 1.0 1.3428e+01 1.0 6.37e+07 1.1 2.0e+08 6.5e+02 3.9e+02  9  5 10 10 10 100100100100100  4725
SNESLineSearch         4 1.0 1.7401e-01 1.0 1.55e+06 1.3 9.8e+04 1.5e+03 1.6e+01  0  0  0  0  0   1  2  0  0  4  8167
SNESFunctionEval       5 1.0 1.9421e-01 1.0 0.00e+00 0.0 8.2e+04 1.4e+03 0.0e+00  0  0  0  0  0   1  0  0  0  0     0
SNESJacobianEval       4 1.0 6.3385e-01 1.0 9.96e+04 1.0 3.2e+05 8.4e+03 4.4e+01  0  0  0  0  1   5  0  0  2 11   161
KSPGMRESOrthog        96 1.0 2.7433e-02 2.5 6.98e+05 1.0 0.0e+00 0.0e+00 9.6e+01  0  0  0  0  2   0  1  0  0 24 26069
KSPSetup              32 1.0 1.3876e-04 1.1 0.00e+00 0.0 0.0e+00 0.0e+00 0.0e+00  0  0  0  0  0   0  0  0  0  0     0
KSPSolve               4 1.0 1.2583e+01 1.0 6.21e+07 1.1 2.0e+08 6.3e+02 3.3e+02  9  5 10 10  8  94 98100 98 83  4918
PCSetUp               16 1.0 1.2067e+01 1.0 1.80e+07 1.1 2.0e+08 6.3e+02 1.6e+01  8  1 10 10  0  90 28 99 96  4  1492
PCSetUpOnBlocks       72 1.0 7.6686e-02 1.0 8.92e+06 1.0 0.0e+00 0.0e+00 1.6e+01  0  1  0  0  0   1 14  0  0  4 119119
PCApply               12 1.0 5.4682e-01 1.0 4.98e+07 1.1 1.7e+06 9.6e+02 3.0e+02  0  4  0  0  8   4 76  1  1 77 88644

--- Event Stage 3: Fine-only solve

PetscBarrier           4 1.0 2.2984e-04 3.2 0.00e+00 0.0 0.0e+00 0.0e+00 0.0e+00  0  0  0  0  0   0  0  0  0  0     0
VecDot                 4 1.0 6.7861e-0310.5 2.01e+05 1.0 0.0e+00 0.0e+00 4.0e+00  0  0  0  0  0   0  0  0  0  1 30285
VecMDot              140 1.0 9.3255e-02 5.6 3.27e+06 1.0 0.0e+00 0.0e+00 1.4e+02  0  0  0  0  4   0  1  0  0 25 35868
VecNorm              334 1.0 1.0401e-01 2.9 5.33e+06 1.0 0.0e+00 0.0e+00 3.3e+02  0  0  0  0  8   0  1  0  0 59 52487
VecScale             270 1.0 1.1025e-02 1.0 2.06e+06 1.0 0.0e+00 0.0e+00 0.0e+00  0  0  0  0  0   0  0  0  0  0 191549
VecCopy              142 1.0 6.7358e-03 1.0 0.00e+00 0.0 0.0e+00 0.0e+00 0.0e+00  0  0  0  0  0   0  0  0  0  0     0
VecSet              1378 1.0 1.8652e-02 1.1 0.00e+00 0.0 0.0e+00 0.0e+00 0.0e+00  0  0  0  0  0   0  0  0  0  0     0
VecAXPY              186 1.0 1.2086e-02 1.2 2.62e+06 1.0 0.0e+00 0.0e+00 0.0e+00  0  0  0  0  0   0  1  0  0  0 221715
VecAYPX               56 1.0 5.7838e-03 1.1 4.03e+05 1.0 0.0e+00 0.0e+00 0.0e+00  0  0  0  0  0   0  0  0  0  0 71286
VecWAXPY               4 1.0 1.6322e-03 1.2 1.00e+05 1.0 0.0e+00 0.0e+00 0.0e+00  0  0  0  0  0   0  0  0  0  0 62958
VecMAXPY             270 1.0 2.1363e-02 1.3 5.58e+06 1.0 0.0e+00 0.0e+00 0.0e+00  0  0  0  0  0   0  1  0  0  0 267466
VecPointwiseMult      16 1.0 3.1829e-04 1.2 1.47e+04 1.0 0.0e+00 0.0e+00 0.0e+00  0  0  0  0  0   0  0  0  0  0 47357
VecScatterBegin      414 1.0 3.8630e-02 1.0 0.00e+00 0.0 2.7e+06 2.2e+03 0.0e+00  0  0  0  0  0   0  0  1  4  0     0
VecScatterEnd        414 1.0 2.8556e-01 7.0 0.00e+00 0.0 0.0e+00 0.0e+00 0.0e+00  0  0  0  0  0   0  0  0  0  0     0
VecReduceArith         2 1.0 3.2020e-04 1.0 1.00e+05 1.0 0.0e+00 0.0e+00 0.0e+00  0  0  0  0  0   0  0  0  0  0 320923
VecReduceComm          1 1.0 8.1205e-0424.5 0.00e+00 0.0 0.0e+00 0.0e+00 1.0e+00  0  0  0  0  0   0  0  0  0  0     0
VecNormalize         252 1.0 1.0222e-01 2.7 4.83e+06 1.0 0.0e+00 0.0e+00 2.5e+02  0  0  0  0  6   0  1  0  0 45 48406
MatMult            12992 1.2 1.9984e+00 1.1 2.29e+08 1.2 2.1e+06 2.5e+03 0.0e+00  1 17  0  0  0   8 41  1  4  0 109733
MatMultAdd         12792 1.2 1.4554e-01 1.2 1.08e+07 1.2 1.7e+05 5.9e+02 0.0e+00  0  1  0  0  0   1  2  0  0  0 73780
MatMultTranspose      72 1.0 1.6241e-01 3.1 3.47e+06 1.0 2.2e+05 5.9e+02 0.0e+00  0  0  0  0  0   0  1  0  0  0 21858
MatSolve             280 1.0 1.3396e+00 1.0 1.92e+08 1.0 0.0e+00 0.0e+00 0.0e+00  1 15  0  0  0   6 37  0  0  0 146796
MatCholFctrNum        16 1.0 6.8266e-01 1.0 8.17e+07 1.0 0.0e+00 0.0e+00 0.0e+00  0  7  0  0  0   3 16  0  0  0 122586
MatAssemblyBegin      20 1.0 3.4636e-01 1.8 0.00e+00 0.0 1.8e+05 5.7e+04 5.6e+01  0  0  0  1  1   1  0  0  7 10     0
MatAssemblyEnd        20 1.0 1.9287e-01 2.1 0.00e+00 0.0 0.0e+00 0.0e+00 0.0e+00  0  0  0  0  0   0  0  0  0  0     0
MatGetRowIJ           12 1.0 6.0081e-05 1.2 0.00e+00 0.0 0.0e+00 0.0e+00 0.0e+00  0  0  0  0  0   0  0  0  0  0     0
MatGetOrdering        12 1.0 3.8192e-03 1.0 0.00e+00 0.0 0.0e+00 0.0e+00 2.4e+01  0  0  0  0  1   0  0  0  0  4     0
MatZeroEntries        20 1.0 5.8653e-03 1.2 0.00e+00 0.0 0.0e+00 0.0e+00 0.0e+00  0  0  0  0  0   0  0  0  0  0     0
SNESSolve              1 1.0 2.2525e+01 1.0 5.35e+08 1.1 2.0e+08 7.1e+02 5.6e+02 15 42 10 11 14 100100100100100 23715
SNESLineSearch         4 1.0 1.3331e+00 1.0 1.19e+07 1.1 9.8e+04 5.6e+03 1.6e+01  1  1  0  0  0   6  2  0  0  3  8622
SNESFunctionEval       5 1.0 1.5331e+00 1.0 0.00e+00 0.0 8.2e+04 5.0e+03 0.0e+00  1  0  0  0  0   7  0  0  0  0     0
SNESJacobianEval       4 1.0 4.7218e+00 1.0 7.85e+05 1.0 4.0e+05 2.7e+04 5.6e+01  3  0  0  1  1  21  0  0  8 10   170
KSPGMRESOrthog       140 1.0 1.0793e-01 3.4 6.53e+06 1.0 0.0e+00 0.0e+00 1.4e+02  0  1  0  0  4   0  1  0  0 25 61984
KSPSetup              40 1.0 1.7381e-04 1.1 0.00e+00 0.0 0.0e+00 0.0e+00 0.0e+00  0  0  0  0  0   0  0  0  0  0     0
KSPSolve               4 1.0 1.6163e+01 1.0 5.22e+08 1.1 2.0e+08 6.5e+02 4.9e+02 11 41 10 10 12  72 98100 92 86 32269
PCSetUp               20 1.0 1.2676e+01 1.0 9.08e+07 1.0 2.0e+08 6.3e+02 2.4e+01  9  7 10 10  1  56 17 98 88  4  7302
PCSetUpOnBlocks      112 1.0 6.8850e-01 1.0 8.17e+07 1.0 0.0e+00 0.0e+00 2.4e+01  0  7  0  0  1   3 16  0  0  4 121546
PCApply               14 1.0 3.8354e+00 1.0 4.71e+08 1.1 2.5e+06 2.0e+03 4.6e+02  3 37  0  0 12  17 88  1  4 81 122499
------------------------------------------------------------------------------------------------------------------------

Memory usage is given in bytes:

Object Type          Creations   Destructions     Memory  Descendants' Mem.
Reports information only for process 0.

--- Event Stage 0: Main Stage

 Toy Hydrostatic Ice     0              1          508     0
   Distributed array     0             10       182836     0
                 Vec     0            331     11751468     0
         Vec Scatter     0             37        22940     0
           Index Set     0             10        70120     0
   IS L to G Mapping     0             20         6320     0
              Matrix     0             49     12535724     0
                SNES     0              5         3780     0
       Krylov Solver     0             30       340024     0
      Preconditioner     0             30        15804     0
              Viewer     0              1          408     0

--- Event Stage 1: Full solve

 Toy Hydrostatic Ice     1              0            0     0
   Distributed array    10              0            0     0
                 Vec   464             52       538400     0
         Vec Scatter    37              0            0     0
           Index Set   140            130       372628     0
   IS L to G Mapping    20              0            0     0
              Matrix    49              0            0     0
                SNES     5              0            0     0
       Krylov Solver    30              0            0     0
      Preconditioner    30              0            0     0
              Viewer     1              0            0     0

--- Event Stage 2: Fine-1 solve

                 Vec    12              0            0     0
           Index Set    16             16        35648     0

--- Event Stage 3: Fine-only solve

                 Vec    12              0            0     0
           Index Set    24             24       239712     0
========================================================================================================================
Average time to get PetscTime(): 3.38554e-06
Average time for MPI_Barrier(): 2.19345e-06
Average time for zero size MPI_Send(): 1.18711e-05
#PETSc Option Table entries:
-M 32
-P 4
-dmmg_form_function_ghost 1
-dmmg_grid_sequence 1
-ksp_converged_reason
-ksp_monitor
-ksp_rtol 1e-2
-log_summary
-mg_coarse_pc_type tfs
-mg_levels_0_pc_type tfs
-mg_levels_1_sub_pc_type cholesky
-pc_mg_type multiplicative
-repeat_fine_solve 1
-snes_converged_reason
-snes_monitor
-thi_L 80e3
-thi_friction_m 0.3
-thi_hom z
-thi_nlevels 5
#End of PETSc Option Table entries
Compiled with FORTRAN kernels
Compiled with full precision matrices (default)
sizeof(short) 2 sizeof(int) 4 sizeof(long) 4 sizeof(void*) 4 sizeof(PetscScalar) 8
Configure run at: Thu Dec  9 16:16:25 2010
Configure options: --with-x=0 --with-is-color-value-type=short --with-debugging=1 --with-fortran-kernels=1 --with-mpi-dir=/bgsys/drivers/ppcfloor/comm --with-batch=1 --known-mpi-shared-libraries=1 --known-memcmp-ok --known-sizeof-char=1 --known-sizeof-void-p=4 --known-sizeof-short=2 --known-sizeof-int=4 --known-sizeof-long=4 --known-sizeof-size_t=4 --known-sizeof-long-long=8 --known-sizeof-float=4 --known-sizeof-double=8 --known-bits-per-byte=8 --known-sizeof-MPI_Comm=4 --known-sizeof-MPI_Fint=4 --known-mpi-long-double=1 --known-level1-dcache-assoc=0 --known-level1-dcache-linesize=32 --known-level1-dcache-size=32768 --download-hypre=1 --with-shared=0 --prefix=/opt/share/ksl/petsc/dev-dec9-hypre/ppc450d-bgp_xlc_hypre_fast --with-clanguage=c --COPTFLAGS="     -O3 -qhot" --CXXOPTFLAGS="     -O3 -qhot" --FOPTFLAGS="     -O3 -qhot" --LIBS=" -L/bgsys/ibm_essl/sles10/prod/opt/ibmmath/lib -L/opt/ibmcmp/xlsmp/bg/1.7/lib -L/opt/ibmcmp/xlmass/bg/4.4/bglib -L/opt/ibmcmp/xlf/bg/11.1/bglib -L/bgsys/ibm_essl/sles10/prod/opt/ibmmath/lib -L/opt/ibmcmp/xlsmp/bg/1.7/lib -L/opt/ibmcmp/xlmass/bg/4.4/bglib -L/opt/ibmcmp/xlf/bg/11.1/bglib   -lesslbg  -lxlf90_r -lxlopt -lxlsmp -lxl -lxlfmath  -lesslbg  -lxlf90_r -lxlopt -lxlsmp -lxl -lxlfmath -O3" --CC=/bgsys/drivers/ppcfloor/comm/xl/bin/mpixlc_r --CXX=/bgsys/drivers/ppcfloor/comm/xl/bin/mpixlcxx_r --FC=/bgsys/drivers/ppcfloor/comm/xl/bin/mpixlf90_r --with-debugging=0 PETSC_ARCH=bgp-xlc-hypre-fast
-----------------------------------------
Libraries compiled on Thu Dec  9 16:16:25 2010 on fen1 
Machine characteristics: Linux-2.6.16.60-0.66.1-ppc64-ppc64-with-SuSE-10-ppc
Using PETSc directory: /tmp/aron/builddir_ppc64/petsc-dev-dec9-hypre-bgp_xlc_hypre_fast/petsc-dev
Using PETSc arch: bgp-xlc-hypre-fast
-----------------------------------------

Using C compiler: /bgsys/drivers/ppcfloor/comm/xl/bin/mpixlc_r  -O3 -qhot  ${COPTFLAGS} ${CFLAGS}
Using Fortran compiler: /bgsys/drivers/ppcfloor/comm/xl/bin/mpixlf90_r  -O3 -qhot   ${FOPTFLAGS} ${FFLAGS} 
-----------------------------------------

Using include paths: -I/tmp/aron/builddir_ppc64/petsc-dev-dec9-hypre-bgp_xlc_hypre_fast/petsc-dev/bgp-xlc-hypre-fast/include -I/tmp/aron/builddir_ppc64/petsc-dev-dec9-hypre-bgp_xlc_hypre_fast/petsc-dev/include -I/tmp/aron/builddir_ppc64/petsc-dev-dec9-hypre-bgp_xlc_hypre_fast/petsc-dev/include -I/tmp/aron/builddir_ppc64/petsc-dev-dec9-hypre-bgp_xlc_hypre_fast/petsc-dev/bgp-xlc-hypre-fast/include -I/bgsys/drivers/ppcfloor/comm/include
-----------------------------------------

Using C linker: /bgsys/drivers/ppcfloor/comm/xl/bin/mpixlc_r
Using Fortran linker: /bgsys/drivers/ppcfloor/comm/xl/bin/mpixlf90_r
Using libraries: -Wl,-rpath,/tmp/aron/builddir_ppc64/petsc-dev-dec9-hypre-bgp_xlc_hypre_fast/petsc-dev/bgp-xlc-hypre-fast/lib -L/tmp/aron/builddir_ppc64/petsc-dev-dec9-hypre-bgp_xlc_hypre_fast/petsc-dev/bgp-xlc-hypre-fast/lib -lpetscts -lpetscsnes -lpetscksp -lpetscdm -lpetscmat -lpetscvec -lpetscsys -Wl,-rpath,/tmp/aron/builddir_ppc64/petsc-dev-dec9-hypre-bgp_xlc_hypre_fast/petsc-dev/bgp-xlc-hypre-fast/lib -L/tmp/aron/builddir_ppc64/petsc-dev-dec9-hypre-bgp_xlc_hypre_fast/petsc-dev/bgp-xlc-hypre-fast/lib -lHYPRE -Wl,-rpath,/opt/ibmcmp/lib/bg/bglib -Wl,-rpath,/bgsys/drivers/V1R4M2_200_2010-100508P/ppc/comm/sys/lib -Wl,-rpath,/bgsys/drivers/V1R4M2_200_2010-100508P/ppc/runtime/SPI -lcxxmpich.cnk -libmc++ -lstdc++ -L/bgsys/ibm_essl/sles10/prod/opt/ibmmath/lib -L/opt/ibmcmp/xlsmp/bg/1.7/lib -L/opt/ibmcmp/xlmass/bg/4.4/bglib -L/opt/ibmcmp/xlf/bg/11.1/bglib -L/bgsys/drivers/V1R4M2_200_2010-100508P/ppc/comm/xl/lib -L/bgsys/drivers/V1R4M2_200_2010-100508P/ppc/comm/sys/lib -L/bgsys/drivers/V1R4M2_200_2010-100508P/ppc/runtime/SPI -L/opt/ibmcmp/xlsmp/bg/1.7/bglib -L/opt/ibmcmp/vac/bg/9.0/bglib -L/opt/ibmcmp/vacpp/bg/9.0/bglib -L/bgsys/drivers/ppcfloor/gnu-linux/lib/gcc/powerpc-bgp-linux/4.1.2 -L/bgsys/drivers/ppcfloor/gnu-linux/powerpc-bgp-linux/lib -ldl -lesslbg -lxlf90_r -lxlopt -lxlsmp -lxl -lxlfmath -lpmpich.cnk -lmpich.cnk -lopa -ldcmf.cnk -ldcmfcoll.cnk -lpthread -lSPI.cna -lrt -lgcc_eh -lxlomp_ser -lm -lcxxmpich.cnk -libmc++ -lstdc++ -lcxxmpich.cnk -libmc++ -lstdc++ -ldl -lesslbg -lxlf90_r -lxlopt -lxlsmp -lxl -lxlfmath -lpmpich.cnk -lmpich.cnk -lopa -ldcmf.cnk -ldcmfcoll.cnk -lpthread -lSPI.cna -lrt -lgcc_eh -ldl -lesslbg -lxlf90_r -lxlopt -lxlsmp -lxl -lxlfmath -lesslbg -lxlf90_r -lxlopt -lxlsmp -lxl -lxlfmath -O3 
-----------------------------------------

