Level 0 domain size (m)    4e+04 x    4e+04 x    1e+03, num elements  32 x  32 x   2 (    2048), size (m) 1250 x 1250 x 1000
Level 1 domain size (m)    4e+04 x    4e+04 x    1e+03, num elements  64 x  64 x   2 (    8192), size (m) 625 x 625 x 1000
Level 2 domain size (m)    4e+04 x    4e+04 x    1e+03, num elements 128 x 128 x   2 (   32768), size (m) 312.5 x 312.5 x 1000
Level 3 domain size (m)    4e+04 x    4e+04 x    1e+03, num elements 128 x 128 x   9 (  147456), size (m) 312.5 x 312.5 x 125
Level 4 domain size (m)    4e+04 x    4e+04 x    1e+03, num elements 128 x 128 x  65 ( 1064960), size (m) 312.5 x 312.5 x 15.625
          0 SNES Function norm 3.177916136619e+01 
          Linear solve converged due to CONVERGED_ITS iterations 1
          1 SNES Function norm 3.025414002678e+01 
          Linear solve converged due to CONVERGED_ITS iterations 1
          2 SNES Function norm 3.008499947356e+01 
          Linear solve converged due to CONVERGED_ITS iterations 1
          3 SNES Function norm 2.979489043638e+01 
          Linear solve converged due to CONVERGED_ITS iterations 1
          4 SNES Function norm 2.920986682754e+01 
          Linear solve converged due to CONVERGED_ITS iterations 1
          5 SNES Function norm 2.014381951284e+01 
          Linear solve converged due to CONVERGED_ITS iterations 1
          6 SNES Function norm 9.187254954755e+00 
          Linear solve converged due to CONVERGED_ITS iterations 1
          7 SNES Function norm 2.823499796783e+00 
          Linear solve converged due to CONVERGED_ITS iterations 1
          8 SNES Function norm 4.659443970985e-01 
          Linear solve converged due to CONVERGED_ITS iterations 1
          9 SNES Function norm 2.502939505864e-02 
          Linear solve converged due to CONVERGED_ITS iterations 1
         10 SNES Function norm 8.132735893865e-05 
          Linear solve converged due to CONVERGED_ITS iterations 1
         11 SNES Function norm 1.007253580077e-09 
Nonlinear solve converged due to CONVERGED_FNORM_RELATIVE
        0 SNES Function norm 9.063947063382e+01 
          0 KSP Residual norm 9.063947063382e+01 
          1 KSP Residual norm 5.712304583006e+00 
        Linear solve converged due to CONVERGED_RTOL iterations 1
        1 SNES Function norm 3.598469626577e+01 
          0 KSP Residual norm 3.598469626577e+01 
          1 KSP Residual norm 1.259465817605e+01 
          2 KSP Residual norm 9.042008837910e+00 
          3 KSP Residual norm 2.341474983136e+00 
        Linear solve converged due to CONVERGED_RTOL iterations 3
        2 SNES Function norm 1.368016771118e+01 
          0 KSP Residual norm 1.368016771118e+01 
          1 KSP Residual norm 1.384447414099e+00 
        Linear solve converged due to CONVERGED_RTOL iterations 1
        3 SNES Function norm 5.878089316715e+00 
          0 KSP Residual norm 5.878089316715e+00 
          1 KSP Residual norm 1.950406413983e+00 
          2 KSP Residual norm 7.264404362487e-01 
        Linear solve converged due to CONVERGED_RTOL iterations 2
        4 SNES Function norm 2.328523920024e+00 
          0 KSP Residual norm 2.328523920024e+00 
          1 KSP Residual norm 2.984573875148e-01 
        Linear solve converged due to CONVERGED_RTOL iterations 1
        5 SNES Function norm 9.390632953525e-01 
          0 KSP Residual norm 9.390632953525e-01 
          1 KSP Residual norm 1.881169673892e-01 
        Linear solve converged due to CONVERGED_RTOL iterations 1
        6 SNES Function norm 2.106736403758e-01 
          0 KSP Residual norm 2.106736403758e-01 
          1 KSP Residual norm 1.265671398032e-01 
          2 KSP Residual norm 2.437366900511e-02 
          3 KSP Residual norm 2.802477309628e-03 
        Linear solve converged due to CONVERGED_RTOL iterations 3
        7 SNES Function norm 4.907108152473e-03 
          0 KSP Residual norm 4.907108152473e-03 
          1 KSP Residual norm 9.010737726209e-04 
          2 KSP Residual norm 2.397874644179e-04 
          3 KSP Residual norm 8.793197904582e-05 
        Linear solve converged due to CONVERGED_RTOL iterations 3
        8 SNES Function norm 8.838374625201e-05 
          0 KSP Residual norm 8.838374625201e-05 
          1 KSP Residual norm 3.073244711260e-05 
          2 KSP Residual norm 9.970093144100e-06 
          3 KSP Residual norm 1.452030240815e-06 
          4 KSP Residual norm 8.410625482354e-08 
        Linear solve converged due to CONVERGED_RTOL iterations 4
        9 SNES Function norm 8.424039484333e-08 
Nonlinear solve converged due to CONVERGED_FNORM_RELATIVE
      0 SNES Function norm 5.220869972701e+01 
        0 KSP Residual norm 5.220869972701e+01 
        1 KSP Residual norm 1.771985890658e+00 
      Linear solve converged due to CONVERGED_RTOL iterations 1
      1 SNES Function norm 6.011740611567e+00 
        0 KSP Residual norm 6.011740611567e+00 
        1 KSP Residual norm 1.116439149071e+00 
        2 KSP Residual norm 2.499084412362e-01 
      Linear solve converged due to CONVERGED_RTOL iterations 2
      2 SNES Function norm 2.796606390196e+00 
        0 KSP Residual norm 2.796606390196e+00 
        1 KSP Residual norm 3.215836657398e-01 
      Linear solve converged due to CONVERGED_RTOL iterations 1
      3 SNES Function norm 1.793013848360e+00 
        0 KSP Residual norm 1.793013848360e+00 
        1 KSP Residual norm 1.453338158466e-01 
      Linear solve converged due to CONVERGED_RTOL iterations 1
      4 SNES Function norm 1.163606013162e+00 
        0 KSP Residual norm 1.163606013162e+00 
        1 KSP Residual norm 4.798069243613e-02 
      Linear solve converged due to CONVERGED_RTOL iterations 1
      5 SNES Function norm 5.070415120656e-01 
        0 KSP Residual norm 5.070415120656e-01 
        1 KSP Residual norm 1.763910275362e-02 
      Linear solve converged due to CONVERGED_RTOL iterations 1
      6 SNES Function norm 1.229321384933e-01 
        0 KSP Residual norm 1.229321384933e-01 
        1 KSP Residual norm 5.853590274883e-03 
      Linear solve converged due to CONVERGED_RTOL iterations 1
      7 SNES Function norm 1.339450540160e-02 
        0 KSP Residual norm 1.339450540160e-02 
        1 KSP Residual norm 1.716489758768e-03 
        2 KSP Residual norm 4.258673977947e-04 
        3 KSP Residual norm 7.917449275238e-05 
      Linear solve converged due to CONVERGED_RTOL iterations 3
      8 SNES Function norm 2.192958513204e-04 
        0 KSP Residual norm 2.192958513204e-04 
        1 KSP Residual norm 3.741824056325e-05 
        2 KSP Residual norm 8.098907203746e-06 
        3 KSP Residual norm 1.033004496717e-06 
        4 KSP Residual norm 2.410662511921e-07 
      Linear solve converged due to CONVERGED_RTOL iterations 4
      9 SNES Function norm 2.516262007625e-07 
Nonlinear solve converged due to CONVERGED_FNORM_RELATIVE
    0 SNES Function norm 2.804575043390e+01 
      0 KSP Residual norm 2.804575043390e+01 
      1 KSP Residual norm 3.367384489817e+00 
    Linear solve converged due to CONVERGED_RTOL iterations 1
    1 SNES Function norm 6.196603977405e+00 
      0 KSP Residual norm 6.196603977405e+00 
      1 KSP Residual norm 5.733938861764e+00 
      2 KSP Residual norm 2.955767392788e+00 
      3 KSP Residual norm 1.018663796573e+00 
      4 KSP Residual norm 4.957703053933e-01 
    Linear solve converged due to CONVERGED_RTOL iterations 4
    2 SNES Function norm 1.335438557085e+00 
      0 KSP Residual norm 1.335438557085e+00 
      1 KSP Residual norm 6.522513171286e-01 
      2 KSP Residual norm 3.592056855889e-01 
      3 KSP Residual norm 1.314081101154e-01 
      4 KSP Residual norm 2.693960455848e-02 
    Linear solve converged due to CONVERGED_RTOL iterations 4
    3 SNES Function norm 5.590707438230e-01 
      0 KSP Residual norm 5.590707438230e-01 
      1 KSP Residual norm 2.490315863328e-01 
      2 KSP Residual norm 3.959120909417e-02 
    Linear solve converged due to CONVERGED_RTOL iterations 2
    4 SNES Function norm 1.689284358778e-01 
      0 KSP Residual norm 1.689284358778e-01 
      1 KSP Residual norm 5.324023852554e-02 
      2 KSP Residual norm 1.218312750625e-02 
    Linear solve converged due to CONVERGED_RTOL iterations 2
    5 SNES Function norm 5.049067686452e-02 
      0 KSP Residual norm 5.049067686452e-02 
      1 KSP Residual norm 3.734367515114e-02 
      2 KSP Residual norm 1.757474599308e-02 
      3 KSP Residual norm 8.423423031892e-03 
      4 KSP Residual norm 2.523809768578e-03 
    Linear solve converged due to CONVERGED_RTOL iterations 4
    6 SNES Function norm 3.939985602438e-03 
      0 KSP Residual norm 3.939985602438e-03 
      1 KSP Residual norm 1.292978761883e-03 
      2 KSP Residual norm 9.988491072447e-04 
      3 KSP Residual norm 9.852074667841e-04 
      4 KSP Residual norm 9.284501459085e-04 
      5 KSP Residual norm 3.641143688354e-04 
      6 KSP Residual norm 6.216621526796e-05 
    Linear solve converged due to CONVERGED_RTOL iterations 6
    7 SNES Function norm 7.455061518575e-05 
      0 KSP Residual norm 7.455061518575e-05 
      1 KSP Residual norm 3.108999974792e-05 
      2 KSP Residual norm 3.008081665046e-05 
      3 KSP Residual norm 2.953658209105e-05 
      4 KSP Residual norm 1.597726665568e-05 
      5 KSP Residual norm 3.579750733651e-06 
      6 KSP Residual norm 1.157195956388e-06 
      7 KSP Residual norm 4.515820786982e-07 
      8 KSP Residual norm 9.824620083035e-08 
    Linear solve converged due to CONVERGED_RTOL iterations 8
    8 SNES Function norm 9.919870380803e-08 
Nonlinear solve converged due to CONVERGED_FNORM_RELATIVE
  0 SNES Function norm 1.427266757793e+01 
    0 KSP Residual norm 1.427266757793e+01 
    1 KSP Residual norm 1.399470998049e-01 
  Linear solve converged due to CONVERGED_RTOL iterations 1
  1 SNES Function norm 8.320204219023e-01 
    0 KSP Residual norm 8.320204219023e-01 
    1 KSP Residual norm 1.136246389479e-02 
  Linear solve converged due to CONVERGED_RTOL iterations 1
  2 SNES Function norm 2.052306896136e-02 
    0 KSP Residual norm 2.052306896136e-02 
    1 KSP Residual norm 1.890286517542e-03 
    2 KSP Residual norm 1.649462868112e-04 
  Linear solve converged due to CONVERGED_RTOL iterations 2
  3 SNES Function norm 3.054816811205e-04 
    0 KSP Residual norm 3.054816811205e-04 
    1 KSP Residual norm 5.660580104982e-05 
    2 KSP Residual norm 8.478343636953e-06 
    3 KSP Residual norm 1.001409960283e-06 
  Linear solve converged due to CONVERGED_RTOL iterations 3
  4 SNES Function norm 1.064027567284e-06 
    0 KSP Residual norm 1.064027567284e-06 
    1 KSP Residual norm 2.848048653690e-07 
    2 KSP Residual norm 4.351785619234e-08 
  Linear solve converged due to CONVERGED_RTOL iterations 2
  5 SNES Function norm 4.352148535423e-08 
Nonlinear solve converged due to CONVERGED_FNORM_RELATIVE
Solution statistics after solve: Full
CONVERGED_FNORM_RELATIVE: Number of Newton iterations = 5, total linear iterations = 9
|X|_2 3.53188e+06   u in [0.415631, 4162.47]   v in [-347.213, 1020.56]   c in [0.423084, 4180.04] 
Surface statistics: u in [3.086049e+00, 4.162459e+03] mean 3.157839e+03
Global eta range   [1.90471e+09, 9.2273e+12], converged range [1.90471e+09, 4.52357e+12]
Global beta2 range [0, 2.51261e+11], converged range [0, 2.35211e+11]

    0 SNES Function norm 1.769011540096e+01 
      0 KSP Residual norm 1.769011540096e+01 
      1 KSP Residual norm 1.816614513297e+00 
    Linear solve converged due to CONVERGED_RTOL iterations 1
    1 SNES Function norm 1.159961111170e+01 
      0 KSP Residual norm 1.159961111170e+01 
      1 KSP Residual norm 1.214927158428e+00 
    Linear solve converged due to CONVERGED_RTOL iterations 1
    2 SNES Function norm 4.323748158614e+00 
      0 KSP Residual norm 4.323748158614e+00 
      1 KSP Residual norm 4.319954452506e+00 
      2 KSP Residual norm 3.574425505657e+00 
      3 KSP Residual norm 2.501428398821e+00 
      4 KSP Residual norm 1.861420361337e+00 
      5 KSP Residual norm 7.441859951039e-01 
    Linear solve converged due to CONVERGED_RTOL iterations 5
    3 SNES Function norm 1.297190943633e+00 
      0 KSP Residual norm 1.297190943633e+00 
      1 KSP Residual norm 6.881166187743e-01 
      2 KSP Residual norm 1.857515805030e-01 
      3 KSP Residual norm 2.814139063264e-02 
    Linear solve converged due to CONVERGED_RTOL iterations 3
    4 SNES Function norm 2.717435092313e-01 
      0 KSP Residual norm 2.717435092313e-01 
      1 KSP Residual norm 4.843837309965e-02 
      2 KSP Residual norm 1.215763617055e-02 
    Linear solve converged due to CONVERGED_RTOL iterations 2
    5 SNES Function norm 1.555811512045e-01 
      0 KSP Residual norm 1.555811512045e-01 
      1 KSP Residual norm 3.575086117724e-02 
    Linear solve converged due to CONVERGED_RTOL iterations 1
    6 SNES Function norm 8.598193894894e-02 
      0 KSP Residual norm 8.598193894894e-02 
      1 KSP Residual norm 6.689655918475e-02 
      2 KSP Residual norm 6.370992941174e-02 
      3 KSP Residual norm 5.397677734516e-02 
      4 KSP Residual norm 1.511565636974e-02 
    Linear solve converged due to CONVERGED_RTOL iterations 4
    7 SNES Function norm 5.115496100349e-02 
      0 KSP Residual norm 5.115496100349e-02 
      1 KSP Residual norm 6.638052722700e-03 
    Linear solve converged due to CONVERGED_RTOL iterations 1
    8 SNES Function norm 7.019739312647e-03 
      0 KSP Residual norm 7.019739312647e-03 
      1 KSP Residual norm 3.703572690550e-03 
      2 KSP Residual norm 1.479240869442e-03 
      3 KSP Residual norm 2.232544869305e-04 
    Linear solve converged due to CONVERGED_RTOL iterations 3
    9 SNES Function norm 2.777030738492e-04 
      0 KSP Residual norm 2.777030738492e-04 
      1 KSP Residual norm 7.889509628257e-05 
      2 KSP Residual norm 6.626527970151e-05 
      3 KSP Residual norm 6.582670656949e-05 
      4 KSP Residual norm 3.660964743659e-05 
      5 KSP Residual norm 6.722196607906e-06 
    Linear solve converged due to CONVERGED_RTOL iterations 5
   10 SNES Function norm 6.741287155618e-06 
Nonlinear solve converged due to CONVERGED_PNORM_RELATIVE
Solution statistics after solve: Fine-1
CONVERGED_PNORM_RELATIVE: Number of Newton iterations = 10, total linear iterations = 26
|X|_2 1.31274e+06   u in [0.413855, 4158.25]   v in [-346.943, 1019.74]   c in [0.42127, 4175.79] 
Surface statistics: u in [3.039781e+00, 4.158237e+03] mean 3.154088e+03
Global eta range   [1.90471e+09, 9.2273e+12], converged range [2.12942e+09, 3.102e+12]
Global beta2 range [0, 2.51261e+11], converged range [0, 2.35333e+11]

  0 SNES Function norm 1.427266766828e+01 
    0 KSP Residual norm 1.427266766828e+01 
    1 KSP Residual norm 1.399471779895e-01 
  Linear solve converged due to CONVERGED_RTOL iterations 1
  1 SNES Function norm 8.320204264957e-01 
    0 KSP Residual norm 8.320204264957e-01 
    1 KSP Residual norm 1.136256908640e-02 
  Linear solve converged due to CONVERGED_RTOL iterations 1
  2 SNES Function norm 2.052317174576e-02 
    0 KSP Residual norm 2.052317174576e-02 
    1 KSP Residual norm 1.890303010941e-03 
    2 KSP Residual norm 1.649620655900e-04 
  Linear solve converged due to CONVERGED_RTOL iterations 2
  3 SNES Function norm 3.054956871404e-04 
    0 KSP Residual norm 3.054956871404e-04 
    1 KSP Residual norm 5.661116864192e-05 
    2 KSP Residual norm 8.478994731896e-06 
    3 KSP Residual norm 1.001491667682e-06 
  Linear solve converged due to CONVERGED_RTOL iterations 3
  4 SNES Function norm 1.064106720319e-06 
    0 KSP Residual norm 1.064106720319e-06 
    1 KSP Residual norm 2.848379382850e-07 
    2 KSP Residual norm 4.351931195827e-08 
  Linear solve converged due to CONVERGED_RTOL iterations 2
  5 SNES Function norm 4.352252473074e-08 
Nonlinear solve converged due to CONVERGED_FNORM_RELATIVE
Solution statistics after solve: Fine
CONVERGED_FNORM_RELATIVE: Number of Newton iterations = 5, total linear iterations = 9
|X|_2 3.53188e+06   u in [0.415631, 4162.47]   v in [-347.213, 1020.56]   c in [0.423084, 4180.04] 
Surface statistics: u in [3.086049e+00, 4.162459e+03] mean 3.157839e+03
Global eta range   [1.90471e+09, 9.2273e+12], converged range [1.90471e+09, 4.52357e+12]
Global beta2 range [0, 2.51261e+11], converged range [0, 2.35211e+11]

************************************************************************************************************************
***             WIDEN YOUR WINDOW TO 120 CHARACTERS.  Use 'enscript -r -fCourier9' to print this document            ***
************************************************************************************************************************

---------------------------------------------- PETSc Performance Summary: ----------------------------------------------

./ex48 on a bgp-xlc-h named ionode22 with 4 processors, by Unknown Fri Dec 10 00:11:06 2010
Using Petsc Development HG revision: 179fe3d1768f57c49fa44a3a47095b573a99716c  HG Date: Wed Dec 08 11:34:50 2010 -0600

                         Max       Max/Min        Avg      Total 
Time (sec):           1.006e+03      1.00000   1.006e+03
Objects:              9.350e+02      1.00000   9.350e+02
Flops:                7.591e+10      1.44856   6.718e+10  2.687e+11
Flops/sec:            7.543e+07      1.44856   6.675e+07  2.670e+08
MPI Messages:         2.230e+04      1.00135   2.228e+04  8.912e+04
MPI Message Lengths:  2.423e+08      1.00187   1.087e+04  9.683e+08
MPI Reductions:       8.008e+03      1.00000

Flop counting convention: 1 flop = 1 real number operation of type (multiply/divide/add/subtract)
                            e.g., VecAXPY() for real vectors of length N --> 2N flops
                            and VecAXPY() for complex vectors of length N --> 8N flops

Summary of Stages:   ----- Time ------  ----- Flops -----  --- Messages ---  -- Message Lengths --  -- Reductions --
                        Avg     %Total     Avg     %Total   counts   %Total     Avg         %Total   counts   %Total 
 0:      Main Stage: 1.3869e-01   0.0%  1.4025e+07   0.0%  6.600e+01   0.1%  2.962e-03        0.0%  1.500e+01   0.2% 
 1:      Full solve: 5.6958e+02  56.6%  1.5954e+11  59.4%  5.508e+04  61.8%  5.649e+03       52.0%  4.838e+03  60.4% 
 2:    Fine-1 solve: 1.5066e+02  15.0%  4.9342e+10  18.4%  2.254e+04  25.3%  1.353e+03       12.5%  1.777e+03  22.2% 
 3: Fine-only solve: 2.8605e+02  28.4%  5.9813e+10  22.3%  1.144e+04  12.8%  3.863e+03       35.6%  9.650e+02  12.1% 

------------------------------------------------------------------------------------------------------------------------
See the 'Profiling' chapter of the users' manual for details on interpreting output.
Phase summary info:
   Count: number of times phase was executed
   Time and Flops: Max - maximum over all processors
                   Ratio - ratio of maximum to minimum over all processors
   Mess: number of messages sent
   Avg. len: average message length
   Reduct: number of global reductions
   Global: entire computation
   Stage: stages of a computation. Set stages with PetscLogStagePush() and PetscLogStagePop().
      %T - percent time in this phase         %F - percent flops in this phase
      %M - percent messages in this phase     %L - percent message lengths in this phase
      %R - percent reductions in this phase
   Total Mflop/s: 10e-6 * (sum of flops over all processors)/(max time over all processors)
------------------------------------------------------------------------------------------------------------------------
Event                Count      Time (sec)     Flops                             --- Global ---  --- Stage ---   Total
                   Max Ratio  Max     Ratio   Max  Ratio  Mess   Avg len Reduct  %T %F %M %L %R  %T %F %M %L %R Mflop/s
------------------------------------------------------------------------------------------------------------------------

--- Event Stage 0: Main Stage

VecSet                 2 1.0 1.6999e-04 1.3 0.00e+00 0.0 0.0e+00 0.0e+00 0.0e+00  0  0  0  0  0   0  0  0  0  0     0
VecPointwiseMult       1 1.0 1.0490e-03 1.3 7.37e+04 1.0 0.0e+00 0.0e+00 0.0e+00  0  0  0  0  0   1  2  0  0  0   281
VecScatterBegin        2 1.0 1.4305e-05 1.1 0.00e+00 0.0 0.0e+00 0.0e+00 0.0e+00  0  0  0  0  0   0  0  0  0  0     0
VecScatterEnd          2 1.0 1.2875e-05 1.2 0.00e+00 0.0 0.0e+00 0.0e+00 0.0e+00  0  0  0  0  0   0  0  0  0  0     0
MatMult                1 1.0 2.7824e-02 1.0 1.45e+06 1.0 0.0e+00 0.0e+00 0.0e+00  0  0  0  0  0  20 41  0  0  0   208
MatMultTranspose       1 1.0 2.9433e-02 1.0 1.98e+06 1.0 0.0e+00 0.0e+00 0.0e+00  0  0  0  0  0  21 57  0  0  0   269

--- Event Stage 1: Full solve

VecDot                42 1.0 6.2934e-02 3.3 6.90e+06 1.0 0.0e+00 0.0e+00 4.2e+01  0  0  0  0  1   0  0  0  0  1   438
VecMDot             1070 1.0 5.9907e+0026.1 7.42e+07 1.0 0.0e+00 0.0e+00 1.1e+03  0  0  0  0 13   0  0  0  0 22    50
VecNorm             2664 1.0 1.0403e+0116.5 1.63e+08 1.0 0.0e+00 0.0e+00 2.7e+03  0  0  0  0 33   1  0  0  0 55    63
VecScale            2044 1.0 3.1115e-01 1.0 5.48e+07 1.0 0.0e+00 0.0e+00 0.0e+00  0  0  0  0  0   0  0  0  0  0   704
VecCopy             1100 1.0 2.5733e-01 1.2 0.00e+00 0.0 0.0e+00 0.0e+00 0.0e+00  0  0  0  0  0   0  0  0  0  0     0
VecSet             11352 1.0 4.6662e-01 1.0 0.00e+00 0.0 0.0e+00 0.0e+00 0.0e+00  0  0  0  0  0   0  0  0  0  0     0
VecAXPY             1492 1.0 3.9079e-01 1.1 9.03e+07 1.0 0.0e+00 0.0e+00 0.0e+00  0  0  0  0  0   0  0  0  0  0   925
VecAYPX              340 1.0 1.3255e-01 1.0 1.08e+07 1.0 0.0e+00 0.0e+00 0.0e+00  0  0  0  0  0   0  0  0  0  0   327
VecWAXPY              49 1.0 5.1019e-02 1.0 3.75e+06 1.0 0.0e+00 0.0e+00 0.0e+00  0  0  0  0  0   0  0  0  0  0   294
VecMAXPY            2044 1.0 4.9695e-01 1.0 1.33e+08 1.0 0.0e+00 0.0e+00 0.0e+00  0  0  0  0  0   0  0  0  0  0  1071
VecPointwiseMult      71 1.0 9.5410e-03 1.1 7.03e+05 1.0 0.0e+00 0.0e+00 0.0e+00  0  0  0  0  0   0  0  0  0  0   295
VecScatterBegin     5234 1.0 5.8805e-01 1.0 0.00e+00 0.0 4.8e+04 3.7e+03 0.0e+00  0  0 54 18  0   0  0 88 35  0     0
VecScatterEnd       5234 1.0 1.0340e+02320.1 0.00e+00 0.0 0.0e+00 0.0e+00 0.0e+00  4  0  0  0  0   7  0  0  0  0     0
VecReduceArith        10 1.0 7.5531e-03 1.0 2.51e+06 1.0 0.0e+00 0.0e+00 0.0e+00  0  0  0  0  0   0  0  0  0  0  1330
VecReduceComm          5 1.0 6.3515e-04 1.7 0.00e+00 0.0 0.0e+00 0.0e+00 5.0e+00  0  0  0  0  0   0  0  0  0  0     0
VecNormalize        1939 1.0 6.3973e+0010.1 1.32e+08 1.0 0.0e+00 0.0e+00 1.9e+03  0  0  0  0 24   0  0  0  0 40    82
MatMult             2152 1.0 1.5414e+02 2.9 6.30e+09 1.0 2.5e+04 5.5e+03 0.0e+00  9  9 28 14  0  16 16 46 27  0   161
MatMultAdd           340 1.0 7.2932e-01 1.0 4.16e+07 1.0 3.4e+03 3.6e+02 0.0e+00  0  0  4  0  0   0  0  6  0  0   228
MatMultTranspose     593 1.0 1.5646e+00 1.1 9.32e+07 1.0 5.6e+03 3.6e+02 0.0e+00  0  0  6  0  0   0  0 10  0  0   238
MatSolve            1878 1.0 8.6545e+01 1.2 1.26e+10 1.2 0.0e+00 0.0e+00 0.0e+00  8 17  0  0  0  14 29  0  0  0   539
MatCholFctrSym         4 1.0 9.6075e-02 1.5 0.00e+00 0.0 0.0e+00 0.0e+00 0.0e+00  0  0  0  0  0   0  0  0  0  0     0
MatCholFctrNum        71 1.0 2.0227e+02 2.0 2.61e+10 2.0 0.0e+00 0.0e+00 0.0e+00 16 32  0  0  0  29 54  0  0  0   422
MatICCFactorSym        6 1.0 5.9585e-01 1.0 0.00e+00 0.0 0.0e+00 0.0e+00 0.0e+00  0  0  0  0  0   0  0  0  0  0     0
MatConvert            42 1.0 1.3243e-01 1.1 0.00e+00 0.0 0.0e+00 0.0e+00 0.0e+00  0  0  0  0  0   0  0  0  0  0     0
MatAssemblyBegin     153 1.0 1.4766e+00 2.6 0.00e+00 0.0 4.1e+03 7.7e+04 3.2e+02  0  0  5 32  4   0  0  7 62  7     0
MatAssemblyEnd       153 1.0 1.8274e+00 1.5 0.00e+00 0.0 2.9e+02 7.3e+03 8.8e+01  0  0  0  0  1   0  0  1  0  2     0
MatGetRowIJ          128 1.0 7.3528e-04 1.1 0.00e+00 0.0 0.0e+00 0.0e+00 0.0e+00  0  0  0  0  0   0  0  0  0  0     0
MatGetSubMatrice      31 1.0 4.8140e-01 1.0 0.00e+00 0.0 1.9e+03 6.2e+03 1.2e+02  0  0  2  1  2   0  0  3  2  3     0
MatGetOrdering        44 1.0 1.0020e-01 1.0 0.00e+00 0.0 0.0e+00 0.0e+00 8.8e+01  0  0  0  0  1   0  0  0  0  2     0
MatIncreaseOvrlp       4 1.0 2.2971e-02 1.0 0.00e+00 0.0 7.2e+01 2.4e+02 3.2e+01  0  0  0  0  0   0  0  0  0  1     0
MatZeroEntries       113 1.0 3.1403e-01 1.0 0.00e+00 0.0 0.0e+00 0.0e+00 0.0e+00  0  0  0  0  0   0  0  0  0  0     0
SNESSolve              5 1.0 5.6272e+02 1.0 4.57e+10 1.5 5.4e+04 9.2e+03 4.6e+03 56 59 61 52 57  99100 99100 94   283
SNESLineSearch        42 1.0 4.5612e+01 1.0 3.88e+08 1.0 1.7e+03 1.1e+04 1.8e+02  5  1  2  2  2   8  1  3  4  4    34
SNESFunctionEval      54 1.0 4.9638e+01 1.0 0.00e+00 0.0 1.3e+03 1.0e+04 1.0e+01  5  0  1  1  0   9  0  2  3  0     0
SNESJacobianEval      42 1.0 1.4739e+02 1.0 1.62e+07 1.0 6.1e+03 5.3e+04 3.1e+02 15  0  7 33  4  26  0 11 63  6     0
KSPGMRESOrthog      1070 1.0 6.2661e+0012.3 1.48e+08 1.0 0.0e+00 0.0e+00 1.1e+03  0  0  0  0 13   0  0  0  0 22    95
KSPSetup             226 1.0 7.1071e-02 1.0 0.00e+00 0.0 0.0e+00 0.0e+00 4.0e+01  0  0  0  0  0   0  0  0  0  1     0
KSPSolve              42 1.0 3.6213e+02 1.0 4.52e+10 1.5 4.7e+04 3.5e+03 4.0e+03 36 59 52 17 50  64 99 85 32 83   436
PCSetUp              113 1.0 2.1234e+02 1.9 2.61e+10 2.0 2.0e+03 5.7e+03 2.7e+02 17 32  2  1  3  31 54  4  2  6   402
PCSetUpOnBlocks      680 1.0 2.0307e+02 2.0 2.61e+10 2.0 0.0e+00 0.0e+00 9.2e+01 17 32  0  0  1  29 54  0  0  2   421
PCApply               85 1.0 3.4585e+02 1.0 4.44e+10 1.5 4.4e+04 3.1e+03 3.6e+03 34 57 49 14 45  61 97 79 27 74   447

--- Event Stage 2: Fine-1 solve

VecDot                10 1.0 1.3155e-02 3.2 1.47e+06 1.0 0.0e+00 0.0e+00 1.0e+01  0  0  0  0  0   0  0  0  0  1   448
VecMDot              442 1.0 2.5698e+0034.7 2.13e+07 1.0 0.0e+00 0.0e+00 4.4e+02  0  0  0  0  6   1  0  0  0 25    33
VecNorm             1124 1.0 4.3165e+0022.0 4.48e+07 1.0 0.0e+00 0.0e+00 1.1e+03  0  0  0  0 14   1  0  0  0 63    41
VecScale             868 1.0 7.2251e-02 1.0 1.52e+07 1.0 0.0e+00 0.0e+00 0.0e+00  0  0  0  0  0   0  0  0  0  0   843
VecCopy              456 1.0 5.8655e-02 1.1 0.00e+00 0.0 0.0e+00 0.0e+00 0.0e+00  0  0  0  0  0   0  0  0  0  0     0
VecSet              4972 1.0 1.3292e-01 1.0 0.00e+00 0.0 0.0e+00 0.0e+00 0.0e+00  0  0  0  0  0   0  0  0  0  0     0
VecAXPY              660 1.0 9.0532e-02 1.1 2.51e+07 1.0 0.0e+00 0.0e+00 0.0e+00  0  0  0  0  0   0  0  0  0  0  1110
VecAYPX              156 1.0 3.9412e-02 1.0 3.09e+06 1.0 0.0e+00 0.0e+00 0.0e+00  0  0  0  0  0   0  0  0  0  0   313
VecWAXPY              12 1.0 1.3839e-02 1.1 1.03e+06 1.0 0.0e+00 0.0e+00 0.0e+00  0  0  0  0  0   0  0  0  0  0   298
VecMAXPY             868 1.0 1.1509e-01 1.0 3.77e+07 1.0 0.0e+00 0.0e+00 0.0e+00  0  0  0  0  0   0  0  0  0  0  1309
VecPointwiseMult      30 1.0 3.2485e-03 1.2 2.15e+05 1.0 0.0e+00 0.0e+00 0.0e+00  0  0  0  0  0   0  0  0  0  0   265
VecScatterBegin     2238 1.0 2.0308e-01 1.1 0.00e+00 0.0 2.0e+04 2.6e+03 0.0e+00  0  0 23  5  0   0  0 91 43  0     0
VecScatterEnd       2238 1.0 3.2717e+01281.9 0.00e+00 0.0 0.0e+00 0.0e+00 0.0e+00  1  0  0  0  0   8  0  0  0  0     0
VecReduceArith         2 1.0 8.9502e-04 1.0 2.95e+05 1.0 0.0e+00 0.0e+00 0.0e+00  0  0  0  0  0   0  0  0  0  0  1318
VecReduceComm          1 1.0 1.7691e-04 3.3 0.00e+00 0.0 0.0e+00 0.0e+00 1.0e+00  0  0  0  0  0   0  0  0  0  0     0
VecNormalize         832 1.0 2.6760e+0014.0 3.77e+07 1.0 0.0e+00 0.0e+00 8.3e+02  0  0  0  0 10   1  0  0  0 47    56
MatMult              920 1.0 4.4873e+01 3.6 1.62e+09 1.0 1.1e+04 3.7e+03 0.0e+00  2  2 12  4  0  16 13 48 33  0   142
MatMultAdd           156 1.0 2.1743e-01 1.0 1.21e+07 1.0 1.6e+03 3.7e+02 0.0e+00  0  0  2  0  0   0  0  7  0  0   222
MatMultTranspose     264 1.0 4.5182e-01 1.1 2.48e+07 1.0 2.4e+03 3.8e+02 0.0e+00  0  0  3  0  0   0  0 11  1  0   220
MatSolve             858 1.0 2.8908e+01 1.3 4.41e+09 1.3 0.0e+00 0.0e+00 0.0e+00  3  6  0  0  0  18 33  0  0  0   557
MatCholFctrNum        30 1.0 6.1285e+01 2.1 8.07e+09 2.1 0.0e+00 0.0e+00 0.0e+00  5 10  0  0  0  33 53  0  0  0   426
MatConvert            10 1.0 3.1333e-02 1.1 0.00e+00 0.0 0.0e+00 0.0e+00 0.0e+00  0  0  0  0  0   0  0  0  0  0     0
MatAssemblyBegin      50 1.0 4.5963e-01 5.6 0.00e+00 0.0 1.4e+03 4.5e+04 1.1e+02  0  0  2  7  1   0  0  6 54  6     0
MatAssemblyEnd        50 1.0 3.4160e-01 1.8 0.00e+00 0.0 0.0e+00 0.0e+00 0.0e+00  0  0  0  0  0   0  0  0  0  0     0
MatGetRowIJ           40 1.0 2.3031e-04 1.1 0.00e+00 0.0 0.0e+00 0.0e+00 0.0e+00  0  0  0  0  0   0  0  0  0  0     0
MatGetSubMatrice      10 1.0 1.5548e-01 1.0 0.00e+00 0.0 6.0e+02 6.2e+03 4.0e+01  0  0  1  0  0   0  0  3  3  2     0
MatGetOrdering        20 1.0 2.3184e-02 1.0 0.00e+00 0.0 0.0e+00 0.0e+00 4.0e+01  0  0  0  0  0   0  0  0  0  2     0
MatZeroEntries        40 1.0 6.6186e-02 1.1 0.00e+00 0.0 0.0e+00 0.0e+00 0.0e+00  0  0  0  0  0   0  0  0  0  0     0
SNESSolve              1 1.0 1.5066e+02 1.0 1.43e+10 1.6 2.3e+04 5.3e+03 1.8e+03 15 18 25 12 22 100100100100100   327
SNESLineSearch        10 1.0 1.0531e+01 1.0 8.06e+07 1.0 4.1e+02 1.0e+04 4.2e+01  1  0  0  0  1   7  1  2  3  2    30
SNESFunctionEval      13 1.0 1.0698e+01 1.0 0.00e+00 0.0 3.1e+02 9.4e+03 0.0e+00  1  0  0  0  0   7  0  1  2  0     0
SNESJacobianEval      10 1.0 3.0068e+01 1.0 3.76e+06 1.0 2.2e+03 3.1e+04 1.1e+02  3  0  2  7  1  20  0 10 55  6     0
KSPGMRESOrthog       442 1.0 2.6380e+0018.3 4.25e+07 1.0 0.0e+00 0.0e+00 4.4e+02  0  0  0  0  6   1  0  0  0 25    64
KSPSetup              80 1.0 3.6144e-04 1.0 0.00e+00 0.0 0.0e+00 0.0e+00 0.0e+00  0  0  0  0  0   0  0  0  0  0     0
KSPSolve              10 1.0 1.0922e+02 1.0 1.42e+10 1.6 2.0e+04 2.5e+03 1.6e+03 11 18 22  5 20  72 99 88 41 91   449
PCSetUp               40 1.0 6.3570e+01 2.0 8.07e+09 2.1 6.0e+02 6.2e+03 8.0e+01  5 10  1  0  1  35 53  3  3  5   411
PCSetUpOnBlocks      312 1.0 6.1313e+01 2.1 8.07e+09 2.1 0.0e+00 0.0e+00 4.0e+01  5 10  0  0  0  33 53  0  0  2   426
PCApply               26 1.0 1.0538e+02 1.0 1.40e+10 1.6 1.9e+04 2.2e+03 1.5e+03 10 18 21  4 19  70 98 84 35 86   457

--- Event Stage 3: Fine-only solve

VecDot                 5 1.0 4.7098e-02 3.6 5.32e+06 1.0 0.0e+00 0.0e+00 5.0e+00  0  0  0  0  0   0  0  0  0  1   452
VecMDot              234 1.0 1.3388e+0012.2 4.18e+07 1.0 0.0e+00 0.0e+00 2.3e+02  0  0  0  0  3   0  0  0  0 24   125
VecNorm              600 1.0 2.3005e+00 6.7 1.04e+08 1.0 0.0e+00 0.0e+00 6.0e+02  0  0  0  0  7   0  1  0  0 62   181
VecScale             464 1.0 2.1047e-01 1.0 3.44e+07 1.0 0.0e+00 0.0e+00 0.0e+00  0  0  0  0  0   0  0  0  0  0   653
VecCopy              245 1.0 1.8510e-01 1.2 0.00e+00 0.0 0.0e+00 0.0e+00 0.0e+00  0  0  0  0  0   0  0  0  0  0     0
VecSet              2678 1.0 2.7727e-01 1.0 0.00e+00 0.0 0.0e+00 0.0e+00 0.0e+00  0  0  0  0  0   0  0  0  0  0     0
VecAXPY              356 1.0 2.6725e-01 1.2 5.70e+07 1.0 0.0e+00 0.0e+00 0.0e+00  0  0  0  0  0   0  0  0  0  0   852
VecAYPX               90 1.0 7.8960e-02 1.0 6.71e+06 1.0 0.0e+00 0.0e+00 0.0e+00  0  0  0  0  0   0  0  0  0  0   340
VecWAXPY               5 1.0 3.6126e-02 1.0 2.66e+06 1.0 0.0e+00 0.0e+00 0.0e+00  0  0  0  0  0   0  0  0  0  0   295
VecMAXPY             464 1.0 3.2632e-01 1.0 7.84e+07 1.0 0.0e+00 0.0e+00 0.0e+00  0  0  0  0  0   0  1  0  0  0   960
VecPointwiseMult      20 1.0 6.5801e-03 1.2 4.76e+05 1.0 0.0e+00 0.0e+00 0.0e+00  0  0  0  0  0   0  0  0  0  0   289
VecScatterBegin     1142 1.0 2.6724e-01 1.0 0.00e+00 0.0 1.0e+04 9.9e+03 0.0e+00  0  0 11 10  0   0  0 90 29  0     0
VecScatterEnd       1142 1.0 1.7017e+01137.9 0.00e+00 0.0 0.0e+00 0.0e+00 0.0e+00  1  0  0  0  0   2  0  0  0  0     0
VecReduceArith         2 1.0 6.3200e-03 1.0 2.13e+06 1.0 0.0e+00 0.0e+00 0.0e+00  0  0  0  0  0   0  0  0  0  0  1348
VecReduceComm          1 1.0 5.8794e-0410.9 0.00e+00 0.0 0.0e+00 0.0e+00 1.0e+00  0  0  0  0  0   0  0  0  0  0     0
VecNormalize         450 1.0 1.5944e+00 4.6 8.08e+07 1.0 0.0e+00 0.0e+00 4.5e+02  0  0  0  0  6   0  1  0  0 47   203
MatMult              491 1.0 5.1799e+01 1.4 4.18e+09 1.0 5.7e+03 1.5e+04 0.0e+00  4  6  6  9  0  14 28 50 24  0   318
MatMultAdd            90 1.0 4.3391e-01 1.0 2.52e+07 1.0 7.6e+02 3.7e+02 0.0e+00  0  0  1  0  0   0  0  7  0  0   232
MatMultTranspose     146 1.0 8.9484e-01 1.0 5.79e+07 1.0 1.1e+03 3.8e+02 0.0e+00  0  0  1  0  0   0  0 10  0  0   259
MatSolve             486 1.0 3.8933e+01 1.1 5.20e+09 1.1 0.0e+00 0.0e+00 0.0e+00  4  7  0  0  0  13 34  0  0  0   516
MatCholFctrNum        20 1.0 4.8387e+01 1.5 6.16e+09 1.5 0.0e+00 0.0e+00 0.0e+00  4  8  0  0  0  15 36  0  0  0   446
MatConvert             5 1.0 1.5648e-02 1.1 0.00e+00 0.0 0.0e+00 0.0e+00 0.0e+00  0  0  0  0  0   0  0  0  0  0     0
MatAssemblyBegin      30 1.0 9.2806e-01 2.5 0.00e+00 0.0 9.0e+02 2.7e+05 7.0e+01  0  0  1 25  1   0  0  8 70  7     0
MatAssemblyEnd        30 1.0 1.2342e+00 1.8 0.00e+00 0.0 0.0e+00 0.0e+00 0.0e+00  0  0  0  0  0   0  0  0  0  0     0
MatGetRowIJ           25 1.0 1.3733e-04 1.1 0.00e+00 0.0 0.0e+00 0.0e+00 0.0e+00  0  0  0  0  0   0  0  0  0  0     0
MatGetSubMatrice       5 1.0 7.7827e-02 1.0 0.00e+00 0.0 3.0e+02 6.2e+03 2.0e+01  0  0  0  0  0   0  0  3  1  2     0
MatGetOrdering        15 1.0 7.6494e-02 1.0 0.00e+00 0.0 0.0e+00 0.0e+00 3.0e+01  0  0  0  0  0   0  0  0  0  3     0
MatZeroEntries        25 1.0 2.4672e-01 1.0 0.00e+00 0.0 0.0e+00 0.0e+00 0.0e+00  0  0  0  0  0   0  0  0  0  0     0
SNESSolve              1 1.0 2.8605e+02 1.0 1.60e+10 1.2 1.1e+04 3.0e+04 9.6e+02 28 22 13 36 12 100100100100100   209
SNESLineSearch         5 1.0 3.5338e+01 1.0 3.08e+08 1.0 1.8e+02 7.5e+04 2.0e+01  4  0  0  1  0  12  2  2  4  2    34
SNESFunctionEval       6 1.0 3.9073e+01 1.0 0.00e+00 0.0 1.4e+02 6.8e+04 0.0e+00  4  0  0  1  0  14  0  1  3  0     0
SNESJacobianEval       5 1.0 1.1805e+02 1.0 1.22e+07 1.0 1.3e+03 1.9e+05 7.0e+01 12  0  1 25  1  41  0 12 71  7     0
KSPGMRESOrthog       234 1.0 1.5018e+00 5.5 8.37e+07 1.0 0.0e+00 0.0e+00 2.3e+02  0  0  0  0  3   0  1  0  0 24   223
KSPSetup              50 1.0 2.2388e-04 1.1 0.00e+00 0.0 0.0e+00 0.0e+00 0.0e+00  0  0  0  0  0   0  0  0  0  0     0
KSPSolve               5 1.0 1.2608e+02 1.0 1.56e+10 1.2 9.9e+03 8.4e+03 8.7e+02 13 22 11  9 11  44 98 87 24 90   464
PCSetUp               25 1.0 4.9602e+01 1.5 6.16e+09 1.5 3.0e+02 6.2e+03 5.0e+01  4  8  0  0  1  15 36  3  1  5   435
PCSetUpOnBlocks      180 1.0 4.8467e+01 1.5 6.16e+09 1.5 0.0e+00 0.0e+00 3.0e+01  4  8  0  0  0  15 36  0  0  3   445
PCApply                9 1.0 1.2018e+02 1.0 1.51e+10 1.2 9.5e+03 7.5e+03 8.3e+02 12 21 11  7 10  42 94 83 21 86   468
------------------------------------------------------------------------------------------------------------------------

Memory usage is given in bytes:

Object Type          Creations   Destructions     Memory  Descendants' Mem.
Reports information only for process 0.

--- Event Stage 0: Main Stage

 Toy Hydrostatic Ice     0              1          524     0
   Distributed array     0             10      2871784     0
                 Vec     0            326    245756680     0
         Vec Scatter     0             41        25420     0
           Index Set     0             14      1575032     0
   IS L to G Mapping     0             20         6320     0
              Matrix     0             53    282251000     0
                SNES     0              5         3780     0
       Krylov Solver     0             30       340024     0
      Preconditioner     0             30        16924     0
              Viewer     0              1          408     0

--- Event Stage 1: Full solve

 Toy Hydrostatic Ice     1              0            0     0
   Distributed array    10              0            0     0
                 Vec   392             66     11287592     0
         Vec Scatter    41              0            0     0
           Index Set   252            238      7126656     0
   IS L to G Mapping    20              0            0     0
              Matrix    53              0            0     0
                SNES     5              0            0     0
       Krylov Solver    30              0            0     0
      Preconditioner    30              0            0     0
              Viewer     1              0            0     0

--- Event Stage 2: Fine-1 solve

           Index Set    60             60      1827440     0

--- Event Stage 3: Fine-only solve

           Index Set    40             40      6242720     0
========================================================================================================================
Average time to get PetscTime(): 3.60012e-06
Average time for MPI_Barrier(): 8.7738e-06
Average time for zero size MPI_Send(): 7.98702e-06
#PETSc Option Table entries:
-M 32
-P 2
-da_refine_hierarchy_x 1,1,8,8
-da_refine_hierarchy_y 2,2,1,1
-da_refine_hierarchy_z 2,2,1,1
-dmmg_form_function_ghost 1
-dmmg_grid_sequence
-ksp_converged_reason
-ksp_monitor
-ksp_rtol 1e-2
-log_summary
-mg_coarse_pc_type hypre
-mg_levels_0_ksp_max_it 20
-mg_levels_0_pc_type hypre
-mg_levels_1_pc_asm_type restrict
-mg_levels_1_pc_type asm
-mg_levels_1_sub_pc_type cholesky
-pc_mg_type full
-repeat_fine_solve 1
-snes_converged_reason
-snes_ksp_ew
-snes_ksp_ew_rtolmax 0.5
-snes_ksp_ew_version 3
-snes_monitor
-thi_L 40e3
-thi_alpha 0.05
-thi_friction_epsvel 1
-thi_friction_m 0.2
-thi_friction_refvel 100
-thi_hom x
-thi_nlevels 5
#End of PETSc Option Table entries
Compiled with FORTRAN kernels
Compiled with full precision matrices (default)
sizeof(short) 2 sizeof(int) 4 sizeof(long) 4 sizeof(void*) 4 sizeof(PetscScalar) 8
Configure run at: Thu Dec  9 16:16:25 2010
Configure options: --with-x=0 --with-is-color-value-type=short --with-debugging=1 --with-fortran-kernels=1 --with-mpi-dir=/bgsys/drivers/ppcfloor/comm --with-batch=1 --known-mpi-shared-libraries=1 --known-memcmp-ok --known-sizeof-char=1 --known-sizeof-void-p=4 --known-sizeof-short=2 --known-sizeof-int=4 --known-sizeof-long=4 --known-sizeof-size_t=4 --known-sizeof-long-long=8 --known-sizeof-float=4 --known-sizeof-double=8 --known-bits-per-byte=8 --known-sizeof-MPI_Comm=4 --known-sizeof-MPI_Fint=4 --known-mpi-long-double=1 --known-level1-dcache-assoc=0 --known-level1-dcache-linesize=32 --known-level1-dcache-size=32768 --download-hypre=1 --with-shared=0 --prefix=/opt/share/ksl/petsc/dev-dec9-hypre/ppc450d-bgp_xlc_hypre_fast --with-clanguage=c --COPTFLAGS="     -O3 -qhot" --CXXOPTFLAGS="     -O3 -qhot" --FOPTFLAGS="     -O3 -qhot" --LIBS=" -L/bgsys/ibm_essl/sles10/prod/opt/ibmmath/lib -L/opt/ibmcmp/xlsmp/bg/1.7/lib -L/opt/ibmcmp/xlmass/bg/4.4/bglib -L/opt/ibmcmp/xlf/bg/11.1/bglib -L/bgsys/ibm_essl/sles10/prod/opt/ibmmath/lib -L/opt/ibmcmp/xlsmp/bg/1.7/lib -L/opt/ibmcmp/xlmass/bg/4.4/bglib -L/opt/ibmcmp/xlf/bg/11.1/bglib   -lesslbg  -lxlf90_r -lxlopt -lxlsmp -lxl -lxlfmath  -lesslbg  -lxlf90_r -lxlopt -lxlsmp -lxl -lxlfmath -O3" --CC=/bgsys/drivers/ppcfloor/comm/xl/bin/mpixlc_r --CXX=/bgsys/drivers/ppcfloor/comm/xl/bin/mpixlcxx_r --FC=/bgsys/drivers/ppcfloor/comm/xl/bin/mpixlf90_r --with-debugging=0 PETSC_ARCH=bgp-xlc-hypre-fast
-----------------------------------------
Libraries compiled on Thu Dec  9 16:16:25 2010 on fen1 
Machine characteristics: Linux-2.6.16.60-0.66.1-ppc64-ppc64-with-SuSE-10-ppc
Using PETSc directory: /tmp/aron/builddir_ppc64/petsc-dev-dec9-hypre-bgp_xlc_hypre_fast/petsc-dev
Using PETSc arch: bgp-xlc-hypre-fast
-----------------------------------------

Using C compiler: /bgsys/drivers/ppcfloor/comm/xl/bin/mpixlc_r  -O3 -qhot  ${COPTFLAGS} ${CFLAGS}
Using Fortran compiler: /bgsys/drivers/ppcfloor/comm/xl/bin/mpixlf90_r  -O3 -qhot   ${FOPTFLAGS} ${FFLAGS} 
-----------------------------------------

Using include paths: -I/tmp/aron/builddir_ppc64/petsc-dev-dec9-hypre-bgp_xlc_hypre_fast/petsc-dev/bgp-xlc-hypre-fast/include -I/tmp/aron/builddir_ppc64/petsc-dev-dec9-hypre-bgp_xlc_hypre_fast/petsc-dev/include -I/tmp/aron/builddir_ppc64/petsc-dev-dec9-hypre-bgp_xlc_hypre_fast/petsc-dev/include -I/tmp/aron/builddir_ppc64/petsc-dev-dec9-hypre-bgp_xlc_hypre_fast/petsc-dev/bgp-xlc-hypre-fast/include -I/bgsys/drivers/ppcfloor/comm/include
-----------------------------------------

Using C linker: /bgsys/drivers/ppcfloor/comm/xl/bin/mpixlc_r
Using Fortran linker: /bgsys/drivers/ppcfloor/comm/xl/bin/mpixlf90_r
Using libraries: -Wl,-rpath,/tmp/aron/builddir_ppc64/petsc-dev-dec9-hypre-bgp_xlc_hypre_fast/petsc-dev/bgp-xlc-hypre-fast/lib -L/tmp/aron/builddir_ppc64/petsc-dev-dec9-hypre-bgp_xlc_hypre_fast/petsc-dev/bgp-xlc-hypre-fast/lib -lpetscts -lpetscsnes -lpetscksp -lpetscdm -lpetscmat -lpetscvec -lpetscsys -Wl,-rpath,/tmp/aron/builddir_ppc64/petsc-dev-dec9-hypre-bgp_xlc_hypre_fast/petsc-dev/bgp-xlc-hypre-fast/lib -L/tmp/aron/builddir_ppc64/petsc-dev-dec9-hypre-bgp_xlc_hypre_fast/petsc-dev/bgp-xlc-hypre-fast/lib -lHYPRE -Wl,-rpath,/opt/ibmcmp/lib/bg/bglib -Wl,-rpath,/bgsys/drivers/V1R4M2_200_2010-100508P/ppc/comm/sys/lib -Wl,-rpath,/bgsys/drivers/V1R4M2_200_2010-100508P/ppc/runtime/SPI -lcxxmpich.cnk -libmc++ -lstdc++ -L/bgsys/ibm_essl/sles10/prod/opt/ibmmath/lib -L/opt/ibmcmp/xlsmp/bg/1.7/lib -L/opt/ibmcmp/xlmass/bg/4.4/bglib -L/opt/ibmcmp/xlf/bg/11.1/bglib -L/bgsys/drivers/V1R4M2_200_2010-100508P/ppc/comm/xl/lib -L/bgsys/drivers/V1R4M2_200_2010-100508P/ppc/comm/sys/lib -L/bgsys/drivers/V1R4M2_200_2010-100508P/ppc/runtime/SPI -L/opt/ibmcmp/xlsmp/bg/1.7/bglib -L/opt/ibmcmp/vac/bg/9.0/bglib -L/opt/ibmcmp/vacpp/bg/9.0/bglib -L/bgsys/drivers/ppcfloor/gnu-linux/lib/gcc/powerpc-bgp-linux/4.1.2 -L/bgsys/drivers/ppcfloor/gnu-linux/powerpc-bgp-linux/lib -ldl -lesslbg -lxlf90_r -lxlopt -lxlsmp -lxl -lxlfmath -lpmpich.cnk -lmpich.cnk -lopa -ldcmf.cnk -ldcmfcoll.cnk -lpthread -lSPI.cna -lrt -lgcc_eh -lxlomp_ser -lm -lcxxmpich.cnk -libmc++ -lstdc++ -lcxxmpich.cnk -libmc++ -lstdc++ -ldl -lesslbg -lxlf90_r -lxlopt -lxlsmp -lxl -lxlfmath -lpmpich.cnk -lmpich.cnk -lopa -ldcmf.cnk -ldcmfcoll.cnk -lpthread -lSPI.cna -lrt -lgcc_eh -ldl -lesslbg -lxlf90_r -lxlopt -lxlsmp -lxl -lxlfmath -lesslbg -lxlf90_r -lxlopt -lxlsmp -lxl -lxlfmath -O3 
-----------------------------------------

