Level 0 domain size (m)    4e+04 x    4e+04 x    1e+03, num elements  32 x  32 x   2 (    2048), size (m) 1250 x 1250 x 1000
Level 1 domain size (m)    4e+04 x    4e+04 x    1e+03, num elements  64 x  64 x   2 (    8192), size (m) 625 x 625 x 1000
Level 2 domain size (m)    4e+04 x    4e+04 x    1e+03, num elements 128 x 128 x   2 (   32768), size (m) 312.5 x 312.5 x 1000
Level 3 domain size (m)    4e+04 x    4e+04 x    1e+03, num elements 256 x 256 x   2 (  131072), size (m) 156.25 x 156.25 x 1000
Level 4 domain size (m)    4e+04 x    4e+04 x    1e+03, num elements 256 x 256 x   9 (  589824), size (m) 156.25 x 156.25 x 125
Level 5 domain size (m)    4e+04 x    4e+04 x    1e+03, num elements 256 x 256 x 129 ( 8454144), size (m) 156.25 x 156.25 x 7.8125
            0 SNES Function norm 3.177916136619e+01 
            Linear solve converged due to CONVERGED_ITS iterations 1
            1 SNES Function norm 3.025415509292e+01 
            Linear solve converged due to CONVERGED_ITS iterations 1
            2 SNES Function norm 3.008500969255e+01 
            Linear solve converged due to CONVERGED_ITS iterations 1
            3 SNES Function norm 2.979484412447e+01 
            Linear solve converged due to CONVERGED_ITS iterations 1
            4 SNES Function norm 2.920856120802e+01 
            Linear solve converged due to CONVERGED_ITS iterations 1
            5 SNES Function norm 2.015041929895e+01 
            Linear solve converged due to CONVERGED_ITS iterations 1
            6 SNES Function norm 9.185996924944e+00 
            Linear solve converged due to CONVERGED_ITS iterations 1
            7 SNES Function norm 2.822008548836e+00 
            Linear solve converged due to CONVERGED_ITS iterations 1
            8 SNES Function norm 4.656975597665e-01 
            Linear solve converged due to CONVERGED_ITS iterations 1
            9 SNES Function norm 2.500862725559e-02 
            Linear solve converged due to CONVERGED_ITS iterations 1
           10 SNES Function norm 8.117248554194e-05 
            Linear solve converged due to CONVERGED_ITS iterations 1
           11 SNES Function norm 8.312108865701e-10 
Nonlinear solve converged due to CONVERGED_FNORM_RELATIVE
          0 SNES Function norm 9.063947063382e+01 
            0 KSP Residual norm 9.063947063382e+01 
            1 KSP Residual norm 5.738119194499e+00 
          Linear solve converged due to CONVERGED_RTOL iterations 1
          1 SNES Function norm 3.558076545265e+01 
            0 KSP Residual norm 3.558076545265e+01 
            1 KSP Residual norm 7.189005720819e+00 
          Linear solve converged due to CONVERGED_RTOL iterations 1
          2 SNES Function norm 1.312936219966e+01 
            0 KSP Residual norm 1.312936219966e+01 
            1 KSP Residual norm 1.017698275692e+00 
          Linear solve converged due to CONVERGED_RTOL iterations 1
          3 SNES Function norm 6.258098192046e+00 
            0 KSP Residual norm 6.258098192046e+00 
            1 KSP Residual norm 5.160322539299e-01 
          Linear solve converged due to CONVERGED_RTOL iterations 1
          4 SNES Function norm 2.099279292244e+00 
            0 KSP Residual norm 2.099279292244e+00 
            1 KSP Residual norm 2.674726559408e-01 
          Linear solve converged due to CONVERGED_RTOL iterations 1
          5 SNES Function norm 7.016035120154e-01 
            0 KSP Residual norm 7.016035120154e-01 
            1 KSP Residual norm 1.581227033607e-01 
            2 KSP Residual norm 7.732667435420e-02 
          Linear solve converged due to CONVERGED_RTOL iterations 2
          6 SNES Function norm 9.260816608834e-02 
            0 KSP Residual norm 9.260816608834e-02 
            1 KSP Residual norm 3.406254007777e-02 
            2 KSP Residual norm 7.697155375524e-03 
            3 KSP Residual norm 8.191839605270e-04 
          Linear solve converged due to CONVERGED_RTOL iterations 3
          7 SNES Function norm 1.173951714897e-03 
            0 KSP Residual norm 1.173951714897e-03 
            1 KSP Residual norm 3.144672387945e-04 
            2 KSP Residual norm 9.617316707984e-05 
            3 KSP Residual norm 1.249698434908e-05 
            4 KSP Residual norm 2.065386376620e-06 
          Linear solve converged due to CONVERGED_RTOL iterations 4
          8 SNES Function norm 2.093102909193e-06 
            0 KSP Residual norm 2.093102909193e-06 
            1 KSP Residual norm 2.913867851115e-07 
          Linear solve converged due to CONVERGED_RTOL iterations 1
          9 SNES Function norm 2.913872214369e-07 
Nonlinear solve converged due to CONVERGED_FNORM_RELATIVE
        0 SNES Function norm 5.220869972668e+01 
          0 KSP Residual norm 5.220869972668e+01 
          1 KSP Residual norm 2.265112620368e+00 
        Linear solve converged due to CONVERGED_RTOL iterations 1
        1 SNES Function norm 6.243611675292e+00 
          0 KSP Residual norm 6.243611675292e+00 
          1 KSP Residual norm 8.608289522161e-01 
        Linear solve converged due to CONVERGED_RTOL iterations 1
        2 SNES Function norm 2.811871376082e+00 
          0 KSP Residual norm 2.811871376082e+00 
          1 KSP Residual norm 3.256326657319e-01 
        Linear solve converged due to CONVERGED_RTOL iterations 1
        3 SNES Function norm 1.798871848458e+00 
          0 KSP Residual norm 1.798871848458e+00 
          1 KSP Residual norm 1.635819829607e-01 
        Linear solve converged due to CONVERGED_RTOL iterations 1
        4 SNES Function norm 1.163079279543e+00 
          0 KSP Residual norm 1.163079279543e+00 
          1 KSP Residual norm 5.516930954671e-02 
        Linear solve converged due to CONVERGED_RTOL iterations 1
        5 SNES Function norm 5.750899243143e-01 
          0 KSP Residual norm 5.750899243143e-01 
          1 KSP Residual norm 1.985246211719e-02 
        Linear solve converged due to CONVERGED_RTOL iterations 1
        6 SNES Function norm 1.810909038322e-01 
          0 KSP Residual norm 1.810909038322e-01 
          1 KSP Residual norm 7.895991264159e-03 
        Linear solve converged due to CONVERGED_RTOL iterations 1
        7 SNES Function norm 2.412740323120e-02 
          0 KSP Residual norm 2.412740323120e-02 
          1 KSP Residual norm 1.991566772089e-03 
          2 KSP Residual norm 3.643951670313e-04 
        Linear solve converged due to CONVERGED_RTOL iterations 2
        8 SNES Function norm 5.966562147100e-04 
          0 KSP Residual norm 5.966562147100e-04 
          1 KSP Residual norm 1.213392279222e-04 
          2 KSP Residual norm 2.828293054477e-05 
          3 KSP Residual norm 6.742718325109e-06 
          4 KSP Residual norm 1.491324555367e-06 
        Linear solve converged due to CONVERGED_RTOL iterations 4
        9 SNES Function norm 1.541942583826e-06 
          0 KSP Residual norm 1.541942583826e-06 
          1 KSP Residual norm 2.966781523419e-07 
        Linear solve converged due to CONVERGED_RTOL iterations 1
       10 SNES Function norm 2.966788116562e-07 
Nonlinear solve converged due to CONVERGED_FNORM_RELATIVE
      0 SNES Function norm 2.838144626433e+01 
        0 KSP Residual norm 2.838144626433e+01 
        1 KSP Residual norm 8.836987623290e-01 
      Linear solve converged due to CONVERGED_RTOL iterations 1
      1 SNES Function norm 2.576179959284e+00 
        0 KSP Residual norm 2.576179959284e+00 
        1 KSP Residual norm 3.892589960594e-01 
        2 KSP Residual norm 9.204389698833e-02 
      Linear solve converged due to CONVERGED_RTOL iterations 2
      2 SNES Function norm 1.198092849319e+00 
        0 KSP Residual norm 1.198092849319e+00 
        1 KSP Residual norm 6.505023824463e-02 
      Linear solve converged due to CONVERGED_RTOL iterations 1
      3 SNES Function norm 7.837877263677e-01 
        0 KSP Residual norm 7.837877263677e-01 
        1 KSP Residual norm 4.936446070133e-02 
      Linear solve converged due to CONVERGED_RTOL iterations 1
      4 SNES Function norm 5.536866713319e-01 
        0 KSP Residual norm 5.536866713319e-01 
        1 KSP Residual norm 1.984121959648e-02 
      Linear solve converged due to CONVERGED_RTOL iterations 1
      5 SNES Function norm 2.928554042882e-01 
        0 KSP Residual norm 2.928554042882e-01 
        1 KSP Residual norm 1.012290953970e-02 
      Linear solve converged due to CONVERGED_RTOL iterations 1
      6 SNES Function norm 1.134309921780e-01 
        0 KSP Residual norm 1.134309921780e-01 
        1 KSP Residual norm 4.687008423830e-03 
      Linear solve converged due to CONVERGED_RTOL iterations 1
      7 SNES Function norm 3.152274870481e-02 
        0 KSP Residual norm 3.152274870481e-02 
        1 KSP Residual norm 1.757888721554e-03 
      Linear solve converged due to CONVERGED_RTOL iterations 1
      8 SNES Function norm 2.181396686759e-03 
        0 KSP Residual norm 2.181396686759e-03 
        1 KSP Residual norm 1.771786944610e-04 
        2 KSP Residual norm 2.799716615194e-05 
      Linear solve converged due to CONVERGED_RTOL iterations 2
      9 SNES Function norm 2.851377405166e-05 
Nonlinear solve converged due to CONVERGED_PNORM_RELATIVE
    0 SNES Function norm 1.472172037264e+01 
      0 KSP Residual norm 1.472172037264e+01 
      1 KSP Residual norm 3.575288383539e+00 
    Linear solve converged due to CONVERGED_RTOL iterations 1
    1 SNES Function norm 4.130245496713e+00 
      0 KSP Residual norm 4.130245496713e+00 
      1 KSP Residual norm 1.367316554923e+00 
      2 KSP Residual norm 3.873421669070e-01 
    Linear solve converged due to CONVERGED_RTOL iterations 2
    2 SNES Function norm 7.296974833127e-01 
      0 KSP Residual norm 7.296974833127e-01 
      1 KSP Residual norm 2.700101279170e-01 
      2 KSP Residual norm 9.318889783566e-02 
      3 KSP Residual norm 2.553993741713e-02 
    Linear solve converged due to CONVERGED_RTOL iterations 3
    3 SNES Function norm 6.252423072537e-01 
      0 KSP Residual norm 6.252423072537e-01 
      1 KSP Residual norm 9.167478236615e-02 
    Linear solve converged due to CONVERGED_RTOL iterations 1
    4 SNES Function norm 6.057076331210e-01 
      0 KSP Residual norm 6.057076331210e-01 
      1 KSP Residual norm 9.993418708044e-02 
    Linear solve converged due to CONVERGED_RTOL iterations 1
    5 SNES Function norm 2.209880095676e-01 
      0 KSP Residual norm 2.209880095676e-01 
      1 KSP Residual norm 2.543008113486e-02 
    Linear solve converged due to CONVERGED_RTOL iterations 1
    6 SNES Function norm 1.943386702988e-01 
      0 KSP Residual norm 1.943386702988e-01 
      1 KSP Residual norm 2.350982213719e-02 
    Linear solve converged due to CONVERGED_RTOL iterations 1
    7 SNES Function norm 1.633087454669e-01 
      0 KSP Residual norm 1.633087454669e-01 
      1 KSP Residual norm 2.377353816782e-02 
    Linear solve converged due to CONVERGED_RTOL iterations 1
    8 SNES Function norm 5.288190690910e-02 
      0 KSP Residual norm 5.288190690910e-02 
      1 KSP Residual norm 9.218534331753e-03 
      2 KSP Residual norm 3.987208542005e-03 
    Linear solve converged due to CONVERGED_RTOL iterations 2
    9 SNES Function norm 2.359156475229e-02 
      0 KSP Residual norm 2.359156475229e-02 
      1 KSP Residual norm 1.631204855118e-02 
      2 KSP Residual norm 8.684801919323e-03 
      3 KSP Residual norm 8.681189782174e-03 
      4 KSP Residual norm 5.035638518885e-03 
    Linear solve converged due to CONVERGED_RTOL iterations 4
   10 SNES Function norm 5.500155482803e-03 
      0 KSP Residual norm 5.500155482803e-03 
      1 KSP Residual norm 3.450848221877e-03 
      2 KSP Residual norm 2.538685989965e-03 
      3 KSP Residual norm 2.367218952028e-03 
      4 KSP Residual norm 1.910253952706e-03 
      5 KSP Residual norm 1.735552368254e-03 
      6 KSP Residual norm 1.585305818439e-03 
      7 KSP Residual norm 1.207903818374e-03 
      8 KSP Residual norm 1.065542864334e-03 
      9 KSP Residual norm 1.063454381653e-03 
     10 KSP Residual norm 1.063356354885e-03 
     11 KSP Residual norm 1.052051146593e-03 
     12 KSP Residual norm 1.001117563935e-03 
     13 KSP Residual norm 7.330244455992e-04 
     14 KSP Residual norm 5.188179717547e-04 
    Linear solve converged due to CONVERGED_RTOL iterations 14
   11 SNES Function norm 5.240888734236e-04 
      0 KSP Residual norm 5.240888734236e-04 
      1 KSP Residual norm 4.096738069188e-04 
      2 KSP Residual norm 2.666541595077e-04 
      3 KSP Residual norm 2.246949122898e-04 
      4 KSP Residual norm 1.994401721056e-04 
      5 KSP Residual norm 1.502455653624e-04 
      6 KSP Residual norm 1.114123984301e-04 
      7 KSP Residual norm 7.248211887174e-05 
      8 KSP Residual norm 5.016452709774e-05 
      9 KSP Residual norm 3.569314023170e-05 
     10 KSP Residual norm 2.379347516584e-05 
     11 KSP Residual norm 1.568848083445e-05 
    Linear solve converged due to CONVERGED_RTOL iterations 11
   12 SNES Function norm 1.566488964536e-05 
      0 KSP Residual norm 1.566488964536e-05 
      1 KSP Residual norm 1.091977936838e-05 
      2 KSP Residual norm 7.706064052556e-06 
      3 KSP Residual norm 7.433310563430e-06 
      4 KSP Residual norm 5.508599791090e-06 
      5 KSP Residual norm 3.811843258964e-06 
      6 KSP Residual norm 2.930504507391e-06 
      7 KSP Residual norm 2.480709854810e-06 
      8 KSP Residual norm 2.044547165440e-06 
      9 KSP Residual norm 1.732265769265e-06 
     10 KSP Residual norm 1.562100238394e-06 
     11 KSP Residual norm 1.525506585153e-06 
     12 KSP Residual norm 1.525227846832e-06 
     13 KSP Residual norm 1.485216470417e-06 
     14 KSP Residual norm 1.246935682353e-06 
     15 KSP Residual norm 9.449776797697e-07 
     16 KSP Residual norm 6.754220712606e-07 
     17 KSP Residual norm 4.988078726056e-07 
     18 KSP Residual norm 3.014524913128e-07 
     19 KSP Residual norm 1.827916264842e-07 
     20 KSP Residual norm 9.329951457536e-08 
    Linear solve converged due to CONVERGED_RTOL iterations 20
   13 SNES Function norm 9.329033772276e-08 
Nonlinear solve converged due to CONVERGED_FNORM_RELATIVE
  0 SNES Function norm 7.847955591386e+00 
    0 KSP Residual norm 7.847955591386e+00 
    1 KSP Residual norm 1.998625370651e-01 
  Linear solve converged due to CONVERGED_RTOL iterations 1
  1 SNES Function norm 6.078716489760e-01 
    0 KSP Residual norm 6.078716489760e-01 
    1 KSP Residual norm 2.374150590646e-02 
  Linear solve converged due to CONVERGED_RTOL iterations 1
  2 SNES Function norm 3.317137587561e-02 
    0 KSP Residual norm 3.317137587561e-02 
    1 KSP Residual norm 8.344912861880e-03 
    2 KSP Residual norm 4.191153602833e-03 
    3 KSP Residual norm 1.743576824627e-03 
    4 KSP Residual norm 2.622719900919e-04 
  Linear solve converged due to CONVERGED_RTOL iterations 4
  3 SNES Function norm 2.068311473076e-03 
    0 KSP Residual norm 2.068311473076e-03 
    1 KSP Residual norm 1.729318628301e-04 
    2 KSP Residual norm 1.934028804238e-05 
  Linear solve converged due to CONVERGED_RTOL iterations 2
  4 SNES Function norm 2.429474072501e-05 
    0 KSP Residual norm 2.429474072501e-05 
    1 KSP Residual norm 6.444370830473e-06 
    2 KSP Residual norm 1.477976948169e-06 
    3 KSP Residual norm 4.848735750012e-07 
    4 KSP Residual norm 8.884769218151e-08 
    5 KSP Residual norm 2.188745677757e-08 
  Linear solve converged due to CONVERGED_RTOL iterations 5
  5 SNES Function norm 2.183024970543e-08 
Nonlinear solve converged due to CONVERGED_FNORM_RELATIVE
Solution statistics after solve: Full
CONVERGED_FNORM_RELATIVE: Number of Newton iterations = 5, total linear iterations = 13
|X|_2 1.01459e+07   u in [0.42235, 4237.84]   v in [-359.032, 1035.37]   c in [0.429661, 4255.83] 
Surface statistics: u in [3.207860e+00, 4.237833e+03] mean 3.222310e+03
Global eta range   [1.67447e+10, 9.2273e+12], converged range [1.67447e+10, 7.83438e+11]
Global beta2 range [0, 0], converged range [0, 0]

    0 SNES Function norm 9.702056996373e+00 
      0 KSP Residual norm 9.702056996373e+00 
      1 KSP Residual norm 2.435563944028e+00 
    Linear solve converged due to CONVERGED_RTOL iterations 1
    1 SNES Function norm 8.053580799607e+00 
      0 KSP Residual norm 8.053580799607e+00 
      1 KSP Residual norm 6.682590228257e+00 
      2 KSP Residual norm 6.615219393224e+00 
      3 KSP Residual norm 5.343234293558e+00 
      4 KSP Residual norm 5.290094731951e+00 
      5 KSP Residual norm 5.176003557244e+00 
      6 KSP Residual norm 3.925726823358e+00 
      7 KSP Residual norm 3.144834907383e+00 
      8 KSP Residual norm 1.052902465828e+00 
    Linear solve converged due to CONVERGED_RTOL iterations 8
    2 SNES Function norm 1.885151759401e+00 
      0 KSP Residual norm 1.885151759401e+00 
      1 KSP Residual norm 5.875562786398e-01 
      2 KSP Residual norm 2.037917642240e-01 
    Linear solve converged due to CONVERGED_RTOL iterations 2
    3 SNES Function norm 4.176465875025e-01 
      0 KSP Residual norm 4.176465875025e-01 
      1 KSP Residual norm 1.303615442500e-01 
      2 KSP Residual norm 3.336450029980e-02 
    Linear solve converged due to CONVERGED_RTOL iterations 2
    4 SNES Function norm 5.914923361877e-02 
      0 KSP Residual norm 5.914923361877e-02 
      1 KSP Residual norm 2.562030284149e-02 
      2 KSP Residual norm 2.530520700599e-02 
      3 KSP Residual norm 1.693191611347e-02 
      4 KSP Residual norm 1.238333923243e-02 
      5 KSP Residual norm 1.002740153795e-02 
      6 KSP Residual norm 9.719330053531e-03 
      7 KSP Residual norm 6.648960192666e-03 
      8 KSP Residual norm 4.187268818219e-03 
      9 KSP Residual norm 2.993553779666e-03 
     10 KSP Residual norm 1.740196357411e-03 
    Linear solve converged due to CONVERGED_RTOL iterations 10
    5 SNES Function norm 1.391848540582e-02 
      0 KSP Residual norm 1.391848540582e-02 
      1 KSP Residual norm 1.391652203008e-02 
      2 KSP Residual norm 6.699026482076e-03 
      3 KSP Residual norm 5.598657299163e-03 
      4 KSP Residual norm 3.131209653414e-03 
      5 KSP Residual norm 2.408648351382e-03 
      6 KSP Residual norm 2.286139516186e-03 
      7 KSP Residual norm 2.283816504453e-03 
      8 KSP Residual norm 2.041323322739e-03 
      9 KSP Residual norm 1.593510921450e-03 
     10 KSP Residual norm 1.245827180177e-03 
    Linear solve converged due to CONVERGED_RTOL iterations 10
    6 SNES Function norm 1.575968443995e-03 
      0 KSP Residual norm 1.575968443995e-03 
      1 KSP Residual norm 1.276335703912e-03 
      2 KSP Residual norm 1.068296074249e-03 
      3 KSP Residual norm 8.781719851098e-04 
      4 KSP Residual norm 5.403975957550e-04 
      5 KSP Residual norm 3.211158665209e-04 
      6 KSP Residual norm 2.651311537364e-04 
      7 KSP Residual norm 2.651202880179e-04 
      8 KSP Residual norm 2.356270075483e-04 
      9 KSP Residual norm 2.108584025926e-04 
     10 KSP Residual norm 2.096830342300e-04 
     11 KSP Residual norm 1.882440220574e-04 
     12 KSP Residual norm 1.348839950049e-04 
     13 KSP Residual norm 9.067094591677e-05 
     14 KSP Residual norm 6.154042994855e-05 
     15 KSP Residual norm 4.361579430155e-05 
    Linear solve converged due to CONVERGED_RTOL iterations 15
    7 SNES Function norm 4.553956443713e-05 
      0 KSP Residual norm 4.553956443713e-05 
      1 KSP Residual norm 3.644982969063e-05 
      2 KSP Residual norm 3.644554413062e-05 
      3 KSP Residual norm 1.641792998155e-05 
      4 KSP Residual norm 8.118074522648e-06 
      5 KSP Residual norm 4.951942391370e-06 
      6 KSP Residual norm 3.357526799444e-06 
      7 KSP Residual norm 2.527794934656e-06 
      8 KSP Residual norm 2.113617634569e-06 
      9 KSP Residual norm 2.112956849471e-06 
     10 KSP Residual norm 1.917190023859e-06 
     11 KSP Residual norm 1.624351698685e-06 
     12 KSP Residual norm 1.340690179716e-06 
     13 KSP Residual norm 1.197547683161e-06 
     14 KSP Residual norm 9.830154647676e-07 
     15 KSP Residual norm 7.100003460354e-07 
     16 KSP Residual norm 5.309337227023e-07 
     17 KSP Residual norm 3.180536319021e-07 
     18 KSP Residual norm 1.834735085312e-07 
     19 KSP Residual norm 1.193381973260e-07 
    Linear solve converged due to CONVERGED_RTOL iterations 19
    8 SNES Function norm 1.194929037501e-07 
Nonlinear solve converged due to CONVERGED_PNORM_RELATIVE
Solution statistics after solve: Fine-1
CONVERGED_PNORM_RELATIVE: Number of Newton iterations = 8, total linear iterations = 67
|X|_2 2.67623e+06   u in [0.42036, 4232.66]   v in [-358.75, 1034.41]   c in [0.427631, 4250.61] 
Surface statistics: u in [3.156014e+00, 4.232652e+03] mean 3.217687e+03
Global eta range   [1.67446e+10, 9.2273e+12], converged range [1.67485e+10, 7.83654e+11]
Global beta2 range [0, 0], converged range [0, 0]

  0 SNES Function norm 7.847955589172e+00 
    0 KSP Residual norm 7.847955589172e+00 
    1 KSP Residual norm 1.998625372428e-01 
  Linear solve converged due to CONVERGED_RTOL iterations 1
  1 SNES Function norm 6.078716490447e-01 
    0 KSP Residual norm 6.078716490447e-01 
    1 KSP Residual norm 2.374150588523e-02 
  Linear solve converged due to CONVERGED_RTOL iterations 1
  2 SNES Function norm 3.317137656752e-02 
    0 KSP Residual norm 3.317137656752e-02 
    1 KSP Residual norm 8.344912813721e-03 
    2 KSP Residual norm 4.191153677744e-03 
    3 KSP Residual norm 1.743576869443e-03 
    4 KSP Residual norm 2.622720039486e-04 
  Linear solve converged due to CONVERGED_RTOL iterations 4
  3 SNES Function norm 2.068313732049e-03 
    0 KSP Residual norm 2.068313732049e-03 
    1 KSP Residual norm 1.729321231432e-04 
    2 KSP Residual norm 1.934030531507e-05 
  Linear solve converged due to CONVERGED_RTOL iterations 2
  4 SNES Function norm 2.429476190816e-05 
    0 KSP Residual norm 2.429476190816e-05 
    1 KSP Residual norm 6.444372773913e-06 
    2 KSP Residual norm 1.477979320879e-06 
    3 KSP Residual norm 4.848742499089e-07 
    4 KSP Residual norm 8.884776624309e-08 
    5 KSP Residual norm 2.188743972007e-08 
  Linear solve converged due to CONVERGED_RTOL iterations 5
  5 SNES Function norm 2.183024495990e-08 
Nonlinear solve converged due to CONVERGED_FNORM_RELATIVE
Solution statistics after solve: Fine
CONVERGED_FNORM_RELATIVE: Number of Newton iterations = 5, total linear iterations = 13
|X|_2 1.01459e+07   u in [0.42235, 4237.84]   v in [-359.032, 1035.37]   c in [0.429661, 4255.83] 
Surface statistics: u in [3.207860e+00, 4.237833e+03] mean 3.222310e+03
Global eta range   [1.67446e+10, 9.2273e+12], converged range [1.67447e+10, 7.83438e+11]
Global beta2 range [0, 0], converged range [0, 0]

************************************************************************************************************************
***             WIDEN YOUR WINDOW TO 120 CHARACTERS.  Use 'enscript -r -fCourier9' to print this document            ***
************************************************************************************************************************

---------------------------------------------- PETSc Performance Summary: ----------------------------------------------

./ex48 on a bgp-xlc-h named ionode17 with 32 processors, by Unknown Fri Dec 10 00:05:44 2010
Using Petsc Development HG revision: 179fe3d1768f57c49fa44a3a47095b573a99716c  HG Date: Wed Dec 08 11:34:50 2010 -0600

                         Max       Max/Min        Avg      Total 
Time (sec):           6.850e+02      1.00000   6.850e+02
Objects:              1.265e+03      1.00000   1.265e+03
Flops:                3.820e+10      1.05448   3.665e+10  1.173e+12
Flops/sec:            5.577e+07      1.05448   5.350e+07  1.712e+09
MPI Messages:         1.263e+05      1.00318   1.259e+05  4.029e+06
MPI Message Lengths:  3.425e+08      1.00180   2.718e+03  1.095e+10
MPI Reductions:       1.937e+04      1.00000

Flop counting convention: 1 flop = 1 real number operation of type (multiply/divide/add/subtract)
                            e.g., VecAXPY() for real vectors of length N --> 2N flops
                            and VecAXPY() for complex vectors of length N --> 8N flops

Summary of Stages:   ----- Time ------  ----- Flops -----  --- Messages ---  -- Message Lengths --  -- Reductions --
                        Avg     %Total     Avg     %Total   counts   %Total     Avg         %Total   counts   %Total 
 0:      Main Stage: 1.4258e-01   0.0%  1.1482e+08   0.0%  8.060e+02   0.0%  8.002e-04        0.0%  1.500e+01   0.1% 
 1:      Full solve: 3.5982e+02  52.5%  5.9362e+11  50.6%  2.223e+06  55.2%  1.415e+03       52.1%  1.064e+04  54.9% 
 2:    Fine-1 solve: 6.2312e+01   9.1%  1.6027e+11  13.7%  1.413e+06  35.1%  2.721e+02       10.0%  6.330e+03  32.7% 
 3: Fine-only solve: 2.6276e+02  38.4%  4.1881e+11  35.7%  3.921e+05   9.7%  1.031e+03       37.9%  1.861e+03   9.6% 

------------------------------------------------------------------------------------------------------------------------
See the 'Profiling' chapter of the users' manual for details on interpreting output.
Phase summary info:
   Count: number of times phase was executed
   Time and Flops: Max - maximum over all processors
                   Ratio - ratio of maximum to minimum over all processors
   Mess: number of messages sent
   Avg. len: average message length
   Reduct: number of global reductions
   Global: entire computation
   Stage: stages of a computation. Set stages with PetscLogStagePush() and PetscLogStagePop().
      %T - percent time in this phase         %F - percent flops in this phase
      %M - percent messages in this phase     %L - percent message lengths in this phase
      %R - percent reductions in this phase
   Total Mflop/s: 10e-6 * (sum of flops over all processors)/(max time over all processors)
------------------------------------------------------------------------------------------------------------------------
Event                Count      Time (sec)     Flops                             --- Global ---  --- Stage ---   Total
                   Max Ratio  Max     Ratio   Max  Ratio  Mess   Avg len Reduct  %T %F %M %L %R  %T %F %M %L %R Mflop/s
------------------------------------------------------------------------------------------------------------------------

--- Event Stage 0: Main Stage

VecSet                 2 1.0 1.1086e-04 1.6 0.00e+00 0.0 0.0e+00 0.0e+00 0.0e+00  0  0  0  0  0   0  0  0  0  0     0
VecPointwiseMult       1 1.0 5.3000e-04 1.3 3.69e+04 1.0 0.0e+00 0.0e+00 0.0e+00  0  0  0  0  0   0  1  0  0  0  2226
VecScatterBegin        2 1.0 1.5974e-05 1.2 0.00e+00 0.0 0.0e+00 0.0e+00 0.0e+00  0  0  0  0  0   0  0  0  0  0     0
VecScatterEnd          2 1.0 1.3113e-05 1.2 0.00e+00 0.0 0.0e+00 0.0e+00 0.0e+00  0  0  0  0  0   0  0  0  0  0     0
MatMult                1 1.0 2.8290e-02 1.0 1.51e+06 1.0 0.0e+00 0.0e+00 0.0e+00  0  0  0  0  0  20 42  0  0  0  1710
MatMultTranspose       1 1.0 2.8618e-02 1.0 2.04e+06 1.0 0.0e+00 0.0e+00 0.0e+00  0  0  0  0  0  20 57  0  0  0  2281

--- Event Stage 1: Full solve

VecDot                57 1.0 9.2568e-02 5.2 6.44e+06 1.0 0.0e+00 0.0e+00 5.7e+01  0  0  0  0  0   0  0  0  0  1  2227
VecMDot             2562 1.0 1.9543e+00 5.5 1.12e+08 1.0 0.0e+00 0.0e+00 2.6e+03  0  0  0  0 13   0  1  0  0 24  1827
VecNorm             6458 1.0 7.2049e+00 9.0 1.83e+08 1.0 0.0e+00 0.0e+00 6.5e+03  1  0  0  0 33   1  1  0  0 61   811
VecScale            4999 1.0 4.1239e-01 1.1 6.18e+07 1.0 0.0e+00 0.0e+00 0.0e+00  0  0  0  0  0   0  0  0  0  0  4798
VecCopy             2608 1.0 2.8259e-01 1.2 0.00e+00 0.0 0.0e+00 0.0e+00 0.0e+00  0  0  0  0  0   0  0  0  0  0     0
VecSet             28279 1.0 6.1240e-01 1.1 0.00e+00 0.0 0.0e+00 0.0e+00 0.0e+00  0  0  0  0  0   0  0  0  0  0     0
VecAXPY             3764 1.0 4.9464e-01 1.1 1.02e+08 1.0 0.0e+00 0.0e+00 0.0e+00  0  0  0  0  0   0  1  0  0  0  6571
VecAYPX              938 1.0 1.6276e-01 1.0 1.23e+07 1.0 0.0e+00 0.0e+00 0.0e+00  0  0  0  0  0   0  0  0  0  0  2418
VecWAXPY              64 1.0 4.6373e-02 1.0 3.37e+06 1.0 0.0e+00 0.0e+00 0.0e+00  0  0  0  0  0   0  0  0  0  0  2326
VecMAXPY            4999 1.0 7.2828e-01 1.1 1.79e+08 1.0 0.0e+00 0.0e+00 0.0e+00  0  0  0  0  0   0  1  0  0  0  7886
VecPointwiseMult     133 1.0 6.7208e-03 1.2 4.12e+05 1.0 0.0e+00 0.0e+00 0.0e+00  0  0  0  0  0   0  0  0  0  0  1961
VecScatterBegin    12131 1.0 9.2754e-01 1.0 0.00e+00 0.0 2.1e+06 1.1e+03 0.0e+00  0  0 52 21  0   0  0 94 40  0     0
VecScatterEnd      12131 1.0 6.9479e+00 9.4 0.00e+00 0.0 0.0e+00 0.0e+00 0.0e+00  1  0  0  0  0   1  0  0  0  0     0
VecReduceArith        12 1.0 6.9606e-03 1.0 2.30e+06 1.0 0.0e+00 0.0e+00 0.0e+00  0  0  0  0  0   0  0  0  0  0 10594
VecReduceComm          6 1.0 1.6673e-03 5.4 0.00e+00 0.0 0.0e+00 0.0e+00 6.0e+00  0  0  0  0  0   0  0  0  0  0     0
VecNormalize        4838 1.0 6.6414e+00 7.8 1.48e+08 1.0 0.0e+00 0.0e+00 4.8e+03  1  0  0  0 25   1  1  0  0 45   713
MatMult             5278 1.0 6.6910e+01 1.1 7.40e+09 1.1 1.3e+06 1.5e+03 0.0e+00  9 20 32 18  0  18 39 58 34  0  3453
MatMultAdd           938 1.0 8.6526e-01 1.0 4.79e+07 1.0 8.0e+04 2.0e+02 0.0e+00  0  0  2  0  0   0  0  4  0  0  1771
MatMultTranspose    1465 1.0 1.7633e+00 1.1 1.05e+08 1.0 1.2e+05 2.0e+02 0.0e+00  0  0  3  0  0   0  1  5  0  0  1902
MatSolve            5079 1.0 5.8529e+01 1.0 7.72e+09 1.1 0.0e+00 0.0e+00 0.0e+00  8 20  0  0  0  16 40  0  0  0  4054
MatCholFctrSym         5 1.0 5.7223e-03 1.5 0.00e+00 0.0 0.0e+00 0.0e+00 0.0e+00  0  0  0  0  0   0  0  0  0  0     0
MatCholFctrNum       133 1.0 2.8801e+01 1.2 3.59e+09 1.2 0.0e+00 0.0e+00 0.0e+00  4  8  0  0  0   7 17  0  0  0  3443
MatICCFactorSym       10 1.0 5.3122e-01 1.0 0.00e+00 0.0 0.0e+00 0.0e+00 0.0e+00  0  0  0  0  0   0  0  0  0  0     0
MatConvert            57 1.0 4.0402e-02 1.1 0.00e+00 0.0 0.0e+00 0.0e+00 0.0e+00  0  0  0  0  0   0  0  0  0  0     0
MatAssemblyBegin     247 1.0 2.8164e+00 4.3 0.00e+00 0.0 5.5e+04 6.1e+04 5.4e+02  0  0  1 30  3   1  0  2 58  5     0
MatAssemblyEnd       247 1.0 2.4027e+00 1.4 0.00e+00 0.0 6.5e+03 3.5e+03 1.1e+02  0  0  0  0  1   1  0  0  0  1     0
MatGetRowIJ          206 1.0 1.1768e-03 1.2 0.00e+00 0.0 0.0e+00 0.0e+00 0.0e+00  0  0  0  0  0   0  0  0  0  0     0
MatGetSubMatrice      46 1.0 1.4767e-01 1.0 0.00e+00 0.0 5.9e+04 9.2e+02 1.8e+02  0  0  1  0  1   0  0  3  1  2     0
MatGetOrdering        92 1.0 9.4916e-02 1.0 0.00e+00 0.0 0.0e+00 0.0e+00 1.8e+02  0  0  0  0  1   0  0  0  0  2     0
MatIncreaseOvrlp       5 1.0 1.2961e-02 1.0 0.00e+00 0.0 1.9e+03 4.1e+01 4.0e+01  0  0  0  0  0   0  0  0  0  0     0
MatZeroEntries       190 1.0 2.8497e-01 1.1 0.00e+00 0.0 0.0e+00 0.0e+00 0.0e+00  0  0  0  0  0   0  0  0  0  0     0
SNESSolve              6 1.0 3.5322e+02 1.0 1.95e+10 1.1 2.2e+06 2.6e+03 1.0e+04 52 51 55 52 53  98100 99100 97  1680
SNESLineSearch        57 1.0 4.2780e+01 1.0 3.69e+08 1.0 4.7e+04 4.3e+03 2.4e+02  6  1  1  2  1  12  2  2  4  2   270
SNESFunctionEval      70 1.0 4.6441e+01 1.0 0.00e+00 0.0 3.6e+04 4.0e+03 1.2e+01  7  0  1  1  0  13  0  2  3  0     0
SNESJacobianEval      57 1.0 1.3391e+02 1.0 1.44e+07 1.0 1.1e+05 3.0e+04 5.2e+02 20  0  3 31  3  37  0  5 60  5     3
KSPGMRESOrthog      2562 1.0 2.4062e+00 3.0 2.23e+08 1.0 0.0e+00 0.0e+00 2.6e+03  0  1  0  0 13   1  1  0  0 24  2967
KSPSetup             380 1.0 6.4153e-02 1.0 0.00e+00 0.0 0.0e+00 0.0e+00 5.0e+01  0  0  0  0  0   0  0  0  0  0     0
KSPSolve              57 1.0 1.6944e+02 1.0 1.91e+10 1.1 2.0e+06 1.0e+03 9.5e+03 25 50 51 19 49  47 98 92 36 89  3430
PCSetUp              190 1.0 3.5904e+01 1.1 3.59e+09 1.2 6.3e+04 8.5e+02 4.4e+02  5  8  2  0  2   9 17  3  1  4  2762
PCSetUpOnBlocks     1876 1.0 2.9455e+01 1.2 3.59e+09 1.2 0.0e+00 0.0e+00 1.9e+02  4  8  0  0  1   7 17  0  0  2  3366
PCApply              126 1.0 1.5381e+02 1.0 1.80e+10 1.1 2.0e+06 9.0e+02 8.8e+03 22 46 48 16 46  43 92 88 31 83  3541

--- Event Stage 2: Fine-1 solve

VecDot                 8 1.0 8.2350e-03 4.7 5.90e+05 1.0 0.0e+00 0.0e+00 8.0e+00  0  0  0  0  0   0  0  0  0  0  2292
VecMDot             1742 1.0 9.8603e-01 5.2 5.07e+07 1.0 0.0e+00 0.0e+00 1.7e+03  0  0  0  0  9   1  1  0  0 28  1645
VecNorm             4379 1.0 2.2458e+00 6.9 5.44e+07 1.0 0.0e+00 0.0e+00 4.4e+03  0  0  0  0 23   2  1  0  0 69   775
VecScale            3425 1.0 1.2623e-01 1.1 1.93e+07 1.0 0.0e+00 0.0e+00 0.0e+00  0  0  0  0  0   0  0  0  0  0  4897
VecCopy             1707 1.0 6.0212e-02 1.1 0.00e+00 0.0 0.0e+00 0.0e+00 0.0e+00  0  0  0  0  0   0  0  0  0  0     0
VecSet             19485 1.0 2.3205e-01 1.1 0.00e+00 0.0 0.0e+00 0.0e+00 0.0e+00  0  0  0  0  0   0  0  0  0  0     0
VecAXPY             2621 1.0 1.5154e-01 1.2 3.18e+07 1.0 0.0e+00 0.0e+00 0.0e+00  0  0  0  0  0   0  1  0  0  0  6705
VecAYPX              670 1.0 6.1281e-02 1.0 4.12e+06 1.0 0.0e+00 0.0e+00 0.0e+00  0  0  0  0  0   0  0  0  0  0  2150
VecWAXPY               8 1.0 4.8003e-03 1.2 2.95e+05 1.0 0.0e+00 0.0e+00 0.0e+00  0  0  0  0  0   0  0  0  0  0  1966
VecMAXPY            3425 1.0 2.7196e-01 1.2 7.22e+07 1.0 0.0e+00 0.0e+00 0.0e+00  0  0  0  0  0   0  1  0  0  0  8493
VecPointwiseMult      32 1.0 1.4627e-03 1.2 8.70e+04 1.0 0.0e+00 0.0e+00 0.0e+00  0  0  0  0  0   0  0  0  0  0  1904
VecScatterBegin     8138 1.0 4.7105e-01 1.1 0.00e+00 0.0 1.4e+06 5.6e+02 0.0e+00  0  0 35  7  0   1  0 98 71  0     0
VecScatterEnd       8138 1.0 1.5233e+00 3.8 0.00e+00 0.0 0.0e+00 0.0e+00 0.0e+00  0  0  0  0  0   2  0  0  0  0     0
VecReduceArith         2 1.0 4.6015e-04 1.0 1.47e+05 1.0 0.0e+00 0.0e+00 0.0e+00  0  0  0  0  0   0  0  0  0  0 10254
VecReduceComm          1 1.0 2.8896e-04 8.0 0.00e+00 0.0 0.0e+00 0.0e+00 1.0e+00  0  0  0  0  0   0  0  0  0  0     0
VecNormalize        3350 1.0 1.9046e+00 5.2 4.97e+07 1.0 0.0e+00 0.0e+00 3.4e+03  0  0  0  0 17   2  1  0  0 53   834
MatMult             3626 1.0 1.7104e+01 1.1 2.07e+09 1.1 8.8e+05 7.4e+02 0.0e+00  2  6 22  6  0  26 40 62 60  0  3780
MatMultAdd           670 1.0 3.3509e-01 1.0 1.62e+07 1.0 5.8e+04 2.0e+02 0.0e+00  0  0  1  0  0   1  0  4  1  0  1546
MatMultTranspose     970 1.0 5.9877e-01 1.1 2.97e+07 1.0 7.9e+04 2.1e+02 0.0e+00  0  0  2  0  0   1  1  6  2  0  1585
MatSolve            3618 1.0 1.8010e+01 1.1 2.61e+09 1.1 0.0e+00 0.0e+00 0.0e+00  2  7  0  0  0  27 48  0  0  0  4257
MatCholFctrNum        32 1.0 3.0372e+00 1.4 3.97e+08 1.4 0.0e+00 0.0e+00 0.0e+00  0  1  0  0  0   4  6  0  0  0  3289
MatConvert             8 1.0 5.7237e-03 1.1 0.00e+00 0.0 0.0e+00 0.0e+00 0.0e+00  0  0  0  0  0   0  0  0  0  0     0
MatAssemblyBegin      48 1.0 2.7096e-01 4.3 0.00e+00 0.0 1.2e+04 2.7e+04 1.1e+02  0  0  0  3  1   0  0  1 28  2     0
MatAssemblyEnd        48 1.0 1.9714e-01 1.6 0.00e+00 0.0 0.0e+00 0.0e+00 0.0e+00  0  0  0  0  0   0  0  0  0  0     0
MatGetRowIJ           40 1.0 2.2364e-04 1.2 0.00e+00 0.0 0.0e+00 0.0e+00 0.0e+00  0  0  0  0  0   0  0  0  0  0     0
MatGetSubMatrice       8 1.0 2.5768e-02 1.0 0.00e+00 0.0 1.0e+04 9.2e+02 3.2e+01  0  0  0  0  0   0  0  1  1  1     0
MatGetOrdering        24 1.0 1.1308e-02 1.0 0.00e+00 0.0 0.0e+00 0.0e+00 4.8e+01  0  0  0  0  0   0  0  0  0  1     0
MatZeroEntries        40 1.0 2.6783e-02 1.1 0.00e+00 0.0 0.0e+00 0.0e+00 0.0e+00  0  0  0  0  0   0  0  0  0  0     0
SNESSolve              1 1.0 6.2312e+01 1.0 5.36e+09 1.1 1.4e+06 7.8e+02 6.3e+03  9 14 35 10 33 100100100100100  2572
SNESLineSearch         8 1.0 3.5636e+00 1.0 3.22e+07 1.0 6.1e+03 2.9e+03 3.2e+01  1  0  0  0  0   6  1  0  2  1   283
SNESFunctionEval       9 1.0 3.7084e+00 1.0 0.00e+00 0.0 4.6e+03 2.6e+03 0.0e+00  1  0  0  0  0   6  0  0  1  0     0
SNESJacobianEval       8 1.0 1.2138e+01 1.0 1.52e+06 1.0 2.4e+04 1.3e+04 1.1e+02  2  0  1  3  1  19  0  2 29  2     4
KSPGMRESOrthog      1742 1.0 1.1921e+00 3.0 1.01e+08 1.0 0.0e+00 0.0e+00 1.7e+03  0  0  0  0  9   2  2  0  0 28  2721
KSPSetup              80 1.0 3.6383e-04 1.1 0.00e+00 0.0 0.0e+00 0.0e+00 0.0e+00  0  0  0  0  0   0  0  0  0  0     0
KSPSolve               8 1.0 4.6195e+01 1.0 5.32e+09 1.1 1.4e+06 5.5e+02 6.2e+03  7 14 34  7 32  74 99 98 69 98  3446
PCSetUp               40 1.0 3.9584e+00 1.3 3.97e+08 1.4 1.0e+04 9.2e+02 8.0e+01  0  1  0  0  0   5  6  1  1  1  2523
PCSetUpOnBlocks     1340 1.0 3.0586e+00 1.4 3.97e+08 1.4 0.0e+00 0.0e+00 4.8e+01  0  1  0  0  0   4  6  0  0  1  3266
PCApply               67 1.0 4.3128e+01 1.0 4.99e+09 1.1 1.4e+06 5.1e+02 6.0e+03  6 13 34  6 31  69 93 96 63 95  3450

--- Event Stage 3: Fine-only solve

VecDot                 5 1.0 7.5935e-02 5.8 5.28e+06 1.0 0.0e+00 0.0e+00 5.0e+00  0  0  0  0  0   0  0  0  0  0  2227
VecMDot              481 1.0 8.7941e-01 5.2 6.49e+07 1.0 0.0e+00 0.0e+00 4.8e+02  0  0  0  0  2   0  0  0  0 26  2360
VecNorm             1224 1.0 1.7246e+00 3.9 1.27e+08 1.0 0.0e+00 0.0e+00 1.2e+03  0  0  0  0  6   0  1  0  0 66  2365
VecScale             954 1.0 2.8733e-01 1.1 4.27e+07 1.0 0.0e+00 0.0e+00 0.0e+00  0  0  0  0  0   0  0  0  0  0  4753
VecCopy              488 1.0 2.1296e-01 1.3 0.00e+00 0.0 0.0e+00 0.0e+00 0.0e+00  0  0  0  0  0   0  0  0  0  0     0
VecSet              5469 1.0 3.6017e-01 1.0 0.00e+00 0.0 0.0e+00 0.0e+00 0.0e+00  0  0  0  0  0   0  0  0  0  0     0
VecAXPY              733 1.0 3.4862e-01 1.1 7.00e+07 1.0 0.0e+00 0.0e+00 0.0e+00  0  0  0  0  0   0  1  0  0  0  6425
VecAYPX              195 1.0 1.0257e-01 1.0 8.29e+06 1.0 0.0e+00 0.0e+00 0.0e+00  0  0  0  0  0   0  0  0  0  0  2585
VecWAXPY               5 1.0 3.5890e-02 1.0 2.64e+06 1.0 0.0e+00 0.0e+00 0.0e+00  0  0  0  0  0   0  0  0  0  0  2356
VecMAXPY             954 1.0 4.6684e-01 1.0 1.12e+08 1.0 0.0e+00 0.0e+00 0.0e+00  0  0  0  0  0   0  1  0  0  0  7662
VecPointwiseMult      25 1.0 3.5541e-03 1.2 2.39e+05 1.0 0.0e+00 0.0e+00 0.0e+00  0  0  0  0  0   0  0  0  0  0  2149
VecScatterBegin     2204 1.0 3.4331e-01 1.0 0.00e+00 0.0 3.8e+05 3.8e+03 0.0e+00  0  0  9 13  0   0  0 96 35  0     0
VecScatterEnd       2204 1.0 2.7448e+0010.4 0.00e+00 0.0 0.0e+00 0.0e+00 0.0e+00  0  0  0  0  0   0  0  0  0  0     0
VecReduceArith         2 1.0 6.2978e-03 1.0 2.11e+06 1.0 0.0e+00 0.0e+00 0.0e+00  0  0  0  0  0   0  0  0  0  0 10739
VecReduceComm          1 1.0 1.7850e-0345.9 0.00e+00 0.0 0.0e+00 0.0e+00 1.0e+00  0  0  0  0  0   0  0  0  0  0     0
VecNormalize         936 1.0 1.6551e+00 3.6 9.95e+07 1.0 0.0e+00 0.0e+00 9.4e+02  0  0  0  0  5   0  1  0  0 50  1924
MatMult             1006 1.0 4.6851e+01 1.0 5.37e+09 1.0 2.4e+05 5.1e+03 0.0e+00  7 14  6 11  0  18 40 62 30  0  3580
MatMultAdd           195 1.0 5.2971e-01 1.0 3.20e+07 1.0 1.5e+04 2.1e+02 0.0e+00  0  0  0  0  0   0  0  4  0  0  1933
MatMultTranspose     285 1.0 1.0568e+00 1.0 7.19e+07 1.0 2.0e+04 2.1e+02 0.0e+00  0  0  1  0  0   0  1  5  0  0  2178
MatSolve            1040 1.0 4.0266e+01 1.0 5.06e+09 1.0 0.0e+00 0.0e+00 0.0e+00  6 14  0  0  0  15 38  0  0  0  3981
MatCholFctrNum        25 1.0 1.9447e+01 1.0 2.35e+09 1.0 0.0e+00 0.0e+00 0.0e+00  3  6  0  0  0   7 18  0  0  0  3778
MatConvert             5 1.0 3.5620e-03 1.1 0.00e+00 0.0 0.0e+00 0.0e+00 0.0e+00  0  0  0  0  0   0  0  0  0  0     0
MatAssemblyBegin      35 1.0 2.2973e+00 5.3 0.00e+00 0.0 8.6e+03 3.1e+05 8.5e+01  0  0  0 25  0   1  0  2 65  5     0
MatAssemblyEnd        35 1.0 1.6751e+00 1.6 0.00e+00 0.0 0.0e+00 0.0e+00 0.0e+00  0  0  0  0  0   0  0  0  0  0     0
MatGetRowIJ           30 1.0 1.6809e-04 1.2 0.00e+00 0.0 0.0e+00 0.0e+00 0.0e+00  0  0  0  0  0   0  0  0  0  0     0
MatGetSubMatrice       5 1.0 1.6116e-02 1.0 0.00e+00 0.0 6.4e+03 9.2e+02 2.0e+01  0  0  0  0  0   0  0  2  0  1     0
MatGetOrdering        20 1.0 6.9893e-02 1.0 0.00e+00 0.0 0.0e+00 0.0e+00 4.0e+01  0  0  0  0  0   0  0  0  0  2     0
MatZeroEntries        30 1.0 2.3273e-01 1.1 0.00e+00 0.0 0.0e+00 0.0e+00 0.0e+00  0  0  0  0  0   0  0  0  0  0     0
SNESSolve              1 1.0 2.6276e+02 1.0 1.33e+10 1.0 3.9e+05 1.1e+04 1.9e+03 38 36 10 38 10 100100100100100  1594
SNESLineSearch         5 1.0 3.5369e+01 1.0 3.08e+08 1.0 3.8e+03 4.2e+04 2.0e+01  5  1  0  1  0  13  2  1  4  1   273
SNESFunctionEval       6 1.0 3.9080e+01 1.0 0.00e+00 0.0 3.1e+03 3.8e+04 0.0e+00  6  0  0  1  0  15  0  1  3  0     0
SNESJacobianEval       5 1.0 1.1136e+02 1.0 1.13e+07 1.0 1.8e+04 1.5e+05 8.5e+01 16  0  0 25  0  42  0  5 66  5     3
KSPGMRESOrthog       481 1.0 1.1295e+00 2.7 1.30e+08 1.0 0.0e+00 0.0e+00 4.8e+02  0  0  0  0  2   0  1  0  0 26  3676
KSPSetup              60 1.0 2.6917e-04 1.1 0.00e+00 0.0 0.0e+00 0.0e+00 0.0e+00  0  0  0  0  0   0  0  0  0  0     0
KSPSolve               5 1.0 1.0944e+02 1.0 1.30e+10 1.0 3.7e+05 3.3e+03 1.8e+03 16 35  9 11  9  42 98 94 29 94  3733
PCSetUp               30 1.0 2.0090e+01 1.0 2.35e+09 1.0 6.4e+03 9.2e+02 6.0e+01  3  6  0  0  0   7 18  2  0  3  3657
PCSetUpOnBlocks      390 1.0 1.9521e+01 1.0 2.35e+09 1.0 0.0e+00 0.0e+00 4.0e+01  3  6  0  0  0   7 18  0  0  2  3764
PCApply               13 1.0 1.0195e+02 1.0 1.21e+10 1.0 3.6e+05 2.9e+03 1.7e+03 15 33  9 10  9  39 91 92 25 92  3745
------------------------------------------------------------------------------------------------------------------------

Memory usage is given in bytes:

Object Type          Creations   Destructions     Memory  Descendants' Mem.
Reports information only for process 0.

--- Event Stage 0: Main Stage

 Toy Hydrostatic Ice     0              1          524     0
   Distributed array     0             12      2648016     0
                 Vec     0            421    227751620     0
         Vec Scatter     0             50        31000     0
           Index Set     0             20      1299760     0
   IS L to G Mapping     0             24         7584     0
              Matrix     0             68    238921204     0
                SNES     0              6         4536     0
       Krylov Solver     0             42       465680     0
      Preconditioner     0             42        23496     0
              Viewer     0              1          408     0

--- Event Stage 1: Full solve

 Toy Hydrostatic Ice     1              0            0     0
   Distributed array    12              0            0     0
                 Vec   504             83      9817332     0
         Vec Scatter    50              0            0     0
           Index Set   401            381      6770556     0
   IS L to G Mapping    24              0            0     0
              Matrix    68              0            0     0
                SNES     6              0            0     0
       Krylov Solver    42              0            0     0
      Preconditioner    42              0            0     0
              Viewer     1              0            0     0

--- Event Stage 2: Fine-1 solve

           Index Set    64             64       780544     0

--- Event Stage 3: Fine-only solve

           Index Set    50             50      5775880     0
========================================================================================================================
Average time to get PetscTime(): 3.48091e-06
Average time for MPI_Barrier(): 3.57628e-06
Average time for zero size MPI_Send(): 1.15633e-05
#PETSc Option Table entries:
-M 32
-P 2
-da_refine_hierarchy_x 1,1,1,8,16
-da_refine_hierarchy_y 2,2,2,1,1
-da_refine_hierarchy_z 2,2,2,1,1
-dmmg_form_function_ghost 1
-dmmg_grid_sequence
-ksp_converged_reason
-ksp_monitor
-ksp_rtol 1e-2
-log_summary
-mg_coarse_pc_type hypre
-mg_levels_0_ksp_max_it 20
-mg_levels_0_pc_type hypre
-mg_levels_1_pc_asm_type restrict
-mg_levels_1_pc_type asm
-mg_levels_1_sub_pc_type cholesky
-pc_mg_type full
-repeat_fine_solve 1
-snes_converged_reason
-snes_ksp_ew
-snes_ksp_ew_rtolmax 0.5
-snes_ksp_ew_version 3
-snes_monitor
-thi_L 40e3
-thi_alpha 0.05
-thi_friction_epsvel 1
-thi_friction_m 0.2
-thi_friction_refvel 100
-thi_hom x
-thi_nlevels 6
#End of PETSc Option Table entries
Compiled with FORTRAN kernels
Compiled with full precision matrices (default)
sizeof(short) 2 sizeof(int) 4 sizeof(long) 4 sizeof(void*) 4 sizeof(PetscScalar) 8
Configure run at: Thu Dec  9 16:16:25 2010
Configure options: --with-x=0 --with-is-color-value-type=short --with-debugging=1 --with-fortran-kernels=1 --with-mpi-dir=/bgsys/drivers/ppcfloor/comm --with-batch=1 --known-mpi-shared-libraries=1 --known-memcmp-ok --known-sizeof-char=1 --known-sizeof-void-p=4 --known-sizeof-short=2 --known-sizeof-int=4 --known-sizeof-long=4 --known-sizeof-size_t=4 --known-sizeof-long-long=8 --known-sizeof-float=4 --known-sizeof-double=8 --known-bits-per-byte=8 --known-sizeof-MPI_Comm=4 --known-sizeof-MPI_Fint=4 --known-mpi-long-double=1 --known-level1-dcache-assoc=0 --known-level1-dcache-linesize=32 --known-level1-dcache-size=32768 --download-hypre=1 --with-shared=0 --prefix=/opt/share/ksl/petsc/dev-dec9-hypre/ppc450d-bgp_xlc_hypre_fast --with-clanguage=c --COPTFLAGS="     -O3 -qhot" --CXXOPTFLAGS="     -O3 -qhot" --FOPTFLAGS="     -O3 -qhot" --LIBS=" -L/bgsys/ibm_essl/sles10/prod/opt/ibmmath/lib -L/opt/ibmcmp/xlsmp/bg/1.7/lib -L/opt/ibmcmp/xlmass/bg/4.4/bglib -L/opt/ibmcmp/xlf/bg/11.1/bglib -L/bgsys/ibm_essl/sles10/prod/opt/ibmmath/lib -L/opt/ibmcmp/xlsmp/bg/1.7/lib -L/opt/ibmcmp/xlmass/bg/4.4/bglib -L/opt/ibmcmp/xlf/bg/11.1/bglib   -lesslbg  -lxlf90_r -lxlopt -lxlsmp -lxl -lxlfmath  -lesslbg  -lxlf90_r -lxlopt -lxlsmp -lxl -lxlfmath -O3" --CC=/bgsys/drivers/ppcfloor/comm/xl/bin/mpixlc_r --CXX=/bgsys/drivers/ppcfloor/comm/xl/bin/mpixlcxx_r --FC=/bgsys/drivers/ppcfloor/comm/xl/bin/mpixlf90_r --with-debugging=0 PETSC_ARCH=bgp-xlc-hypre-fast
-----------------------------------------
Libraries compiled on Thu Dec  9 16:16:25 2010 on fen1 
Machine characteristics: Linux-2.6.16.60-0.66.1-ppc64-ppc64-with-SuSE-10-ppc
Using PETSc directory: /tmp/aron/builddir_ppc64/petsc-dev-dec9-hypre-bgp_xlc_hypre_fast/petsc-dev
Using PETSc arch: bgp-xlc-hypre-fast
-----------------------------------------

Using C compiler: /bgsys/drivers/ppcfloor/comm/xl/bin/mpixlc_r  -O3 -qhot  ${COPTFLAGS} ${CFLAGS}
Using Fortran compiler: /bgsys/drivers/ppcfloor/comm/xl/bin/mpixlf90_r  -O3 -qhot   ${FOPTFLAGS} ${FFLAGS} 
-----------------------------------------

Using include paths: -I/tmp/aron/builddir_ppc64/petsc-dev-dec9-hypre-bgp_xlc_hypre_fast/petsc-dev/bgp-xlc-hypre-fast/include -I/tmp/aron/builddir_ppc64/petsc-dev-dec9-hypre-bgp_xlc_hypre_fast/petsc-dev/include -I/tmp/aron/builddir_ppc64/petsc-dev-dec9-hypre-bgp_xlc_hypre_fast/petsc-dev/include -I/tmp/aron/builddir_ppc64/petsc-dev-dec9-hypre-bgp_xlc_hypre_fast/petsc-dev/bgp-xlc-hypre-fast/include -I/bgsys/drivers/ppcfloor/comm/include
-----------------------------------------

Using C linker: /bgsys/drivers/ppcfloor/comm/xl/bin/mpixlc_r
Using Fortran linker: /bgsys/drivers/ppcfloor/comm/xl/bin/mpixlf90_r
Using libraries: -Wl,-rpath,/tmp/aron/builddir_ppc64/petsc-dev-dec9-hypre-bgp_xlc_hypre_fast/petsc-dev/bgp-xlc-hypre-fast/lib -L/tmp/aron/builddir_ppc64/petsc-dev-dec9-hypre-bgp_xlc_hypre_fast/petsc-dev/bgp-xlc-hypre-fast/lib -lpetscts -lpetscsnes -lpetscksp -lpetscdm -lpetscmat -lpetscvec -lpetscsys -Wl,-rpath,/tmp/aron/builddir_ppc64/petsc-dev-dec9-hypre-bgp_xlc_hypre_fast/petsc-dev/bgp-xlc-hypre-fast/lib -L/tmp/aron/builddir_ppc64/petsc-dev-dec9-hypre-bgp_xlc_hypre_fast/petsc-dev/bgp-xlc-hypre-fast/lib -lHYPRE -Wl,-rpath,/opt/ibmcmp/lib/bg/bglib -Wl,-rpath,/bgsys/drivers/V1R4M2_200_2010-100508P/ppc/comm/sys/lib -Wl,-rpath,/bgsys/drivers/V1R4M2_200_2010-100508P/ppc/runtime/SPI -lcxxmpich.cnk -libmc++ -lstdc++ -L/bgsys/ibm_essl/sles10/prod/opt/ibmmath/lib -L/opt/ibmcmp/xlsmp/bg/1.7/lib -L/opt/ibmcmp/xlmass/bg/4.4/bglib -L/opt/ibmcmp/xlf/bg/11.1/bglib -L/bgsys/drivers/V1R4M2_200_2010-100508P/ppc/comm/xl/lib -L/bgsys/drivers/V1R4M2_200_2010-100508P/ppc/comm/sys/lib -L/bgsys/drivers/V1R4M2_200_2010-100508P/ppc/runtime/SPI -L/opt/ibmcmp/xlsmp/bg/1.7/bglib -L/opt/ibmcmp/vac/bg/9.0/bglib -L/opt/ibmcmp/vacpp/bg/9.0/bglib -L/bgsys/drivers/ppcfloor/gnu-linux/lib/gcc/powerpc-bgp-linux/4.1.2 -L/bgsys/drivers/ppcfloor/gnu-linux/powerpc-bgp-linux/lib -ldl -lesslbg -lxlf90_r -lxlopt -lxlsmp -lxl -lxlfmath -lpmpich.cnk -lmpich.cnk -lopa -ldcmf.cnk -ldcmfcoll.cnk -lpthread -lSPI.cna -lrt -lgcc_eh -lxlomp_ser -lm -lcxxmpich.cnk -libmc++ -lstdc++ -lcxxmpich.cnk -libmc++ -lstdc++ -ldl -lesslbg -lxlf90_r -lxlopt -lxlsmp -lxl -lxlfmath -lpmpich.cnk -lmpich.cnk -lopa -ldcmf.cnk -ldcmfcoll.cnk -lpthread -lSPI.cna -lrt -lgcc_eh -ldl -lesslbg -lxlf90_r -lxlopt -lxlsmp -lxl -lxlfmath -lesslbg -lxlf90_r -lxlopt -lxlsmp -lxl -lxlfmath -O3 
-----------------------------------------

